2022-05-19 02:09:46,822 - INFO - ***********************************************************
2022-05-19 02:09:46,822 - INFO - *** MCMC Helper                                         ***
2022-05-19 02:09:46,823 - INFO - *** Algoritmos de Monte Carlo e Cadeias de Markov 2022/1***
2022-05-19 02:09:46,823 - INFO - *** Aluno: Victor de Almeida Xavier                     ***
2022-05-19 02:09:46,823 - INFO - ***********************************************************
2022-05-19 02:09:46,823 - INFO - *** Terceira Lista de Exercícios                        ***
2022-05-19 02:09:46,823 - INFO - ***********************************************************
2022-05-19 02:09:46,823 - INFO - [INIT]Module:Experiment
2022-05-19 02:09:46,824 - INFO - Experimentos da Questão 2
2022-05-19 02:09:46,824 - INFO - Item:dtv_pi
2022-05-19 02:09:46,824 - INFO - Grafo:grid2D
2022-05-19 02:09:46,824 - INFO - Número de vértices:100
2022-05-19 02:09:46,824 - INFO - Número de execuções:100
2022-05-19 02:09:52,517 - INFO - [100]get_transition_prob_matrix:Gen(True):CheckSum(True)
2022-05-19 02:09:52,550 - INFO - [100]get_stationary_vector:Gen(True):CheckSum(True)
2022-05-19 02:09:52,561 - INFO - [100]get_distribution_vector:Gen(True):CheckSum(True)
2022-05-19 02:09:55,845 - INFO - [0]get_dtv_pi:0.9777777777777708
2022-05-19 02:09:55,850 - INFO - [100]get_distribution_vector:Gen(True):CheckSum(True)
2022-05-19 02:09:57,132 - INFO - [0]get_dtv_pi:0.9499999999999851
2022-05-19 02:09:57,138 - INFO - [100]get_distribution_vector:Gen(True):CheckSum(True)
2022-05-19 02:09:57,651 - INFO - [0]get_dtv_pi:0.9138888888888683
2022-05-19 02:09:57,659 - INFO - [100]get_distribution_vector:Gen(True):CheckSum(True)
2022-05-19 02:09:57,872 - INFO - [0]get_dtv_pi:0.8978009259259018
2022-05-19 02:09:57,878 - INFO - [100]get_distribution_vector:Gen(True):CheckSum(True)
2022-05-19 02:09:58,328 - INFO - [0]get_dtv_pi:0.8743152006172599
2022-05-19 02:09:58,333 - INFO - [100]get_distribution_vector:Gen(True):CheckSum(True)
2022-05-19 02:09:58,679 - INFO - [0]get_dtv_pi:0.8566656418788265
2022-05-19 02:09:58,685 - INFO - [100]get_distribution_vector:Gen(True):CheckSum(True)
2022-05-19 02:09:59,387 - INFO - [0]get_dtv_pi:0.8409150969998188
2022-05-19 02:09:59,398 - INFO - [100]get_distribution_vector:Gen(True):CheckSum(True)
2022-05-19 02:10:01,350 - INFO - [0]get_dtv_pi:0.8227518009277899
2022-05-19 02:10:01,356 - INFO - [100]get_distribution_vector:Gen(True):CheckSum(True)
2022-05-19 02:10:01,608 - INFO - [0]get_dtv_pi:0.8055890812558807
2022-05-19 02:10:01,620 - INFO - [100]get_distribution_vector:Gen(True):CheckSum(True)
2022-05-19 02:10:02,217 - INFO - [0]get_dtv_pi:0.7922402787279644
2022-05-19 02:10:02,227 - INFO - [100]get_distribution_vector:Gen(True):CheckSum(True)
2022-05-19 02:10:02,445 - INFO - [0]get_dtv_pi:0.7777378897008851
2022-05-19 02:10:02,449 - INFO - [100]get_distribution_vector:Gen(True):CheckSum(True)
2022-05-19 02:10:02,696 - INFO - [0]get_dtv_pi:0.765384414664992
2022-05-19 02:10:02,703 - INFO - [100]get_distribution_vector:Gen(True):CheckSum(True)
2022-05-19 02:10:02,871 - INFO - [0]get_dtv_pi:0.7524460790511533
2022-05-19 02:10:02,878 - INFO - [100]get_distribution_vector:Gen(True):CheckSum(True)
2022-05-19 02:10:03,275 - INFO - [0]get_dtv_pi:0.7388469448753632
2022-05-19 02:10:03,282 - INFO - [100]get_distribution_vector:Gen(True):CheckSum(True)
2022-05-19 02:10:03,494 - INFO - [0]get_dtv_pi:0.7252606880205068
2022-05-19 02:10:03,502 - INFO - [100]get_distribution_vector:Gen(True):CheckSum(True)
2022-05-19 02:10:03,721 - INFO - [0]get_dtv_pi:0.712146391219031
2022-05-19 02:10:03,732 - INFO - [100]get_distribution_vector:Gen(True):CheckSum(True)
2022-05-19 02:10:03,920 - INFO - [0]get_dtv_pi:0.7005552583810631
2022-05-19 02:10:03,925 - INFO - [100]get_distribution_vector:Gen(True):CheckSum(True)
2022-05-19 02:10:04,900 - INFO - [0]get_dtv_pi:0.6892037914712227
2022-05-19 02:10:04,911 - INFO - [100]get_distribution_vector:Gen(True):CheckSum(True)
2022-05-19 02:10:05,402 - INFO - [0]get_dtv_pi:0.6784044095300134
2022-05-19 02:10:05,413 - INFO - [100]get_distribution_vector:Gen(True):CheckSum(True)
2022-05-19 02:10:05,637 - INFO - [0]get_dtv_pi:0.667398103622599
2022-05-19 02:10:05,656 - INFO - [100]get_distribution_vector:Gen(True):CheckSum(True)
2022-05-19 02:10:06,177 - INFO - [0]get_dtv_pi:0.6562538831487208
2022-05-19 02:10:06,182 - INFO - [100]get_distribution_vector:Gen(True):CheckSum(True)
2022-05-19 02:10:06,381 - INFO - [0]get_dtv_pi:0.6450308060051253
2022-05-19 02:10:06,400 - INFO - [100]get_distribution_vector:Gen(True):CheckSum(True)
2022-05-19 02:10:07,104 - INFO - [0]get_dtv_pi:0.6346626482068587
2022-05-19 02:10:07,109 - INFO - [100]get_distribution_vector:Gen(True):CheckSum(True)
2022-05-19 02:10:08,043 - INFO - [0]get_dtv_pi:0.6244246585522822
2022-05-19 02:10:08,049 - INFO - [100]get_distribution_vector:Gen(True):CheckSum(True)
2022-05-19 02:10:08,779 - INFO - [0]get_dtv_pi:0.6147065791090195
2022-05-19 02:10:08,785 - INFO - [100]get_distribution_vector:Gen(True):CheckSum(True)
2022-05-19 02:10:08,974 - INFO - [0]get_dtv_pi:0.6054335422937019
2022-05-19 02:10:08,979 - INFO - [100]get_distribution_vector:Gen(True):CheckSum(True)
2022-05-19 02:10:10,098 - INFO - [0]get_dtv_pi:0.5961226062548227
2022-05-19 02:10:10,122 - INFO - [100]get_distribution_vector:Gen(True):CheckSum(True)
2022-05-19 02:10:11,032 - INFO - [0]get_dtv_pi:0.5868004920028609
2022-05-19 02:10:11,037 - INFO - [100]get_distribution_vector:Gen(True):CheckSum(True)
2022-05-19 02:10:11,645 - INFO - [0]get_dtv_pi:0.5774904330653295
2022-05-19 02:10:11,653 - INFO - [100]get_distribution_vector:Gen(True):CheckSum(True)
2022-05-19 02:10:12,251 - INFO - [0]get_dtv_pi:0.5682125387180416
2022-05-19 02:10:12,259 - INFO - [100]get_distribution_vector:Gen(True):CheckSum(True)
2022-05-19 02:10:12,769 - INFO - [0]get_dtv_pi:0.55955493307104
2022-05-19 02:10:12,774 - INFO - [100]get_distribution_vector:Gen(True):CheckSum(True)
2022-05-19 02:10:13,035 - INFO - [0]get_dtv_pi:0.5509944644522309
2022-05-19 02:10:13,044 - INFO - [100]get_distribution_vector:Gen(True):CheckSum(True)
2022-05-19 02:10:13,263 - INFO - [0]get_dtv_pi:0.5424679143274155
2022-05-19 02:10:13,280 - INFO - [100]get_distribution_vector:Gen(True):CheckSum(True)
2022-05-19 02:10:13,462 - INFO - [0]get_dtv_pi:0.5339882097528383
2022-05-19 02:10:13,466 - INFO - [100]get_distribution_vector:Gen(True):CheckSum(True)
2022-05-19 02:10:13,654 - INFO - [0]get_dtv_pi:0.5255665699911821
2022-05-19 02:10:13,670 - INFO - [100]get_distribution_vector:Gen(True):CheckSum(True)
2022-05-19 02:10:14,044 - INFO - [0]get_dtv_pi:0.5172126888076141
2022-05-19 02:10:14,056 - INFO - [100]get_distribution_vector:Gen(True):CheckSum(True)
2022-05-19 02:10:14,425 - INFO - [0]get_dtv_pi:0.5089349003476952
2022-05-19 02:10:14,429 - INFO - [100]get_distribution_vector:Gen(True):CheckSum(True)
2022-05-19 02:10:14,774 - INFO - [0]get_dtv_pi:0.5007403292734031
2022-05-19 02:10:14,780 - INFO - [100]get_distribution_vector:Gen(True):CheckSum(True)
2022-05-19 02:10:14,938 - INFO - [0]get_dtv_pi:0.49263502607950677
2022-05-19 02:10:14,946 - INFO - [100]get_distribution_vector:Gen(True):CheckSum(True)
2022-05-19 02:10:15,155 - INFO - [0]get_dtv_pi:0.4846240886447068
2022-05-19 02:10:15,166 - INFO - [100]get_distribution_vector:Gen(True):CheckSum(True)
2022-05-19 02:10:15,369 - INFO - [0]get_dtv_pi:0.47695882234755294
2022-05-19 02:10:15,385 - INFO - [100]get_distribution_vector:Gen(True):CheckSum(True)
2022-05-19 02:10:15,555 - INFO - [0]get_dtv_pi:0.46953335943360947
2022-05-19 02:10:15,565 - INFO - [100]get_distribution_vector:Gen(True):CheckSum(True)
2022-05-19 02:10:15,744 - INFO - [0]get_dtv_pi:0.4621876219610654
2022-05-19 02:10:15,751 - INFO - [100]get_distribution_vector:Gen(True):CheckSum(True)
2022-05-19 02:10:15,952 - INFO - [0]get_dtv_pi:0.4549252272092785
2022-05-19 02:10:15,957 - INFO - [100]get_distribution_vector:Gen(True):CheckSum(True)
2022-05-19 02:10:16,158 - INFO - [0]get_dtv_pi:0.44774922610266016
2022-05-19 02:10:16,165 - INFO - [100]get_distribution_vector:Gen(True):CheckSum(True)
2022-05-19 02:10:16,543 - INFO - [0]get_dtv_pi:0.44073183227585927
2022-05-19 02:10:16,555 - INFO - [100]get_distribution_vector:Gen(True):CheckSum(True)
2022-05-19 02:10:16,755 - INFO - [0]get_dtv_pi:0.4339860821265338
2022-05-19 02:10:16,762 - INFO - [100]get_distribution_vector:Gen(True):CheckSum(True)
2022-05-19 02:10:16,943 - INFO - [0]get_dtv_pi:0.4273161512419531
2022-05-19 02:10:16,952 - INFO - [100]get_distribution_vector:Gen(True):CheckSum(True)
2022-05-19 02:10:17,142 - INFO - [0]get_dtv_pi:0.4208156794547216
2022-05-19 02:10:17,151 - INFO - [100]get_distribution_vector:Gen(True):CheckSum(True)
2022-05-19 02:10:17,360 - INFO - [0]get_dtv_pi:0.4145082352556842
2022-05-19 02:10:17,366 - INFO - [100]get_distribution_vector:Gen(True):CheckSum(True)
2022-05-19 02:10:17,575 - INFO - [0]get_dtv_pi:0.40827012501393084
2022-05-19 02:10:17,583 - INFO - [100]get_distribution_vector:Gen(True):CheckSum(True)
2022-05-19 02:10:17,773 - INFO - [0]get_dtv_pi:0.40210324884397713
2022-05-19 02:10:17,783 - INFO - [100]get_distribution_vector:Gen(True):CheckSum(True)
2022-05-19 02:10:18,184 - INFO - [0]get_dtv_pi:0.39600921224432417
2022-05-19 02:10:18,188 - INFO - [100]get_distribution_vector:Gen(True):CheckSum(True)
2022-05-19 02:10:18,383 - INFO - [0]get_dtv_pi:0.38998935324788
2022-05-19 02:10:18,393 - INFO - [100]get_distribution_vector:Gen(True):CheckSum(True)
2022-05-19 02:10:18,594 - INFO - [0]get_dtv_pi:0.3840447672568376
2022-05-19 02:10:18,608 - INFO - [100]get_distribution_vector:Gen(True):CheckSum(True)
2022-05-19 02:10:18,879 - INFO - [0]get_dtv_pi:0.3781763297481827
2022-05-19 02:10:18,892 - INFO - [100]get_distribution_vector:Gen(True):CheckSum(True)
2022-05-19 02:10:19,095 - INFO - [0]get_dtv_pi:0.3723847170240316
2022-05-19 02:10:19,129 - INFO - [100]get_distribution_vector:Gen(True):CheckSum(True)
2022-05-19 02:10:19,504 - INFO - [0]get_dtv_pi:0.3666704251689704
2022-05-19 02:10:19,508 - INFO - [100]get_distribution_vector:Gen(True):CheckSum(True)
2022-05-19 02:10:19,709 - INFO - [0]get_dtv_pi:0.36103378736475455
2022-05-19 02:10:19,720 - INFO - [100]get_distribution_vector:Gen(True):CheckSum(True)
2022-05-19 02:10:19,903 - INFO - [0]get_dtv_pi:0.35547498970129726
2022-05-19 02:10:19,909 - INFO - [100]get_distribution_vector:Gen(True):CheckSum(True)
2022-05-19 02:10:20,463 - INFO - [0]get_dtv_pi:0.3499940856119861
2022-05-19 02:10:20,470 - INFO - [100]get_distribution_vector:Gen(True):CheckSum(True)
2022-05-19 02:10:20,670 - INFO - [0]get_dtv_pi:0.34459100905104545
2022-05-19 02:10:20,687 - INFO - [100]get_distribution_vector:Gen(True):CheckSum(True)
2022-05-19 02:10:20,877 - INFO - [0]get_dtv_pi:0.3392655865210067
2022-05-19 02:10:20,884 - INFO - [100]get_distribution_vector:Gen(True):CheckSum(True)
2022-05-19 02:10:21,078 - INFO - [0]get_dtv_pi:0.3340175480493091
2022-05-19 02:10:21,093 - INFO - [100]get_distribution_vector:Gen(True):CheckSum(True)
2022-05-19 02:10:21,283 - INFO - [0]get_dtv_pi:0.3288465372046978
2022-05-19 02:10:21,292 - INFO - [100]get_distribution_vector:Gen(True):CheckSum(True)
2022-05-19 02:10:21,493 - INFO - [0]get_dtv_pi:0.3237521202363294
2022-05-19 02:10:21,498 - INFO - [100]get_distribution_vector:Gen(True):CheckSum(True)
2022-05-19 02:10:21,697 - INFO - [0]get_dtv_pi:0.31873379441136623
2022-05-19 02:10:21,711 - INFO - [100]get_distribution_vector:Gen(True):CheckSum(True)
2022-05-19 02:10:21,911 - INFO - [0]get_dtv_pi:0.31379099562027496
2022-05-19 02:10:21,917 - INFO - [100]get_distribution_vector:Gen(True):CheckSum(True)
2022-05-19 02:10:22,096 - INFO - [0]get_dtv_pi:0.3089231053130344
2022-05-19 02:10:22,102 - INFO - [100]get_distribution_vector:Gen(True):CheckSum(True)
2022-05-19 02:10:22,306 - INFO - [0]get_dtv_pi:0.30418349109496523
2022-05-19 02:10:22,331 - INFO - [100]get_distribution_vector:Gen(True):CheckSum(True)
2022-05-19 02:10:22,539 - INFO - [0]get_dtv_pi:0.2995440725634737
2022-05-19 02:10:22,545 - INFO - [100]get_distribution_vector:Gen(True):CheckSum(True)
2022-05-19 02:10:22,741 - INFO - [0]get_dtv_pi:0.2949730644728859
2022-05-19 02:10:22,750 - INFO - [100]get_distribution_vector:Gen(True):CheckSum(True)
2022-05-19 02:10:22,950 - INFO - [0]get_dtv_pi:0.290469895775866
2022-05-19 02:10:22,955 - INFO - [100]get_distribution_vector:Gen(True):CheckSum(True)
2022-05-19 02:10:23,156 - INFO - [0]get_dtv_pi:0.28603395732386283
2022-05-19 02:10:23,162 - INFO - [100]get_distribution_vector:Gen(True):CheckSum(True)
2022-05-19 02:10:23,562 - INFO - [0]get_dtv_pi:0.2816646063439388
2022-05-19 02:10:23,577 - INFO - [100]get_distribution_vector:Gen(True):CheckSum(True)
2022-05-19 02:10:23,981 - INFO - [0]get_dtv_pi:0.27736117053724624
2022-05-19 02:10:23,990 - INFO - [100]get_distribution_vector:Gen(True):CheckSum(True)
2022-05-19 02:10:24,198 - INFO - [0]get_dtv_pi:0.27312295182964386
2022-05-19 02:10:24,205 - INFO - [100]get_distribution_vector:Gen(True):CheckSum(True)
2022-05-19 02:10:24,427 - INFO - [0]get_dtv_pi:0.2689492298024824
2022-05-19 02:10:24,443 - INFO - [100]get_distribution_vector:Gen(True):CheckSum(True)
2022-05-19 02:10:24,633 - INFO - [0]get_dtv_pi:0.26483926482931985
2022-05-19 02:10:24,639 - INFO - [100]get_distribution_vector:Gen(True):CheckSum(True)
2022-05-19 02:10:24,871 - INFO - [0]get_dtv_pi:0.26079230094225453
2022-05-19 02:10:24,880 - INFO - [100]get_distribution_vector:Gen(True):CheckSum(True)
2022-05-19 02:10:25,073 - INFO - [0]get_dtv_pi:0.25680756844964586
2022-05-19 02:10:25,087 - INFO - [100]get_distribution_vector:Gen(True):CheckSum(True)
2022-05-19 02:10:25,472 - INFO - [0]get_dtv_pi:0.2528842863252438
2022-05-19 02:10:25,487 - INFO - [100]get_distribution_vector:Gen(True):CheckSum(True)
2022-05-19 02:10:25,656 - INFO - [0]get_dtv_pi:0.2490216643871242
2022-05-19 02:10:25,664 - INFO - [100]get_distribution_vector:Gen(True):CheckSum(True)
2022-05-19 02:10:25,867 - INFO - [0]get_dtv_pi:0.24521890528336057
2022-05-19 02:10:25,875 - INFO - [100]get_distribution_vector:Gen(True):CheckSum(True)
2022-05-19 02:10:26,096 - INFO - [0]get_dtv_pi:0.24147520629999214
2022-05-19 02:10:26,109 - INFO - [100]get_distribution_vector:Gen(True):CheckSum(True)
2022-05-19 02:10:26,279 - INFO - [0]get_dtv_pi:0.23778976100560367
2022-05-19 02:10:26,283 - INFO - [100]get_distribution_vector:Gen(True):CheckSum(True)
2022-05-19 02:10:26,473 - INFO - [0]get_dtv_pi:0.234161760745685
2022-05-19 02:10:26,478 - INFO - [100]get_distribution_vector:Gen(True):CheckSum(True)
2022-05-19 02:10:26,686 - INFO - [0]get_dtv_pi:0.23059039599888648
2022-05-19 02:10:26,694 - INFO - [100]get_distribution_vector:Gen(True):CheckSum(True)
2022-05-19 02:10:26,882 - INFO - [0]get_dtv_pi:0.22707485760631624
2022-05-19 02:10:26,885 - INFO - [100]get_distribution_vector:Gen(True):CheckSum(True)
2022-05-19 02:10:27,073 - INFO - [0]get_dtv_pi:0.2236143378841417
2022-05-19 02:10:27,095 - INFO - [100]get_distribution_vector:Gen(True):CheckSum(True)
2022-05-19 02:10:27,656 - INFO - [0]get_dtv_pi:0.22020803162893401
2022-05-19 02:10:27,663 - INFO - [100]get_distribution_vector:Gen(True):CheckSum(True)
2022-05-19 02:10:27,863 - INFO - [0]get_dtv_pi:0.21685513702445175
2022-05-19 02:10:27,872 - INFO - [100]get_distribution_vector:Gen(True):CheckSum(True)
2022-05-19 02:10:28,071 - INFO - [0]get_dtv_pi:0.21355485645786637
2022-05-19 02:10:28,084 - INFO - [100]get_distribution_vector:Gen(True):CheckSum(True)
2022-05-19 02:10:28,464 - INFO - [0]get_dtv_pi:0.21030639725279685
2022-05-19 02:10:28,472 - INFO - [100]get_distribution_vector:Gen(True):CheckSum(True)
2022-05-19 02:10:28,849 - INFO - [0]get_dtv_pi:0.20710897232594386
2022-05-19 02:10:28,865 - INFO - [100]get_distribution_vector:Gen(True):CheckSum(True)
2022-05-19 02:10:29,088 - INFO - [0]get_dtv_pi:0.20396180077357126
2022-05-19 02:10:29,095 - INFO - [100]get_distribution_vector:Gen(True):CheckSum(True)
2022-05-19 02:10:29,295 - INFO - [0]get_dtv_pi:0.20087273687256807
2022-05-19 02:10:29,301 - INFO - [100]get_distribution_vector:Gen(True):CheckSum(True)
2022-05-19 02:10:29,480 - INFO - [0]get_dtv_pi:0.19785780460627966
2022-05-19 02:10:29,486 - INFO - [100]get_distribution_vector:Gen(True):CheckSum(True)
2022-05-19 02:10:29,678 - INFO - [0]get_dtv_pi:0.1948893729139064
2022-05-19 02:10:29,690 - INFO - [100]get_distribution_vector:Gen(True):CheckSum(True)
2022-05-19 02:10:29,880 - INFO - [0]get_dtv_pi:0.1919667375498034
2022-05-19 02:10:29,883 - INFO - [20220518230944176467]save_dtv_vector:mcmc_dtv_pi_grid2D_100_100_.txt
2022-05-19 02:10:29,884 - INFO - [DONE]Module:Experiment
