2022-05-19 02:11:31,823 - INFO - ***********************************************************
2022-05-19 02:11:31,824 - INFO - *** MCMC Helper                                         ***
2022-05-19 02:11:31,824 - INFO - *** Algoritmos de Monte Carlo e Cadeias de Markov 2022/1***
2022-05-19 02:11:31,824 - INFO - *** Aluno: Victor de Almeida Xavier                     ***
2022-05-19 02:11:31,824 - INFO - ***********************************************************
2022-05-19 02:11:31,825 - INFO - *** Terceira Lista de Exercícios                        ***
2022-05-19 02:11:31,825 - INFO - ***********************************************************
2022-05-19 02:11:31,825 - INFO - [INIT]Module:Experiment
2022-05-19 02:11:31,825 - INFO - Experimentos da Questão 2
2022-05-19 02:11:31,826 - INFO - Item:dtv_pi
2022-05-19 02:11:31,826 - INFO - Grafo:grid2D
2022-05-19 02:11:31,826 - INFO - Número de vértices:100
2022-05-19 02:11:31,826 - INFO - Número de execuções:100
2022-05-19 02:11:38,364 - INFO - [100]get_transition_prob_matrix:Gen(True):CheckSum(True)
2022-05-19 02:11:38,395 - INFO - [100]get_stationary_vector:Gen(True):CheckSum(True)
2022-05-19 02:11:38,405 - INFO - [100]get_distribution_vector:Gen(True):CheckSum(True)
2022-05-19 02:11:42,822 - INFO - [0]get_dtv_pi:0.9777777777777708
2022-05-19 02:11:42,828 - INFO - [100]get_distribution_vector:Gen(True):CheckSum(True)
2022-05-19 02:11:42,829 - INFO - [0]get_dtv_pi:0.9499999999999851
2022-05-19 02:11:42,839 - INFO - [100]get_distribution_vector:Gen(True):CheckSum(True)
2022-05-19 02:11:42,841 - INFO - [0]get_dtv_pi:0.9138888888888683
2022-05-19 02:11:42,852 - INFO - [100]get_distribution_vector:Gen(True):CheckSum(True)
2022-05-19 02:11:42,854 - INFO - [0]get_dtv_pi:0.8978009259259018
2022-05-19 02:11:42,865 - INFO - [100]get_distribution_vector:Gen(True):CheckSum(True)
2022-05-19 02:11:42,866 - INFO - [0]get_dtv_pi:0.8743152006172599
2022-05-19 02:11:42,880 - INFO - [100]get_distribution_vector:Gen(True):CheckSum(True)
2022-05-19 02:11:42,881 - INFO - [0]get_dtv_pi:0.8566656418788265
2022-05-19 02:11:42,892 - INFO - [100]get_distribution_vector:Gen(True):CheckSum(True)
2022-05-19 02:11:42,892 - INFO - [0]get_dtv_pi:0.8409150969998188
2022-05-19 02:11:42,909 - INFO - [100]get_distribution_vector:Gen(True):CheckSum(True)
2022-05-19 02:11:42,910 - INFO - [0]get_dtv_pi:0.8227518009277899
2022-05-19 02:11:42,923 - INFO - [100]get_distribution_vector:Gen(True):CheckSum(True)
2022-05-19 02:11:42,925 - INFO - [0]get_dtv_pi:0.8055890812558807
2022-05-19 02:11:42,936 - INFO - [100]get_distribution_vector:Gen(True):CheckSum(True)
2022-05-19 02:11:42,938 - INFO - [0]get_dtv_pi:0.7922402787279644
2022-05-19 02:11:42,949 - INFO - [100]get_distribution_vector:Gen(True):CheckSum(True)
2022-05-19 02:11:42,950 - INFO - [0]get_dtv_pi:0.7777378897008851
2022-05-19 02:11:42,955 - INFO - [100]get_distribution_vector:Gen(True):CheckSum(True)
2022-05-19 02:11:42,956 - INFO - [0]get_dtv_pi:0.765384414664992
2022-05-19 02:11:42,961 - INFO - [100]get_distribution_vector:Gen(True):CheckSum(True)
2022-05-19 02:11:42,961 - INFO - [0]get_dtv_pi:0.7524460790511533
2022-05-19 02:11:42,967 - INFO - [100]get_distribution_vector:Gen(True):CheckSum(True)
2022-05-19 02:11:42,968 - INFO - [0]get_dtv_pi:0.7388469448753632
2022-05-19 02:11:42,987 - INFO - [100]get_distribution_vector:Gen(True):CheckSum(True)
2022-05-19 02:11:42,988 - INFO - [0]get_dtv_pi:0.7252606880205068
2022-05-19 02:11:42,992 - INFO - [100]get_distribution_vector:Gen(True):CheckSum(True)
2022-05-19 02:11:42,993 - INFO - [0]get_dtv_pi:0.712146391219031
2022-05-19 02:11:42,998 - INFO - [100]get_distribution_vector:Gen(True):CheckSum(True)
2022-05-19 02:11:42,999 - INFO - [0]get_dtv_pi:0.7005552583810631
2022-05-19 02:11:43,006 - INFO - [100]get_distribution_vector:Gen(True):CheckSum(True)
2022-05-19 02:11:43,007 - INFO - [0]get_dtv_pi:0.6892037914712227
2022-05-19 02:11:43,013 - INFO - [100]get_distribution_vector:Gen(True):CheckSum(True)
2022-05-19 02:11:43,014 - INFO - [0]get_dtv_pi:0.6784044095300134
2022-05-19 02:11:43,023 - INFO - [100]get_distribution_vector:Gen(True):CheckSum(True)
2022-05-19 02:11:43,023 - INFO - [0]get_dtv_pi:0.667398103622599
2022-05-19 02:11:43,031 - INFO - [100]get_distribution_vector:Gen(True):CheckSum(True)
2022-05-19 02:11:43,032 - INFO - [0]get_dtv_pi:0.6562538831487208
2022-05-19 02:11:43,039 - INFO - [100]get_distribution_vector:Gen(True):CheckSum(True)
2022-05-19 02:11:43,040 - INFO - [0]get_dtv_pi:0.6450308060051253
2022-05-19 02:11:43,046 - INFO - [100]get_distribution_vector:Gen(True):CheckSum(True)
2022-05-19 02:11:43,047 - INFO - [0]get_dtv_pi:0.6346626482068587
2022-05-19 02:11:43,056 - INFO - [100]get_distribution_vector:Gen(True):CheckSum(True)
2022-05-19 02:11:43,056 - INFO - [0]get_dtv_pi:0.6244246585522822
2022-05-19 02:11:43,061 - INFO - [100]get_distribution_vector:Gen(True):CheckSum(True)
2022-05-19 02:11:43,062 - INFO - [0]get_dtv_pi:0.6147065791090195
2022-05-19 02:11:43,072 - INFO - [100]get_distribution_vector:Gen(True):CheckSum(True)
2022-05-19 02:11:43,073 - INFO - [0]get_dtv_pi:0.6054335422937019
2022-05-19 02:11:43,079 - INFO - [100]get_distribution_vector:Gen(True):CheckSum(True)
2022-05-19 02:11:43,079 - INFO - [0]get_dtv_pi:0.5961226062548227
2022-05-19 02:11:43,109 - INFO - [100]get_distribution_vector:Gen(True):CheckSum(True)
2022-05-19 02:11:43,110 - INFO - [0]get_dtv_pi:0.5868004920028609
2022-05-19 02:11:43,125 - INFO - [100]get_distribution_vector:Gen(True):CheckSum(True)
2022-05-19 02:11:43,126 - INFO - [0]get_dtv_pi:0.5774904330653295
2022-05-19 02:11:43,141 - INFO - [100]get_distribution_vector:Gen(True):CheckSum(True)
2022-05-19 02:11:43,142 - INFO - [0]get_dtv_pi:0.5682125387180416
2022-05-19 02:11:43,149 - INFO - [100]get_distribution_vector:Gen(True):CheckSum(True)
2022-05-19 02:11:43,149 - INFO - [0]get_dtv_pi:0.55955493307104
2022-05-19 02:11:43,157 - INFO - [100]get_distribution_vector:Gen(True):CheckSum(True)
2022-05-19 02:11:43,158 - INFO - [0]get_dtv_pi:0.5509944644522309
2022-05-19 02:11:43,164 - INFO - [100]get_distribution_vector:Gen(True):CheckSum(True)
2022-05-19 02:11:43,165 - INFO - [0]get_dtv_pi:0.5424679143274155
2022-05-19 02:11:43,175 - INFO - [100]get_distribution_vector:Gen(True):CheckSum(True)
2022-05-19 02:11:43,176 - INFO - [0]get_dtv_pi:0.5339882097528383
2022-05-19 02:11:43,182 - INFO - [100]get_distribution_vector:Gen(True):CheckSum(True)
2022-05-19 02:11:43,183 - INFO - [0]get_dtv_pi:0.5255665699911821
2022-05-19 02:11:43,192 - INFO - [100]get_distribution_vector:Gen(True):CheckSum(True)
2022-05-19 02:11:43,193 - INFO - [0]get_dtv_pi:0.5172126888076141
2022-05-19 02:11:43,198 - INFO - [100]get_distribution_vector:Gen(True):CheckSum(True)
2022-05-19 02:11:43,199 - INFO - [0]get_dtv_pi:0.5089349003476952
2022-05-19 02:11:43,208 - INFO - [100]get_distribution_vector:Gen(True):CheckSum(True)
2022-05-19 02:11:43,208 - INFO - [0]get_dtv_pi:0.5007403292734031
2022-05-19 02:11:43,215 - INFO - [100]get_distribution_vector:Gen(True):CheckSum(True)
2022-05-19 02:11:43,215 - INFO - [0]get_dtv_pi:0.49263502607950677
2022-05-19 02:11:43,225 - INFO - [100]get_distribution_vector:Gen(True):CheckSum(True)
2022-05-19 02:11:43,226 - INFO - [0]get_dtv_pi:0.4846240886447068
2022-05-19 02:11:43,232 - INFO - [100]get_distribution_vector:Gen(True):CheckSum(True)
2022-05-19 02:11:43,234 - INFO - [0]get_dtv_pi:0.47695882234755294
2022-05-19 02:11:43,242 - INFO - [100]get_distribution_vector:Gen(True):CheckSum(True)
2022-05-19 02:11:43,242 - INFO - [0]get_dtv_pi:0.46953335943360947
2022-05-19 02:11:43,249 - INFO - [100]get_distribution_vector:Gen(True):CheckSum(True)
2022-05-19 02:11:43,249 - INFO - [0]get_dtv_pi:0.4621876219610654
2022-05-19 02:11:43,271 - INFO - [100]get_distribution_vector:Gen(True):CheckSum(True)
2022-05-19 02:11:43,272 - INFO - [0]get_dtv_pi:0.4549252272092785
2022-05-19 02:11:43,279 - INFO - [100]get_distribution_vector:Gen(True):CheckSum(True)
2022-05-19 02:11:43,280 - INFO - [0]get_dtv_pi:0.44774922610266016
2022-05-19 02:11:43,287 - INFO - [100]get_distribution_vector:Gen(True):CheckSum(True)
2022-05-19 02:11:43,288 - INFO - [0]get_dtv_pi:0.44073183227585927
2022-05-19 02:11:43,300 - INFO - [100]get_distribution_vector:Gen(True):CheckSum(True)
2022-05-19 02:11:43,301 - INFO - [0]get_dtv_pi:0.4339860821265338
2022-05-19 02:11:43,309 - INFO - [100]get_distribution_vector:Gen(True):CheckSum(True)
2022-05-19 02:11:43,310 - INFO - [0]get_dtv_pi:0.4273161512419531
2022-05-19 02:11:43,330 - INFO - [100]get_distribution_vector:Gen(True):CheckSum(True)
2022-05-19 02:11:43,330 - INFO - [0]get_dtv_pi:0.4208156794547216
2022-05-19 02:11:43,346 - INFO - [100]get_distribution_vector:Gen(True):CheckSum(True)
2022-05-19 02:11:43,346 - INFO - [0]get_dtv_pi:0.4145082352556842
2022-05-19 02:11:43,359 - INFO - [100]get_distribution_vector:Gen(True):CheckSum(True)
2022-05-19 02:11:43,360 - INFO - [0]get_dtv_pi:0.40827012501393084
2022-05-19 02:11:43,365 - INFO - [100]get_distribution_vector:Gen(True):CheckSum(True)
2022-05-19 02:11:43,366 - INFO - [0]get_dtv_pi:0.40210324884397713
2022-05-19 02:11:43,376 - INFO - [100]get_distribution_vector:Gen(True):CheckSum(True)
2022-05-19 02:11:43,376 - INFO - [0]get_dtv_pi:0.39600921224432417
2022-05-19 02:11:43,394 - INFO - [100]get_distribution_vector:Gen(True):CheckSum(True)
2022-05-19 02:11:43,395 - INFO - [0]get_dtv_pi:0.38998935324788
2022-05-19 02:11:43,408 - INFO - [100]get_distribution_vector:Gen(True):CheckSum(True)
2022-05-19 02:11:43,408 - INFO - [0]get_dtv_pi:0.3840447672568376
2022-05-19 02:11:43,416 - INFO - [100]get_distribution_vector:Gen(True):CheckSum(True)
2022-05-19 02:11:43,416 - INFO - [0]get_dtv_pi:0.3781763297481827
2022-05-19 02:11:43,425 - INFO - [100]get_distribution_vector:Gen(True):CheckSum(True)
2022-05-19 02:11:43,426 - INFO - [0]get_dtv_pi:0.3723847170240316
2022-05-19 02:11:43,432 - INFO - [100]get_distribution_vector:Gen(True):CheckSum(True)
2022-05-19 02:11:43,433 - INFO - [0]get_dtv_pi:0.3666704251689704
2022-05-19 02:11:43,442 - INFO - [100]get_distribution_vector:Gen(True):CheckSum(True)
2022-05-19 02:11:43,443 - INFO - [0]get_dtv_pi:0.36103378736475455
2022-05-19 02:11:43,458 - INFO - [100]get_distribution_vector:Gen(True):CheckSum(True)
2022-05-19 02:11:43,459 - INFO - [0]get_dtv_pi:0.35547498970129726
2022-05-19 02:11:43,466 - INFO - [100]get_distribution_vector:Gen(True):CheckSum(True)
2022-05-19 02:11:43,467 - INFO - [0]get_dtv_pi:0.3499940856119861
2022-05-19 02:11:43,475 - INFO - [100]get_distribution_vector:Gen(True):CheckSum(True)
2022-05-19 02:11:43,476 - INFO - [0]get_dtv_pi:0.34459100905104545
2022-05-19 02:11:43,500 - INFO - [100]get_distribution_vector:Gen(True):CheckSum(True)
2022-05-19 02:11:43,501 - INFO - [0]get_dtv_pi:0.3392655865210067
2022-05-19 02:11:43,509 - INFO - [100]get_distribution_vector:Gen(True):CheckSum(True)
2022-05-19 02:11:43,509 - INFO - [0]get_dtv_pi:0.3340175480493091
2022-05-19 02:11:43,516 - INFO - [100]get_distribution_vector:Gen(True):CheckSum(True)
2022-05-19 02:11:43,517 - INFO - [0]get_dtv_pi:0.3288465372046978
2022-05-19 02:11:43,525 - INFO - [100]get_distribution_vector:Gen(True):CheckSum(True)
2022-05-19 02:11:43,526 - INFO - [0]get_dtv_pi:0.3237521202363294
2022-05-19 02:11:43,533 - INFO - [100]get_distribution_vector:Gen(True):CheckSum(True)
2022-05-19 02:11:43,534 - INFO - [0]get_dtv_pi:0.31873379441136623
2022-05-19 02:11:43,542 - INFO - [100]get_distribution_vector:Gen(True):CheckSum(True)
2022-05-19 02:11:43,543 - INFO - [0]get_dtv_pi:0.31379099562027496
2022-05-19 02:11:43,550 - INFO - [100]get_distribution_vector:Gen(True):CheckSum(True)
2022-05-19 02:11:43,550 - INFO - [0]get_dtv_pi:0.3089231053130344
2022-05-19 02:11:43,559 - INFO - [100]get_distribution_vector:Gen(True):CheckSum(True)
2022-05-19 02:11:43,559 - INFO - [0]get_dtv_pi:0.30418349109496523
2022-05-19 02:11:43,567 - INFO - [100]get_distribution_vector:Gen(True):CheckSum(True)
2022-05-19 02:11:43,567 - INFO - [0]get_dtv_pi:0.2995440725634737
2022-05-19 02:11:43,576 - INFO - [100]get_distribution_vector:Gen(True):CheckSum(True)
2022-05-19 02:11:43,576 - INFO - [0]get_dtv_pi:0.2949730644728859
2022-05-19 02:11:43,583 - INFO - [100]get_distribution_vector:Gen(True):CheckSum(True)
2022-05-19 02:11:43,584 - INFO - [0]get_dtv_pi:0.290469895775866
2022-05-19 02:11:43,592 - INFO - [100]get_distribution_vector:Gen(True):CheckSum(True)
2022-05-19 02:11:43,592 - INFO - [0]get_dtv_pi:0.28603395732386283
2022-05-19 02:11:43,599 - INFO - [100]get_distribution_vector:Gen(True):CheckSum(True)
2022-05-19 02:11:43,600 - INFO - [0]get_dtv_pi:0.2816646063439388
2022-05-19 02:11:43,612 - INFO - [100]get_distribution_vector:Gen(True):CheckSum(True)
2022-05-19 02:11:43,613 - INFO - [0]get_dtv_pi:0.27736117053724624
2022-05-19 02:11:43,619 - INFO - [100]get_distribution_vector:Gen(True):CheckSum(True)
2022-05-19 02:11:43,620 - INFO - [0]get_dtv_pi:0.27312295182964386
2022-05-19 02:11:43,628 - INFO - [100]get_distribution_vector:Gen(True):CheckSum(True)
2022-05-19 02:11:43,629 - INFO - [0]get_dtv_pi:0.2689492298024824
2022-05-19 02:11:43,635 - INFO - [100]get_distribution_vector:Gen(True):CheckSum(True)
2022-05-19 02:11:43,635 - INFO - [0]get_dtv_pi:0.26483926482931985
2022-05-19 02:11:43,643 - INFO - [100]get_distribution_vector:Gen(True):CheckSum(True)
2022-05-19 02:11:43,644 - INFO - [0]get_dtv_pi:0.26079230094225453
2022-05-19 02:11:43,652 - INFO - [100]get_distribution_vector:Gen(True):CheckSum(True)
2022-05-19 02:11:43,653 - INFO - [0]get_dtv_pi:0.25680756844964586
2022-05-19 02:11:43,661 - INFO - [100]get_distribution_vector:Gen(True):CheckSum(True)
2022-05-19 02:11:43,661 - INFO - [0]get_dtv_pi:0.2528842863252438
2022-05-19 02:11:43,669 - INFO - [100]get_distribution_vector:Gen(True):CheckSum(True)
2022-05-19 02:11:43,669 - INFO - [0]get_dtv_pi:0.2490216643871242
2022-05-19 02:11:43,765 - INFO - [100]get_distribution_vector:Gen(True):CheckSum(True)
2022-05-19 02:11:43,765 - INFO - [0]get_dtv_pi:0.24521890528336057
2022-05-19 02:11:43,773 - INFO - [100]get_distribution_vector:Gen(True):CheckSum(True)
2022-05-19 02:11:43,774 - INFO - [0]get_dtv_pi:0.24147520629999214
2022-05-19 02:11:43,784 - INFO - [100]get_distribution_vector:Gen(True):CheckSum(True)
2022-05-19 02:11:43,786 - INFO - [0]get_dtv_pi:0.23778976100560367
2022-05-19 02:11:43,798 - INFO - [100]get_distribution_vector:Gen(True):CheckSum(True)
2022-05-19 02:11:43,799 - INFO - [0]get_dtv_pi:0.234161760745685
2022-05-19 02:11:43,812 - INFO - [100]get_distribution_vector:Gen(True):CheckSum(True)
2022-05-19 02:11:43,814 - INFO - [0]get_dtv_pi:0.23059039599888648
2022-05-19 02:11:43,827 - INFO - [100]get_distribution_vector:Gen(True):CheckSum(True)
2022-05-19 02:11:43,828 - INFO - [0]get_dtv_pi:0.22707485760631624
2022-05-19 02:11:43,841 - INFO - [100]get_distribution_vector:Gen(True):CheckSum(True)
2022-05-19 02:11:43,842 - INFO - [0]get_dtv_pi:0.2236143378841417
2022-05-19 02:11:43,848 - INFO - [100]get_distribution_vector:Gen(True):CheckSum(True)
2022-05-19 02:11:43,849 - INFO - [0]get_dtv_pi:0.22020803162893401
2022-05-19 02:11:43,855 - INFO - [100]get_distribution_vector:Gen(True):CheckSum(True)
2022-05-19 02:11:43,856 - INFO - [0]get_dtv_pi:0.21685513702445175
2022-05-19 02:11:43,862 - INFO - [100]get_distribution_vector:Gen(True):CheckSum(True)
2022-05-19 02:11:43,863 - INFO - [0]get_dtv_pi:0.21355485645786637
2022-05-19 02:11:43,869 - INFO - [100]get_distribution_vector:Gen(True):CheckSum(True)
2022-05-19 02:11:43,870 - INFO - [0]get_dtv_pi:0.21030639725279685
2022-05-19 02:11:43,876 - INFO - [100]get_distribution_vector:Gen(True):CheckSum(True)
2022-05-19 02:11:43,877 - INFO - [0]get_dtv_pi:0.20710897232594386
2022-05-19 02:11:43,884 - INFO - [100]get_distribution_vector:Gen(True):CheckSum(True)
2022-05-19 02:11:43,901 - INFO - [0]get_dtv_pi:0.20396180077357126
2022-05-19 02:11:43,924 - INFO - [100]get_distribution_vector:Gen(True):CheckSum(True)
2022-05-19 02:11:43,924 - INFO - [0]get_dtv_pi:0.20087273687256807
2022-05-19 02:11:43,929 - INFO - [100]get_distribution_vector:Gen(True):CheckSum(True)
2022-05-19 02:11:43,930 - INFO - [0]get_dtv_pi:0.19785780460627966
2022-05-19 02:11:43,942 - INFO - [100]get_distribution_vector:Gen(True):CheckSum(True)
2022-05-19 02:11:43,943 - INFO - [0]get_dtv_pi:0.1948893729139064
2022-05-19 02:11:43,952 - INFO - [100]get_distribution_vector:Gen(True):CheckSum(True)
2022-05-19 02:11:43,953 - INFO - [0]get_dtv_pi:0.1919667375498034
2022-05-19 02:11:43,956 - INFO - [20220518231128715745]save_dtv_vector:mcmc_dtv_pi_grid2D_100_100_.txt
2022-05-19 02:11:43,967 - INFO - [DONE]Module:Experiment
