2022-05-24 11:06:28,277 - INFO - ***********************************************************
2022-05-24 11:06:28,278 - INFO - *** MCMC Helper                                         ***
2022-05-24 11:06:28,278 - INFO - *** Algoritmos de Monte Carlo e Cadeias de Markov 2022/1***
2022-05-24 11:06:28,278 - INFO - *** Aluno: Victor de Almeida Xavier                     ***
2022-05-24 11:06:28,278 - INFO - ***********************************************************
2022-05-24 11:06:28,278 - INFO - *** Terceira Lista de Exercícios                        ***
2022-05-24 11:06:28,278 - INFO - ***********************************************************
2022-05-24 11:06:28,278 - INFO - [INIT]Module:Experiment
2022-05-24 11:06:31,511 - INFO - Experimentos da Questão 3
2022-05-24 11:06:31,512 - INFO - Item:delta
2022-05-24 11:06:31,512 - INFO - Probabilidade (p):all
2022-05-24 11:06:31,512 - INFO - Número de vértices:10
2022-05-24 11:06:31,512 - INFO - Número de execuções:1
2022-05-24 11:06:31,513 - INFO - Plotar resultados? True
2022-05-24 11:06:41,825 - INFO - [10]get_all_to_one_prob_matrix:Gen(True):CheckSum(True)
2022-05-24 11:06:42,579 - ERROR - singular matrix
2022-05-24 11:06:42,579 - ERROR - [EXPT]get_decomposition_matrices
2022-05-24 11:06:42,579 - ERROR - singular matrix
2022-05-24 11:06:42,580 - INFO - [10]get_decomposition_matrices:Gen(False):CheckSum(False)
2022-05-24 11:06:42,580 - ERROR - local variable 'q_inv_matrix' referenced before assignment
2022-05-24 11:06:42,580 - ERROR - [EXPT]l3_exec_quest2
2022-05-24 11:06:42,580 - ERROR - local variable 'q_inv_matrix' referenced before assignment
2022-05-24 11:06:42,581 - INFO - [DONE]Module:Experiment
