2022-05-24 12:20:20,363 - INFO - ***********************************************************
2022-05-24 12:20:20,364 - INFO - *** MCMC Helper                                         ***
2022-05-24 12:20:20,364 - INFO - *** Algoritmos de Monte Carlo e Cadeias de Markov 2022/1***
2022-05-24 12:20:20,365 - INFO - *** Aluno: Victor de Almeida Xavier                     ***
2022-05-24 12:20:20,365 - INFO - ***********************************************************
2022-05-24 12:20:20,365 - INFO - *** Terceira Lista de Exercícios                        ***
2022-05-24 12:20:20,365 - INFO - ***********************************************************
2022-05-24 12:20:20,366 - INFO - [INIT]Module:Experiment
2022-05-24 12:20:23,386 - INFO - Experimentos da Questão 3
2022-05-24 12:20:23,387 - INFO - Item:det_pi
2022-05-24 12:20:23,387 - INFO - Probabilidade (p):all
2022-05-24 12:20:23,387 - INFO - Número de vértices:10
2022-05-24 12:20:23,387 - INFO - Número de execuções:1
2022-05-24 12:20:23,388 - INFO - Plotar resultados? True
2022-05-24 12:20:24,239 - INFO - [10]get_all_to_one_prob_matrix:Gen(True):CheckSum(True)
2022-05-24 12:20:24,242 - INFO - [10]get_matrix_stationary_vector:Gen(True):CheckSum(True)
2022-05-24 12:20:24,248 - INFO - [20220524092018913492]save_stationary_vector:mcmc_det_pi_0.25_10_.txt
2022-05-24 12:20:24,248 - INFO - probabilidade:0.25
2022-05-24 12:20:24,249 - INFO - stationary_vector(10):[0.7499999999999999, 0.18749999999999994, 0.046874999999999986, 0.01171875000000002, 0.00292968750000002, 0.0007324218749999972, 0.00018310546874999325, 4.577636718750489e-05, 1.1444091796879876e-05, 3.814697265635306e-06]
2022-05-24 12:20:24,249 - INFO - [10]get_all_to_one_prob_matrix:Gen(True):CheckSum(True)
2022-05-24 12:20:24,250 - INFO - [10]get_matrix_stationary_vector:Gen(True):CheckSum(True)
2022-05-24 12:20:24,251 - INFO - [20220524092018913492]save_stationary_vector:mcmc_det_pi_0.5_10_.txt
2022-05-24 12:20:24,251 - INFO - probabilidade:0.5
2022-05-24 12:20:24,251 - INFO - stationary_vector(10):[0.5000000000000001, 0.25000000000000006, 0.12500000000000003, 0.062499999999999896, 0.031249999999999948, 0.015624999999999983, 0.007812500000000026, 0.003906250000000018, 0.0019531250000000095, 0.0019531250000000074]
2022-05-24 12:20:24,251 - INFO - [10]get_all_to_one_prob_matrix:Gen(True):CheckSum(True)
2022-05-24 12:20:24,252 - INFO - [10]get_matrix_stationary_vector:Gen(True):CheckSum(True)
2022-05-24 12:20:24,253 - INFO - [20220524092018913492]save_stationary_vector:mcmc_det_pi_0.75_10_.txt
2022-05-24 12:20:24,253 - INFO - probabilidade:0.75
2022-05-24 12:20:24,253 - INFO - stationary_vector(10):[0.25, 0.18749999999999956, 0.14062499999999975, 0.10546874999999963, 0.07910156249999985, 0.05932617187499995, 0.04449462890625005, 0.03337097167968763, 0.025028228759765816, 0.0750846862792977]
2022-05-24 12:20:24,254 - INFO - [DONE]Module:Experiment
