2022-05-24 06:44:50,997 - INFO - ***********************************************************
2022-05-24 06:44:50,998 - INFO - *** MCMC Helper                                         ***
2022-05-24 06:44:50,998 - INFO - *** Algoritmos de Monte Carlo e Cadeias de Markov 2022/1***
2022-05-24 06:44:50,998 - INFO - *** Aluno: Victor de Almeida Xavier                     ***
2022-05-24 06:44:50,998 - INFO - ***********************************************************
2022-05-24 06:44:50,998 - INFO - *** Terceira Lista de Exercícios                        ***
2022-05-24 06:44:50,998 - INFO - ***********************************************************
2022-05-24 06:44:50,998 - INFO - [INIT]Module:Experiment
2022-05-24 06:44:50,999 - INFO - Experimentos da Questão 4
2022-05-24 06:44:55,557 - INFO - Item:pi_t
2022-05-24 06:44:55,558 - INFO - Probabilidade (p):all
2022-05-24 06:44:55,558 - INFO - Número de passos:100
2022-05-24 06:44:55,559 - INFO - Número de execuções:10
2022-05-24 06:44:55,559 - INFO - Plotar resultados? True
2022-05-24 06:44:55,560 - INFO - [[1, 1]]get_latice2D_transition:[1, 1]
2022-05-24 06:44:55,560 - INFO - [[1, 1]]get_latice2D_transition:[1, 1]
2022-05-24 06:44:55,561 - INFO - [[1, 1]]get_latice2D_transition:[1, 1]
2022-05-24 06:44:55,561 - INFO - [[1, 1]]get_latice2D_transition:[1, 2]
2022-05-24 06:44:55,562 - INFO - [[1, 2]]get_latice2D_transition:[1, 3]
2022-05-24 06:44:55,562 - INFO - [[1, 3]]get_latice2D_transition:[1, 2]
2022-05-24 06:44:55,563 - INFO - [[1, 2]]get_latice2D_transition:[1, 3]
2022-05-24 06:44:55,563 - INFO - [[1, 3]]get_latice2D_transition:[1, 3]
2022-05-24 06:44:55,564 - INFO - [[1, 3]]get_latice2D_transition:[2, 3]
2022-05-24 06:44:55,564 - INFO - [[2, 3]]get_latice2D_transition:[2, 2]
2022-05-24 06:44:55,564 - INFO - [[2, 2]]get_latice2D_transition:[1, 2]
2022-05-24 06:44:55,565 - INFO - [[1, 2]]get_latice2D_transition:[1, 2]
2022-05-24 06:44:55,565 - INFO - [[1, 2]]get_latice2D_transition:[1, 1]
2022-05-24 06:44:55,566 - INFO - [[1, 1]]get_latice2D_transition:[1, 2]
2022-05-24 06:44:55,566 - INFO - [[1, 2]]get_latice2D_transition:[1, 2]
2022-05-24 06:44:55,566 - INFO - [[1, 2]]get_latice2D_transition:[2, 2]
2022-05-24 06:44:55,567 - INFO - [[2, 2]]get_latice2D_transition:[2, 1]
2022-05-24 06:44:55,567 - INFO - [[2, 1]]get_latice2D_transition:[1, 1]
2022-05-24 06:44:55,568 - INFO - [[1, 1]]get_latice2D_transition:[1, 1]
2022-05-24 06:44:55,568 - INFO - [[1, 1]]get_latice2D_transition:[1, 2]
2022-05-24 06:44:55,568 - INFO - [[1, 2]]get_latice2D_transition:[1, 1]
2022-05-24 06:44:55,568 - INFO - [[1, 1]]get_latice2D_transition:[1, 1]
2022-05-24 06:44:55,568 - INFO - [[1, 1]]get_latice2D_transition:[1, 1]
2022-05-24 06:44:55,568 - INFO - [[1, 1]]get_latice2D_transition:[1, 1]
2022-05-24 06:47:14,893 - INFO - num_execs:10
2022-05-24 06:47:18,320 - INFO - tal_11:2.4
2022-05-24 06:47:22,307 - INFO - pi_t(100):0.4166666666666667
2022-05-24 06:47:38,435 - INFO - [20220524034449515748]save_latice2D_samples:mcmc_pi_t_0.25_100_10_.txt
2022-05-24 06:47:38,435 - INFO - [[1, 1]]get_latice2D_transition:[1, 1]
2022-05-24 06:47:38,436 - INFO - [[1, 1]]get_latice2D_transition:[1, 1]
2022-05-24 06:47:38,436 - INFO - [[1, 1]]get_latice2D_transition:[1, 1]
2022-05-24 06:47:38,436 - INFO - [[1, 1]]get_latice2D_transition:[1, 1]
2022-05-24 06:47:38,436 - INFO - [[1, 1]]get_latice2D_transition:[1, 1]
2022-05-24 06:47:38,437 - INFO - [[1, 1]]get_latice2D_transition:[1, 1]
2022-05-24 06:47:38,437 - INFO - [[1, 1]]get_latice2D_transition:[1, 2]
2022-05-24 06:47:38,437 - INFO - [[1, 2]]get_latice2D_transition:[1, 1]
2022-05-24 06:47:38,437 - INFO - [[1, 1]]get_latice2D_transition:[1, 1]
2022-05-24 06:47:38,437 - INFO - [[1, 1]]get_latice2D_transition:[1, 1]
2022-05-24 06:47:38,438 - INFO - [[1, 1]]get_latice2D_transition:[1, 2]
2022-05-24 06:47:38,438 - INFO - [[1, 2]]get_latice2D_transition:[1, 1]
2022-05-24 06:47:54,123 - INFO - num_execs:10
2022-05-24 06:47:54,405 - INFO - tal_11:1.2
2022-05-24 06:47:54,676 - INFO - pi_t(100):0.8333333333333334
2022-05-24 06:48:06,450 - INFO - [20220524034449515748]save_latice2D_samples:mcmc_pi_t_0.35_100_10_.txt
2022-05-24 06:48:08,785 - INFO - [[1, 1]]get_latice2D_transition:[1, 1]
2022-05-24 06:48:14,072 - INFO - [[1, 1]]get_latice2D_transition:[1, 1]
2022-05-24 06:48:14,072 - INFO - [[1, 1]]get_latice2D_transition:[1, 2]
2022-05-24 06:48:14,073 - INFO - [[1, 2]]get_latice2D_transition:[1, 3]
2022-05-24 06:48:14,073 - INFO - [[1, 3]]get_latice2D_transition:[1, 4]
2022-05-24 06:48:14,073 - INFO - [[1, 4]]get_latice2D_transition:[1, 5]
2022-05-24 06:48:14,073 - INFO - [[1, 5]]get_latice2D_transition:[1, 4]
2022-05-24 06:48:14,074 - INFO - [[1, 4]]get_latice2D_transition:[1, 5]
2022-05-24 06:48:14,074 - INFO - [[1, 5]]get_latice2D_transition:[1, 4]
2022-05-24 06:48:14,074 - INFO - [[1, 4]]get_latice2D_transition:[1, 4]
2022-05-24 06:48:14,075 - INFO - [[1, 4]]get_latice2D_transition:[2, 4]
2022-05-24 06:48:14,075 - INFO - [[2, 4]]get_latice2D_transition:[2, 5]
2022-05-24 06:48:14,075 - INFO - [[2, 5]]get_latice2D_transition:[1, 5]
2022-05-24 06:48:14,076 - INFO - [[1, 5]]get_latice2D_transition:[1, 5]
2022-05-24 06:48:14,076 - INFO - [[1, 5]]get_latice2D_transition:[1, 5]
2022-05-24 06:48:14,076 - INFO - [[1, 5]]get_latice2D_transition:[1, 4]
2022-05-24 06:48:14,076 - INFO - [[1, 4]]get_latice2D_transition:[2, 4]
2022-05-24 06:48:14,077 - INFO - [[2, 4]]get_latice2D_transition:[2, 3]
2022-05-24 06:48:14,077 - INFO - [[2, 3]]get_latice2D_transition:[3, 3]
2022-05-24 06:48:14,077 - INFO - [[3, 3]]get_latice2D_transition:[3, 4]
2022-05-24 06:48:14,077 - INFO - [[3, 4]]get_latice2D_transition:[3, 5]
2022-05-24 06:48:14,078 - INFO - [[3, 5]]get_latice2D_transition:[4, 5]
2022-05-24 06:48:14,078 - INFO - [[4, 5]]get_latice2D_transition:[5, 5]
2022-05-24 06:48:14,078 - INFO - [[5, 5]]get_latice2D_transition:[5, 4]
2022-05-24 06:48:14,078 - INFO - [[5, 4]]get_latice2D_transition:[5, 3]
2022-05-24 06:48:14,078 - INFO - [[5, 3]]get_latice2D_transition:[5, 4]
2022-05-24 06:48:14,079 - INFO - [[5, 4]]get_latice2D_transition:[4, 4]
2022-05-24 06:48:14,079 - INFO - [[4, 4]]get_latice2D_transition:[4, 3]
2022-05-24 06:48:14,079 - INFO - [[4, 3]]get_latice2D_transition:[4, 4]
2022-05-24 06:48:14,080 - INFO - [[4, 4]]get_latice2D_transition:[4, 3]
2022-05-24 06:48:14,080 - INFO - [[4, 3]]get_latice2D_transition:[4, 2]
2022-05-24 06:48:14,080 - INFO - [[4, 2]]get_latice2D_transition:[5, 2]
2022-05-24 06:48:14,081 - INFO - [[5, 2]]get_latice2D_transition:[4, 2]
2022-05-24 06:48:14,081 - INFO - [[4, 2]]get_latice2D_transition:[4, 1]
2022-05-24 06:48:14,081 - INFO - [[4, 1]]get_latice2D_transition:[5, 1]
2022-05-24 06:48:14,082 - INFO - [[5, 1]]get_latice2D_transition:[6, 1]
2022-05-24 06:48:14,082 - INFO - [[6, 1]]get_latice2D_transition:[6, 2]
2022-05-24 06:48:14,082 - INFO - [[6, 2]]get_latice2D_transition:[5, 2]
2022-05-24 06:48:14,083 - INFO - [[5, 2]]get_latice2D_transition:[5, 3]
2022-05-24 06:48:14,083 - INFO - [[5, 3]]get_latice2D_transition:[5, 2]
2022-05-24 06:48:14,083 - INFO - [[5, 2]]get_latice2D_transition:[5, 1]
2022-05-24 06:48:14,083 - INFO - [[5, 1]]get_latice2D_transition:[6, 1]
2022-05-24 06:48:14,084 - INFO - [[6, 1]]get_latice2D_transition:[5, 1]
2022-05-24 06:48:14,084 - INFO - [[5, 1]]get_latice2D_transition:[5, 1]
2022-05-24 06:48:14,084 - INFO - [[5, 1]]get_latice2D_transition:[5, 1]
2022-05-24 06:48:14,085 - INFO - [[5, 1]]get_latice2D_transition:[5, 2]
2022-05-24 06:48:14,085 - INFO - [[5, 2]]get_latice2D_transition:[6, 2]
2022-05-24 06:48:14,085 - INFO - [[6, 2]]get_latice2D_transition:[6, 3]
2022-05-24 06:48:14,085 - INFO - [[6, 3]]get_latice2D_transition:[5, 3]
2022-05-24 06:48:14,086 - INFO - [[5, 3]]get_latice2D_transition:[5, 2]
2022-05-24 06:48:14,086 - INFO - [[5, 2]]get_latice2D_transition:[5, 1]
2022-05-24 06:48:14,086 - INFO - [[5, 1]]get_latice2D_transition:[4, 1]
2022-05-24 06:48:14,087 - INFO - [[4, 1]]get_latice2D_transition:[3, 1]
2022-05-24 06:48:14,087 - INFO - [[3, 1]]get_latice2D_transition:[3, 1]
2022-05-24 06:48:14,087 - INFO - [[3, 1]]get_latice2D_transition:[2, 1]
2022-05-24 06:48:14,087 - INFO - [[2, 1]]get_latice2D_transition:[1, 1]
2022-05-24 06:48:14,087 - INFO - [[1, 1]]get_latice2D_transition:[1, 1]
2022-05-24 06:48:14,088 - INFO - [[1, 1]]get_latice2D_transition:[1, 1]
2022-05-24 06:48:14,088 - INFO - [[1, 1]]get_latice2D_transition:[1, 1]
2022-05-24 06:48:14,088 - INFO - [[1, 1]]get_latice2D_transition:[1, 1]
2022-05-24 06:48:14,088 - INFO - [[1, 1]]get_latice2D_transition:[1, 1]
2022-05-24 06:48:14,088 - INFO - [[1, 1]]get_latice2D_transition:[1, 2]
2022-05-24 06:48:14,089 - INFO - [[1, 2]]get_latice2D_transition:[1, 2]
2022-05-24 06:48:14,089 - INFO - [[1, 2]]get_latice2D_transition:[1, 2]
2022-05-24 06:48:14,089 - INFO - [[1, 2]]get_latice2D_transition:[2, 2]
2022-05-24 06:48:14,089 - INFO - [[2, 2]]get_latice2D_transition:[2, 3]
2022-05-24 06:48:14,089 - INFO - [[2, 3]]get_latice2D_transition:[3, 3]
2022-05-24 06:48:14,089 - INFO - [[3, 3]]get_latice2D_transition:[3, 4]
2022-05-24 06:48:14,089 - INFO - [[3, 4]]get_latice2D_transition:[2, 4]
2022-05-24 06:48:14,090 - INFO - [[2, 4]]get_latice2D_transition:[1, 4]
2022-05-24 06:48:14,090 - INFO - [[1, 4]]get_latice2D_transition:[1, 4]
2022-05-24 06:48:14,090 - INFO - [[1, 4]]get_latice2D_transition:[1, 4]
2022-05-24 06:48:14,090 - INFO - [[1, 4]]get_latice2D_transition:[2, 4]
2022-05-24 06:48:14,090 - INFO - [[2, 4]]get_latice2D_transition:[2, 3]
2022-05-24 06:48:14,091 - INFO - [[2, 3]]get_latice2D_transition:[2, 2]
2022-05-24 06:48:14,091 - INFO - [[2, 2]]get_latice2D_transition:[2, 1]
2022-05-24 06:48:14,091 - INFO - [[2, 1]]get_latice2D_transition:[1, 1]
2022-05-24 06:48:14,091 - INFO - [[1, 1]]get_latice2D_transition:[1, 1]
2022-05-24 06:48:16,671 - INFO - num_execs:10
2022-05-24 06:48:17,013 - INFO - tal_11:7.8
2022-05-24 06:48:17,368 - INFO - pi_t(100):0.12820512820512822
2022-05-24 06:48:31,763 - INFO - [20220524034449515748]save_latice2D_samples:mcmc_pi_t_0.45_100_10_.txt
2022-05-24 06:48:31,764 - INFO - [DONE]Module:Experiment
