2022-05-24 12:24:41,598 - INFO - ***********************************************************
2022-05-24 12:24:41,599 - INFO - *** MCMC Helper                                         ***
2022-05-24 12:24:41,599 - INFO - *** Algoritmos de Monte Carlo e Cadeias de Markov 2022/1***
2022-05-24 12:24:41,599 - INFO - *** Aluno: Victor de Almeida Xavier                     ***
2022-05-24 12:24:41,599 - INFO - ***********************************************************
2022-05-24 12:24:41,599 - INFO - *** Terceira Lista de Exercícios                        ***
2022-05-24 12:24:41,600 - INFO - ***********************************************************
2022-05-24 12:24:41,600 - INFO - [INIT]Module:Experiment
2022-05-24 12:24:44,339 - INFO - Experimentos da Questão 3
2022-05-24 12:24:44,339 - INFO - Item:det_pi
2022-05-24 12:24:44,340 - INFO - Probabilidade (p):all
2022-05-24 12:24:44,340 - INFO - Número de vértices:10
2022-05-24 12:24:44,340 - INFO - Número de execuções:1
2022-05-24 12:24:44,340 - INFO - Plotar resultados? True
2022-05-24 12:24:47,381 - INFO - [10]get_all_to_one_prob_matrix:Gen(True):CheckSum(True)
2022-05-24 12:24:49,306 - INFO - [10]get_matrix_stationary_vector:Gen(True):CheckSum(True)
2022-05-24 12:24:50,515 - INFO - [20220524092439941431]save_stationary_vector:mcmc_det_pi_0.25_10_.txt
2022-05-24 12:24:51,180 - INFO - probabilidade:0.25
2022-05-24 12:24:58,833 - INFO - stationary_vector(10):[0.7499999999999999, 0.18749999999999994, 0.046874999999999986, 0.01171875000000002, 0.00292968750000002, 0.0007324218749999972, 0.00018310546874999325, 4.577636718750489e-05, 1.1444091796879876e-05, 3.814697265635306e-06]
2022-05-24 12:25:01,618 - INFO - min_value(9):3.814697265635306e-06
2022-05-24 12:35:04,188 - INFO - [10]get_all_to_one_prob_matrix:Gen(True):CheckSum(True)
2022-05-24 12:35:04,568 - INFO - [10]get_matrix_stationary_vector:Gen(True):CheckSum(True)
2022-05-24 12:35:04,959 - INFO - [20220524092439941431]save_stationary_vector:mcmc_det_pi_0.5_10_.txt
2022-05-24 12:35:05,158 - INFO - probabilidade:0.5
2022-05-24 12:35:15,730 - INFO - stationary_vector(10):[0.5000000000000001, 0.25000000000000006, 0.12500000000000003, 0.062499999999999896, 0.031249999999999948, 0.015624999999999983, 0.007812500000000026, 0.003906250000000018, 0.0019531250000000095, 0.0019531250000000074]
2022-05-24 12:35:18,075 - INFO - min_value(9):0.0019531250000000074
2022-05-24 12:37:33,623 - INFO - [10]get_all_to_one_prob_matrix:Gen(True):CheckSum(True)
2022-05-24 12:37:33,624 - INFO - [10]get_matrix_stationary_vector:Gen(True):CheckSum(True)
2022-05-24 12:37:33,625 - INFO - [20220524092439941431]save_stationary_vector:mcmc_det_pi_0.75_10_.txt
2022-05-24 12:37:33,625 - INFO - probabilidade:0.75
2022-05-24 12:37:36,993 - INFO - stationary_vector(10):[0.25, 0.18749999999999956, 0.14062499999999975, 0.10546874999999963, 0.07910156249999985, 0.05932617187499995, 0.04449462890625005, 0.03337097167968763, 0.025028228759765816, 0.0750846862792977]
2022-05-24 12:37:37,577 - INFO - min_value(8):0.025028228759765816
2022-05-24 12:39:42,648 - INFO - [DONE]Module:Experiment
