2022-05-19 02:13:49,625 - INFO - ***********************************************************
2022-05-19 02:13:49,626 - INFO - *** MCMC Helper                                         ***
2022-05-19 02:13:49,626 - INFO - *** Algoritmos de Monte Carlo e Cadeias de Markov 2022/1***
2022-05-19 02:13:49,626 - INFO - *** Aluno: Victor de Almeida Xavier                     ***
2022-05-19 02:13:49,626 - INFO - ***********************************************************
2022-05-19 02:13:49,626 - INFO - *** Terceira Lista de Exercícios                        ***
2022-05-19 02:13:49,627 - INFO - ***********************************************************
2022-05-19 02:13:49,627 - INFO - [INIT]Module:Experiment
2022-05-19 02:13:49,627 - INFO - Experimentos da Questão 2
2022-05-19 02:13:49,627 - INFO - Item:dtv_pi
2022-05-19 02:13:49,627 - INFO - Grafo:grid2D
2022-05-19 02:13:49,628 - INFO - Número de vértices:100
2022-05-19 02:13:49,628 - INFO - Número de execuções:100
2022-05-19 02:14:10,845 - INFO - [100]get_transition_prob_matrix:Gen(True):CheckSum(True)
2022-05-19 02:14:10,876 - INFO - [100]get_stationary_vector:Gen(True):CheckSum(True)
2022-05-19 02:14:10,887 - INFO - [100]get_distribution_vector:Gen(True):CheckSum(True)
2022-05-19 02:14:10,888 - INFO - [0]get_dtv_pi:0.9777777777777708
2022-05-19 02:14:10,896 - INFO - [100]get_distribution_vector:Gen(True):CheckSum(True)
2022-05-19 02:14:10,897 - INFO - [0]get_dtv_pi:0.9499999999999851
2022-05-19 02:14:10,911 - INFO - [100]get_distribution_vector:Gen(True):CheckSum(True)
2022-05-19 02:14:10,912 - INFO - [0]get_dtv_pi:0.9138888888888683
2022-05-19 02:14:10,922 - INFO - [100]get_distribution_vector:Gen(True):CheckSum(True)
2022-05-19 02:14:10,923 - INFO - [0]get_dtv_pi:0.8978009259259018
2022-05-19 02:14:10,932 - INFO - [100]get_distribution_vector:Gen(True):CheckSum(True)
2022-05-19 02:14:10,933 - INFO - [0]get_dtv_pi:0.8743152006172599
2022-05-19 02:14:10,942 - INFO - [100]get_distribution_vector:Gen(True):CheckSum(True)
2022-05-19 02:14:10,943 - INFO - [0]get_dtv_pi:0.8566656418788265
2022-05-19 02:14:10,952 - INFO - [100]get_distribution_vector:Gen(True):CheckSum(True)
2022-05-19 02:14:10,953 - INFO - [0]get_dtv_pi:0.8409150969998188
2022-05-19 02:14:10,970 - INFO - [100]get_distribution_vector:Gen(True):CheckSum(True)
2022-05-19 02:14:10,972 - INFO - [0]get_dtv_pi:0.8227518009277899
2022-05-19 02:14:10,992 - INFO - [100]get_distribution_vector:Gen(True):CheckSum(True)
2022-05-19 02:14:10,993 - INFO - [0]get_dtv_pi:0.8055890812558807
2022-05-19 02:14:10,997 - INFO - [100]get_distribution_vector:Gen(True):CheckSum(True)
2022-05-19 02:14:10,997 - INFO - [0]get_dtv_pi:0.7922402787279644
2022-05-19 02:14:11,009 - INFO - [100]get_distribution_vector:Gen(True):CheckSum(True)
2022-05-19 02:14:11,010 - INFO - [0]get_dtv_pi:0.7777378897008851
2022-05-19 02:14:11,015 - INFO - [100]get_distribution_vector:Gen(True):CheckSum(True)
2022-05-19 02:14:11,015 - INFO - [0]get_dtv_pi:0.765384414664992
2022-05-19 02:14:11,034 - INFO - [100]get_distribution_vector:Gen(True):CheckSum(True)
2022-05-19 02:14:11,035 - INFO - [0]get_dtv_pi:0.7524460790511533
2022-05-19 02:14:11,043 - INFO - [100]get_distribution_vector:Gen(True):CheckSum(True)
2022-05-19 02:14:11,044 - INFO - [0]get_dtv_pi:0.7388469448753632
2022-05-19 02:14:11,049 - INFO - [100]get_distribution_vector:Gen(True):CheckSum(True)
2022-05-19 02:14:11,050 - INFO - [0]get_dtv_pi:0.7252606880205068
2022-05-19 02:14:11,088 - INFO - [100]get_distribution_vector:Gen(True):CheckSum(True)
2022-05-19 02:14:11,089 - INFO - [0]get_dtv_pi:0.712146391219031
2022-05-19 02:14:11,095 - INFO - [100]get_distribution_vector:Gen(True):CheckSum(True)
2022-05-19 02:14:11,095 - INFO - [0]get_dtv_pi:0.7005552583810631
2022-05-19 02:14:11,100 - INFO - [100]get_distribution_vector:Gen(True):CheckSum(True)
2022-05-19 02:14:11,101 - INFO - [0]get_dtv_pi:0.6892037914712227
2022-05-19 02:14:11,106 - INFO - [100]get_distribution_vector:Gen(True):CheckSum(True)
2022-05-19 02:14:11,107 - INFO - [0]get_dtv_pi:0.6784044095300134
2022-05-19 02:14:11,113 - INFO - [100]get_distribution_vector:Gen(True):CheckSum(True)
2022-05-19 02:14:11,113 - INFO - [0]get_dtv_pi:0.667398103622599
2022-05-19 02:14:11,119 - INFO - [100]get_distribution_vector:Gen(True):CheckSum(True)
2022-05-19 02:14:11,119 - INFO - [0]get_dtv_pi:0.6562538831487208
2022-05-19 02:14:11,126 - INFO - [100]get_distribution_vector:Gen(True):CheckSum(True)
2022-05-19 02:14:11,126 - INFO - [0]get_dtv_pi:0.6450308060051253
2022-05-19 02:14:11,132 - INFO - [100]get_distribution_vector:Gen(True):CheckSum(True)
2022-05-19 02:14:11,132 - INFO - [0]get_dtv_pi:0.6346626482068587
2022-05-19 02:14:11,193 - INFO - [100]get_distribution_vector:Gen(True):CheckSum(True)
2022-05-19 02:14:11,194 - INFO - [0]get_dtv_pi:0.6244246585522822
2022-05-19 02:14:11,200 - INFO - [100]get_distribution_vector:Gen(True):CheckSum(True)
2022-05-19 02:14:11,200 - INFO - [0]get_dtv_pi:0.6147065791090195
2022-05-19 02:14:11,218 - INFO - [100]get_distribution_vector:Gen(True):CheckSum(True)
2022-05-19 02:14:11,219 - INFO - [0]get_dtv_pi:0.6054335422937019
2022-05-19 02:14:11,229 - INFO - [100]get_distribution_vector:Gen(True):CheckSum(True)
2022-05-19 02:14:11,230 - INFO - [0]get_dtv_pi:0.5961226062548227
2022-05-19 02:14:11,237 - INFO - [100]get_distribution_vector:Gen(True):CheckSum(True)
2022-05-19 02:14:11,239 - INFO - [0]get_dtv_pi:0.5868004920028609
2022-05-19 02:14:11,250 - INFO - [100]get_distribution_vector:Gen(True):CheckSum(True)
2022-05-19 02:14:11,252 - INFO - [0]get_dtv_pi:0.5774904330653295
2022-05-19 02:14:11,282 - INFO - [100]get_distribution_vector:Gen(True):CheckSum(True)
2022-05-19 02:14:11,283 - INFO - [0]get_dtv_pi:0.5682125387180416
2022-05-19 02:14:11,300 - INFO - [100]get_distribution_vector:Gen(True):CheckSum(True)
2022-05-19 02:14:11,301 - INFO - [0]get_dtv_pi:0.55955493307104
2022-05-19 02:14:11,316 - INFO - [100]get_distribution_vector:Gen(True):CheckSum(True)
2022-05-19 02:14:11,317 - INFO - [0]get_dtv_pi:0.5509944644522309
2022-05-19 02:14:11,329 - INFO - [100]get_distribution_vector:Gen(True):CheckSum(True)
2022-05-19 02:14:11,330 - INFO - [0]get_dtv_pi:0.5424679143274155
2022-05-19 02:14:11,359 - INFO - [100]get_distribution_vector:Gen(True):CheckSum(True)
2022-05-19 02:14:11,360 - INFO - [0]get_dtv_pi:0.5339882097528383
2022-05-19 02:14:11,368 - INFO - [100]get_distribution_vector:Gen(True):CheckSum(True)
2022-05-19 02:14:11,369 - INFO - [0]get_dtv_pi:0.5255665699911821
2022-05-19 02:14:11,380 - INFO - [100]get_distribution_vector:Gen(True):CheckSum(True)
2022-05-19 02:14:11,381 - INFO - [0]get_dtv_pi:0.5172126888076141
2022-05-19 02:14:11,392 - INFO - [100]get_distribution_vector:Gen(True):CheckSum(True)
2022-05-19 02:14:11,393 - INFO - [0]get_dtv_pi:0.5089349003476952
2022-05-19 02:14:11,403 - INFO - [100]get_distribution_vector:Gen(True):CheckSum(True)
2022-05-19 02:14:11,404 - INFO - [0]get_dtv_pi:0.5007403292734031
2022-05-19 02:14:11,417 - INFO - [100]get_distribution_vector:Gen(True):CheckSum(True)
2022-05-19 02:14:11,418 - INFO - [0]get_dtv_pi:0.49263502607950677
2022-05-19 02:14:11,424 - INFO - [100]get_distribution_vector:Gen(True):CheckSum(True)
2022-05-19 02:14:11,424 - INFO - [0]get_dtv_pi:0.4846240886447068
2022-05-19 02:14:11,430 - INFO - [100]get_distribution_vector:Gen(True):CheckSum(True)
2022-05-19 02:14:11,430 - INFO - [0]get_dtv_pi:0.47695882234755294
2022-05-19 02:14:11,435 - INFO - [100]get_distribution_vector:Gen(True):CheckSum(True)
2022-05-19 02:14:11,436 - INFO - [0]get_dtv_pi:0.46953335943360947
2022-05-19 02:14:11,441 - INFO - [100]get_distribution_vector:Gen(True):CheckSum(True)
2022-05-19 02:14:11,442 - INFO - [0]get_dtv_pi:0.4621876219610654
2022-05-19 02:14:11,446 - INFO - [100]get_distribution_vector:Gen(True):CheckSum(True)
2022-05-19 02:14:11,447 - INFO - [0]get_dtv_pi:0.4549252272092785
2022-05-19 02:14:11,452 - INFO - [100]get_distribution_vector:Gen(True):CheckSum(True)
2022-05-19 02:14:11,452 - INFO - [0]get_dtv_pi:0.44774922610266016
2022-05-19 02:14:11,458 - INFO - [100]get_distribution_vector:Gen(True):CheckSum(True)
2022-05-19 02:14:11,458 - INFO - [0]get_dtv_pi:0.44073183227585927
2022-05-19 02:14:11,464 - INFO - [100]get_distribution_vector:Gen(True):CheckSum(True)
2022-05-19 02:14:11,465 - INFO - [0]get_dtv_pi:0.4339860821265338
2022-05-19 02:14:11,470 - INFO - [100]get_distribution_vector:Gen(True):CheckSum(True)
2022-05-19 02:14:11,470 - INFO - [0]get_dtv_pi:0.4273161512419531
2022-05-19 02:14:11,476 - INFO - [100]get_distribution_vector:Gen(True):CheckSum(True)
2022-05-19 02:14:11,477 - INFO - [0]get_dtv_pi:0.4208156794547216
2022-05-19 02:14:11,482 - INFO - [100]get_distribution_vector:Gen(True):CheckSum(True)
2022-05-19 02:14:11,483 - INFO - [0]get_dtv_pi:0.4145082352556842
2022-05-19 02:14:11,490 - INFO - [100]get_distribution_vector:Gen(True):CheckSum(True)
2022-05-19 02:14:11,490 - INFO - [0]get_dtv_pi:0.40827012501393084
2022-05-19 02:14:11,496 - INFO - [100]get_distribution_vector:Gen(True):CheckSum(True)
2022-05-19 02:14:11,496 - INFO - [0]get_dtv_pi:0.40210324884397713
2022-05-19 02:14:11,502 - INFO - [100]get_distribution_vector:Gen(True):CheckSum(True)
2022-05-19 02:14:11,502 - INFO - [0]get_dtv_pi:0.39600921224432417
2022-05-19 02:14:11,509 - INFO - [100]get_distribution_vector:Gen(True):CheckSum(True)
2022-05-19 02:14:11,510 - INFO - [0]get_dtv_pi:0.38998935324788
2022-05-19 02:14:11,520 - INFO - [100]get_distribution_vector:Gen(True):CheckSum(True)
2022-05-19 02:14:11,521 - INFO - [0]get_dtv_pi:0.3840447672568376
2022-05-19 02:14:11,535 - INFO - [100]get_distribution_vector:Gen(True):CheckSum(True)
2022-05-19 02:14:11,535 - INFO - [0]get_dtv_pi:0.3781763297481827
2022-05-19 02:14:11,544 - INFO - [100]get_distribution_vector:Gen(True):CheckSum(True)
2022-05-19 02:14:11,544 - INFO - [0]get_dtv_pi:0.3723847170240316
2022-05-19 02:14:11,556 - INFO - [100]get_distribution_vector:Gen(True):CheckSum(True)
2022-05-19 02:14:11,556 - INFO - [0]get_dtv_pi:0.3666704251689704
2022-05-19 02:14:11,562 - INFO - [100]get_distribution_vector:Gen(True):CheckSum(True)
2022-05-19 02:14:11,563 - INFO - [0]get_dtv_pi:0.36103378736475455
2022-05-19 02:14:11,570 - INFO - [100]get_distribution_vector:Gen(True):CheckSum(True)
2022-05-19 02:14:11,570 - INFO - [0]get_dtv_pi:0.35547498970129726
2022-05-19 02:14:11,578 - INFO - [100]get_distribution_vector:Gen(True):CheckSum(True)
2022-05-19 02:14:11,579 - INFO - [0]get_dtv_pi:0.3499940856119861
2022-05-19 02:14:11,584 - INFO - [100]get_distribution_vector:Gen(True):CheckSum(True)
2022-05-19 02:14:11,585 - INFO - [0]get_dtv_pi:0.34459100905104545
2022-05-19 02:14:11,600 - INFO - [100]get_distribution_vector:Gen(True):CheckSum(True)
2022-05-19 02:14:11,604 - INFO - [0]get_dtv_pi:0.3392655865210067
2022-05-19 02:14:11,614 - INFO - [100]get_distribution_vector:Gen(True):CheckSum(True)
2022-05-19 02:14:11,615 - INFO - [0]get_dtv_pi:0.3340175480493091
2022-05-19 02:14:11,620 - INFO - [100]get_distribution_vector:Gen(True):CheckSum(True)
2022-05-19 02:14:11,621 - INFO - [0]get_dtv_pi:0.3288465372046978
2022-05-19 02:14:11,628 - INFO - [100]get_distribution_vector:Gen(True):CheckSum(True)
2022-05-19 02:14:11,629 - INFO - [0]get_dtv_pi:0.3237521202363294
2022-05-19 02:14:11,634 - INFO - [100]get_distribution_vector:Gen(True):CheckSum(True)
2022-05-19 02:14:11,635 - INFO - [0]get_dtv_pi:0.31873379441136623
2022-05-19 02:14:11,659 - INFO - [100]get_distribution_vector:Gen(True):CheckSum(True)
2022-05-19 02:14:11,660 - INFO - [0]get_dtv_pi:0.31379099562027496
2022-05-19 02:14:11,667 - INFO - [100]get_distribution_vector:Gen(True):CheckSum(True)
2022-05-19 02:14:11,668 - INFO - [0]get_dtv_pi:0.3089231053130344
2022-05-19 02:14:11,687 - INFO - [100]get_distribution_vector:Gen(True):CheckSum(True)
2022-05-19 02:14:11,688 - INFO - [0]get_dtv_pi:0.30418349109496523
2022-05-19 02:14:11,693 - INFO - [100]get_distribution_vector:Gen(True):CheckSum(True)
2022-05-19 02:14:11,694 - INFO - [0]get_dtv_pi:0.2995440725634737
2022-05-19 02:14:11,699 - INFO - [100]get_distribution_vector:Gen(True):CheckSum(True)
2022-05-19 02:14:11,700 - INFO - [0]get_dtv_pi:0.2949730644728859
2022-05-19 02:14:11,707 - INFO - [100]get_distribution_vector:Gen(True):CheckSum(True)
2022-05-19 02:14:11,707 - INFO - [0]get_dtv_pi:0.290469895775866
2022-05-19 02:14:11,713 - INFO - [100]get_distribution_vector:Gen(True):CheckSum(True)
2022-05-19 02:14:11,714 - INFO - [0]get_dtv_pi:0.28603395732386283
2022-05-19 02:14:11,720 - INFO - [100]get_distribution_vector:Gen(True):CheckSum(True)
2022-05-19 02:14:11,720 - INFO - [0]get_dtv_pi:0.2816646063439388
2022-05-19 02:14:11,726 - INFO - [100]get_distribution_vector:Gen(True):CheckSum(True)
2022-05-19 02:14:11,726 - INFO - [0]get_dtv_pi:0.27736117053724624
2022-05-19 02:14:11,732 - INFO - [100]get_distribution_vector:Gen(True):CheckSum(True)
2022-05-19 02:14:11,733 - INFO - [0]get_dtv_pi:0.27312295182964386
2022-05-19 02:14:11,739 - INFO - [100]get_distribution_vector:Gen(True):CheckSum(True)
2022-05-19 02:14:11,740 - INFO - [0]get_dtv_pi:0.2689492298024824
2022-05-19 02:14:11,747 - INFO - [100]get_distribution_vector:Gen(True):CheckSum(True)
2022-05-19 02:14:11,748 - INFO - [0]get_dtv_pi:0.26483926482931985
2022-05-19 02:14:11,754 - INFO - [100]get_distribution_vector:Gen(True):CheckSum(True)
2022-05-19 02:14:11,754 - INFO - [0]get_dtv_pi:0.26079230094225453
2022-05-19 02:14:11,760 - INFO - [100]get_distribution_vector:Gen(True):CheckSum(True)
2022-05-19 02:14:11,761 - INFO - [0]get_dtv_pi:0.25680756844964586
2022-05-19 02:14:11,767 - INFO - [100]get_distribution_vector:Gen(True):CheckSum(True)
2022-05-19 02:14:11,768 - INFO - [0]get_dtv_pi:0.2528842863252438
2022-05-19 02:14:11,773 - INFO - [100]get_distribution_vector:Gen(True):CheckSum(True)
2022-05-19 02:14:11,774 - INFO - [0]get_dtv_pi:0.2490216643871242
2022-05-19 02:14:11,782 - INFO - [100]get_distribution_vector:Gen(True):CheckSum(True)
2022-05-19 02:14:11,783 - INFO - [0]get_dtv_pi:0.24521890528336057
2022-05-19 02:14:11,799 - INFO - [100]get_distribution_vector:Gen(True):CheckSum(True)
2022-05-19 02:14:11,800 - INFO - [0]get_dtv_pi:0.24147520629999214
2022-05-19 02:14:11,805 - INFO - [100]get_distribution_vector:Gen(True):CheckSum(True)
2022-05-19 02:14:11,806 - INFO - [0]get_dtv_pi:0.23778976100560367
2022-05-19 02:14:11,812 - INFO - [100]get_distribution_vector:Gen(True):CheckSum(True)
2022-05-19 02:14:11,813 - INFO - [0]get_dtv_pi:0.234161760745685
2022-05-19 02:14:11,818 - INFO - [100]get_distribution_vector:Gen(True):CheckSum(True)
2022-05-19 02:14:11,819 - INFO - [0]get_dtv_pi:0.23059039599888648
2022-05-19 02:14:11,832 - INFO - [100]get_distribution_vector:Gen(True):CheckSum(True)
2022-05-19 02:14:11,832 - INFO - [0]get_dtv_pi:0.22707485760631624
2022-05-19 02:14:11,839 - INFO - [100]get_distribution_vector:Gen(True):CheckSum(True)
2022-05-19 02:14:11,840 - INFO - [0]get_dtv_pi:0.2236143378841417
2022-05-19 02:14:11,847 - INFO - [100]get_distribution_vector:Gen(True):CheckSum(True)
2022-05-19 02:14:11,848 - INFO - [0]get_dtv_pi:0.22020803162893401
2022-05-19 02:14:11,854 - INFO - [100]get_distribution_vector:Gen(True):CheckSum(True)
2022-05-19 02:14:11,854 - INFO - [0]get_dtv_pi:0.21685513702445175
2022-05-19 02:14:11,863 - INFO - [100]get_distribution_vector:Gen(True):CheckSum(True)
2022-05-19 02:14:11,863 - INFO - [0]get_dtv_pi:0.21355485645786637
2022-05-19 02:14:11,871 - INFO - [100]get_distribution_vector:Gen(True):CheckSum(True)
2022-05-19 02:14:11,872 - INFO - [0]get_dtv_pi:0.21030639725279685
2022-05-19 02:14:11,882 - INFO - [100]get_distribution_vector:Gen(True):CheckSum(True)
2022-05-19 02:14:11,883 - INFO - [0]get_dtv_pi:0.20710897232594386
2022-05-19 02:14:11,888 - INFO - [100]get_distribution_vector:Gen(True):CheckSum(True)
2022-05-19 02:14:11,889 - INFO - [0]get_dtv_pi:0.20396180077357126
2022-05-19 02:14:11,895 - INFO - [100]get_distribution_vector:Gen(True):CheckSum(True)
2022-05-19 02:14:11,896 - INFO - [0]get_dtv_pi:0.20087273687256807
2022-05-19 02:14:11,901 - INFO - [100]get_distribution_vector:Gen(True):CheckSum(True)
2022-05-19 02:14:11,902 - INFO - [0]get_dtv_pi:0.19785780460627966
2022-05-19 02:14:11,908 - INFO - [100]get_distribution_vector:Gen(True):CheckSum(True)
2022-05-19 02:14:11,909 - INFO - [0]get_dtv_pi:0.1948893729139064
2022-05-19 02:14:11,918 - INFO - [100]get_distribution_vector:Gen(True):CheckSum(True)
2022-05-19 02:14:11,919 - INFO - [0]get_dtv_pi:0.1919667375498034
2022-05-19 02:14:11,923 - INFO - [20220518231346777794]save_dtv_vector:mcmc_dtv_pi_grid2D_100_100_.txt
2022-05-19 02:14:11,923 - INFO - [DONE]Module:Experiment
