2022-05-24 15:50:04,117 - INFO - ***********************************************************
2022-05-24 15:50:04,117 - INFO - *** MCMC Helper                                         ***
2022-05-24 15:50:04,117 - INFO - *** Algoritmos de Monte Carlo e Cadeias de Markov 2022/1***
2022-05-24 15:50:04,118 - INFO - *** Aluno: Victor de Almeida Xavier                     ***
2022-05-24 15:50:04,118 - INFO - ***********************************************************
2022-05-24 15:50:04,118 - INFO - *** Terceira Lista de Exercícios                        ***
2022-05-24 15:50:04,118 - INFO - ***********************************************************
2022-05-24 15:50:04,118 - INFO - [INIT]Module:Experiment
2022-05-24 15:50:08,784 - INFO - Experimentos da Questão 3
2022-05-24 15:50:08,785 - INFO - Item:tal_eps_lim
2022-05-24 15:50:08,786 - INFO - Probabilidade (p):all
2022-05-24 15:50:08,786 - INFO - Número de vértices:10
2022-05-24 15:50:08,786 - INFO - Número de execuções:1
2022-05-24 15:50:08,787 - INFO - Epsilon:1e-06
2022-05-24 15:50:08,787 - INFO - Plotar resultados? True
2022-05-24 15:50:13,575 - INFO - [10]get_all_to_one_prob_matrix:Gen(True):CheckSum(True)
2022-05-24 15:50:19,049 - INFO - [10]get_matrix_stationary_vector:Gen(True):CheckSum(True)
2022-05-24 15:50:19,054 - INFO - [20220524125002784454]save_stationary_vector:mcmc_tal_eps_lim_0.25_10_.txt
2022-05-24 15:50:19,054 - INFO - probabilidade:0.25
2022-05-24 15:50:21,828 - INFO - stationary_vector(10):[0.7499999999999999, 0.18749999999999994, 0.046874999999999986, 0.01171875000000002, 0.00292968750000002, 0.0007324218749999972, 0.00018310546874999325, 4.577636718750489e-05, 1.1444091796879876e-05, 3.814697265635306e-06]
2022-05-24 15:50:22,162 - INFO - min_value(10):3.814697265635306e-06
2022-05-24 15:50:26,134 - INFO - [10]get_second_eignvalue:3
2022-05-24 15:50:26,711 - INFO - delta_value(3):0.999472185937214
2022-05-24 15:50:29,214 - INFO - lower limit:0.0069298255869795124
2022-05-24 15:50:31,210 - INFO - upper limit:26.306044508268325
2022-05-24 15:50:51,633 - INFO - [10]get_all_to_one_prob_matrix:Gen(True):CheckSum(True)
2022-05-24 15:50:51,634 - INFO - [10]get_matrix_stationary_vector:Gen(True):CheckSum(True)
2022-05-24 15:50:51,636 - INFO - [20220524125002784454]save_stationary_vector:mcmc_tal_eps_lim_0.5_10_.txt
2022-05-24 15:50:51,636 - INFO - probabilidade:0.5
2022-05-24 15:50:53,253 - INFO - stationary_vector(10):[0.5000000000000001, 0.25000000000000006, 0.12500000000000003, 0.062499999999999896, 0.031249999999999948, 0.015624999999999983, 0.007812500000000026, 0.003906250000000018, 0.0019531250000000095, 0.0019531250000000074]
2022-05-24 15:50:53,254 - INFO - min_value(10):0.0019531250000000074
2022-05-24 15:50:53,255 - INFO - [10]get_second_eignvalue:4
2022-05-24 15:50:53,256 - INFO - delta_value(4):0.9996527089305857
2022-05-24 15:50:55,041 - INFO - lower limit:0.004558862862941233
2022-05-24 15:50:55,042 - INFO - upper limit:20.06080212042549
2022-05-24 15:50:55,042 - INFO - [10]get_all_to_one_prob_matrix:Gen(True):CheckSum(True)
2022-05-24 15:50:55,045 - INFO - [10]get_matrix_stationary_vector:Gen(True):CheckSum(True)
2022-05-24 15:50:55,047 - INFO - [20220524125002784454]save_stationary_vector:mcmc_tal_eps_lim_0.75_10_.txt
2022-05-24 15:50:55,047 - INFO - probabilidade:0.75
2022-05-24 15:51:00,545 - INFO - stationary_vector(10):[0.25, 0.18749999999999956, 0.14062499999999975, 0.10546874999999963, 0.07910156249999985, 0.05932617187499995, 0.04449462890625005, 0.03337097167968763, 0.025028228759765816, 0.0750846862792977]
2022-05-24 15:51:00,546 - INFO - min_value(9):0.025028228759765816
2022-05-24 15:51:00,546 - INFO - [10]get_second_eignvalue:5
2022-05-24 15:51:00,547 - INFO - delta_value(5):0.9969150323144474
2022-05-24 15:51:02,213 - INFO - lower limit:0.04060733930692852
2022-05-24 15:51:02,534 - INFO - upper limit:17.557425589282836
2022-05-24 15:51:16,268 - INFO - [DONE]Module:Experiment
