[2022-05-02 19:54:38.118886][20220502195436336209][START ]
[2022-05-02 19:54:38.130853][20220502195436336209][PARAMS ]
[2022-05-02 19:54:38.131266][20220502195436336209][]
[2022-05-02 19:54:38.131577][20220502195436336209][HEADER ]
[2022-05-02 19:54:38.136023][20220502195436336209][SYNTAX_ERROR ]
[2022-05-02 19:54:38.136859][20220502195436336209][FINISH ]
[2022-05-02 19:59:18.074541][20220502195917723972][START ]
[2022-05-02 19:59:18.079026][20220502195917723972][PARAMS ]
[2022-05-02 19:59:18.079207][20220502195917723972][7 montecarlo 5 2 ]
[2022-05-02 19:59:18.079314][20220502195917723972][HEADER ]
[2022-05-02 20:06:14.457866][20220502195917723972][FINISH ]
[2022-05-02 20:07:51.813684][20220502200750501318][START ]
[2022-05-02 20:07:51.823427][20220502200750501318][PARAMS ]
[2022-05-02 20:07:51.823752][20220502200750501318][7 montecarlo 5 2 ]
[2022-05-02 20:07:51.824009][20220502200750501318][HEADER ]
[2022-05-02 20:10:07.791984][20220502201006212803][START ]
[2022-05-02 20:10:07.800352][20220502201006212803][PARAMS ]
[2022-05-02 20:10:07.800732][20220502201006212803][7 montecarlo 5 2 ]
[2022-05-02 20:10:07.801045][20220502201006212803][HEADER ]
[2022-05-02 20:13:27.524029][20220502201326034614][START ]
[2022-05-02 20:13:27.531520][20220502201326034614][PARAMS ]
[2022-05-02 20:13:27.531783][20220502201326034614][7 montecarlo 5 2 ]
[2022-05-02 20:13:27.532000][20220502201326034614][HEADER ]
[2022-05-02 20:15:04.571532][20220502201326034614][FINISH ]
[2022-05-02 21:21:46.014772][20220502212138537754][START ]
[2022-05-02 21:21:49.391471][20220502212138537754][PARAMS ]
[2022-05-02 21:21:49.775122][20220502212138537754][7 montecarlo 5 2 ]
[2022-05-02 21:21:50.213776][20220502212138537754][HEADER ]
[2022-05-02 21:33:50.172596][20220502213346414091][START ]
[2022-05-02 21:33:50.181014][20220502213346414091][PARAMS ]
[2022-05-02 21:33:50.181486][20220502213346414091][7 montecarlo 5 2 ]
[2022-05-02 21:33:50.181811][20220502213346414091][HEADER ]
[2022-05-02 21:41:02.427778][20220502213346414091][FINISH ]
[2022-05-03 21:47:18.662991][20220503214711686595][START ]
[2022-05-03 21:47:18.673919][20220503214711686595][PARAMS ]
[2022-05-03 21:47:18.674334][20220503214711686595][9 m1 10 ]
[2022-05-03 21:47:18.674614][20220503214711686595][HEADER ]
[2022-05-03 21:47:18.678098][20220503214711686595][SYNTAX_ERROR ]
[2022-05-03 21:47:18.678774][20220503214711686595][FINISH ]
[2022-05-03 21:48:17.432630][20220503214816119349][START ]
[2022-05-03 21:48:17.441328][20220503214816119349][PARAMS ]
[2022-05-03 21:48:17.441622][20220503214816119349][9 m1 10 ]
[2022-05-03 21:48:17.441839][20220503214816119349][HEADER ]
[2022-05-03 21:48:17.446323][20220503214816119349][FINISH ]
[2022-05-03 21:51:57.376233][20220503215156555066][START ]
[2022-05-03 21:51:57.383596][20220503215156555066][PARAMS ]
[2022-05-03 21:51:57.383922][20220503215156555066][9 m1 10 ]
[2022-05-03 21:51:57.384178][20220503215156555066][HEADER ]
[2022-05-03 22:03:28.314488][20220503220327403765][START ]
[2022-05-03 22:03:28.321350][20220503220327403765][PARAMS ]
[2022-05-03 22:03:28.321554][20220503220327403765][9 m1 10 ]
[2022-05-03 22:03:28.321694][20220503220327403765][HEADER ]
[2022-05-03 22:04:12.081259][20220503220411171785][START ]
[2022-05-03 22:04:12.095016][20220503220411171785][PARAMS ]
[2022-05-03 22:04:12.095345][20220503220411171785][9 m1 10 ]
[2022-05-03 22:04:12.095583][20220503220411171785][HEADER ]
[2022-05-03 22:20:22.449233][20220503222021572787][START ]
[2022-05-03 22:20:22.456196][20220503222021572787][PARAMS ]
[2022-05-03 22:20:22.456481][20220503222021572787][9 m1 10 ]
[2022-05-03 22:20:22.456652][20220503222021572787][HEADER ]
[2022-05-03 22:21:06.387370][20220503222105578098][START ]
[2022-05-03 22:21:06.395384][20220503222105578098][PARAMS ]
[2022-05-03 22:21:06.395644][20220503222105578098][9 m1 2 ]
[2022-05-03 22:21:06.395894][20220503222105578098][HEADER ]
[2022-05-03 22:24:29.369847][20220503222428499007][START ]
[2022-05-03 22:24:29.378153][20220503222428499007][PARAMS ]
[2022-05-03 22:24:29.378433][20220503222428499007][9 m1 2 ]
[2022-05-03 22:24:29.378624][20220503222428499007][HEADER ]
[2022-05-03 22:27:12.687841][20220503222711932536][START ]
[2022-05-03 22:27:12.693729][20220503222711932536][PARAMS ]
[2022-05-03 22:27:12.693927][20220503222711932536][9 m1 2 ]
[2022-05-03 22:27:12.694074][20220503222711932536][HEADER ]
[2022-05-03 22:27:23.799043][20220503222711932536][FINISH ]
[2022-05-03 23:11:26.073937][20220503231124772097][START ]
[2022-05-03 23:11:26.089536][20220503231124772097][PARAMS ]
[2022-05-03 23:11:26.090243][20220503231124772097][9 m1 2 ]
[2022-05-03 23:11:26.090671][20220503231124772097][HEADER ]
[2022-05-03 23:15:59.054310][20220503231124772097][FINISH ]
[2022-05-03 23:21:27.502426][20220503232126691866][START ]
[2022-05-03 23:21:27.510946][20220503232126691866][PARAMS ]
[2022-05-03 23:21:27.511201][20220503232126691866][9 m1 2 ]
[2022-05-03 23:21:27.511362][20220503232126691866][HEADER ]
[2022-05-03 23:23:38.116447][20220503232337142128][START ]
[2022-05-03 23:23:38.124099][20220503232337142128][PARAMS ]
[2022-05-03 23:23:38.124847][20220503232337142128][9 m1 3 ]
[2022-05-03 23:23:38.125243][20220503232337142128][HEADER ]
[2022-05-03 23:27:10.600012][20220503232709753108][START ]
[2022-05-03 23:27:10.607470][20220503232709753108][PARAMS ]
[2022-05-03 23:27:10.607718][20220503232709753108][9 m1 3 ]
[2022-05-03 23:27:10.607915][20220503232709753108][HEADER ]
