[2022-05-02 19:54:38.118886][20220502195436336209][START ]
[2022-05-02 19:54:38.130853][20220502195436336209][PARAMS ]
[2022-05-02 19:54:38.131266][20220502195436336209][]
[2022-05-02 19:54:38.131577][20220502195436336209][HEADER ]
[2022-05-02 19:54:38.136023][20220502195436336209][SYNTAX_ERROR ]
[2022-05-02 19:54:38.136859][20220502195436336209][FINISH ]
[2022-05-02 19:59:18.074541][20220502195917723972][START ]
[2022-05-02 19:59:18.079026][20220502195917723972][PARAMS ]
[2022-05-02 19:59:18.079207][20220502195917723972][7 montecarlo 5 2 ]
[2022-05-02 19:59:18.079314][20220502195917723972][HEADER ]
[2022-05-02 20:06:14.457866][20220502195917723972][FINISH ]
[2022-05-02 20:07:51.813684][20220502200750501318][START ]
[2022-05-02 20:07:51.823427][20220502200750501318][PARAMS ]
[2022-05-02 20:07:51.823752][20220502200750501318][7 montecarlo 5 2 ]
[2022-05-02 20:07:51.824009][20220502200750501318][HEADER ]
[2022-05-02 20:10:07.791984][20220502201006212803][START ]
[2022-05-02 20:10:07.800352][20220502201006212803][PARAMS ]
[2022-05-02 20:10:07.800732][20220502201006212803][7 montecarlo 5 2 ]
[2022-05-02 20:10:07.801045][20220502201006212803][HEADER ]
[2022-05-02 20:13:27.524029][20220502201326034614][START ]
[2022-05-02 20:13:27.531520][20220502201326034614][PARAMS ]
[2022-05-02 20:13:27.531783][20220502201326034614][7 montecarlo 5 2 ]
[2022-05-02 20:13:27.532000][20220502201326034614][HEADER ]
[2022-05-02 20:15:04.571532][20220502201326034614][FINISH ]
[2022-05-02 21:21:46.014772][20220502212138537754][START ]
[2022-05-02 21:21:49.391471][20220502212138537754][PARAMS ]
[2022-05-02 21:21:49.775122][20220502212138537754][7 montecarlo 5 2 ]
[2022-05-02 21:21:50.213776][20220502212138537754][HEADER ]
[2022-05-02 21:33:50.172596][20220502213346414091][START ]
[2022-05-02 21:33:50.181014][20220502213346414091][PARAMS ]
[2022-05-02 21:33:50.181486][20220502213346414091][7 montecarlo 5 2 ]
[2022-05-02 21:33:50.181811][20220502213346414091][HEADER ]
[2022-05-02 21:41:02.427778][20220502213346414091][FINISH ]
[2022-05-03 21:47:18.662991][20220503214711686595][START ]
[2022-05-03 21:47:18.673919][20220503214711686595][PARAMS ]
[2022-05-03 21:47:18.674334][20220503214711686595][9 m1 10 ]
[2022-05-03 21:47:18.674614][20220503214711686595][HEADER ]
[2022-05-03 21:47:18.678098][20220503214711686595][SYNTAX_ERROR ]
[2022-05-03 21:47:18.678774][20220503214711686595][FINISH ]
[2022-05-03 21:48:17.432630][20220503214816119349][START ]
[2022-05-03 21:48:17.441328][20220503214816119349][PARAMS ]
[2022-05-03 21:48:17.441622][20220503214816119349][9 m1 10 ]
[2022-05-03 21:48:17.441839][20220503214816119349][HEADER ]
[2022-05-03 21:48:17.446323][20220503214816119349][FINISH ]
[2022-05-03 21:51:57.376233][20220503215156555066][START ]
[2022-05-03 21:51:57.383596][20220503215156555066][PARAMS ]
[2022-05-03 21:51:57.383922][20220503215156555066][9 m1 10 ]
[2022-05-03 21:51:57.384178][20220503215156555066][HEADER ]
[2022-05-03 22:03:28.314488][20220503220327403765][START ]
[2022-05-03 22:03:28.321350][20220503220327403765][PARAMS ]
[2022-05-03 22:03:28.321554][20220503220327403765][9 m1 10 ]
[2022-05-03 22:03:28.321694][20220503220327403765][HEADER ]
[2022-05-03 22:04:12.081259][20220503220411171785][START ]
[2022-05-03 22:04:12.095016][20220503220411171785][PARAMS ]
[2022-05-03 22:04:12.095345][20220503220411171785][9 m1 10 ]
[2022-05-03 22:04:12.095583][20220503220411171785][HEADER ]
[2022-05-03 22:20:22.449233][20220503222021572787][START ]
[2022-05-03 22:20:22.456196][20220503222021572787][PARAMS ]
[2022-05-03 22:20:22.456481][20220503222021572787][9 m1 10 ]
[2022-05-03 22:20:22.456652][20220503222021572787][HEADER ]
[2022-05-03 22:21:06.387370][20220503222105578098][START ]
[2022-05-03 22:21:06.395384][20220503222105578098][PARAMS ]
[2022-05-03 22:21:06.395644][20220503222105578098][9 m1 2 ]
[2022-05-03 22:21:06.395894][20220503222105578098][HEADER ]
[2022-05-03 22:24:29.369847][20220503222428499007][START ]
[2022-05-03 22:24:29.378153][20220503222428499007][PARAMS ]
[2022-05-03 22:24:29.378433][20220503222428499007][9 m1 2 ]
[2022-05-03 22:24:29.378624][20220503222428499007][HEADER ]
[2022-05-03 22:27:12.687841][20220503222711932536][START ]
[2022-05-03 22:27:12.693729][20220503222711932536][PARAMS ]
[2022-05-03 22:27:12.693927][20220503222711932536][9 m1 2 ]
[2022-05-03 22:27:12.694074][20220503222711932536][HEADER ]
[2022-05-03 22:27:23.799043][20220503222711932536][FINISH ]
[2022-05-03 23:11:26.073937][20220503231124772097][START ]
[2022-05-03 23:11:26.089536][20220503231124772097][PARAMS ]
[2022-05-03 23:11:26.090243][20220503231124772097][9 m1 2 ]
[2022-05-03 23:11:26.090671][20220503231124772097][HEADER ]
[2022-05-03 23:15:59.054310][20220503231124772097][FINISH ]
[2022-05-03 23:21:27.502426][20220503232126691866][START ]
[2022-05-03 23:21:27.510946][20220503232126691866][PARAMS ]
[2022-05-03 23:21:27.511201][20220503232126691866][9 m1 2 ]
[2022-05-03 23:21:27.511362][20220503232126691866][HEADER ]
[2022-05-03 23:23:38.116447][20220503232337142128][START ]
[2022-05-03 23:23:38.124099][20220503232337142128][PARAMS ]
[2022-05-03 23:23:38.124847][20220503232337142128][9 m1 3 ]
[2022-05-03 23:23:38.125243][20220503232337142128][HEADER ]
[2022-05-03 23:27:10.600012][20220503232709753108][START ]
[2022-05-03 23:27:10.607470][20220503232709753108][PARAMS ]
[2022-05-03 23:27:10.607718][20220503232709753108][9 m1 3 ]
[2022-05-03 23:27:10.607915][20220503232709753108][HEADER ]
[2022-05-03 23:49:10.453362][20220503234909633389][START ]
[2022-05-03 23:49:10.460240][20220503234909633389][PARAMS ]
[2022-05-03 23:49:10.460446][20220503234909633389][9 m1 3 ]
[2022-05-03 23:49:10.460588][20220503234909633389][HEADER ]
[2022-05-03 23:49:54.953217][20220503234909633389][FINISH ]
[2022-05-16 20:07:48.561516][20220516200747337744][START ]
[2022-05-16 20:07:48.574854][20220516200747337744][PARAMS ]
[2022-05-16 20:07:48.575130][20220516200747337744][3 2 genP ring ]
[2022-05-16 20:07:48.575289][20220516200747337744][HEADER ]
[2022-05-16 20:14:45.322711][20220516201444536506][START ]
[2022-05-16 20:14:45.330393][20220516201444536506][PARAMS ]
[2022-05-16 20:14:45.330607][20220516201444536506][3 2 genP ring ]
[2022-05-16 20:14:45.330764][20220516201444536506][HEADER ]
[2022-05-16 20:15:29.684021][20220516201528947198][START ]
[2022-05-16 20:15:29.690663][20220516201528947198][PARAMS ]
[2022-05-16 20:15:29.690902][20220516201528947198][3 2 genP ring ]
[2022-05-16 20:15:29.691051][20220516201528947198][HEADER ]
[2022-05-16 20:17:04.027022][20220516201528947198][FINISH ]
[2022-05-16 20:21:36.395919][20220516202135657159][START ]
[2022-05-16 20:21:36.403229][20220516202135657159][PARAMS ]
[2022-05-16 20:21:36.403465][20220516202135657159][3 2 genP ring ]
[2022-05-16 20:21:36.403609][20220516202135657159][HEADER ]
[2022-05-16 20:28:36.990071][20220516202836272698][START ]
[2022-05-16 20:28:36.998485][20220516202836272698][PARAMS ]
[2022-05-16 20:28:36.998697][20220516202836272698][3 2 genP ring ]
[2022-05-16 20:28:36.998841][20220516202836272698][HEADER ]
[2022-05-16 23:14:36.519709][20220516231435323110][START ]
[2022-05-16 23:14:36.532342][20220516231435323110][PARAMS ]
[2022-05-16 23:14:36.532557][20220516231435323110][3 2 genP ring ]
[2022-05-16 23:14:36.532725][20220516231435323110][HEADER ]
[2022-05-16 23:16:15.075403][20220516231435323110][FINISH ]
[2022-05-16 23:21:00.453412][20220516232059699710][START ]
[2022-05-16 23:21:00.460128][20220516232059699710][PARAMS ]
[2022-05-16 23:21:00.460354][20220516232059699710][3 2 genP ring ]
[2022-05-16 23:21:00.460524][20220516232059699710][HEADER ]
[2022-05-16 23:21:21.179806][20220516232059699710][FINISH ]
[2022-05-16 23:23:17.332884][20220516232316579400][START ]
[2022-05-16 23:23:17.340251][20220516232316579400][PARAMS ]
[2022-05-16 23:23:17.340497][20220516232316579400][3 2 det_pi ring ]
[2022-05-16 23:23:17.340697][20220516232316579400][HEADER ]
[2022-05-16 23:27:29.436424][20220516232728356548][START ]
[2022-05-16 23:27:29.445443][20220516232728356548][PARAMS ]
[2022-05-16 23:27:29.445844][20220516232728356548][3 2 det_pi ring ]
[2022-05-16 23:27:29.446153][20220516232728356548][HEADER ]
[2022-05-16 23:33:40.396248][20220516233339425341][START ]
[2022-05-16 23:33:40.412846][20220516233339425341][PARAMS ]
[2022-05-16 23:33:40.413482][20220516233339425341][3 2 det_pi ring ]
[2022-05-16 23:33:40.413792][20220516233339425341][HEADER ]
[2022-05-16 23:42:54.708272][20220516234253804154][START ]
[2022-05-16 23:42:54.735416][20220516234253804154][PARAMS ]
[2022-05-16 23:42:54.735748][20220516234253804154][3 2 det_pi ring ]
[2022-05-16 23:42:54.735967][20220516234253804154][HEADER ]
[2022-05-16 23:44:20.801412][20220516234419846423][START ]
[2022-05-16 23:44:20.813573][20220516234419846423][PARAMS ]
[2022-05-16 23:44:20.814029][20220516234419846423][3 2 det_pi ring ]
[2022-05-16 23:44:20.814368][20220516234419846423][HEADER ]
[2022-05-16 23:47:42.875000][20220516234741953501][START ]
[2022-05-16 23:47:42.896210][20220516234741953501][PARAMS ]
[2022-05-16 23:47:42.896564][20220516234741953501][3 2 det_pi ring ]
[2022-05-16 23:47:42.896837][20220516234741953501][HEADER ]
[2022-05-16 23:51:31.516766][20220516235130610631][START ]
[2022-05-16 23:51:31.535319][20220516235130610631][PARAMS ]
[2022-05-16 23:51:31.535657][20220516235130610631][3 2 det_pi ring ]
[2022-05-16 23:51:31.535952][20220516235130610631][HEADER ]
[2022-05-17 00:00:18.179001][20220516235130610631][FINISH ]
[2022-05-17 00:02:24.870777][20220517000223871664][START ]
[2022-05-17 00:02:24.963974][20220517000223871664][PARAMS ]
[2022-05-17 00:02:24.964219][20220517000223871664][3 2 det_pi ring ]
[2022-05-17 00:02:24.964408][20220517000223871664][HEADER ]
[2022-05-17 00:02:33.477660][20220517000223871664][FINISH ]
[2022-05-17 00:19:45.301203][20220517001943700983][START ]
[2022-05-17 00:19:45.315556][20220517001943700983][PARAMS ]
[2022-05-17 00:19:45.315938][20220517001943700983][3 2 det_pi ring ]
[2022-05-17 00:19:45.316223][20220517001943700983][HEADER ]
[2022-05-17 00:19:58.400398][20220517001943700983][FINISH ]
[2022-05-17 00:35:10.617501][20220517003509725549][START ]
[2022-05-17 00:35:10.627780][20220517003509725549][PARAMS ]
[2022-05-17 00:35:10.628120][20220517003509725549][3 2 genP bin_tree ]
[2022-05-17 00:35:10.628387][20220517003509725549][HEADER ]
[2022-05-17 00:37:11.006430][20220517003710013415][START ]
[2022-05-17 00:37:11.020586][20220517003710013415][PARAMS ]
[2022-05-17 00:37:11.020934][20220517003710013415][3 2 genP bin_tree ]
[2022-05-17 00:37:11.021201][20220517003710013415][HEADER ]
[2022-05-17 10:25:09.698549][20220517102508198710][START ]
[2022-05-17 10:25:09.711827][20220517102508198710][PARAMS ]
[2022-05-17 10:25:09.712068][20220517102508198710][3 2 genP bin_tree ]
[2022-05-17 10:25:09.712319][20220517102508198710][HEADER ]
[2022-05-17 14:59:19.187377][20220517145917498341][START ]
[2022-05-17 14:59:19.202316][20220517145917498341][PARAMS ]
[2022-05-17 14:59:19.202588][20220517145917498341][3 2 genP bin_tree ]
[2022-05-17 14:59:19.202780][20220517145917498341][HEADER ]
[2022-05-17 15:06:48.437015][20220517150647491081][START ]
[2022-05-17 15:06:48.467449][20220517150647491081][PARAMS ]
[2022-05-17 15:06:48.468381][20220517150647491081][3 2 genP bin_tree ]
[2022-05-17 15:06:48.468876][20220517150647491081][HEADER ]
[2022-05-17 15:07:46.946677][20220517150745978326][START ]
[2022-05-17 15:07:46.956741][20220517150745978326][PARAMS ]
[2022-05-17 15:07:46.957079][20220517150745978326][3 2 genP bin_tree ]
[2022-05-17 15:07:46.957345][20220517150745978326][HEADER ]
[2022-05-17 15:11:09.672612][20220517151108727169][START ]
[2022-05-17 15:11:09.701781][20220517151108727169][PARAMS ]
[2022-05-17 15:11:09.702101][20220517151108727169][3 2 genP bin_tree ]
[2022-05-17 15:11:09.702447][20220517151108727169][HEADER ]
[2022-05-17 15:15:02.361552][20220517151501458534][START ]
[2022-05-17 15:15:02.384749][20220517151501458534][PARAMS ]
[2022-05-17 15:15:02.385090][20220517151501458534][3 2 genP bin_tree ]
[2022-05-17 15:15:02.385436][20220517151501458534][HEADER ]
[2022-05-17 15:16:05.905987][20220517151604997832][START ]
[2022-05-17 15:16:05.916522][20220517151604997832][PARAMS ]
[2022-05-17 15:16:05.916852][20220517151604997832][3 2 genP bin_tree ]
[2022-05-17 15:16:05.917109][20220517151604997832][HEADER ]
[2022-05-17 15:20:58.274128][20220517152057376298][START ]
[2022-05-17 15:20:58.288587][20220517152057376298][PARAMS ]
[2022-05-17 15:20:58.288928][20220517152057376298][3 2 genP bin_tree ]
[2022-05-17 15:20:58.289276][20220517152057376298][HEADER ]
[2022-05-17 18:21:11.789124][20220517182110260925][START ]
[2022-05-17 18:21:11.797794][20220517182110260925][PARAMS ]
[2022-05-17 18:21:11.798008][20220517182110260925][3 2 genP bin_tree ]
[2022-05-17 18:21:11.798156][20220517182110260925][HEADER ]
[2022-05-17 18:46:05.909840][20220517184604865124][START ]
[2022-05-17 18:46:05.921242][20220517184604865124][PARAMS ]
[2022-05-17 18:46:05.921505][20220517184604865124][3 2 genP bin_tree ]
[2022-05-17 18:46:05.921685][20220517184604865124][HEADER ]
[2022-05-17 18:48:20.324335][20220517184819290558][START ]
[2022-05-17 18:48:20.350583][20220517184819290558][PARAMS ]
[2022-05-17 18:48:20.350818][20220517184819290558][3 2 genP bin_tree ]
[2022-05-17 18:48:20.351009][20220517184819290558][HEADER ]
[2022-05-17 19:07:22.894329][20220517190721767275][START ]
[2022-05-17 19:07:22.928742][20220517190721767275][PARAMS ]
[2022-05-17 19:07:22.929087][20220517190721767275][3 2 genP bin_tree ]
[2022-05-17 19:07:22.929359][20220517190721767275][HEADER ]
[2022-05-17 19:16:35.178649][20220517191634280081][START ]
[2022-05-17 19:16:35.188504][20220517191634280081][PARAMS ]
[2022-05-17 19:16:35.188835][20220517191634280081][3 2 genP bin_tree ]
[2022-05-17 19:16:35.189099][20220517191634280081][HEADER ]
[2022-05-17 19:16:35.195443][20220517191634280081][FINISH ]
[2022-05-17 19:17:23.946807][20220517191723024692][START ]
[2022-05-17 19:17:23.959591][20220517191723024692][PARAMS ]
[2022-05-17 19:17:23.959924][20220517191723024692][3 2 genP bin_tree ]
[2022-05-17 19:17:23.960266][20220517191723024692][HEADER ]
[2022-05-17 19:17:23.967690][20220517191723024692][FINISH ]
[2022-05-17 19:18:50.780390][20220517191849895537][START ]
[2022-05-17 19:18:50.793424][20220517191849895537][PARAMS ]
[2022-05-17 19:18:50.794060][20220517191849895537][3 2 genP bin_tree ]
[2022-05-17 19:18:50.794341][20220517191849895537][HEADER ]
[2022-05-17 21:02:15.535336][20220517210214665214][START ]
[2022-05-17 21:02:15.548131][20220517210214665214][PARAMS ]
[2022-05-17 21:02:15.548471][20220517210214665214][3 2 genP bin_tree ]
[2022-05-17 21:02:15.548856][20220517210214665214][HEADER ]
[2022-05-17 21:30:28.471727][20220517210214665214][FINISH ]
[2022-05-17 23:49:49.750381][20220517234948218748][START ]
[2022-05-17 23:49:49.762902][20220517234948218748][PARAMS ]
[2022-05-17 23:49:49.763127][20220517234948218748][3 2 genP grid2D ]
[2022-05-17 23:49:49.763275][20220517234948218748][HEADER ]
[2022-05-17 23:51:58.229313][20220517235157316888][START ]
[2022-05-17 23:51:58.242324][20220517235157316888][PARAMS ]
[2022-05-17 23:51:58.242737][20220517235157316888][3 2 genP grid2D ]
[2022-05-17 23:51:58.243019][20220517235157316888][HEADER ]
[2022-05-17 23:52:43.326057][20220517235242392147][START ]
[2022-05-17 23:52:43.342018][20220517235242392147][PARAMS ]
[2022-05-17 23:52:43.342351][20220517235242392147][3 2 genP grid2D ]
[2022-05-17 23:52:43.342611][20220517235242392147][HEADER ]
[2022-05-18 15:21:16.243445][20220518152114805979][START ]
[2022-05-18 15:21:16.252745][20220518152114805979][PARAMS ]
[2022-05-18 15:21:16.252965][20220518152114805979][3 2 genP grid2D ]
[2022-05-18 15:21:16.253125][20220518152114805979][HEADER ]
[2022-05-18 15:58:07.371067][20220518155806442948][START ]
[2022-05-18 15:58:07.379733][20220518155806442948][PARAMS ]
[2022-05-18 15:58:07.380138][20220518155806442948][3 2 genP grid2D ]
[2022-05-18 15:58:07.380406][20220518155806442948][HEADER ]
[2022-05-18 16:23:30.627913][20220518162329517200][START ]
[2022-05-18 16:23:30.634209][20220518162329517200][PARAMS ]
[2022-05-18 16:23:30.634413][20220518162329517200][3 2 genP grid2D ]
[2022-05-18 16:23:30.634557][20220518162329517200][HEADER ]
[2022-05-18 16:30:15.292264][20220518163014387137][START ]
[2022-05-18 16:30:15.305620][20220518163014387137][PARAMS ]
[2022-05-18 16:30:15.305950][20220518163014387137][3 2 genP grid2D ]
[2022-05-18 16:30:15.306456][20220518163014387137][HEADER ]
[2022-05-18 16:31:57.304807][20220518163156236799][START ]
[2022-05-18 16:31:57.312884][20220518163156236799][PARAMS ]
[2022-05-18 16:31:57.313095][20220518163156236799][3 2 genP grid2D ]
[2022-05-18 16:31:57.313239][20220518163156236799][HEADER ]
[2022-05-18 16:36:23.043289][20220518163621999308][START ]
[2022-05-18 16:36:23.056702][20220518163621999308][PARAMS ]
[2022-05-18 16:36:23.057036][20220518163621999308][3 2 genP grid2D ]
[2022-05-18 16:36:23.057481][20220518163621999308][HEADER ]
[2022-05-18 16:39:30.496771][20220518163929463487][START ]
[2022-05-18 16:39:30.521832][20220518163929463487][PARAMS ]
[2022-05-18 16:39:30.522041][20220518163929463487][3 2 genP grid2D ]
[2022-05-18 16:39:30.522209][20220518163929463487][HEADER ]
[2022-05-18 16:40:35.773861][20220518164034676911][START ]
[2022-05-18 16:40:35.793358][20220518164034676911][PARAMS ]
[2022-05-18 16:40:35.793718][20220518164034676911][3 2 genP grid2D ]
[2022-05-18 16:40:35.793994][20220518164034676911][HEADER ]
[2022-05-18 16:50:46.934994][20220518165045947497][START ]
[2022-05-18 16:50:46.950665][20220518165045947497][PARAMS ]
[2022-05-18 16:50:46.951219][20220518165045947497][3 2 genP grid2D ]
[2022-05-18 16:50:46.951510][20220518165045947497][HEADER ]
[2022-05-18 16:52:06.375290][20220518165045947497][FINISH ]
[2022-05-18 17:03:23.528772][20220518170322511644][START ]
[2022-05-18 17:03:23.544665][20220518170322511644][PARAMS ]
[2022-05-18 17:03:23.544975][20220518170322511644][3 2 det_pi grid2D ]
[2022-05-18 17:03:23.545217][20220518170322511644][HEADER ]
[2022-05-18 17:15:05.839655][20220518170322511644][FINISH ]
[2022-05-18 17:22:15.051952][20220518172213994596][START ]
[2022-05-18 17:22:15.077822][20220518172213994596][PARAMS ]
[2022-05-18 17:22:15.078370][20220518172213994596][3 2 det_pi grid2D ]
[2022-05-18 17:22:15.078620][20220518172213994596][HEADER ]
[2022-05-18 17:22:34.663046][20220518172213994596][FINISH ]
[2022-05-18 20:15:07.159576][20220518201505489281][START ]
[2022-05-18 20:15:07.173283][20220518201505489281][PARAMS ]
[2022-05-18 20:15:07.173498][20220518201505489281][3 2 pi_t grid2D 10 ]
[2022-05-18 20:15:07.173650][20220518201505489281][HEADER ]
[2022-05-18 20:27:33.604960][20220518202732536568][START ]
[2022-05-18 20:27:33.614088][20220518202732536568][PARAMS ]
[2022-05-18 20:27:33.614439][20220518202732536568][3 2 pi_t grid2D 10 ]
[2022-05-18 20:27:33.614712][20220518202732536568][HEADER ]
[2022-05-18 20:30:47.165626][20220518203046233327][START ]
[2022-05-18 20:30:47.175875][20220518203046233327][PARAMS ]
[2022-05-18 20:30:47.176091][20220518203046233327][3 2 pi_t grid2D 100 10 ]
[2022-05-18 20:30:47.176247][20220518203046233327][HEADER ]
[2022-05-18 20:34:22.564038][20220518203421381447][START ]
[2022-05-18 20:34:22.584449][20220518203421381447][PARAMS ]
[2022-05-18 20:34:22.584681][20220518203421381447][3 2 pi_t grid2D 100 10 ]
[2022-05-18 20:34:22.584858][20220518203421381447][HEADER ]
[2022-05-18 20:35:44.899664][20220518203543900294][START ]
[2022-05-18 20:35:44.921851][20220518203543900294][PARAMS ]
[2022-05-18 20:35:44.922188][20220518203543900294][3 2 pi_t grid2D 100 10 ]
[2022-05-18 20:35:44.922653][20220518203543900294][HEADER ]
[2022-05-18 20:37:30.172917][20220518203729204445][START ]
[2022-05-18 20:37:30.196986][20220518203729204445][PARAMS ]
[2022-05-18 20:37:30.197370][20220518203729204445][3 2 pi_t grid2D 100 10 ]
[2022-05-18 20:37:30.197693][20220518203729204445][HEADER ]
[2022-05-18 21:44:47.350839][20220518214445665884][START ]
[2022-05-18 21:44:47.366746][20220518214445665884][PARAMS ]
[2022-05-18 21:44:47.366998][20220518214445665884][3 2 pi_t grid2D 100 10 ]
[2022-05-18 21:44:47.367158][20220518214445665884][HEADER ]
[2022-05-18 21:48:18.854240][20220518214817849606][START ]
[2022-05-18 21:48:18.868727][20220518214817849606][PARAMS ]
[2022-05-18 21:48:18.869064][20220518214817849606][3 2 pi_t grid2D 100 10 ]
[2022-05-18 21:48:18.869343][20220518214817849606][HEADER ]
[2022-05-18 21:51:13.499306][20220518215112485135][START ]
[2022-05-18 21:51:13.523699][20220518215112485135][PARAMS ]
[2022-05-18 21:51:13.524109][20220518215112485135][3 2 pi_t grid2D 100 10 ]
[2022-05-18 21:51:13.524392][20220518215112485135][HEADER ]
[2022-05-19 01:04:23.123602][20220518220420995091][START ]
[2022-05-19 01:04:23.134580][20220518220420995091][PARAMS ]
[2022-05-19 01:04:23.134865][20220518220420995091][3 2 pi_t grid2D 100 10 ]
[2022-05-19 01:04:23.135121][20220518220420995091][HEADER ]
[2022-05-19 01:09:13.691337][20220518220912220475][START ]
[2022-05-19 01:09:13.702114][20220518220912220475][PARAMS ]
[2022-05-19 01:09:13.702397][20220518220912220475][3 2 pi_t grid2D 100 10 ]
[2022-05-19 01:09:13.702592][20220518220912220475][HEADER ]
[2022-05-19 01:18:00.090727][20220518221758518039][START ]
[2022-05-19 01:18:00.101219][20220518221758518039][PARAMS ]
[2022-05-19 01:18:00.101623][20220518221758518039][3 2 pi_t grid2D 100 10 ]
[2022-05-19 01:18:00.101817][20220518221758518039][HEADER ]
[2022-05-19 01:23:18.293348][20220518222316807500][START ]
[2022-05-19 01:23:18.302086][20220518222316807500][PARAMS ]
[2022-05-19 01:23:18.302306][20220518222316807500][3 2 pi_t grid2D 100 10 ]
[2022-05-19 01:23:18.302478][20220518222316807500][HEADER ]
[2022-05-19 01:23:40.602759][20220518222338977257][START ]
[2022-05-19 01:23:40.612618][20220518222338977257][PARAMS ]
[2022-05-19 01:23:40.612853][20220518222338977257][3 2 pi_t grid2D 100 10 ]
[2022-05-19 01:23:40.613009][20220518222338977257][HEADER ]
[2022-05-19 01:25:46.364353][20220518222338977257][FINISH ]
[2022-05-19 01:51:12.977377][20220518225110378458][START ]
[2022-05-19 01:51:12.993329][20220518225110378458][PARAMS ]
[2022-05-19 01:51:12.993545][20220518225110378458][3 2 dtv_pi grid2D 100 10 ]
[2022-05-19 01:51:12.993704][20220518225110378458][HEADER ]
[2022-05-19 01:51:12.996641][20220518225110378458][FINISH ]
[2022-05-19 01:52:08.679540][20220518225207142511][START ]
[2022-05-19 01:52:08.688133][20220518225207142511][PARAMS ]
[2022-05-19 01:52:08.688407][20220518225207142511][3 2 dtv_pi grid2D 100 10 ]
[2022-05-19 01:52:08.688613][20220518225207142511][HEADER ]
[2022-05-19 01:52:08.692354][20220518225207142511][FINISH ]
[2022-05-19 01:53:09.480308][20220518225308036580][START ]
[2022-05-19 01:53:09.489555][20220518225308036580][PARAMS ]
[2022-05-19 01:53:09.489784][20220518225308036580][3 2 dtv_pi grid2D 100 10 ]
[2022-05-19 01:53:09.489945][20220518225308036580][HEADER ]
[2022-05-19 01:54:02.195389][20220518225308036580][FINISH ]
[2022-05-19 01:55:23.075052][20220518225520212478][START ]
[2022-05-19 01:55:23.089816][20220518225520212478][PARAMS ]
[2022-05-19 01:55:23.090043][20220518225520212478][3 2 dtv_pi grid2D 100 10 ]
[2022-05-19 01:55:23.090205][20220518225520212478][HEADER ]
[2022-05-19 01:57:29.602075][20220518225727952603][START ]
[2022-05-19 01:57:29.612967][20220518225727952603][PARAMS ]
[2022-05-19 01:57:29.613273][20220518225727952603][3 2 dtv_pi grid2D 100 10 ]
[2022-05-19 01:57:29.613546][20220518225727952603][HEADER ]
[2022-05-19 01:58:40.354783][20220518225838660004][START ]
[2022-05-19 01:58:40.364854][20220518225838660004][PARAMS ]
[2022-05-19 01:58:40.365077][20220518225838660004][3 2 dtv_pi grid2D 100 10 ]
[2022-05-19 01:58:40.365236][20220518225838660004][HEADER ]
[2022-05-19 02:00:43.271773][20220518230041789312][START ]
[2022-05-19 02:00:43.281206][20220518230041789312][PARAMS ]
[2022-05-19 02:00:43.281614][20220518230041789312][3 2 dtv_pi grid2D 100 10 ]
[2022-05-19 02:00:43.281843][20220518230041789312][HEADER ]
[2022-05-19 02:01:08.685268][20220518230107270192][START ]
[2022-05-19 02:01:08.695115][20220518230107270192][PARAMS ]
[2022-05-19 02:01:08.695747][20220518230107270192][3 2 dtv_pi grid2D 100 10 ]
[2022-05-19 02:01:08.695916][20220518230107270192][HEADER ]
[2022-05-19 02:02:08.488403][20220518230206954390][START ]
[2022-05-19 02:02:08.498649][20220518230206954390][PARAMS ]
[2022-05-19 02:02:08.498910][20220518230206954390][3 2 dtv_pi grid2D 100 10 ]
[2022-05-19 02:02:08.499095][20220518230206954390][HEADER ]
[2022-05-19 02:03:13.950199][20220518230206954390][FINISH ]
[2022-05-19 02:04:57.947407][20220518230456471936][START ]
[2022-05-19 02:04:57.959046][20220518230456471936][PARAMS ]
[2022-05-19 02:04:57.959408][20220518230456471936][3 2 dtv_pi grid2D 100 10 ]
[2022-05-19 02:04:57.959657][20220518230456471936][HEADER ]
[2022-05-19 02:05:19.213446][20220518230456471936][FINISH ]
[2022-05-19 02:09:46.808295][20220518230944176467][START ]
[2022-05-19 02:09:46.821499][20220518230944176467][PARAMS ]
[2022-05-19 02:09:46.821719][20220518230944176467][3 2 dtv_pi grid2D 100 100 ]
[2022-05-19 02:09:46.821877][20220518230944176467][HEADER ]
[2022-05-19 02:10:29.884027][20220518230944176467][FINISH ]
[2022-05-19 02:11:31.815582][20220518231128715745][START ]
[2022-05-19 02:11:31.823088][20220518231128715745][PARAMS ]
[2022-05-19 02:11:31.823318][20220518231128715745][3 2 dtv_pi grid2D 100 100 ]
[2022-05-19 02:11:31.823484][20220518231128715745][HEADER ]
[2022-05-19 02:11:43.967615][20220518231128715745][FINISH ]
[2022-05-19 02:13:49.613833][20220518231346777794][START ]
[2022-05-19 02:13:49.624604][20220518231346777794][PARAMS ]
[2022-05-19 02:13:49.624950][20220518231346777794][3 2 dtv_pi grid2D 100 100 ]
[2022-05-19 02:13:49.625158][20220518231346777794][HEADER ]
[2022-05-19 02:14:11.923689][20220518231346777794][FINISH ]
[2022-05-19 02:14:40.042761][20220518231438540036][START ]
[2022-05-19 02:14:40.053002][20220518231438540036][PARAMS ]
[2022-05-19 02:14:40.053321][20220518231438540036][3 2 dtv_pi grid2D 100 1000 ]
[2022-05-19 02:14:40.053488][20220518231438540036][HEADER ]
[2022-05-19 02:14:56.330437][20220518231438540036][FINISH ]
[2022-05-19 02:16:36.998337][20220518231635515241][START ]
[2022-05-19 02:16:37.008726][20220518231635515241][PARAMS ]
[2022-05-19 02:16:37.009074][20220518231635515241][3 2 dtv_pi ring 100 1000 ]
[2022-05-19 02:16:37.009310][20220518231635515241][HEADER ]
[2022-05-19 02:16:52.749259][20220518231635515241][FINISH ]
[2022-05-19 02:17:42.077994][20220518231740576438][START ]
[2022-05-19 02:17:42.087370][20220518231740576438][PARAMS ]
[2022-05-19 02:17:42.087587][20220518231740576438][3 2 dtv_pi bin_tree 100 1000 ]
[2022-05-19 02:17:42.087747][20220518231740576438][HEADER ]
[2022-05-19 02:17:46.594957][20220518231740576438][FINISH ]
[2022-05-19 02:19:58.899257][20220518231956618730][START ]
[2022-05-19 02:19:58.914032][20220518231956618730][PARAMS ]
[2022-05-19 02:19:58.914277][20220518231956618730][3 2 dtv_pi bin_tree 100 1000 ]
[2022-05-19 02:19:58.914441][20220518231956618730][HEADER ]
[2022-05-19 02:25:02.870287][20220518232501464016][START ]
[2022-05-19 02:25:02.881185][20220518232501464016][PARAMS ]
[2022-05-19 02:25:02.881452][20220518232501464016][3 2 dtv_pi bin_tree 100 1000 ]
[2022-05-19 02:25:02.881647][20220518232501464016][HEADER ]
[2022-05-19 02:25:12.936201][20220518232501464016][FINISH ]
[2022-05-19 02:26:02.401992][20220518232600899017][START ]
[2022-05-19 02:26:02.411108][20220518232600899017][PARAMS ]
[2022-05-19 02:26:02.411377][20220518232600899017][3 2 dtv_pi bin_tree 100 1000 ]
[2022-05-19 02:26:02.411568][20220518232600899017][HEADER ]
[2022-05-19 02:29:03.567930][20220518232902037994][START ]
[2022-05-19 02:29:03.576455][20220518232902037994][PARAMS ]
[2022-05-19 02:29:03.576847][20220518232902037994][3 2 dtv_pi bin_tree 100 1000 ]
[2022-05-19 02:29:03.577177][20220518232902037994][HEADER ]
[2022-05-19 02:30:39.335718][20220518233037746761][START ]
[2022-05-19 02:30:39.346571][20220518233037746761][PARAMS ]
[2022-05-19 02:30:39.346824][20220518233037746761][3 2 dtv_pi bin_tree 100 1000 ]
[2022-05-19 02:30:39.347038][20220518233037746761][HEADER ]
[2022-05-19 02:31:38.244963][20220518233136733325][START ]
[2022-05-19 02:31:38.255136][20220518233136733325][PARAMS ]
[2022-05-19 02:31:38.255426][20220518233136733325][3 2 dtv_pi bin_tree 100 1000 ]
[2022-05-19 02:31:38.255633][20220518233136733325][HEADER ]
[2022-05-19 02:35:01.548635][20220518233459909250][START ]
[2022-05-19 02:35:01.558731][20220518233459909250][PARAMS ]
[2022-05-19 02:35:01.559202][20220518233459909250][3 2 dtv_pi bin_tree 100 1000 ]
[2022-05-19 02:35:01.559371][20220518233459909250][HEADER ]
[2022-05-19 02:35:19.636340][20220518233459909250][FINISH ]
[2022-05-19 02:35:46.106974][20220518233544664007][START ]
[2022-05-19 02:35:46.114867][20220518233544664007][PARAMS ]
[2022-05-19 02:35:46.115483][20220518233544664007][3 2 dtv_pi bin_tree 100 1000 ]
[2022-05-19 02:35:46.115838][20220518233544664007][HEADER ]
[2022-05-19 02:37:25.759149][20220518233544664007][FINISH ]
[2022-05-23 02:35:29.519482][20220522233526396446][START ]
[2022-05-23 02:35:29.535020][20220522233526396446][PARAMS ]
[2022-05-23 02:35:29.535285][20220522233526396446][3 2 dtv_pi all 100 1000 -plot ]
[2022-05-23 02:35:29.535449][20220522233526396446][HEADER ]
[2022-05-23 02:35:29.538601][20220522233526396446][FINISH ]
[2022-05-23 02:38:02.964401][20220522233801569021][START ]
[2022-05-23 02:38:02.973213][20220522233801569021][PARAMS ]
[2022-05-23 02:38:02.973428][20220522233801569021][3 2 dtv_pi all 100 1000 -plot ]
[2022-05-23 02:38:02.973600][20220522233801569021][HEADER ]
[2022-05-23 02:43:34.523589][20220522234332970714][START ]
[2022-05-23 02:43:34.533091][20220522234332970714][PARAMS ]
[2022-05-23 02:43:34.533311][20220522234332970714][3 2 dtv_pi all 100 1000 -plot ]
[2022-05-23 02:43:34.533473][20220522234332970714][HEADER ]
[2022-05-23 02:44:25.642641][20220522234424219568][START ]
[2022-05-23 02:44:25.654042][20220522234424219568][PARAMS ]
[2022-05-23 02:44:25.654400][20220522234424219568][3 2 dtv_pi all 100 1000 -plot ]
[2022-05-23 02:44:25.654681][20220522234424219568][HEADER ]
[2022-05-23 02:50:19.765743][20220522235018242009][START ]
[2022-05-23 02:50:19.776333][20220522235018242009][PARAMS ]
[2022-05-23 02:50:19.776569][20220522235018242009][3 2 dtv_pi all 100 1000 -plot ]
[2022-05-23 02:50:19.776736][20220522235018242009][HEADER ]
[2022-05-23 02:51:56.374677][20220522235018242009][FINISH ]
[2022-05-23 02:52:24.226585][20220522235222782785][START ]
[2022-05-23 02:52:24.235797][20220522235222782785][PARAMS ]
[2022-05-23 02:52:24.236043][20220522235222782785][3 2 dtv_pi all 100 1000 -plot ]
[2022-05-23 02:52:24.236232][20220522235222782785][HEADER ]
[2022-05-23 02:58:47.489720][20220522235846127213][START ]
[2022-05-23 02:58:47.499144][20220522235846127213][PARAMS ]
[2022-05-23 02:58:47.499542][20220522235846127213][3 2 dtv_pi all 100 1000 -plot ]
[2022-05-23 02:58:47.499840][20220522235846127213][HEADER ]
[2022-05-23 03:03:15.274492][20220522235846127213][FINISH ]
[2022-05-23 03:03:58.725445][20220523000357230520][START ]
[2022-05-23 03:03:58.734531][20220523000357230520][PARAMS ]
[2022-05-23 03:03:58.734875][20220523000357230520][3 2 dtv_pi all 100 1000 -plot ]
[2022-05-23 03:03:58.735149][20220523000357230520][HEADER ]
[2022-05-23 03:19:38.183016][20220523001936714313][START ]
[2022-05-23 03:19:38.192347][20220523001936714313][PARAMS ]
[2022-05-23 03:19:38.192593][20220523001936714313][3 2 dtv_pi all 100 1000 -plot ]
[2022-05-23 03:19:38.192805][20220523001936714313][HEADER ]
[2022-05-23 03:21:51.593415][20220523002150209767][START ]
[2022-05-23 03:21:51.602686][20220523002150209767][PARAMS ]
[2022-05-23 03:21:51.603007][20220523002150209767][3 2 dtv_pi all 100 1000 -plot ]
[2022-05-23 03:21:51.603281][20220523002150209767][HEADER ]
[2022-05-23 03:55:41.463088][20220523005538792653][START ]
[2022-05-23 03:55:41.481659][20220523005538792653][PARAMS ]
[2022-05-23 03:55:41.482053][20220523005538792653][3 2 dtv_pi all 100 1000 -plot ]
[2022-05-23 03:55:41.482308][20220523005538792653][HEADER ]
[2022-05-23 04:02:31.848477][20220523010230374008][START ]
[2022-05-23 04:02:31.858167][20220523010230374008][PARAMS ]
[2022-05-23 04:02:31.858401][20220523010230374008][3 2 dtv_pi all 100 1000 -plot ]
[2022-05-23 04:02:31.858576][20220523010230374008][HEADER ]
[2022-05-23 04:19:44.083661][20220523011941517761][START ]
[2022-05-23 04:19:44.099018][20220523011941517761][PARAMS ]
[2022-05-23 04:19:44.099249][20220523011941517761][3 2 dtv_pi all 100 1000 -plot ]
[2022-05-23 04:19:44.099427][20220523011941517761][HEADER ]
[2022-05-23 04:32:19.080714][20220523011941517761][FINISH ]
[2022-05-23 04:32:35.722852][20220523013234254622][START ]
[2022-05-23 04:32:35.732553][20220523013234254622][PARAMS ]
[2022-05-23 04:32:35.732803][20220523013234254622][3 2 dtv_pi all 100 1000 -plot ]
[2022-05-23 04:32:35.732974][20220523013234254622][HEADER ]
[2022-05-23 04:35:01.192395][20220523013459740560][START ]
[2022-05-23 04:35:01.202010][20220523013459740560][PARAMS ]
[2022-05-23 04:35:01.202317][20220523013459740560][3 2 dtv_pi all 100 1000 -plot ]
[2022-05-23 04:35:01.202531][20220523013459740560][HEADER ]
[2022-05-23 04:47:09.509001][20220523014708060238][START ]
[2022-05-23 04:47:09.518940][20220523014708060238][PARAMS ]
[2022-05-23 04:47:09.519366][20220523014708060238][3 2 dtv_pi all 100 1000 -plot ]
[2022-05-23 04:47:09.519716][20220523014708060238][HEADER ]
[2022-05-23 04:58:40.840396][20220523015838194187][START ]
[2022-05-23 04:58:40.857112][20220523015838194187][PARAMS ]
[2022-05-23 04:58:40.857398][20220523015838194187][3 2 dtv_pi all 100 1000 -plot ]
[2022-05-23 04:58:40.857586][20220523015838194187][HEADER ]
[2022-05-23 05:11:15.830483][20220523015838194187][FINISH ]
[2022-05-23 05:14:24.757623][20220523021423151077][START ]
[2022-05-23 05:14:24.766925][20220523021423151077][PARAMS ]
[2022-05-23 05:14:24.767252][20220523021423151077][3 2 dtv_pi all 100 1000 -plot ]
[2022-05-23 05:14:24.767487][20220523021423151077][HEADER ]
[2022-05-23 05:21:59.609208][20220523022158184084][START ]
[2022-05-23 05:21:59.620249][20220523022158184084][PARAMS ]
[2022-05-23 05:21:59.620508][20220523022158184084][3 2 dtv_pi all 100 1000 -plot ]
[2022-05-23 05:21:59.620700][20220523022158184084][HEADER ]
[2022-05-23 11:55:48.303683][20220523085545480881][START ]
[2022-05-23 11:55:48.318457][20220523085545480881][PARAMS ]
[2022-05-23 11:55:48.318819][20220523085545480881][3 2 dtv_pi all 100 1000 -plot ]
[2022-05-23 11:55:48.318996][20220523085545480881][HEADER ]
[2022-05-23 16:57:01.134493][20220523135658630521][START ]
[2022-05-23 16:57:01.150646][20220523135658630521][PARAMS ]
[2022-05-23 16:57:01.150976][20220523135658630521][3 2 dtv_pi all 100 1000 -plot ]
[2022-05-23 16:57:01.151225][20220523135658630521][HEADER ]
[2022-05-23 17:14:20.279338][20220523141418785132][START ]
[2022-05-23 17:14:20.288839][20220523141418785132][PARAMS ]
[2022-05-23 17:14:20.289060][20220523141418785132][3 2 dtv_pi all 100 1000 -plot ]
[2022-05-23 17:14:20.289226][20220523141418785132][HEADER ]
[2022-05-23 17:16:00.267760][20220523141418785132][FINISH ]
[2022-05-23 17:16:19.575558][20220523141618001469][START ]
[2022-05-23 17:16:19.585335][20220523141618001469][PARAMS ]
[2022-05-23 17:16:19.585598][20220523141618001469][3 2 dtv_pi all 100 1000 -plot ]
[2022-05-23 17:16:19.585799][20220523141618001469][HEADER ]
[2022-05-23 17:19:20.485754][20220523141918914471][START ]
[2022-05-23 17:19:20.498023][20220523141918914471][PARAMS ]
[2022-05-23 17:19:20.498415][20220523141918914471][3 2 dtv_pi all 100 1000 -plot ]
[2022-05-23 17:19:20.498621][20220523141918914471][HEADER ]
[2022-05-23 17:24:03.003822][20220523142401543197][START ]
[2022-05-23 17:24:03.014302][20220523142401543197][PARAMS ]
[2022-05-23 17:24:03.014555][20220523142401543197][3 2 dtv_pi all 100 1000 -plot ]
[2022-05-23 17:24:03.014850][20220523142401543197][HEADER ]
[2022-05-23 17:38:09.720707][20220523142401543197][FINISH ]
[2022-05-24 05:37:22.882665][20220524023721198862][START ]
[2022-05-24 05:37:22.892385][20220524023721198862][PARAMS ]
[2022-05-24 05:37:22.892875][20220524023721198862][3 4 genSamples 10 10 -plot ]
[2022-05-24 05:37:22.893215][20220524023721198862][HEADER ]
[2022-05-24 05:44:22.151738][20220524024420560832][START ]
[2022-05-24 05:44:22.160877][20220524024420560832][PARAMS ]
[2022-05-24 05:44:22.161165][20220524024420560832][3 4 genSamples 0.5 10 10 -plot ]
[2022-05-24 05:44:22.161362][20220524024420560832][HEADER ]
[2022-05-24 05:44:46.724696][20220524024445270588][START ]
[2022-05-24 05:44:46.733850][20220524024445270588][PARAMS ]
[2022-05-24 05:44:46.734254][20220524024445270588][3 4 genSamples 0.35 10 10 -plot ]
[2022-05-24 05:44:46.734589][20220524024445270588][HEADER ]
[2022-05-24 05:45:56.077179][20220524024554478064][START ]
[2022-05-24 05:45:56.085549][20220524024554478064][PARAMS ]
[2022-05-24 05:45:56.085770][20220524024554478064][3 4 genSamples 0.35 10 10 -plot ]
[2022-05-24 05:45:56.085935][20220524024554478064][HEADER ]
[2022-05-24 05:57:37.891161][20220524025736376410][START ]
[2022-05-24 05:57:37.900583][20220524025736376410][PARAMS ]
[2022-05-24 05:57:37.900805][20220524025736376410][3 4 genSamples 0.35 10 10 -plot ]
[2022-05-24 05:57:37.900976][20220524025736376410][HEADER ]
[2022-05-24 06:04:39.367703][20220524030437934206][START ]
[2022-05-24 06:04:39.377538][20220524030437934206][PARAMS ]
[2022-05-24 06:04:39.377804][20220524030437934206][3 4 genSamples 0.35 10 10 -plot ]
[2022-05-24 06:04:39.378065][20220524030437934206][HEADER ]
[2022-05-24 06:04:45.362617][20220524030437934206][FINISH ]
[2022-05-24 06:06:48.745072][20220524030647240839][START ]
[2022-05-24 06:06:48.755413][20220524030647240839][PARAMS ]
[2022-05-24 06:06:48.755675][20220524030647240839][3 4 genSamples 0.35 100 100 -plot ]
[2022-05-24 06:06:48.755914][20220524030647240839][HEADER ]
[2022-05-24 06:07:01.174179][20220524030647240839][FINISH ]
[2022-05-24 06:33:10.305199][20220524033308769178][START ]
[2022-05-24 06:33:10.315517][20220524033308769178][PARAMS ]
[2022-05-24 06:33:10.315985][20220524033308769178][3 4 pi_t 0.35 100 100 -plot ]
[2022-05-24 06:33:10.316326][20220524033308769178][HEADER ]
[2022-05-24 06:35:20.823869][20220524033308769178][FINISH ]
[2022-05-24 06:37:16.989119][20220524033715558108][START ]
[2022-05-24 06:37:16.999571][20220524033715558108][PARAMS ]
[2022-05-24 06:37:16.999873][20220524033715558108][3 4 pi_t 0.35 1000 1000 -plot ]
[2022-05-24 06:37:17.000100][20220524033715558108][HEADER ]
[2022-05-24 06:38:07.307488][20220524033715558108][FINISH ]
[2022-05-24 06:38:52.653324][20220524033851212636][START ]
[2022-05-24 06:38:52.662915][20220524033851212636][PARAMS ]
[2022-05-24 06:38:52.663183][20220524033851212636][3 4 pi_t 0.35 100 10000 -plot ]
[2022-05-24 06:38:52.663428][20220524033851212636][HEADER ]
[2022-05-24 06:41:36.578205][20220524034135172532][START ]
[2022-05-24 06:41:36.587764][20220524034135172532][PARAMS ]
[2022-05-24 06:41:36.587998][20220524034135172532][3 4 pi_t 0.35 100 10000 -plot ]
[2022-05-24 06:41:36.588165][20220524034135172532][HEADER ]
[2022-05-24 06:44:50.987090][20220524034449515748][START ]
[2022-05-24 06:44:50.996656][20220524034449515748][PARAMS ]
[2022-05-24 06:44:50.996896][20220524034449515748][3 4 pi_t all 100 10 -plot ]
[2022-05-24 06:44:50.997060][20220524034449515748][HEADER ]
[2022-05-24 06:48:31.764112][20220524034449515748][FINISH ]
[2022-05-24 06:48:51.883903][20220524034850235572][START ]
[2022-05-24 06:48:51.895040][20220524034850235572][PARAMS ]
[2022-05-24 06:48:51.895419][20220524034850235572][3 4 pi_t all 100 100 -plot ]
[2022-05-24 06:48:51.895640][20220524034850235572][HEADER ]
[2022-05-24 06:49:46.421933][20220524034850235572][FINISH ]
[2022-05-24 06:50:01.219835][20220524034959643906][START ]
[2022-05-24 06:50:01.231995][20220524034959643906][PARAMS ]
[2022-05-24 06:50:01.232401][20220524034959643906][3 4 pi_t all 100 1000 -plot ]
[2022-05-24 06:50:01.232644][20220524034959643906][HEADER ]
[2022-05-24 06:51:07.834566][20220524034959643906][FINISH ]
[2022-05-24 06:51:25.810375][20220524035124266792][START ]
[2022-05-24 06:51:25.820109][20220524035124266792][PARAMS ]
[2022-05-24 06:51:25.820397][20220524035124266792][3 4 pi_t all 100 10000 -plot ]
[2022-05-24 06:51:25.820686][20220524035124266792][HEADER ]
[2022-05-24 06:53:36.590595][20220524035124266792][FINISH ]
[2022-05-24 06:53:55.682384][20220524035354120858][START ]
[2022-05-24 06:53:55.691913][20220524035354120858][PARAMS ]
[2022-05-24 06:53:55.692259][20220524035354120858][3 4 pi_t all 100 100000 -plot ]
[2022-05-24 06:53:55.692492][20220524035354120858][HEADER ]
[2022-05-24 07:02:34.664606][20220524035354120858][FINISH ]
[2022-05-24 07:14:23.897585][20220524041422360207][START ]
[2022-05-24 07:14:23.907169][20220524041422360207][PARAMS ]
[2022-05-24 07:14:23.907590][20220524041422360207][3 4 dM_t all 10 1 -plot ]
[2022-05-24 07:14:23.907857][20220524041422360207][HEADER ]
[2022-05-24 07:14:26.568440][20220524041422360207][FINISH ]
[2022-05-24 07:17:53.202010][20220524041751502159][START ]
[2022-05-24 07:17:53.210071][20220524041751502159][PARAMS ]
[2022-05-24 07:17:53.210292][20220524041751502159][3 4 dM_t all 10 1 -plot ]
[2022-05-24 07:17:53.210459][20220524041751502159][HEADER ]
[2022-05-24 07:19:56.648389][20220524041751502159][FINISH ]
[2022-05-24 07:20:17.729412][20220524042016215233][START ]
[2022-05-24 07:20:17.738667][20220524042016215233][PARAMS ]
[2022-05-24 07:20:17.738897][20220524042016215233][3 4 dM_t all 100 1 -plot ]
[2022-05-24 07:20:17.739087][20220524042016215233][HEADER ]
[2022-05-24 07:21:09.194323][20220524042016215233][FINISH ]
[2022-05-24 07:21:23.866287][20220524042122382477][START ]
[2022-05-24 07:21:23.877741][20220524042122382477][PARAMS ]
[2022-05-24 07:21:23.878103][20220524042122382477][3 4 dM_t all 1000 1 -plot ]
[2022-05-24 07:21:23.878323][20220524042122382477][HEADER ]
[2022-05-24 07:26:18.825743][20220524042122382477][FINISH ]
[2022-05-24 07:26:32.632875][20220524042631214194][START ]
[2022-05-24 07:26:32.642942][20220524042631214194][PARAMS ]
[2022-05-24 07:26:32.643268][20220524042631214194][3 4 dM_t all 1000 1 -plot ]
[2022-05-24 07:26:32.643472][20220524042631214194][HEADER ]
[2022-05-24 07:32:28.921880][20220524042631214194][FINISH ]
[2022-05-24 10:44:21.269159][20220524074419486382][START ]
[2022-05-24 10:44:21.277105][20220524074419486382][PARAMS ]
[2022-05-24 10:44:21.277426][20220524074419486382][3 3 delta all 10 1 -plot ]
[2022-05-24 10:44:21.277691][20220524074419486382][HEADER ]
[2022-05-24 10:44:21.281089][20220524074419486382][SYNTAX_ERROR ]
[2022-05-24 10:44:21.281595][20220524074419486382][FINISH ]
[2022-05-24 10:45:14.626457][20220524074513222434][START ]
[2022-05-24 10:45:14.635423][20220524074513222434][PARAMS ]
[2022-05-24 10:45:14.635692][20220524074513222434][3 3 delta all 10 1 -plot ]
[2022-05-24 10:45:14.635922][20220524074513222434][HEADER ]
[2022-05-24 10:45:14.638381][20220524074513222434][SYNTAX_ERROR ]
[2022-05-24 10:45:14.638826][20220524074513222434][FINISH ]
[2022-05-24 10:48:25.935041][20220524074824117046][START ]
[2022-05-24 10:48:25.945607][20220524074824117046][PARAMS ]
[2022-05-24 10:48:25.946096][20220524074824117046][3 3 delta all 10 1 -plot ]
[2022-05-24 10:48:25.946385][20220524074824117046][HEADER ]
[2022-05-24 10:49:33.714555][20220524074932217669][START ]
[2022-05-24 10:49:33.724288][20220524074932217669][PARAMS ]
[2022-05-24 10:49:33.724585][20220524074932217669][3 3 delta all 10 1 -plot ]
[2022-05-24 10:49:33.724824][20220524074932217669][HEADER ]
[2022-05-24 10:51:16.803913][20220524075115411048][START ]
[2022-05-24 10:51:16.813737][20220524075115411048][PARAMS ]
[2022-05-24 10:51:16.813960][20220524075115411048][3 3 delta all 10 1 -plot ]
[2022-05-24 10:51:16.814119][20220524075115411048][HEADER ]
[2022-05-24 10:54:37.891617][20220524075436235760][START ]
[2022-05-24 10:54:37.901590][20220524075436235760][PARAMS ]
[2022-05-24 10:54:37.901828][20220524075436235760][3 3 delta all 10 1 -plot ]
[2022-05-24 10:54:37.902014][20220524075436235760][HEADER ]
[2022-05-24 10:56:13.735923][20220524075612353332][START ]
[2022-05-24 10:56:13.744079][20220524075612353332][PARAMS ]
[2022-05-24 10:56:13.744347][20220524075612353332][3 3 delta all 10 1 -plot ]
[2022-05-24 10:56:13.744555][20220524075612353332][HEADER ]
[2022-05-24 11:01:16.495694][20220524080114837287][START ]
[2022-05-24 11:01:16.506328][20220524080114837287][PARAMS ]
[2022-05-24 11:01:16.506607][20220524080114837287][3 3 delta all 10 1 -plot ]
[2022-05-24 11:01:16.506785][20220524080114837287][HEADER ]
[2022-05-24 11:06:28.266376][20220524080626690303][START ]
[2022-05-24 11:06:28.276580][20220524080626690303][PARAMS ]
[2022-05-24 11:06:28.276830][20220524080626690303][3 3 delta all 10 1 -plot ]
[2022-05-24 11:06:28.277026][20220524080626690303][HEADER ]
[2022-05-24 11:06:42.581137][20220524080626690303][FINISH ]
[2022-05-24 11:07:26.183748][20220524080724798849][START ]
[2022-05-24 11:07:26.192293][20220524080724798849][PARAMS ]
[2022-05-24 11:07:26.192533][20220524080724798849][3 3 delta all 10 1 -plot ]
[2022-05-24 11:07:26.192725][20220524080724798849][HEADER ]
[2022-05-24 11:37:56.486575][20220524083755073240][START ]
[2022-05-24 11:37:56.495739][20220524083755073240][PARAMS ]
[2022-05-24 11:37:56.496010][20220524083755073240][3 3 delta all 10 1 -plot ]
[2022-05-24 11:37:56.496200][20220524083755073240][HEADER ]
[2022-05-24 11:43:58.001484][20220524084356588909][START ]
[2022-05-24 11:43:58.010607][20220524084356588909][PARAMS ]
[2022-05-24 11:43:58.010851][20220524084356588909][3 3 delta all 10 1 -plot ]
[2022-05-24 11:43:58.011067][20220524084356588909][HEADER ]
[2022-05-24 11:45:12.189918][20220524084510492635][START ]
[2022-05-24 11:45:12.199734][20220524084510492635][PARAMS ]
[2022-05-24 11:45:12.200213][20220524084510492635][3 3 delta all 10 1 -plot ]
[2022-05-24 11:45:12.200473][20220524084510492635][HEADER ]
[2022-05-24 11:45:54.053274][20220524084510492635][FINISH ]
[2022-05-24 11:51:00.109670][20220524085058452088][START ]
[2022-05-24 11:51:00.119565][20220524085058452088][PARAMS ]
[2022-05-24 11:51:00.119936][20220524085058452088][3 3 delta all 10 1 -plot ]
[2022-05-24 11:51:00.120202][20220524085058452088][HEADER ]
[2022-05-24 12:15:55.747177][20220524091554039428][START ]
[2022-05-24 12:15:55.757745][20220524091554039428][PARAMS ]
[2022-05-24 12:15:55.758178][20220524091554039428][3 3 det_pi all 10 1 -plot ]
[2022-05-24 12:15:55.758489][20220524091554039428][HEADER ]
[2022-05-24 12:18:20.326254][20220524091818873039][START ]
[2022-05-24 12:18:20.336673][20220524091818873039][PARAMS ]
[2022-05-24 12:18:20.337042][20220524091818873039][3 3 det_pi all 10 1 -plot ]
[2022-05-24 12:18:20.337319][20220524091818873039][HEADER ]
[2022-05-24 12:20:20.352668][20220524092018913492][START ]
[2022-05-24 12:20:20.362011][20220524092018913492][PARAMS ]
[2022-05-24 12:20:20.362395][20220524092018913492][3 3 det_pi all 10 1 -plot ]
[2022-05-24 12:20:20.362738][20220524092018913492][HEADER ]
[2022-05-24 12:20:24.254140][20220524092018913492][FINISH ]
[2022-05-24 12:24:41.587832][20220524092439941431][START ]
[2022-05-24 12:24:41.597412][20220524092439941431][PARAMS ]
[2022-05-24 12:24:41.597643][20220524092439941431][3 3 det_pi all 10 1 -plot ]
[2022-05-24 12:24:41.597825][20220524092439941431][HEADER ]
[2022-05-24 12:39:42.647874][20220524092439941431][FINISH ]
[2022-05-24 15:44:39.417567][20220524124437739571][START ]
[2022-05-24 15:44:39.427245][20220524124437739571][PARAMS ]
[2022-05-24 15:44:39.427486][20220524124437739571][3 3 tal_eps_lim all 10 1 -plot ]
[2022-05-24 15:44:39.427665][20220524124437739571][HEADER ]
[2022-05-24 15:50:04.107600][20220524125002784454][START ]
[2022-05-24 15:50:04.116416][20220524125002784454][PARAMS ]
[2022-05-24 15:50:04.116629][20220524125002784454][3 3 tal_eps_lim all 10 1 -plot ]
[2022-05-24 15:50:04.116788][20220524125002784454][HEADER ]
[2022-05-24 15:51:16.268153][20220524125002784454][FINISH ]
