2022-06-21 05:49:47,780 - INFO - ***********************************************************
2022-06-21 05:49:47,781 - INFO - *** MCMC Helper                                         ***
2022-06-21 05:49:47,781 - INFO - *** Algoritmos de Monte Carlo e Cadeias de Markov 2022/1***
2022-06-21 05:49:47,781 - INFO - *** Aluno: Victor de Almeida Xavier                     ***
2022-06-21 05:49:47,781 - INFO - ***********************************************************
2022-06-21 05:49:47,782 - INFO - *** Simulação de Otimização Combinatória                ***
2022-06-21 05:49:47,782 - INFO - ***********************************************************
2022-06-21 05:49:47,782 - INFO - [INIT]Module:Experiment
2022-06-21 05:49:47,782 - INFO - Experimentos de Simulação de Otimização Combinatória: Clustering
2022-06-21 05:49:47,782 - INFO - Arquivo de Entrada:./input/debug.csv
2022-06-21 05:49:47,783 - INFO - Estratégia de Resfriamento:linear
2022-06-21 05:49:47,783 - INFO - Função de Custo:uniqueness
2022-06-21 05:49:47,783 - INFO - Número de passos:1000
2022-06-21 05:49:47,783 - INFO - Número de execuções:1
2022-06-21 05:49:47,783 - INFO - Taxa de resfriamento:0.99
2022-06-21 05:49:47,783 - INFO - Temperatura inicial:10000
2022-06-21 05:49:47,783 - INFO - Plotar resultados? True
2022-06-21 05:49:47,788 - INFO - [./input/debug.csv]load_samples:815
2022-06-21 05:49:47,829 - INFO - [814]do_normalize_samples:814
2022-06-21 05:50:14,436 - INFO - Melhor configuração após 1000 passos:Q_0.1_1|Q_0.3_1|Q_0.3_2|Q_0.3_4|Q_0.4_0|Q_0.5_1|Q_0.5_2|Q_1.0_0|Q_1.12_0|Q_1.14_0|Q_1.8_0|Q_1.9_0|Q_4.0_0|Q_4.11_0|Q_4.11a_1|Q_4.11a_3|Q_4.1_2|Q_4.2_1;cujo valor da fobj=144
2022-06-21 05:50:14,437 - INFO - [1000]do_simulated_annealing:Simulation(True):BestValue(144)
2022-06-21 05:50:14,437 - INFO - Melhor configuração final:Q_0.1_1|Q_0.3_1|Q_0.3_2|Q_0.3_4|Q_0.4_0|Q_0.5_1|Q_0.5_2|Q_1.0_0|Q_1.12_0|Q_1.14_0|Q_1.8_0|Q_1.9_0|Q_4.0_0|Q_4.11_0|Q_4.11a_1|Q_4.11a_3|Q_4.1_2|Q_4.2_1:144
2022-06-21 05:50:14,452 - INFO - [20220621024940106072]save_history:mcmc_clustering_linear_1000_1_history.csv
2022-06-21 05:50:29,930 - INFO - [DONE]Module:Experiment
