2022-06-19 00:06:13,930 - INFO - ***********************************************************
2022-06-19 00:06:13,930 - INFO - *** MCMC Helper                                         ***
2022-06-19 00:06:13,930 - INFO - *** Algoritmos de Monte Carlo e Cadeias de Markov 2022/1***
2022-06-19 00:06:13,931 - INFO - *** Aluno: Victor de Almeida Xavier                     ***
2022-06-19 00:06:13,931 - INFO - ***********************************************************
2022-06-19 00:06:13,931 - INFO - *** Simulação de Otimização Combinatória                ***
2022-06-19 00:06:13,931 - INFO - ***********************************************************
2022-06-19 00:06:13,931 - INFO - [INIT]Module:Experiment
2022-06-19 00:06:13,931 - INFO - Experimentos de Simulação de Otimização Combinatória: Clustering
2022-06-19 00:06:13,932 - INFO - Arquivo de Entrada:./input/debug.csv
2022-06-19 00:06:13,932 - INFO - Estratégia de Resfriamento:linear
2022-06-19 00:06:13,932 - INFO - Número de passos:100
2022-06-19 00:06:13,932 - INFO - Número de execuções:3
2022-06-19 00:06:13,932 - INFO - Plotar resultados? False
2022-06-19 00:06:19,347 - INFO - [./input/debug.csv]load_samples:815
2022-06-19 00:06:19,394 - INFO - [814]do_normalize_samples:814
2022-06-19 00:06:19,394 - DEBUG - Working with 43 features.
2022-06-19 00:06:29,380 - DEBUG - Melhor vetor:[0, 1, 0, 0, 0, 1, 1, 1, 1, 0, 0, 0, 1, 1, 0, 1, 0, 1, 1, 1, 1, 1, 0, 0, 1, 1, 1, 1, 1, 0, 1, 0, 0, 0, 0, 1, 1, 0, 1, 1, 0, 1, 0]:14
2022-06-19 00:06:29,380 - INFO - Melhor configuração:Q_0.1_2Q_0.1_2Q_0.1_2Q_0.1_2Q_0.1_2Q_0.1_2Q_0.1_2Q_0.1_2Q_0.1_2Q_0.1_2Q_0.1_2Q_0.1_2Q_0.1_2Q_0.1_2Q_0.1_2Q_0.1_2Q_0.1_2Q_0.1_2Q_0.1_2Q_0.1_2Q_0.1_2Q_0.1_2Q_0.1_2Q_0.1_2:14
2022-06-19 00:06:29,380 - INFO - [100]do_simulated_annealing:Simulation(True):BestValue(14)
2022-06-19 00:06:40,827 - DEBUG - Melhor vetor:[1, 1, 0, 1, 1, 1, 1, 1, 1, 0, 0, 1, 0, 1, 1, 1, 0, 0, 1, 1, 1, 1, 1, 0, 0, 0, 1, 1, 1, 1, 0, 1, 1, 1, 0, 1, 1, 1, 0, 1, 0, 0, 0]:31
2022-06-19 00:06:40,827 - INFO - Melhor configuração:Q_0.1_2Q_0.1_2Q_0.1_2Q_0.1_2Q_0.1_2Q_0.1_2Q_0.1_2Q_0.1_2Q_0.1_2Q_0.1_2Q_0.1_2Q_0.1_2Q_0.1_2Q_0.1_2Q_0.1_2Q_0.1_2Q_0.1_2Q_0.1_2Q_0.1_2Q_0.1_2Q_0.1_2Q_0.1_2Q_0.1_2Q_0.1_2Q_0.1_2Q_0.1_2Q_0.1_2Q_0.1_2:31
2022-06-19 00:06:40,827 - INFO - [100]do_simulated_annealing:Simulation(True):BestValue(31)
2022-06-19 00:06:45,118 - DEBUG - Melhor vetor:[0, 1, 1, 1, 1, 0, 0, 1, 1, 1, 0, 0, 1, 0, 1, 1, 0, 1, 0, 1, 1, 1, 0, 0, 0, 0, 1, 0, 0, 0, 0, 1, 1, 0, 0, 0, 1, 0, 0, 0, 1, 1, 1]:18
2022-06-19 00:06:45,118 - INFO - Melhor configuração:Q_0.1_2Q_0.1_2Q_0.1_2Q_0.1_2Q_0.1_2Q_0.1_2Q_0.1_2Q_0.1_2Q_0.1_2Q_0.1_2Q_0.1_2Q_0.1_2Q_0.1_2Q_0.1_2Q_0.1_2Q_0.1_2Q_0.1_2Q_0.1_2Q_0.1_2Q_0.1_2Q_0.1_2:18
2022-06-19 00:06:45,121 - INFO - [100]do_simulated_annealing:Simulation(True):BestValue(18)
2022-06-19 00:06:46,969 - INFO - Melhor configuração final:Q_0.1_2Q_0.1_2Q_0.1_2Q_0.1_2Q_0.1_2Q_0.1_2Q_0.1_2Q_0.1_2Q_0.1_2Q_0.1_2Q_0.1_2Q_0.1_2Q_0.1_2Q_0.1_2Q_0.1_2Q_0.1_2Q_0.1_2Q_0.1_2Q_0.1_2Q_0.1_2Q_0.1_2Q_0.1_2Q_0.1_2Q_0.1_2Q_0.1_2Q_0.1_2Q_0.1_2Q_0.1_2:31
2022-06-19 00:06:47,019 - INFO - [20220618210610290263]save_history:mcmc_clustering_linear_100_3_history.csv
2022-06-19 00:07:16,939 - DEBUG - max_value:700.0
2022-06-19 00:08:39,784 - DEBUG - max_value:426.0
2022-06-19 00:11:04,591 - DEBUG - max_value:535.0
2022-06-19 00:11:04,854 - INFO - [DONE]Module:Experiment
