2022-06-22 13:46:32,320 - INFO - ***********************************************************
2022-06-22 13:46:32,320 - INFO - *** MCMC Helper                                         ***
2022-06-22 13:46:32,321 - INFO - *** Algoritmos de Monte Carlo e Cadeias de Markov 2022/1***
2022-06-22 13:46:32,321 - INFO - *** Aluno: Victor de Almeida Xavier                     ***
2022-06-22 13:46:32,321 - INFO - ***********************************************************
2022-06-22 13:46:32,321 - INFO - *** Simulação de Otimização Combinatória                ***
2022-06-22 13:46:32,321 - INFO - ***********************************************************
2022-06-22 13:46:32,321 - INFO - [INIT]Module:Experiment
2022-06-22 13:46:32,322 - INFO - Experimentos de Simulação de Otimização Combinatória: Clustering
2022-06-22 13:46:32,322 - INFO - Arquivo de Entrada:./input/debug.csv
2022-06-22 13:46:32,322 - INFO - Estratégia de Resfriamento:exp
2022-06-22 13:46:32,322 - INFO - Função de Custo:uniqueness
2022-06-22 13:46:32,322 - INFO - Número de passos:1000
2022-06-22 13:46:32,322 - INFO - Número de execuções:1
2022-06-22 13:46:32,323 - INFO - Taxa de resfriamento:0.99
2022-06-22 13:46:32,323 - INFO - Temperatura inicial:10000
2022-06-22 13:46:32,323 - INFO - Plotar resultados? True
2022-06-22 13:46:32,326 - INFO - [./input/debug.csv]load_samples:815
2022-06-22 13:46:32,366 - INFO - [814]do_normalize_samples:814
2022-06-22 13:46:36,078 - INFO - [43]get_features_from_header:43
2022-06-22 13:46:36,078 - DEBUG - Trabalhando com 43 features.
2022-06-22 13:47:08,945 - DEBUG - Melhor vetor após 917 passos:[1, 1, 1, 1, 1, 1, 1, 1, 1, 1, 1, 1, 1, 1, 1, 1, 1, 1, 1, 1, 1, 1, 1, 1, 1, 1, 1, 1, 1, 1, 1, 1, 1, 1, 1, 1, 1, 1, 1, 1, 1, 1, 1];cujo valor da fobj=4
2022-06-22 13:47:08,946 - INFO - Melhor configuração após 917 passos:0.1_1|0.1_2|0.2_0|0.3_1|0.3_2|0.3_3|0.3_4|0.4_0|0.5_1|0.5_2|0.5_3|0.5_4|0.6_1|1.0_0|1.11_1|1.11_2|1.12_0|1.13_0|1.14_0|1.15_0|1.1_0|1.6_0|1.7_1|1.7_2|1.8_0|1.9_0|4.0_0|4.11_0|4.11a_1|4.11a_2|4.11a_3|4.11b_1|4.11b_2|4.13_0|4.1_1|4.1_2|4.2_1|4.2_2|4.2_3|4.3_1|4.3_2|4.3a_0|4.4_0;cujo valor da fobj=4
2022-06-22 13:47:08,946 - INFO - [1000]do_simulated_annealing:Simulation(True):BestValue(4)
2022-06-22 13:47:08,946 - INFO - Melhor configuração final:0.1_1|0.1_2|0.2_0|0.3_1|0.3_2|0.3_3|0.3_4|0.4_0|0.5_1|0.5_2|0.5_3|0.5_4|0.6_1|1.0_0|1.11_1|1.11_2|1.12_0|1.13_0|1.14_0|1.15_0|1.1_0|1.6_0|1.7_1|1.7_2|1.8_0|1.9_0|4.0_0|4.11_0|4.11a_1|4.11a_2|4.11a_3|4.11b_1|4.11b_2|4.13_0|4.1_1|4.1_2|4.2_1|4.2_2|4.2_3|4.3_1|4.3_2|4.3a_0|4.4_0:4
2022-06-22 13:47:08,953 - INFO - [20220622104626369527]save_history:mcmc_clustering_exp_1000_1_history.csv
2022-06-22 13:47:34,137 - DEBUG - max_value:9900.0
2022-06-22 13:47:34,138 - ERROR - module 'common' has no attribute 'point_colors'
2022-06-22 13:47:34,138 - ERROR - [EXPT]plot_results
2022-06-22 13:47:34,138 - ERROR - module 'common' has no attribute 'point_colors'
