2022-06-18 21:30:41,959 - INFO - ***********************************************************
2022-06-18 21:30:41,961 - INFO - *** MCMC Helper                                         ***
2022-06-18 21:30:41,961 - INFO - *** Algoritmos de Monte Carlo e Cadeias de Markov 2022/1***
2022-06-18 21:30:41,961 - INFO - *** Aluno: Victor de Almeida Xavier                     ***
2022-06-18 21:30:41,961 - INFO - ***********************************************************
2022-06-18 21:30:41,961 - INFO - *** Simulação de Otimização Combinatória                ***
2022-06-18 21:30:41,961 - INFO - ***********************************************************
2022-06-18 21:30:41,961 - INFO - [INIT]Module:Experiment
2022-06-18 21:30:41,962 - INFO - Experimentos de Simulação de Otimização Combinatória: Clustering
2022-06-18 21:30:41,962 - INFO - Arquivo de Entrada:./input/debug.csv
2022-06-18 21:30:41,962 - INFO - Estratégia de Resfriamento:linear
2022-06-18 21:30:41,962 - INFO - Número de passos:100
2022-06-18 21:30:41,963 - INFO - Número de execuções:2
2022-06-18 21:30:41,963 - INFO - Plotar resultados? False
2022-06-18 21:30:53,469 - INFO - [./input/debug.csv]load_samples:815
2022-06-18 21:30:55,427 - INFO - [814]do_normalize_samples:814
2022-06-18 21:30:57,532 - DEBUG - Working with 43 features.
2022-06-18 21:31:02,045 - INFO - 
2022-06-18 21:31:02,045 - DEBUG - Melhor vetor:[1, 1, 1, 0, 1, 0, 1, 1, 0, 0, 1, 1, 0, 0, 0, 0, 0, 1, 1, 0, 1, 0, 1, 1, 0, 0, 0, 0, 0, 1, 1, 0, 1, 0, 0, 1, 1, 0, 0, 0, 0, 0, 0]:0.022113022113022112
2022-06-18 21:31:02,045 - INFO - Melhor configuração:Q_0.1_2Q_0.1_2Q_0.1_2Q_0.1_2Q_0.1_2Q_0.1_2Q_0.1_2Q_0.1_2Q_0.1_2Q_0.1_2Q_0.1_2Q_0.1_2Q_0.1_2Q_0.1_2Q_0.1_2Q_0.1_2Q_0.1_2Q_0.1_2:0.022113022113022112
2022-06-18 21:31:02,045 - INFO - [100]do_simulated_annealing:Simulation(True):BestValue(0.022113022113022112)
2022-06-18 21:31:21,076 - INFO - 
2022-06-18 21:31:21,077 - DEBUG - Melhor vetor:[1, 1, 1, 0, 1, 1, 0, 0, 1, 0, 1, 0, 1, 1, 1, 0, 1, 1, 0, 1, 1, 1, 0, 0, 1, 0, 0, 1, 1, 1, 1, 1, 1, 1, 1, 1, 0, 0, 1, 0, 1, 0, 1]:0.0343980343980344
2022-06-18 21:31:21,077 - INFO - Melhor configuração:Q_0.1_2Q_0.1_2Q_0.1_2Q_0.1_2Q_0.1_2Q_0.1_2Q_0.1_2Q_0.1_2Q_0.1_2Q_0.1_2Q_0.1_2Q_0.1_2Q_0.1_2Q_0.1_2Q_0.1_2Q_0.1_2Q_0.1_2Q_0.1_2Q_0.1_2Q_0.1_2Q_0.1_2Q_0.1_2Q_0.1_2Q_0.1_2Q_0.1_2Q_0.1_2Q_0.1_2Q_0.1_2:0.0343980343980344
2022-06-18 21:31:21,077 - INFO - [100]do_simulated_annealing:Simulation(True):BestValue(0.0343980343980344)
2022-06-18 21:31:27,375 - INFO - Melhor configuração final:Q_0.1_2Q_0.1_2Q_0.1_2Q_0.1_2Q_0.1_2Q_0.1_2Q_0.1_2Q_0.1_2Q_0.1_2Q_0.1_2Q_0.1_2Q_0.1_2Q_0.1_2Q_0.1_2Q_0.1_2Q_0.1_2Q_0.1_2Q_0.1_2Q_0.1_2Q_0.1_2Q_0.1_2Q_0.1_2Q_0.1_2Q_0.1_2Q_0.1_2Q_0.1_2Q_0.1_2Q_0.1_2:0.0343980343980344
