2022-06-23 06:12:14,569 - INFO - ***********************************************************
2022-06-23 06:12:14,570 - INFO - *** MCMC Helper                                         ***
2022-06-23 06:12:14,570 - INFO - *** Algoritmos de Monte Carlo e Cadeias de Markov 2022/1***
2022-06-23 06:12:14,570 - INFO - *** Aluno: Victor de Almeida Xavier                     ***
2022-06-23 06:12:14,570 - INFO - ***********************************************************
2022-06-23 06:12:14,570 - INFO - *** Simulação de Otimização Combinatória                ***
2022-06-23 06:12:14,570 - INFO - ***********************************************************
2022-06-23 06:12:14,570 - INFO - [INIT]Module:Experiment
2022-06-23 06:12:14,571 - INFO - Experimentos de Simulação de Otimização Combinatória: Clustering
2022-06-23 06:12:14,571 - INFO - Arquivo de Entrada:./input/debug.csv
2022-06-23 06:12:14,572 - INFO - Estratégia de Resfriamento:exp
2022-06-23 06:12:14,572 - INFO - Função de Custo:uniqueness
2022-06-23 06:12:14,572 - INFO - Número de passos:100
2022-06-23 06:12:14,572 - INFO - Número de execuções:1
2022-06-23 06:12:14,572 - INFO - Taxa de resfriamento:0.9
2022-06-23 06:12:14,572 - INFO - Temperatura inicial:10000
2022-06-23 06:12:14,573 - INFO - Plotar resultados? True
2022-06-23 06:12:14,576 - INFO - [./input/debug.csv]load_samples:815
2022-06-23 06:12:14,618 - INFO - [814]do_normalize_samples:814
2022-06-23 06:12:17,303 - INFO - [43]get_features_from_header:43
2022-06-23 06:12:17,304 - DEBUG - Trabalhando com 43 features.
2022-06-23 06:12:19,425 - DEBUG - Melhor vetor após 88 passos:[1, 0, 0, 0, 1, 1, 1, 0, 1, 0, 1, 1, 1, 0, 0, 0, 1, 0, 0, 0, 1, 0, 0, 1, 1, 1, 1, 0, 0, 0, 0, 0, 1, 1, 1, 0, 0, 0, 1, 1, 0, 1, 1];cujo valor da fobj=6
2022-06-23 06:12:19,425 - INFO - Melhor configuração após 88 passos:0.1_1|0.3_2|0.3_3|0.3_4|0.5_1|0.5_3|0.5_4|0.6_1|1.12_0|1.1_0|1.7_2|1.8_0|1.9_0|4.0_0|4.11b_2|4.13_0|4.1_1|4.2_3|4.3_1|4.3a_0|4.4_0;cujo valor da fobj=6
2022-06-23 06:12:19,425 - DEBUG - [100]do_simulated_annealing:Simulation(True):BestValue(6)
2022-06-23 06:12:19,426 - INFO - Melhor configuração final:0.1_1|0.3_2|0.3_3|0.3_4|0.5_1|0.5_3|0.5_4|0.6_1|1.12_0|1.1_0|1.7_2|1.8_0|1.9_0|4.0_0|4.11b_2|4.13_0|4.1_1|4.2_3|4.3_1|4.3a_0|4.4_0:6
2022-06-23 06:12:19,427 - INFO - [20220623031210506082]save_history:mcmc_clustering_exp_100_1_history.csv
2022-06-23 06:12:20,519 - DEBUG - max_value:9000.0
