2022-06-23 15:45:38,975 - INFO - ***********************************************************
2022-06-23 15:45:38,976 - INFO - *** MCMC Helper                                         ***
2022-06-23 15:45:38,976 - INFO - *** Algoritmos de Monte Carlo e Cadeias de Markov 2022/1***
2022-06-23 15:45:38,976 - INFO - *** Aluno: Victor de Almeida Xavier                     ***
2022-06-23 15:45:38,976 - INFO - ***********************************************************
2022-06-23 15:45:38,976 - INFO - *** Simulação de Otimização Combinatória                ***
2022-06-23 15:45:38,976 - INFO - ***********************************************************
2022-06-23 15:45:38,977 - INFO - [INIT]Module:Experiment
2022-06-23 15:45:38,977 - INFO - Experimentos de Simulação de Otimização Combinatória: Clustering
2022-06-23 15:45:38,978 - INFO - Arquivo de Entrada:./input/debug.csv
2022-06-23 15:45:38,978 - INFO - Estratégia de Resfriamento:exp
2022-06-23 15:45:38,978 - INFO - Função de Custo:random
2022-06-23 15:45:38,978 - INFO - Número de passos:1000
2022-06-23 15:45:38,978 - INFO - Número de execuções:1
2022-06-23 15:45:38,978 - INFO - Taxa de resfriamento:0.9
2022-06-23 15:45:38,978 - INFO - Temperatura inicial:10000
2022-06-23 15:45:38,979 - INFO - Plotar resultados? True
2022-06-23 15:45:38,982 - INFO - [./input/debug.csv]load_samples:815
2022-06-23 15:45:39,042 - INFO - [814]do_normalize_samples:814
2022-06-23 15:45:53,207 - INFO - [43]get_features_from_header:43
2022-06-23 15:45:53,208 - DEBUG - Trabalhando com 43 features.
2022-06-23 15:45:53,221 - DEBUG - Melhor vetor após 88 passos:[0, 0, 0, 0, 0, 0, 0, 0, 0, 0, 0, 0, 0, 0, 0, 0, 0, 0, 0, 0, 0, 0, 0, 0, 0, 0, 0, 0, 0, 0, 0, 0, 0, 0, 0, 0, 0, 0, 0, 0, 0, 0, 0];cujo valor da fobj=25.696506821788024
2022-06-23 15:45:53,222 - INFO - Melhor configuração após 88 passos:;cujo valor da fobj=25.696506821788024
2022-06-23 15:45:53,222 - DEBUG - [1000]do_simulated_annealing:Simulation(True):BestValue(25.696506821788024)
2022-06-23 15:45:53,222 - INFO - Melhor configuração final::25.696506821788024
2022-06-23 15:45:53,223 - INFO - [20220623124534716619]save_history:mcmc_clustering_exp_1000_1_history.csv
2022-06-23 15:45:55,336 - DEBUG - max_value:9000.0
2022-06-23 15:46:47,556 - INFO - [DONE]Module:Experiment
