2022-06-19 01:05:56,630 - INFO - ***********************************************************
2022-06-19 01:05:56,631 - INFO - *** MCMC Helper                                         ***
2022-06-19 01:05:56,631 - INFO - *** Algoritmos de Monte Carlo e Cadeias de Markov 2022/1***
2022-06-19 01:05:56,632 - INFO - *** Aluno: Victor de Almeida Xavier                     ***
2022-06-19 01:05:56,632 - INFO - ***********************************************************
2022-06-19 01:05:56,632 - INFO - *** Simulação de Otimização Combinatória                ***
2022-06-19 01:05:56,632 - INFO - ***********************************************************
2022-06-19 01:05:56,632 - INFO - [INIT]Module:Experiment
2022-06-19 01:05:56,632 - INFO - Experimentos de Simulação de Otimização Combinatória: Clustering
2022-06-19 01:05:56,633 - INFO - Arquivo de Entrada:./input/debug.csv
2022-06-19 01:05:56,633 - INFO - Estratégia de Resfriamento:exp
2022-06-19 01:05:56,633 - INFO - Número de passos:1000
2022-06-19 01:05:56,633 - INFO - Número de execuções:3
2022-06-19 01:05:56,633 - INFO - Plotar resultados? False
2022-06-19 01:05:56,637 - INFO - [./input/debug.csv]load_samples:815
2022-06-19 01:05:56,680 - INFO - [814]do_normalize_samples:814
2022-06-19 01:05:56,680 - DEBUG - Working with 43 features.
2022-06-19 01:06:22,541 - DEBUG - Melhor vetor:[1, 0, 0, 0, 1, 1, 1, 1, 0, 1, 1, 0, 1, 1, 1, 1, 0, 1, 0, 0, 0, 0, 0, 0, 1, 0, 1, 1, 1, 0, 1, 1, 0, 1, 1, 1, 1, 0, 0, 0, 0, 0, 1]:6
2022-06-19 01:06:22,542 - INFO - Melhor configuração:Q_0.1_2Q_0.1_2Q_0.1_2Q_0.1_2Q_0.1_2Q_0.1_2Q_0.1_2Q_0.1_2Q_0.1_2Q_0.1_2Q_0.1_2Q_0.1_2Q_0.1_2Q_0.1_2Q_0.1_2Q_0.1_2Q_0.1_2Q_0.1_2Q_0.1_2Q_0.1_2Q_0.1_2Q_0.1_2Q_0.1_2:6
2022-06-19 01:06:22,542 - INFO - [1000]do_simulated_annealing:Simulation(True):BestValue(6)
2022-06-19 01:06:52,276 - DEBUG - Melhor vetor:[0, 1, 1, 0, 1, 1, 0, 1, 0, 1, 1, 1, 1, 1, 0, 1, 0, 1, 0, 0, 0, 0, 1, 1, 1, 0, 0, 1, 0, 1, 1, 0, 0, 0, 1, 1, 1, 0, 0, 0, 0, 0, 1]:10
2022-06-19 01:06:52,276 - INFO - Melhor configuração:Q_0.1_2Q_0.1_2Q_0.1_2Q_0.1_2Q_0.1_2Q_0.1_2Q_0.1_2Q_0.1_2Q_0.1_2Q_0.1_2Q_0.1_2Q_0.1_2Q_0.1_2Q_0.1_2Q_0.1_2Q_0.1_2Q_0.1_2Q_0.1_2Q_0.1_2Q_0.1_2Q_0.1_2Q_0.1_2:10
2022-06-19 01:06:52,277 - INFO - [1000]do_simulated_annealing:Simulation(True):BestValue(10)
2022-06-19 01:07:21,783 - DEBUG - Melhor vetor:[1, 1, 1, 1, 1, 1, 1, 0, 1, 1, 1, 1, 1, 1, 0, 1, 1, 0, 0, 0, 1, 1, 1, 0, 1, 0, 0, 0, 1, 0, 0, 1, 1, 1, 0, 1, 1, 1, 1, 0, 1, 0, 1]:5
2022-06-19 01:07:21,783 - INFO - Melhor configuração:Q_0.1_2Q_0.1_2Q_0.1_2Q_0.1_2Q_0.1_2Q_0.1_2Q_0.1_2Q_0.1_2Q_0.1_2Q_0.1_2Q_0.1_2Q_0.1_2Q_0.1_2Q_0.1_2Q_0.1_2Q_0.1_2Q_0.1_2Q_0.1_2Q_0.1_2Q_0.1_2Q_0.1_2Q_0.1_2Q_0.1_2Q_0.1_2Q_0.1_2Q_0.1_2Q_0.1_2Q_0.1_2Q_0.1_2:5
2022-06-19 01:07:21,783 - INFO - [1000]do_simulated_annealing:Simulation(True):BestValue(5)
2022-06-19 01:07:21,784 - INFO - Melhor configuração final:Q_0.1_2Q_0.1_2Q_0.1_2Q_0.1_2Q_0.1_2Q_0.1_2Q_0.1_2Q_0.1_2Q_0.1_2Q_0.1_2Q_0.1_2Q_0.1_2Q_0.1_2Q_0.1_2Q_0.1_2Q_0.1_2Q_0.1_2Q_0.1_2Q_0.1_2Q_0.1_2Q_0.1_2Q_0.1_2:10
2022-06-19 01:07:28,746 - INFO - [20220618220552732075]save_history:mcmc_clustering_exp_1000_3_history.csv
2022-06-19 01:11:39,785 - DEBUG - max_value:1000.0
