2022-06-19 13:25:47,248 - INFO - ***********************************************************
2022-06-19 13:25:47,249 - INFO - *** MCMC Helper                                         ***
2022-06-19 13:25:47,249 - INFO - *** Algoritmos de Monte Carlo e Cadeias de Markov 2022/1***
2022-06-19 13:25:47,249 - INFO - *** Aluno: Victor de Almeida Xavier                     ***
2022-06-19 13:25:47,249 - INFO - ***********************************************************
2022-06-19 13:25:47,250 - INFO - *** Simulação de Otimização Combinatória                ***
2022-06-19 13:25:47,250 - INFO - ***********************************************************
2022-06-19 13:25:47,250 - INFO - [INIT]Module:Experiment
2022-06-19 13:25:47,251 - INFO - Experimentos de Simulação de Otimização Combinatória: Clustering
2022-06-19 13:25:47,251 - INFO - Arquivo de Entrada:./input/debug.csv
2022-06-19 13:25:47,251 - INFO - Estratégia de Resfriamento:delta
2022-06-19 13:25:47,252 - INFO - Número de passos:1000
2022-06-19 13:25:47,252 - INFO - Número de execuções:3
2022-06-19 13:25:47,252 - INFO - Plotar resultados? False
2022-06-19 13:25:47,256 - INFO - [./input/debug.csv]load_samples:815
2022-06-19 13:25:47,297 - INFO - [814]do_normalize_samples:814
2022-06-19 13:25:47,297 - DEBUG - Working with 43 features.
2022-06-19 13:26:11,712 - DEBUG - Melhor vetor:[1, 0, 0, 1, 0, 1, 1, 0, 0, 0, 1, 0, 0, 1, 1, 1, 1, 0, 1, 1, 0, 1, 0, 1, 0, 0, 1, 1, 0, 1, 1, 0, 1, 1, 1, 0, 1, 1, 0, 1, 0, 0, 1]:65
2022-06-19 13:26:11,713 - INFO - Melhor configuração:Q_0.1_1|Q_0.3_1|Q_0.3_3|Q_0.3_4|Q_0.5_3|Q_1.0_0|Q_1.11_1|Q_1.11_2|Q_1.12_0|Q_1.14_0|Q_1.15_0|Q_1.6_0|Q_1.7_2|Q_4.0_0|Q_4.11_0|Q_4.11a_2|Q_4.11a_3|Q_4.11b_2|Q_4.13_0|Q_4.1_1|Q_4.2_1|Q_4.2_2|Q_4.3_1|Q_4.4_0:65
2022-06-19 13:26:11,716 - INFO - [1000]do_simulated_annealing:Simulation(True):BestValue(65)
2022-06-19 13:26:37,174 - DEBUG - Melhor vetor:[1, 1, 1, 1, 1, 1, 0, 1, 1, 1, 1, 0, 1, 1, 1, 0, 1, 0, 0, 1, 0, 1, 0, 0, 0, 1, 1, 1, 1, 0, 1, 1, 1, 1, 1, 1, 1, 1, 0, 0, 0, 1, 0]:5
2022-06-19 13:26:37,175 - INFO - Melhor configuração:Q_0.1_1|Q_0.1_2|Q_0.2_0|Q_0.3_1|Q_0.3_2|Q_0.3_3|Q_0.4_0|Q_0.5_1|Q_0.5_2|Q_0.5_3|Q_0.6_1|Q_1.0_0|Q_1.11_1|Q_1.12_0|Q_1.15_0|Q_1.6_0|Q_1.9_0|Q_4.0_0|Q_4.11_0|Q_4.11a_1|Q_4.11a_3|Q_4.11b_1|Q_4.11b_2|Q_4.13_0|Q_4.1_1|Q_4.1_2|Q_4.2_1|Q_4.2_2|Q_4.3a_0:5
2022-06-19 13:26:37,175 - INFO - [1000]do_simulated_annealing:Simulation(True):BestValue(5)
2022-06-19 13:27:04,353 - DEBUG - Melhor vetor:[1, 1, 0, 0, 1, 0, 0, 1, 0, 1, 1, 1, 0, 1, 0, 1, 1, 1, 0, 0, 0, 1, 0, 1, 1, 1, 1, 1, 0, 1, 0, 0, 1, 0, 0, 0, 0, 1, 0, 1, 1, 1, 0]:49
2022-06-19 13:27:04,353 - INFO - Melhor configuração:Q_0.1_1|Q_0.1_2|Q_0.3_2|Q_0.4_0|Q_0.5_2|Q_0.5_3|Q_0.5_4|Q_1.0_0|Q_1.11_2|Q_1.12_0|Q_1.13_0|Q_1.6_0|Q_1.7_2|Q_1.8_0|Q_1.9_0|Q_4.0_0|Q_4.11_0|Q_4.11a_2|Q_4.11b_2|Q_4.2_2|Q_4.3_1|Q_4.3_2|Q_4.3a_0:49
2022-06-19 13:27:04,353 - INFO - [1000]do_simulated_annealing:Simulation(True):BestValue(49)
2022-06-19 13:27:04,354 - INFO - Melhor configuração final::0
2022-06-19 13:27:04,364 - INFO - [20220619102543303604]save_history:mcmc_clustering_delta_1000_3_history.csv
2022-06-19 13:28:31,183 - DEBUG - max_value:1000
