2022-06-23 05:55:42,376 - INFO - ***********************************************************
2022-06-23 05:55:42,377 - INFO - *** MCMC Helper                                         ***
2022-06-23 05:55:42,377 - INFO - *** Algoritmos de Monte Carlo e Cadeias de Markov 2022/1***
2022-06-23 05:55:42,377 - INFO - *** Aluno: Victor de Almeida Xavier                     ***
2022-06-23 05:55:42,377 - INFO - ***********************************************************
2022-06-23 05:55:42,378 - INFO - *** Simulação de Otimização Combinatória                ***
2022-06-23 05:55:42,378 - INFO - ***********************************************************
2022-06-23 05:55:42,378 - INFO - [INIT]Module:Experiment
2022-06-23 05:55:42,379 - INFO - Experimentos de Simulação de Otimização Combinatória: Clustering
2022-06-23 05:55:42,380 - INFO - Arquivo de Entrada:./input/debug.csv
2022-06-23 05:55:42,381 - INFO - Estratégia de Resfriamento:all
2022-06-23 05:55:42,381 - INFO - Função de Custo:uniqueness
2022-06-23 05:55:42,381 - INFO - Número de passos:100
2022-06-23 05:55:42,381 - INFO - Número de execuções:1
2022-06-23 05:55:42,382 - INFO - Taxa de resfriamento:0.9
2022-06-23 05:55:42,382 - INFO - Temperatura inicial:10000
2022-06-23 05:55:42,382 - INFO - Plotar resultados? True
2022-06-23 05:55:42,386 - INFO - [./input/debug.csv]load_samples:815
2022-06-23 05:55:42,434 - INFO - [814]do_normalize_samples:814
2022-06-23 05:55:45,699 - INFO - [43]get_features_from_header:43
2022-06-23 05:55:45,699 - DEBUG - Trabalhando com 43 features.
2022-06-23 05:55:45,850 - DEBUG - Melhor vetor após 5 passos:[1, 0, 1, 1, 1, 0, 1, 0, 1, 1, 0, 1, 1, 0, 1, 1, 1, 1, 0, 0, 1, 1, 1, 1, 0, 0, 0, 1, 0, 0, 0, 1, 0, 0, 0, 1, 1, 0, 1, 0, 0, 1, 1];cujo valor da fobj=10
2022-06-23 05:55:45,850 - INFO - Melhor configuração após 5 passos:0.1_1|0.2_0|0.3_1|0.3_2|0.3_4|0.5_1|0.5_2|0.5_4|0.6_1|1.11_1|1.11_2|1.12_0|1.13_0|1.1_0|1.6_0|1.7_1|1.7_2|4.11_0|4.11b_1|4.1_2|4.2_1|4.2_3|4.3a_0|4.4_0;cujo valor da fobj=10
2022-06-23 05:55:45,850 - DEBUG - [100]do_simulated_annealing:Simulation(True):BestValue(10)
2022-06-23 05:55:48,395 - DEBUG - Melhor vetor após 100 passos:[1, 1, 1, 0, 0, 0, 0, 1, 1, 1, 0, 1, 1, 0, 0, 1, 0, 1, 0, 0, 1, 1, 1, 0, 1, 1, 1, 0, 0, 0, 1, 1, 0, 1, 0, 0, 0, 1, 1, 1, 1, 1, 1];cujo valor da fobj=5
2022-06-23 05:55:48,395 - INFO - Melhor configuração após 100 passos:0.1_1|0.1_2|0.2_0|0.4_0|0.5_1|0.5_2|0.5_4|0.6_1|1.11_2|1.13_0|1.1_0|1.6_0|1.7_1|1.8_0|1.9_0|4.0_0|4.11a_3|4.11b_1|4.13_0|4.2_2|4.2_3|4.3_1|4.3_2|4.3a_0|4.4_0;cujo valor da fobj=5
2022-06-23 05:55:48,396 - DEBUG - [100]do_simulated_annealing:Simulation(True):BestValue(5)
2022-06-23 05:55:50,894 - DEBUG - Melhor vetor após 100 passos:[1, 0, 1, 0, 0, 1, 1, 1, 1, 1, 1, 1, 1, 1, 1, 0, 1, 0, 1, 0, 1, 0, 0, 0, 1, 0, 1, 1, 0, 0, 1, 0, 0, 1, 1, 0, 1, 1, 0, 1, 0, 0, 1];cujo valor da fobj=6
2022-06-23 05:55:50,894 - INFO - Melhor configuração após 100 passos:0.1_1|0.2_0|0.3_3|0.3_4|0.4_0|0.5_1|0.5_2|0.5_3|0.5_4|0.6_1|1.0_0|1.11_1|1.12_0|1.14_0|1.1_0|1.8_0|4.0_0|4.11_0|4.11a_3|4.13_0|4.1_1|4.2_1|4.2_2|4.3_1|4.4_0;cujo valor da fobj=6
2022-06-23 05:55:50,894 - DEBUG - [100]do_simulated_annealing:Simulation(True):BestValue(6)
2022-06-23 05:55:53,274 - DEBUG - Melhor vetor após 88 passos:[1, 0, 0, 1, 0, 1, 1, 1, 0, 1, 1, 0, 1, 1, 1, 1, 0, 1, 0, 0, 0, 0, 0, 0, 1, 1, 1, 0, 0, 1, 1, 0, 1, 1, 0, 0, 1, 1, 1, 0, 1, 1, 1];cujo valor da fobj=7
2022-06-23 05:55:53,274 - INFO - Melhor configuração após 88 passos:0.1_1|0.3_1|0.3_3|0.3_4|0.4_0|0.5_2|0.5_3|0.6_1|1.0_0|1.11_1|1.11_2|1.13_0|1.8_0|1.9_0|4.0_0|4.11a_2|4.11a_3|4.11b_2|4.13_0|4.2_1|4.2_2|4.2_3|4.3_2|4.3a_0|4.4_0;cujo valor da fobj=7
2022-06-23 05:55:53,274 - DEBUG - [100]do_simulated_annealing:Simulation(True):BestValue(7)
2022-06-23 05:55:56,029 - DEBUG - Melhor vetor após 100 passos:[1, 0, 0, 1, 0, 0, 1, 1, 1, 1, 1, 1, 1, 1, 0, 0, 0, 0, 1, 0, 0, 0, 1, 0, 1, 1, 1, 0, 1, 1, 0, 1, 1, 1, 1, 0, 1, 1, 1, 0, 0, 1, 1];cujo valor da fobj=5
2022-06-23 05:55:56,030 - INFO - Melhor configuração após 100 passos:0.1_1|0.3_1|0.3_4|0.4_0|0.5_1|0.5_2|0.5_3|0.5_4|0.6_1|1.0_0|1.14_0|1.7_1|1.8_0|1.9_0|4.0_0|4.11a_1|4.11a_2|4.11b_1|4.11b_2|4.13_0|4.1_1|4.2_1|4.2_2|4.2_3|4.3a_0|4.4_0;cujo valor da fobj=5
2022-06-23 05:55:56,030 - DEBUG - [100]do_simulated_annealing:Simulation(True):BestValue(5)
2022-06-23 05:55:56,030 - INFO - Melhor configuração final:0.1_1|0.1_2|0.2_0|0.4_0|0.5_1|0.5_2|0.5_4|0.6_1|1.11_2|1.13_0|1.1_0|1.6_0|1.7_1|1.8_0|1.9_0|4.0_0|4.11a_3|4.11b_1|4.13_0|4.2_2|4.2_3|4.3_1|4.3_2|4.3a_0|4.4_0:5
2022-06-23 05:55:56,036 - INFO - [20220623025535453895]save_history:mcmc_clustering_all_100_1_history.csv
2022-06-23 05:55:58,075 - DEBUG - max_value:205.0
