2022-06-21 01:09:20,134 - INFO - ***********************************************************
2022-06-21 01:09:20,134 - INFO - *** MCMC Helper                                         ***
2022-06-21 01:09:20,135 - INFO - *** Algoritmos de Monte Carlo e Cadeias de Markov 2022/1***
2022-06-21 01:09:20,135 - INFO - *** Aluno: Victor de Almeida Xavier                     ***
2022-06-21 01:09:20,135 - INFO - ***********************************************************
2022-06-21 01:09:20,135 - INFO - *** Simulação de Otimização Combinatória                ***
2022-06-21 01:09:20,135 - INFO - ***********************************************************
2022-06-21 01:09:20,135 - INFO - [INIT]Module:Experiment
2022-06-21 01:09:20,136 - INFO - Experimentos de Simulação de Otimização Combinatória: Clustering
2022-06-21 01:09:20,136 - INFO - Arquivo de Entrada:./input/debug.csv
2022-06-21 01:09:20,136 - INFO - Estratégia de Resfriamento:exp
2022-06-21 01:09:20,137 - INFO - Função de Custo:uniqueness
2022-06-21 01:09:20,137 - INFO - Número de passos:1000
2022-06-21 01:09:20,137 - INFO - Número de execuções:1
2022-06-21 01:09:20,137 - INFO - Taxa de resfriamento:0.95
2022-06-21 01:09:20,137 - INFO - Plotar resultados? True
2022-06-21 01:09:22,814 - INFO - [./input/debug.csv]load_samples:815
2022-06-21 01:09:22,886 - INFO - [814]do_normalize_samples:814
2022-06-21 01:09:22,886 - DEBUG - Working with 43 features.
2022-06-21 01:09:27,725 - DEBUG - Melhor vetor após 136 passos:[0, 1, 1, 0, 1, 1, 0, 1, 0, 0, 1, 1, 1, 1, 1, 0, 0, 0, 1, 1, 1, 0, 0, 0, 0, 0, 1, 1, 0, 1, 1, 0, 0, 0, 1, 1, 1, 1, 0, 0, 1, 0, 1];cujo valor da fobj=8
2022-06-21 01:09:27,726 - INFO - Melhor configuração após 136 passos:Q_0.1_2|Q_0.2_0|Q_0.3_2|Q_0.3_3|Q_0.4_0|Q_0.5_3|Q_0.5_4|Q_0.6_1|Q_1.0_0|Q_1.11_1|Q_1.14_0|Q_1.15_0|Q_1.1_0|Q_4.0_0|Q_4.11_0|Q_4.11a_2|Q_4.11a_3|Q_4.1_1|Q_4.1_2|Q_4.2_1|Q_4.2_2|Q_4.3_2|Q_4.4_0;cujo valor da fobj=8
2022-06-21 01:09:27,726 - INFO - [1000]do_simulated_annealing:Simulation(True):BestValue(8)
2022-06-21 01:09:27,726 - INFO - Melhor configuração final:Q_0.1_2|Q_0.2_0|Q_0.3_2|Q_0.3_3|Q_0.4_0|Q_0.5_3|Q_0.5_4|Q_0.6_1|Q_1.0_0|Q_1.11_1|Q_1.14_0|Q_1.15_0|Q_1.1_0|Q_4.0_0|Q_4.11_0|Q_4.11a_2|Q_4.11a_3|Q_4.1_1|Q_4.1_2|Q_4.2_1|Q_4.2_2|Q_4.3_2|Q_4.4_0:8
2022-06-21 01:09:27,727 - INFO - [20220620220915591016]save_history:mcmc_clustering_exp_1000_1_history.csv
2022-06-21 01:09:37,872 - DEBUG - max_value:950.0
2022-06-21 01:11:38,161 - INFO - [DONE]Module:Experiment
