2022-06-23 07:43:15,411 - INFO - ***********************************************************
2022-06-23 07:43:15,412 - INFO - *** MCMC Helper                                         ***
2022-06-23 07:43:15,412 - INFO - *** Algoritmos de Monte Carlo e Cadeias de Markov 2022/1***
2022-06-23 07:43:15,412 - INFO - *** Aluno: Victor de Almeida Xavier                     ***
2022-06-23 07:43:15,412 - INFO - ***********************************************************
2022-06-23 07:43:15,412 - INFO - *** Simulação de Otimização Combinatória                ***
2022-06-23 07:43:15,412 - INFO - ***********************************************************
2022-06-23 07:43:15,412 - INFO - [INIT]Module:Experiment
2022-06-23 07:43:15,412 - INFO - Experimentos de Simulação de Otimização Combinatória: Clustering
2022-06-23 07:43:15,412 - INFO - Arquivo de Entrada:./input/debug.csv
2022-06-23 07:43:15,413 - INFO - Estratégia de Resfriamento:all
2022-06-23 07:43:15,413 - INFO - Função de Custo:uniqueness
2022-06-23 07:43:15,413 - INFO - Número de passos:10000
2022-06-23 07:43:15,413 - INFO - Número de execuções:1
2022-06-23 07:43:15,413 - INFO - Taxa de resfriamento:0.9
2022-06-23 07:43:15,413 - INFO - Temperatura inicial:10000.0
2022-06-23 07:43:15,413 - INFO - Configuração Inicial:1a
2022-06-23 07:43:15,413 - INFO - Plotar resultados? True
2022-06-23 07:43:15,417 - INFO - [./input/debug.csv]load_samples:815
2022-06-23 07:43:15,449 - INFO - [814]do_normalize_samples:814
2022-06-23 07:43:15,450 - INFO - [43]get_features_from_header:43
2022-06-23 07:43:41,746 - INFO - Melhor configuração após 1596 passos:0.1_1|0.2_0|0.3_1|0.3_2|0.3_3|0.4_0|0.5_1|0.5_2|0.5_3|0.5_4|0.6_1|1.0_0|1.11_1|1.11_2|1.12_0|1.13_0|1.14_0|1.15_0|1.1_0|1.6_0|1.7_1|1.7_2|1.8_0|1.9_0|4.0_0|4.11b_1|4.11b_2|4.2_1|4.2_2|4.3_1|4.3a_0|4.4_0;cujo valor da fobj=4
2022-06-23 07:46:28,718 - INFO - Melhor configuração após 10000 passos:0.1_1|0.2_0|0.3_1|0.3_3|0.4_0|0.5_1|0.5_2|0.5_3|0.5_4|0.6_1|1.0_0|1.11_1|1.11_2|1.12_0|1.13_0|1.14_0|1.15_0|1.1_0|1.6_0|1.7_1|1.7_2|1.8_0|1.9_0|4.0_0|4.11a_1|4.11a_2|4.11a_3|4.11b_1|4.13_0|4.1_1|4.1_2|4.2_1|4.2_2|4.3_1|4.3a_0|4.4_0;cujo valor da fobj=4
2022-06-23 07:49:14,899 - INFO - Melhor configuração após 10000 passos:0.1_1|0.1_2|0.2_0|0.3_3|0.3_4|0.4_0|0.5_1|0.5_2|0.5_3|0.6_1|1.0_0|1.11_1|1.11_2|1.12_0|1.13_0|1.14_0|1.15_0|1.1_0|1.6_0|1.7_1|1.7_2|1.8_0|1.9_0|4.0_0|4.11_0|4.11a_2|4.11a_3|4.11b_1|4.1_1|4.2_3|4.3_1|4.3a_0|4.4_0;cujo valor da fobj=4
2022-06-23 07:49:16,415 - INFO - Melhor configuração após 88 passos:0.1_1|0.1_2|0.3_1|0.3_3|0.3_4|0.4_0|0.5_2|0.5_3|0.5_4|0.6_1|1.0_0|1.11_1|1.11_2|1.12_0|1.13_0|1.14_0|1.15_0|1.1_0|1.6_0|1.7_1|1.7_2|1.8_0|1.9_0|4.11_0|4.11a_1|4.11a_2|4.11a_3|4.11b_1|4.13_0|4.1_1|4.1_2|4.3_1|4.3a_0|4.4_0;cujo valor da fobj=4
2022-06-23 07:49:18,257 - INFO - Melhor configuração após 106 passos:0.1_1|0.2_0|0.3_3|0.3_4|0.4_0|0.5_1|0.5_2|0.5_3|0.5_4|0.6_1|1.0_0|1.11_1|1.11_2|1.12_0|1.13_0|1.14_0|1.15_0|1.1_0|1.6_0|1.7_1|1.7_2|1.8_0|1.9_0|4.0_0|4.11a_1|4.11b_1|4.11b_2|4.1_1|4.1_2|4.2_1|4.2_3|4.3_2|4.3a_0;cujo valor da fobj=4
2022-06-23 07:49:18,257 - INFO - Melhor configuração final:0.1_1|0.2_0|0.3_1|0.3_2|0.3_3|0.4_0|0.5_1|0.5_2|0.5_3|0.5_4|0.6_1|1.0_0|1.11_1|1.11_2|1.12_0|1.13_0|1.14_0|1.15_0|1.1_0|1.6_0|1.7_1|1.7_2|1.8_0|1.9_0|4.0_0|4.11b_1|4.11b_2|4.2_1|4.2_2|4.3_1|4.3a_0|4.4_0:4
2022-06-23 07:49:18,333 - INFO - [20220623044313337264]save_history:mcmc_clustering_all_10000_1_history.csv
2022-06-23 07:59:07,519 - INFO - [DONE]Module:Experiment
