2022-06-23 02:03:49,381 - INFO - ***********************************************************
2022-06-23 02:03:49,382 - INFO - *** MCMC Helper                                         ***
2022-06-23 02:03:49,382 - INFO - *** Algoritmos de Monte Carlo e Cadeias de Markov 2022/1***
2022-06-23 02:03:49,382 - INFO - *** Aluno: Victor de Almeida Xavier                     ***
2022-06-23 02:03:49,382 - INFO - ***********************************************************
2022-06-23 02:03:49,383 - INFO - *** Simulação de Otimização Combinatória                ***
2022-06-23 02:03:49,383 - INFO - ***********************************************************
2022-06-23 02:03:49,383 - INFO - [INIT]Module:Experiment
2022-06-23 02:03:49,384 - INFO - Experimentos de Simulação de Otimização Combinatória: Clustering
2022-06-23 02:03:49,384 - INFO - Arquivo de Entrada:./input/debug.csv
2022-06-23 02:03:49,384 - INFO - Estratégia de Resfriamento:all
2022-06-23 02:03:49,385 - INFO - Função de Custo:uniqueness
2022-06-23 02:03:49,385 - INFO - Número de passos:1000
2022-06-23 02:03:49,385 - INFO - Número de execuções:1
2022-06-23 02:03:49,385 - INFO - Taxa de resfriamento:0.99
2022-06-23 02:03:49,385 - INFO - Temperatura inicial:10000
2022-06-23 02:03:49,385 - INFO - Plotar resultados? True
2022-06-23 02:03:49,390 - INFO - [./input/debug.csv]load_samples:815
2022-06-23 02:03:49,458 - INFO - [814]do_normalize_samples:814
2022-06-23 02:03:55,174 - INFO - [43]get_features_from_header:43
2022-06-23 02:03:55,175 - DEBUG - Trabalhando com 43 features.
2022-06-23 02:04:43,144 - DEBUG - Melhor vetor após 1000 passos:[1, 0, 0, 1, 1, 0, 1, 1, 1, 1, 1, 1, 1, 1, 0, 1, 0, 0, 1, 0, 1, 1, 1, 1, 1, 0, 1, 1, 1, 1, 0, 1, 1, 0, 0, 1, 1, 1, 0, 0, 0, 1, 1];cujo valor da fobj=4
2022-06-23 02:04:43,145 - INFO - Melhor configuração após 1000 passos:0.1_1|0.3_1|0.3_2|0.3_4|0.4_0|0.5_1|0.5_2|0.5_3|0.5_4|0.6_1|1.0_0|1.11_2|1.14_0|1.1_0|1.6_0|1.7_1|1.7_2|1.8_0|4.0_0|4.11_0|4.11a_1|4.11a_2|4.11b_1|4.11b_2|4.1_2|4.2_1|4.2_2|4.3a_0|4.4_0;cujo valor da fobj=4
2022-06-23 02:04:43,145 - DEBUG - [1000]do_simulated_annealing:Simulation(True):BestValue(4)
2022-06-23 02:05:34,784 - DEBUG - Melhor vetor após 1000 passos:[1, 1, 1, 1, 0, 1, 0, 1, 1, 1, 1, 0, 1, 1, 1, 1, 0, 0, 0, 1, 0, 0, 1, 0, 1, 1, 1, 1, 0, 1, 1, 1, 0, 1, 0, 1, 0, 0, 0, 1, 1, 1, 1];cujo valor da fobj=4
2022-06-23 02:05:34,784 - INFO - Melhor configuração após 1000 passos:0.1_1|0.1_2|0.2_0|0.3_1|0.3_3|0.4_0|0.5_1|0.5_2|0.5_3|0.6_1|1.0_0|1.11_1|1.11_2|1.15_0|1.7_1|1.8_0|1.9_0|4.0_0|4.11_0|4.11a_2|4.11a_3|4.11b_1|4.13_0|4.1_2|4.3_1|4.3_2|4.3a_0|4.4_0;cujo valor da fobj=4
2022-06-23 02:05:34,784 - DEBUG - [1000]do_simulated_annealing:Simulation(True):BestValue(4)
2022-06-23 02:06:26,272 - DEBUG - Melhor vetor após 1000 passos:[1, 0, 1, 0, 1, 1, 1, 0, 1, 1, 0, 1, 1, 1, 0, 0, 0, 1, 0, 1, 0, 0, 1, 1, 0, 0, 1, 1, 0, 0, 1, 1, 0, 0, 1, 1, 0, 1, 0, 1, 1, 1, 0];cujo valor da fobj=5
2022-06-23 02:06:26,272 - INFO - Melhor configuração após 1000 passos:0.1_1|0.2_0|0.3_2|0.3_3|0.3_4|0.5_1|0.5_2|0.5_4|0.6_1|1.0_0|1.13_0|1.15_0|1.7_1|1.7_2|4.0_0|4.11_0|4.11a_3|4.11b_1|4.1_1|4.1_2|4.2_2|4.3_1|4.3_2|4.3a_0;cujo valor da fobj=5
2022-06-23 02:06:26,272 - DEBUG - [1000]do_simulated_annealing:Simulation(True):BestValue(5)
2022-06-23 02:07:10,316 - DEBUG - Melhor vetor após 917 passos:[1, 0, 1, 1, 1, 1, 0, 0, 1, 1, 1, 1, 1, 1, 0, 1, 1, 0, 1, 0, 0, 1, 1, 0, 1, 1, 0, 1, 1, 1, 0, 1, 0, 0, 1, 0, 1, 1, 1, 1, 0, 1, 0];cujo valor da fobj=4
2022-06-23 02:07:10,316 - INFO - Melhor configuração após 917 passos:0.1_1|0.2_0|0.3_1|0.3_2|0.3_3|0.5_1|0.5_2|0.5_3|0.5_4|0.6_1|1.0_0|1.11_2|1.12_0|1.14_0|1.6_0|1.7_1|1.8_0|1.9_0|4.11_0|4.11a_1|4.11a_2|4.11b_1|4.1_1|4.2_1|4.2_2|4.2_3|4.3_1|4.3a_0;cujo valor da fobj=4
2022-06-23 02:07:10,316 - DEBUG - [1000]do_simulated_annealing:Simulation(True):BestValue(4)
2022-06-23 02:07:14,703 - DEBUG - Melhor vetor após 102 passos:[0, 1, 0, 0, 0, 1, 1, 0, 1, 1, 1, 1, 1, 1, 0, 1, 1, 0, 0, 0, 1, 1, 0, 0, 1, 1, 1, 0, 1, 1, 1, 1, 1, 0, 1, 0, 0, 1, 0, 1, 1, 1, 1];cujo valor da fobj=5
2022-06-23 02:07:14,704 - INFO - Melhor configuração após 102 passos:0.1_2|0.3_3|0.3_4|0.5_1|0.5_2|0.5_3|0.5_4|0.6_1|1.0_0|1.11_2|1.12_0|1.1_0|1.6_0|1.8_0|1.9_0|4.0_0|4.11a_1|4.11a_2|4.11a_3|4.11b_1|4.11b_2|4.1_1|4.2_2|4.3_1|4.3_2|4.3a_0|4.4_0;cujo valor da fobj=5
2022-06-23 02:07:14,704 - DEBUG - [1000]do_simulated_annealing:Simulation(True):BestValue(5)
2022-06-23 02:07:14,704 - INFO - Melhor configuração final:0.1_1|0.3_1|0.3_2|0.3_4|0.4_0|0.5_1|0.5_2|0.5_3|0.5_4|0.6_1|1.0_0|1.11_2|1.14_0|1.1_0|1.6_0|1.7_1|1.7_2|1.8_0|4.0_0|4.11_0|4.11a_1|4.11a_2|4.11b_1|4.11b_2|4.1_2|4.2_1|4.2_2|4.3a_0|4.4_0:4
2022-06-23 02:07:14,758 - INFO - [20220622230339621782]save_history:mcmc_clustering_all_1000_1_history.csv
2022-06-23 02:07:25,618 - DEBUG - max_value:999.0
2022-06-23 02:07:28,700 - DEBUG - max_value:9999.01
2022-06-23 02:16:07,193 - DEBUG - max_value:14532.039861214764
2022-06-23 02:16:24,151 - DEBUG - max_value:9900.0
2022-06-23 02:16:26,959 - DEBUG - max_value:10000.0
2022-06-23 02:16:42,082 - INFO - [DONE]Module:Experiment
