2022-06-20 23:16:55,956 - INFO - ***********************************************************
2022-06-20 23:16:55,957 - INFO - *** MCMC Helper                                         ***
2022-06-20 23:16:55,958 - INFO - *** Algoritmos de Monte Carlo e Cadeias de Markov 2022/1***
2022-06-20 23:16:55,958 - INFO - *** Aluno: Victor de Almeida Xavier                     ***
2022-06-20 23:16:55,958 - INFO - ***********************************************************
2022-06-20 23:16:55,958 - INFO - *** Simulação de Otimização Combinatória                ***
2022-06-20 23:16:55,958 - INFO - ***********************************************************
2022-06-20 23:16:55,958 - INFO - [INIT]Module:Experiment
2022-06-20 23:16:55,959 - INFO - Experimentos de Simulação de Otimização Combinatória: Clustering
2022-06-20 23:16:55,960 - INFO - Arquivo de Entrada:./input/debug.csv
2022-06-20 23:16:55,960 - INFO - Estratégia de Resfriamento:exp
2022-06-20 23:16:55,960 - INFO - Função de Custo:uniqueness
2022-06-20 23:16:55,960 - INFO - Número de passos:1000
2022-06-20 23:16:55,960 - INFO - Número de execuções:1
2022-06-20 23:16:55,960 - INFO - Taxa de resfriamento:0.85
2022-06-20 23:16:55,961 - INFO - Plotar resultados? True
2022-06-20 23:16:58,417 - INFO - [./input/debug.csv]load_samples:815
2022-06-20 23:16:58,461 - INFO - [814]do_normalize_samples:814
2022-06-20 23:16:58,461 - DEBUG - Working with 43 features.
2022-06-20 23:17:18,778 - DEBUG - Melhor vetor após 43 passos:[0, 1, 1, 1, 1, 1, 0, 1, 0, 0, 1, 1, 1, 0, 1, 0, 0, 1, 1, 0, 1, 0, 0, 1, 1, 1, 0, 0, 1, 0, 0, 0, 0, 0, 0, 1, 0, 1, 1, 1, 1, 1, 1];cujo valor da fobj=22
2022-06-20 23:17:18,779 - INFO - Melhor configuração após 43 passos:Q_0.1_2|Q_0.2_0|Q_0.3_1|Q_0.3_2|Q_0.3_3|Q_0.4_0|Q_0.5_3|Q_0.5_4|Q_0.6_1|Q_1.11_1|Q_1.13_0|Q_1.14_0|Q_1.1_0|Q_1.7_2|Q_1.8_0|Q_1.9_0|Q_4.11a_1|Q_4.1_2|Q_4.2_2|Q_4.2_3|Q_4.3_1|Q_4.3_2|Q_4.3a_0|Q_4.4_0;cujo valor da fobj=22
2022-06-20 23:17:18,779 - INFO - [1000]do_simulated_annealing:Simulation(True):BestValue(22)
2022-06-20 23:17:18,780 - INFO - Melhor configuração final::0
2022-06-20 23:17:18,781 - INFO - [20220620201651578226]save_history:mcmc_clustering_exp_1000_1_history.csv
