2022-06-21 00:55:16,751 - INFO - ***********************************************************
2022-06-21 00:55:16,751 - INFO - *** MCMC Helper                                         ***
2022-06-21 00:55:16,752 - INFO - *** Algoritmos de Monte Carlo e Cadeias de Markov 2022/1***
2022-06-21 00:55:16,752 - INFO - *** Aluno: Victor de Almeida Xavier                     ***
2022-06-21 00:55:16,752 - INFO - ***********************************************************
2022-06-21 00:55:16,752 - INFO - *** Simulação de Otimização Combinatória                ***
2022-06-21 00:55:16,752 - INFO - ***********************************************************
2022-06-21 00:55:16,752 - INFO - [INIT]Module:Experiment
2022-06-21 00:55:16,753 - INFO - Experimentos de Simulação de Otimização Combinatória: Clustering
2022-06-21 00:55:16,753 - INFO - Arquivo de Entrada:./input/debug.csv
2022-06-21 00:55:16,753 - INFO - Estratégia de Resfriamento:exp
2022-06-21 00:55:16,754 - INFO - Função de Custo:uniqueness
2022-06-21 00:55:16,754 - INFO - Número de passos:1000
2022-06-21 00:55:16,754 - INFO - Número de execuções:1
2022-06-21 00:55:16,754 - INFO - Taxa de resfriamento:0.95
2022-06-21 00:55:16,754 - INFO - Plotar resultados? True
2022-06-21 00:55:19,662 - INFO - [./input/debug.csv]load_samples:815
2022-06-21 00:55:19,709 - INFO - [814]do_normalize_samples:814
2022-06-21 00:55:19,709 - DEBUG - Working with 43 features.
2022-06-21 00:55:26,553 - DEBUG - Melhor vetor após 136 passos:[0, 0, 0, 0, 0, 0, 0, 1, 1, 1, 1, 1, 1, 0, 1, 1, 1, 0, 1, 1, 1, 0, 1, 0, 0, 1, 0, 1, 1, 1, 1, 0, 0, 1, 0, 1, 1, 1, 0, 0, 0, 1, 0];cujo valor da fobj=16
2022-06-21 00:55:26,554 - INFO - Melhor configuração após 136 passos:Q_0.4_0|Q_0.5_1|Q_0.5_2|Q_0.5_3|Q_0.5_4|Q_0.6_1|Q_1.11_1|Q_1.11_2|Q_1.12_0|Q_1.14_0|Q_1.15_0|Q_1.1_0|Q_1.7_1|Q_1.9_0|Q_4.11_0|Q_4.11a_1|Q_4.11a_2|Q_4.11a_3|Q_4.13_0|Q_4.1_2|Q_4.2_1|Q_4.2_2|Q_4.3a_0;cujo valor da fobj=16
2022-06-21 00:55:26,554 - INFO - [1000]do_simulated_annealing:Simulation(True):BestValue(16)
2022-06-21 00:55:26,554 - INFO - Melhor configuração final:Q_0.4_0|Q_0.5_1|Q_0.5_2|Q_0.5_3|Q_0.5_4|Q_0.6_1|Q_1.11_1|Q_1.11_2|Q_1.12_0|Q_1.14_0|Q_1.15_0|Q_1.1_0|Q_1.7_1|Q_1.9_0|Q_4.11_0|Q_4.11a_1|Q_4.11a_2|Q_4.11a_3|Q_4.13_0|Q_4.1_2|Q_4.2_1|Q_4.2_2|Q_4.3a_0:16
2022-06-21 00:55:26,555 - INFO - [20220620215512463403]save_history:mcmc_clustering_exp_1000_1_history.csv
2022-06-21 00:55:44,883 - DEBUG - max_value:950.0
2022-06-21 00:57:34,552 - INFO - [DONE]Module:Experiment
