2022-06-23 15:55:34,375 - INFO - ***********************************************************
2022-06-23 15:55:34,375 - INFO - *** MCMC Helper                                         ***
2022-06-23 15:55:34,376 - INFO - *** Algoritmos de Monte Carlo e Cadeias de Markov 2022/1***
2022-06-23 15:55:34,376 - INFO - *** Aluno: Victor de Almeida Xavier                     ***
2022-06-23 15:55:34,376 - INFO - ***********************************************************
2022-06-23 15:55:34,376 - INFO - *** Simulação de Otimização Combinatória                ***
2022-06-23 15:55:34,376 - INFO - ***********************************************************
2022-06-23 15:55:34,376 - INFO - [INIT]Module:Experiment
2022-06-23 15:55:34,377 - INFO - Experimentos de Simulação de Otimização Combinatória: Clustering
2022-06-23 15:55:34,377 - INFO - Arquivo de Entrada:./input/debug.csv
2022-06-23 15:55:34,377 - INFO - Estratégia de Resfriamento:exp
2022-06-23 15:55:34,377 - INFO - Função de Custo:random
2022-06-23 15:55:34,378 - INFO - Número de passos:1000
2022-06-23 15:55:34,378 - INFO - Número de execuções:1
2022-06-23 15:55:34,378 - INFO - Taxa de resfriamento:0.9
2022-06-23 15:55:34,378 - INFO - Temperatura inicial:10000
2022-06-23 15:55:34,378 - INFO - Plotar resultados? True
2022-06-23 15:55:34,382 - INFO - [./input/debug.csv]load_samples:815
2022-06-23 15:55:34,431 - INFO - [814]do_normalize_samples:814
2022-06-23 15:55:37,138 - INFO - [43]get_features_from_header:43
2022-06-23 15:55:37,138 - DEBUG - Trabalhando com 43 features.
2022-06-23 15:55:38,286 - DEBUG - Melhor vetor após 88 passos:[0, 0, 0, 0, 0, 0, 0, 0, 0, 0, 0, 0, 0, 0, 0, 0, 0, 0, 0, 0, 0, 0, 0, 0, 0, 0, 0, 0, 0, 0, 0, 0, 0, 0, 0, 0, 0, 0, 0, 0, 0, 0, 0];cujo valor da fobj=813
2022-06-23 15:55:38,286 - INFO - Melhor configuração após 88 passos:;cujo valor da fobj=813
2022-06-23 15:55:38,286 - DEBUG - [1000]do_simulated_annealing:Simulation(True):BestValue(813)
2022-06-23 15:55:38,286 - INFO - Melhor configuração final::813
2022-06-23 15:55:38,291 - INFO - [20220623125530310569]save_history:mcmc_clustering_exp_1000_1_history.csv
2022-06-23 15:55:40,432 - DEBUG - max_value:9000.0
