2022-06-22 23:31:25,556 - INFO - ***********************************************************
2022-06-22 23:31:25,557 - INFO - *** MCMC Helper                                         ***
2022-06-22 23:31:25,557 - INFO - *** Algoritmos de Monte Carlo e Cadeias de Markov 2022/1***
2022-06-22 23:31:25,557 - INFO - *** Aluno: Victor de Almeida Xavier                     ***
2022-06-22 23:31:25,557 - INFO - ***********************************************************
2022-06-22 23:31:25,557 - INFO - *** Simulação de Otimização Combinatória                ***
2022-06-22 23:31:25,557 - INFO - ***********************************************************
2022-06-22 23:31:25,558 - INFO - [INIT]Module:Experiment
2022-06-22 23:31:25,559 - INFO - Experimentos de Simulação de Otimização Combinatória: Clustering
2022-06-22 23:31:25,559 - INFO - Arquivo de Entrada:./input/debug.csv
2022-06-22 23:31:25,559 - INFO - Estratégia de Resfriamento:exp
2022-06-22 23:31:25,560 - INFO - Função de Custo:uniqueness
2022-06-22 23:31:25,560 - INFO - Número de passos:1000
2022-06-22 23:31:25,560 - INFO - Número de execuções:1
2022-06-22 23:31:25,560 - INFO - Taxa de resfriamento:0.99
2022-06-22 23:31:25,560 - INFO - Temperatura inicial:10000
2022-06-22 23:31:25,560 - INFO - Plotar resultados? True
2022-06-22 23:31:25,564 - INFO - [./input/debug.csv]load_samples:815
2022-06-22 23:31:25,608 - INFO - [814]do_normalize_samples:814
2022-06-22 23:33:01,509 - INFO - [43]get_features_from_header:43
2022-06-22 23:33:03,429 - DEBUG - Trabalhando com 43 features.
2022-06-22 23:38:04,427 - DEBUG - Melhor vetor após 917 passos:[1, 1, 0, 1, 0, 1, 1, 1, 1, 1, 1, 0, 1, 1, 0, 0, 1, 0, 0, 0, 1, 1, 0, 1, 1, 1, 1, 1, 0, 1, 0, 1, 1, 1, 1, 1, 1, 0, 1, 0, 1, 1, 0];cujo valor da fobj=4
2022-06-22 23:38:07,873 - INFO - Melhor configuração após 917 passos:0.1_1|0.1_2|0.3_1|0.3_3|0.3_4|0.4_0|0.5_1|0.5_2|0.5_3|0.6_1|1.0_0|1.12_0|1.1_0|1.6_0|1.7_2|1.8_0|1.9_0|4.0_0|4.11_0|4.11a_2|4.11b_1|4.11b_2|4.13_0|4.1_1|4.1_2|4.2_1|4.2_3|4.3_2|4.3a_0;cujo valor da fobj=4
2022-06-22 23:38:22,576 - DEBUG - [1000]do_simulated_annealing:Simulation(True):BestValue(4)
2022-06-22 23:39:09,146 - INFO - Melhor configuração final:0.1_1|0.1_2|0.3_1|0.3_3|0.3_4|0.4_0|0.5_1|0.5_2|0.5_3|0.6_1|1.0_0|1.12_0|1.1_0|1.6_0|1.7_2|1.8_0|1.9_0|4.0_0|4.11_0|4.11a_2|4.11b_1|4.11b_2|4.13_0|4.1_1|4.1_2|4.2_1|4.2_3|4.3_2|4.3a_0:4
