2022-06-18 23:58:01,789 - INFO - ***********************************************************
2022-06-18 23:58:01,790 - INFO - *** MCMC Helper                                         ***
2022-06-18 23:58:01,790 - INFO - *** Algoritmos de Monte Carlo e Cadeias de Markov 2022/1***
2022-06-18 23:58:01,790 - INFO - *** Aluno: Victor de Almeida Xavier                     ***
2022-06-18 23:58:01,790 - INFO - ***********************************************************
2022-06-18 23:58:01,790 - INFO - *** Simulação de Otimização Combinatória                ***
2022-06-18 23:58:01,790 - INFO - ***********************************************************
2022-06-18 23:58:01,790 - INFO - [INIT]Module:Experiment
2022-06-18 23:58:01,791 - INFO - Experimentos de Simulação de Otimização Combinatória: Clustering
2022-06-18 23:58:01,791 - INFO - Arquivo de Entrada:./input/debug.csv
2022-06-18 23:58:01,791 - INFO - Estratégia de Resfriamento:linear
2022-06-18 23:58:01,791 - INFO - Número de passos:1000
2022-06-18 23:58:01,791 - INFO - Número de execuções:3
2022-06-18 23:58:01,791 - INFO - Plotar resultados? False
2022-06-18 23:58:04,211 - INFO - [./input/debug.csv]load_samples:815
2022-06-18 23:58:04,259 - INFO - [814]do_normalize_samples:814
2022-06-18 23:58:04,260 - DEBUG - Working with 43 features.
2022-06-18 23:58:28,925 - DEBUG - Melhor vetor:[1, 0, 1, 1, 0, 1, 1, 0, 0, 1, 0, 0, 1, 0, 0, 1, 0, 0, 0, 0, 1, 1, 0, 1, 0, 1, 1, 0, 0, 0, 1, 1, 1, 1, 1, 1, 1, 1, 1, 0, 0, 1, 0]:32
2022-06-18 23:58:28,925 - INFO - Melhor configuração:Q_0.1_2Q_0.1_2Q_0.1_2Q_0.1_2Q_0.1_2Q_0.1_2Q_0.1_2Q_0.1_2Q_0.1_2Q_0.1_2Q_0.1_2Q_0.1_2Q_0.1_2Q_0.1_2Q_0.1_2Q_0.1_2Q_0.1_2Q_0.1_2Q_0.1_2Q_0.1_2Q_0.1_2Q_0.1_2Q_0.1_2:32
2022-06-18 23:58:28,928 - INFO - [1000]do_simulated_annealing:Simulation(True):BestValue(32)
2022-06-18 23:59:04,385 - DEBUG - Melhor vetor:[1, 1, 1, 0, 0, 1, 0, 0, 0, 0, 1, 1, 1, 0, 1, 0, 0, 0, 0, 0, 0, 0, 0, 0, 1, 1, 1, 1, 0, 0, 1, 0, 1, 0, 0, 1, 0, 1, 1, 1, 0, 1, 1]:16
2022-06-18 23:59:04,385 - INFO - Melhor configuração:Q_0.1_2Q_0.1_2Q_0.1_2Q_0.1_2Q_0.1_2Q_0.1_2Q_0.1_2Q_0.1_2Q_0.1_2Q_0.1_2Q_0.1_2Q_0.1_2Q_0.1_2Q_0.1_2Q_0.1_2Q_0.1_2Q_0.1_2Q_0.1_2Q_0.1_2Q_0.1_2:16
2022-06-18 23:59:04,385 - INFO - [1000]do_simulated_annealing:Simulation(True):BestValue(16)
2022-06-18 23:59:52,465 - DEBUG - Melhor vetor:[1, 0, 1, 0, 0, 1, 0, 0, 1, 0, 1, 1, 0, 0, 0, 0, 0, 1, 1, 1, 1, 0, 0, 0, 0, 0, 1, 1, 1, 1, 1, 0, 1, 0, 0, 1, 1, 1, 1, 0, 0, 0, 0]:53
2022-06-18 23:59:52,465 - INFO - Melhor configuração:Q_0.1_2Q_0.1_2Q_0.1_2Q_0.1_2Q_0.1_2Q_0.1_2Q_0.1_2Q_0.1_2Q_0.1_2Q_0.1_2Q_0.1_2Q_0.1_2Q_0.1_2Q_0.1_2Q_0.1_2Q_0.1_2Q_0.1_2Q_0.1_2Q_0.1_2Q_0.1_2:53
2022-06-18 23:59:52,465 - INFO - [1000]do_simulated_annealing:Simulation(True):BestValue(53)
2022-06-18 23:59:59,654 - INFO - Melhor configuração final:Q_0.1_2Q_0.1_2Q_0.1_2Q_0.1_2Q_0.1_2Q_0.1_2Q_0.1_2Q_0.1_2Q_0.1_2Q_0.1_2Q_0.1_2Q_0.1_2Q_0.1_2Q_0.1_2Q_0.1_2Q_0.1_2Q_0.1_2Q_0.1_2Q_0.1_2Q_0.1_2:53
