2022-06-23 02:44:05,728 - INFO - ***********************************************************
2022-06-23 02:44:05,729 - INFO - *** MCMC Helper                                         ***
2022-06-23 02:44:05,729 - INFO - *** Algoritmos de Monte Carlo e Cadeias de Markov 2022/1***
2022-06-23 02:44:05,729 - INFO - *** Aluno: Victor de Almeida Xavier                     ***
2022-06-23 02:44:05,729 - INFO - ***********************************************************
2022-06-23 02:44:05,729 - INFO - *** Simulação de Otimização Combinatória                ***
2022-06-23 02:44:05,729 - INFO - ***********************************************************
2022-06-23 02:44:05,729 - INFO - [INIT]Module:Experiment
2022-06-23 02:44:05,730 - INFO - Experimentos de Simulação de Otimização Combinatória: Clustering
2022-06-23 02:44:05,730 - INFO - Arquivo de Entrada:./input/debug.csv
2022-06-23 02:44:05,730 - INFO - Estratégia de Resfriamento:all
2022-06-23 02:44:05,731 - INFO - Função de Custo:uniqueness
2022-06-23 02:44:05,731 - INFO - Número de passos:1000
2022-06-23 02:44:05,731 - INFO - Número de execuções:1
2022-06-23 02:44:05,731 - INFO - Taxa de resfriamento:0.99
2022-06-23 02:44:05,731 - INFO - Temperatura inicial:10000
2022-06-23 02:44:05,731 - INFO - Plotar resultados? True
2022-06-23 02:44:05,735 - INFO - [./input/debug.csv]load_samples:815
2022-06-23 02:44:05,778 - INFO - [814]do_normalize_samples:814
2022-06-23 02:44:10,609 - INFO - [43]get_features_from_header:43
2022-06-23 02:44:10,609 - DEBUG - Trabalhando com 43 features.
2022-06-23 02:44:35,951 - DEBUG - Melhor vetor após 1000 passos:[1, 1, 0, 0, 1, 1, 1, 1, 1, 1, 1, 1, 1, 0, 1, 1, 1, 0, 1, 1, 1, 1, 0, 0, 0, 1, 1, 1, 0, 1, 0, 0, 1, 0, 0, 0, 1, 1, 0, 0, 1, 1, 1];cujo valor da fobj=5
2022-06-23 02:44:35,951 - INFO - Melhor configuração após 1000 passos:0.1_1|0.1_2|0.3_2|0.3_3|0.3_4|0.4_0|0.5_1|0.5_2|0.5_3|0.5_4|0.6_1|1.11_1|1.11_2|1.12_0|1.14_0|1.15_0|1.1_0|1.6_0|1.9_0|4.0_0|4.11_0|4.11a_2|4.11b_2|4.2_1|4.2_2|4.3_2|4.3a_0|4.4_0;cujo valor da fobj=5
2022-06-23 02:44:35,951 - DEBUG - [1000]do_simulated_annealing:Simulation(True):BestValue(5)
2022-06-23 02:45:05,234 - DEBUG - Melhor vetor após 1000 passos:[1, 0, 1, 0, 1, 1, 1, 1, 1, 1, 1, 1, 1, 1, 1, 0, 0, 1, 0, 1, 0, 1, 1, 0, 0, 0, 1, 0, 1, 0, 1, 1, 0, 1, 1, 0, 0, 1, 0, 0, 0, 1, 1];cujo valor da fobj=4
2022-06-23 02:45:05,234 - INFO - Melhor configuração após 1000 passos:0.1_1|0.2_0|0.3_2|0.3_3|0.3_4|0.4_0|0.5_1|0.5_2|0.5_3|0.5_4|0.6_1|1.0_0|1.11_1|1.13_0|1.15_0|1.6_0|1.7_1|4.0_0|4.11a_1|4.11a_3|4.11b_1|4.13_0|4.1_1|4.2_2|4.3a_0|4.4_0;cujo valor da fobj=4
2022-06-23 02:45:05,234 - DEBUG - [1000]do_simulated_annealing:Simulation(True):BestValue(4)
2022-06-23 02:45:40,261 - DEBUG - Melhor vetor após 1000 passos:[1, 1, 1, 0, 0, 0, 1, 0, 1, 1, 1, 1, 1, 0, 0, 0, 0, 1, 1, 1, 1, 0, 1, 0, 0, 0, 1, 0, 1, 1, 1, 1, 0, 0, 1, 1, 0, 1, 0, 1, 1, 1, 1];cujo valor da fobj=4
2022-06-23 02:45:40,262 - INFO - Melhor configuração após 1000 passos:0.1_1|0.1_2|0.2_0|0.3_4|0.5_1|0.5_2|0.5_3|0.5_4|0.6_1|1.13_0|1.14_0|1.15_0|1.1_0|1.7_1|4.0_0|4.11a_1|4.11a_2|4.11a_3|4.11b_1|4.1_1|4.1_2|4.2_2|4.3_1|4.3_2|4.3a_0|4.4_0;cujo valor da fobj=4
2022-06-23 02:45:40,262 - DEBUG - [1000]do_simulated_annealing:Simulation(True):BestValue(4)
2022-06-23 02:46:15,103 - DEBUG - Melhor vetor após 917 passos:[1, 1, 0, 0, 1, 1, 0, 0, 1, 1, 1, 1, 1, 1, 1, 1, 0, 1, 1, 1, 1, 0, 1, 1, 0, 1, 1, 1, 1, 1, 1, 1, 1, 0, 1, 1, 1, 0, 0, 1, 0, 1, 1];cujo valor da fobj=4
2022-06-23 02:46:15,103 - INFO - Melhor configuração após 917 passos:0.1_1|0.1_2|0.3_2|0.3_3|0.5_1|0.5_2|0.5_3|0.5_4|0.6_1|1.0_0|1.11_1|1.11_2|1.13_0|1.14_0|1.15_0|1.1_0|1.7_1|1.7_2|1.9_0|4.0_0|4.11_0|4.11a_1|4.11a_2|4.11a_3|4.11b_1|4.11b_2|4.1_1|4.1_2|4.2_1|4.3_1|4.3a_0|4.4_0;cujo valor da fobj=4
2022-06-23 02:46:15,103 - DEBUG - [1000]do_simulated_annealing:Simulation(True):BestValue(4)
2022-06-23 02:46:18,813 - DEBUG - Melhor vetor após 102 passos:[1, 0, 0, 1, 1, 1, 1, 0, 1, 1, 1, 1, 1, 1, 0, 0, 1, 1, 1, 1, 0, 1, 1, 0, 0, 0, 0, 0, 1, 1, 1, 0, 1, 0, 0, 0, 1, 1, 0, 1, 1, 1, 1];cujo valor da fobj=5
2022-06-23 02:46:18,813 - INFO - Melhor configuração após 102 passos:0.1_1|0.3_1|0.3_2|0.3_3|0.3_4|0.5_1|0.5_2|0.5_3|0.5_4|0.6_1|1.0_0|1.12_0|1.13_0|1.14_0|1.15_0|1.6_0|1.7_1|4.11a_1|4.11a_2|4.11a_3|4.11b_2|4.2_1|4.2_2|4.3_1|4.3_2|4.3a_0|4.4_0;cujo valor da fobj=5
2022-06-23 02:46:18,814 - DEBUG - [1000]do_simulated_annealing:Simulation(True):BestValue(5)
2022-06-23 02:46:18,814 - INFO - Melhor configuração final:0.1_1|0.2_0|0.3_2|0.3_3|0.3_4|0.4_0|0.5_1|0.5_2|0.5_3|0.5_4|0.6_1|1.0_0|1.11_1|1.13_0|1.15_0|1.6_0|1.7_1|4.0_0|4.11a_1|4.11a_3|4.11b_1|4.13_0|4.1_1|4.2_2|4.3a_0|4.4_0:4
2022-06-23 02:46:18,852 - INFO - [20220622234401684969]save_history:mcmc_clustering_all_1000_1_history.csv
2022-06-23 02:48:38,311 - DEBUG - max_value:999.0
2022-06-23 02:49:55,806 - DEBUG - max_value:9999.01
2022-06-23 02:50:59,501 - DEBUG - max_value:14532.039861214764
2022-06-23 02:51:18,760 - DEBUG - max_value:9900.0
2022-06-23 02:51:25,823 - DEBUG - max_value:10000.0
2022-06-23 02:51:38,466 - INFO - [DONE]Module:Experiment
