2022-06-23 15:49:04,599 - INFO - ***********************************************************
2022-06-23 15:49:04,599 - INFO - *** MCMC Helper                                         ***
2022-06-23 15:49:04,599 - INFO - *** Algoritmos de Monte Carlo e Cadeias de Markov 2022/1***
2022-06-23 15:49:04,600 - INFO - *** Aluno: Victor de Almeida Xavier                     ***
2022-06-23 15:49:04,600 - INFO - ***********************************************************
2022-06-23 15:49:04,600 - INFO - *** Simulação de Otimização Combinatória                ***
2022-06-23 15:49:04,600 - INFO - ***********************************************************
2022-06-23 15:49:04,600 - INFO - [INIT]Module:Experiment
2022-06-23 15:49:04,601 - INFO - Experimentos de Simulação de Otimização Combinatória: Clustering
2022-06-23 15:49:04,601 - INFO - Arquivo de Entrada:./input/debug.csv
2022-06-23 15:49:04,601 - INFO - Estratégia de Resfriamento:exp
2022-06-23 15:49:04,601 - INFO - Função de Custo:random
2022-06-23 15:49:04,601 - INFO - Número de passos:1000
2022-06-23 15:49:04,602 - INFO - Número de execuções:1
2022-06-23 15:49:04,602 - INFO - Taxa de resfriamento:0.9
2022-06-23 15:49:04,602 - INFO - Temperatura inicial:10000
2022-06-23 15:49:04,602 - INFO - Plotar resultados? True
2022-06-23 15:49:04,605 - INFO - [./input/debug.csv]load_samples:815
2022-06-23 15:49:04,650 - INFO - [814]do_normalize_samples:814
2022-06-23 15:52:14,461 - INFO - [43]get_features_from_header:43
2022-06-23 15:52:14,461 - DEBUG - Trabalhando com 43 features.
2022-06-23 15:52:14,485 - DEBUG - Melhor vetor após 88 passos:[0, 0, 0, 0, 0, 0, 0, 0, 0, 0, 0, 0, 0, 0, 0, 0, 0, 0, 0, 0, 0, 0, 0, 0, 0, 0, 0, 0, 0, 0, 0, 0, 0, 0, 0, 0, 0, 0, 0, 0, 0, 0, 0];cujo valor da fobj=0.27972114702079054
2022-06-23 15:52:14,486 - INFO - Melhor configuração após 88 passos:;cujo valor da fobj=0.27972114702079054
2022-06-23 15:52:14,486 - DEBUG - [1000]do_simulated_annealing:Simulation(True):BestValue(0.27972114702079054)
2022-06-23 15:52:14,487 - INFO - Melhor configuração final::0.27972114702079054
2022-06-23 15:52:14,488 - INFO - [20220623124900814390]save_history:mcmc_clustering_exp_1000_1_history.csv
2022-06-23 15:52:15,628 - DEBUG - max_value:9000.0
2022-06-23 15:52:19,810 - INFO - [DONE]Module:Experiment
