2022-06-18 02:01:47,672 - INFO - ***********************************************************
2022-06-18 02:01:47,673 - INFO - *** MCMC Helper                                         ***
2022-06-18 02:01:47,673 - INFO - *** Algoritmos de Monte Carlo e Cadeias de Markov 2022/1***
2022-06-18 02:01:47,673 - INFO - *** Aluno: Victor de Almeida Xavier                     ***
2022-06-18 02:01:47,673 - INFO - ***********************************************************
2022-06-18 02:01:47,673 - INFO - *** Simulação de Otimização Combinatória                ***
2022-06-18 02:01:47,673 - INFO - ***********************************************************
2022-06-18 02:01:47,674 - INFO - [INIT]Module:Experiment
2022-06-18 02:01:47,674 - INFO - Experimentos de Simulação de Otimização Combinatória: Clustering
2022-06-18 02:01:47,674 - INFO - Arquivo de Entrada:./input/debug.csv
2022-06-18 02:01:47,675 - INFO - Estratégia de Resfriamento:linear
2022-06-18 02:01:47,675 - INFO - Número de passos:10000
2022-06-18 02:01:47,675 - INFO - Número de execuções:10
2022-06-18 02:01:47,675 - INFO - Plotar resultados? False
2022-06-18 02:01:53,716 - INFO - [./input/debug.csv]load_samples:815
2022-06-18 02:01:55,275 - INFO - [814]do_normalize_samples:814
2022-06-18 02:02:07,619 - DEBUG - Working with 43 features.
2022-06-18 02:02:10,559 - DEBUG - [43]vector:v([0, 1, 0, 0, 1, 0, 0, 0, 1, 1, 0, 1, 1, 1, 0, 0, 0, 1, 1, 0, 0, 0, 0, 0, 1, 1, 1, 1, 0, 0, 0, 0, 1, 1, 1, 1, 0, 1, 1, 0, 0, 0, 0])
2022-06-18 02:03:03,493 - DEBUG - [43]vector:v([0, 0, 0, 1, 1, 1, 0, 1, 0, 0, 1, 1, 0, 1, 0, 0, 1, 1, 0, 1, 0, 1, 1, 1, 0, 0, 1, 1, 1, 1, 1, 1, 0, 0, 0, 0, 0, 0, 1, 1, 0, 0, 1])
2022-06-18 02:03:58,309 - DEBUG - [43]vector:v([1, 1, 0, 1, 1, 1, 1, 1, 0, 1, 1, 1, 1, 1, 0, 1, 0, 1, 1, 1, 1, 0, 1, 0, 0, 0, 0, 0, 0, 1, 0, 0, 1, 0, 0, 1, 0, 0, 1, 0, 0, 1, 1])
2022-06-18 02:06:54,344 - DEBUG - [43]vector:v([1, 0, 0, 0, 0, 0, 1, 1, 1, 0, 0, 1, 1, 0, 0, 0, 0, 0, 1, 1, 0, 1, 0, 0, 0, 0, 0, 1, 1, 1, 1, 0, 1, 1, 1, 0, 0, 1, 0, 0, 0, 0, 1])
2022-06-18 02:27:57,262 - DEBUG - [43]vector:v([1, 1, 0, 1, 1, 1, 0, 1, 1, 0, 0, 1, 1, 0, 1, 1, 0, 1, 0, 0, 1, 0, 1, 1, 0, 1, 1, 0, 1, 1, 1, 1, 1, 1, 1, 0, 1, 0, 0, 1, 0, 1, 1])
