2022-06-19 02:05:20,258 - INFO - ***********************************************************
2022-06-19 02:05:20,259 - INFO - *** MCMC Helper                                         ***
2022-06-19 02:05:20,259 - INFO - *** Algoritmos de Monte Carlo e Cadeias de Markov 2022/1***
2022-06-19 02:05:20,259 - INFO - *** Aluno: Victor de Almeida Xavier                     ***
2022-06-19 02:05:20,260 - INFO - ***********************************************************
2022-06-19 02:05:20,260 - INFO - *** Simulação de Otimização Combinatória                ***
2022-06-19 02:05:20,260 - INFO - ***********************************************************
2022-06-19 02:05:20,260 - INFO - [INIT]Module:Experiment
2022-06-19 02:05:20,260 - INFO - Experimentos de Simulação de Otimização Combinatória: Clustering
2022-06-19 02:05:20,261 - INFO - Arquivo de Entrada:./input/debug.csv
2022-06-19 02:05:20,261 - INFO - Estratégia de Resfriamento:linear
2022-06-19 02:05:20,261 - INFO - Número de passos:1000
2022-06-19 02:05:20,261 - INFO - Número de execuções:3
2022-06-19 02:05:20,261 - INFO - Plotar resultados? False
2022-06-19 02:05:20,266 - INFO - [./input/debug.csv]load_samples:815
2022-06-19 02:05:20,311 - INFO - [814]do_normalize_samples:814
2022-06-19 02:05:20,312 - DEBUG - Working with 43 features.
2022-06-19 02:05:47,788 - DEBUG - Melhor vetor:[0, 0, 0, 1, 0, 1, 0, 1, 1, 1, 0, 0, 0, 1, 1, 0, 1, 0, 0, 0, 1, 0, 1, 0, 1, 0, 1, 1, 0, 0, 0, 0, 1, 0, 0, 0, 0, 1, 1, 0, 0, 1, 0]:32
2022-06-19 02:05:47,788 - INFO - Melhor configuração:Q_0.3_1|Q_0.3_3|Q_0.4_0|Q_0.5_1|Q_0.5_2|Q_1.0_0|Q_1.11_1|Q_1.12_0|Q_1.1_0|Q_1.7_1|Q_1.8_0|Q_4.0_0|Q_4.11_0|Q_4.11b_2|Q_4.2_2|Q_4.2_3|Q_4.3a_0:32
2022-06-19 02:05:47,788 - INFO - [1000]do_simulated_annealing:Simulation(True):BestValue(32)
2022-06-19 02:06:15,402 - DEBUG - Melhor vetor:[1, 1, 1, 0, 1, 0, 0, 1, 0, 1, 1, 1, 1, 0, 0, 0, 1, 0, 1, 1, 1, 0, 0, 0, 1, 0, 0, 1, 0, 0, 1, 1, 1, 1, 1, 1, 0, 1, 1, 0, 1, 0, 1]:13
2022-06-19 02:06:15,402 - INFO - Melhor configuração:Q_0.1_1|Q_0.1_2|Q_0.2_0|Q_0.3_2|Q_0.4_0|Q_0.5_2|Q_0.5_3|Q_0.5_4|Q_0.6_1|Q_1.12_0|Q_1.14_0|Q_1.15_0|Q_1.1_0|Q_1.8_0|Q_4.11_0|Q_4.11a_3|Q_4.11b_1|Q_4.11b_2|Q_4.13_0|Q_4.1_1|Q_4.1_2|Q_4.2_2|Q_4.2_3|Q_4.3_2|Q_4.4_0:13
2022-06-19 02:06:15,402 - INFO - [1000]do_simulated_annealing:Simulation(True):BestValue(13)
2022-06-19 02:06:42,859 - DEBUG - Melhor vetor:[1, 0, 0, 0, 1, 0, 0, 0, 1, 1, 0, 1, 1, 1, 1, 0, 1, 1, 0, 0, 0, 0, 1, 0, 1, 1, 1, 1, 0, 1, 1, 1, 1, 1, 0, 0, 0, 1, 1, 1, 0, 0, 1]:7
2022-06-19 02:06:42,859 - INFO - Melhor configuração:Q_0.1_1|Q_0.3_2|Q_0.5_1|Q_0.5_2|Q_0.5_4|Q_0.6_1|Q_1.0_0|Q_1.11_1|Q_1.12_0|Q_1.13_0|Q_1.7_1|Q_1.8_0|Q_1.9_0|Q_4.0_0|Q_4.11_0|Q_4.11a_2|Q_4.11a_3|Q_4.11b_1|Q_4.11b_2|Q_4.13_0|Q_4.2_2|Q_4.2_3|Q_4.3_1|Q_4.4_0:7
2022-06-19 02:06:42,859 - INFO - [1000]do_simulated_annealing:Simulation(True):BestValue(7)
2022-06-19 02:06:42,860 - INFO - Melhor configuração final:Q_0.3_1|Q_0.3_3|Q_0.4_0|Q_0.5_1|Q_0.5_2|Q_1.0_0|Q_1.11_1|Q_1.12_0|Q_1.1_0|Q_1.7_1|Q_1.8_0|Q_4.0_0|Q_4.11_0|Q_4.11b_2|Q_4.2_2|Q_4.2_3|Q_4.3a_0:32
2022-06-19 02:06:42,874 - INFO - [20220618230515643959]save_history:mcmc_clustering_linear_1000_3_history.csv
2022-06-19 02:09:39,842 - DEBUG - max_value:1000.0
2022-06-19 02:10:40,778 - DEBUG - max_value:1000.0
2022-06-19 02:11:21,648 - DEBUG - max_value:1000.0
2022-06-19 02:11:57,123 - INFO - [DONE]Module:Experiment
