2022-06-21 05:08:54,267 - INFO - ***********************************************************
2022-06-21 05:08:54,269 - INFO - *** MCMC Helper                                         ***
2022-06-21 05:08:54,269 - INFO - *** Algoritmos de Monte Carlo e Cadeias de Markov 2022/1***
2022-06-21 05:08:54,269 - INFO - *** Aluno: Victor de Almeida Xavier                     ***
2022-06-21 05:08:54,269 - INFO - ***********************************************************
2022-06-21 05:08:54,270 - INFO - *** Simulação de Otimização Combinatória                ***
2022-06-21 05:08:54,270 - INFO - ***********************************************************
2022-06-21 05:08:54,270 - INFO - [INIT]Module:Experiment
2022-06-21 05:08:54,271 - INFO - Experimentos de Simulação de Otimização Combinatória: Clustering
2022-06-21 05:08:54,272 - INFO - Arquivo de Entrada:./input/debug.csv
2022-06-21 05:08:54,272 - INFO - Estratégia de Resfriamento:log
2022-06-21 05:08:54,272 - INFO - Função de Custo:uniqueness
2022-06-21 05:08:54,272 - INFO - Número de passos:1000
2022-06-21 05:08:54,272 - INFO - Número de execuções:1
2022-06-21 05:08:54,272 - INFO - Taxa de resfriamento:0.99
2022-06-21 05:08:54,273 - INFO - Temperatura inicial:10000
2022-06-21 05:08:54,273 - INFO - Plotar resultados? True
2022-06-21 05:08:54,277 - INFO - [./input/debug.csv]load_samples:815
2022-06-21 05:08:54,328 - INFO - [814]do_normalize_samples:814
2022-06-21 05:08:54,329 - DEBUG - Working with 43 features.
2022-06-21 05:09:27,902 - DEBUG - Melhor vetor após 1000 passos:[1, 0, 0, 0, 1, 1, 0, 1, 1, 1, 1, 0, 1, 0, 1, 0, 1, 1, 0, 0, 1, 0, 0, 0, 1, 0, 0, 0, 0, 1, 1, 0, 1, 1, 1, 1, 0, 0, 0, 1, 1, 1, 0];cujo valor da fobj=12
2022-06-21 05:09:27,902 - INFO - Melhor configuração após 1000 passos:Q_0.1_1|Q_0.3_2|Q_0.3_3|Q_0.4_0|Q_0.5_1|Q_0.5_2|Q_0.5_3|Q_0.6_1|Q_1.11_1|Q_1.12_0|Q_1.13_0|Q_1.1_0|Q_1.8_0|Q_4.11a_2|Q_4.11a_3|Q_4.11b_2|Q_4.13_0|Q_4.1_1|Q_4.1_2|Q_4.3_1|Q_4.3_2|Q_4.3a_0;cujo valor da fobj=12
2022-06-21 05:09:27,902 - INFO - [1000]do_simulated_annealing:Simulation(True):BestValue(12)
2022-06-21 05:09:27,903 - INFO - Melhor configuração final:Q_0.1_1|Q_0.3_2|Q_0.3_3|Q_0.4_0|Q_0.5_1|Q_0.5_2|Q_0.5_3|Q_0.6_1|Q_1.11_1|Q_1.12_0|Q_1.13_0|Q_1.1_0|Q_1.8_0|Q_4.11a_2|Q_4.11a_3|Q_4.11b_2|Q_4.13_0|Q_4.1_1|Q_4.1_2|Q_4.3_1|Q_4.3_2|Q_4.3a_0:12
2022-06-21 05:09:27,907 - INFO - [20220621020849859905]save_history:mcmc_clustering_log_1000_1_history.csv
2022-06-21 05:09:44,858 - DEBUG - max_value:14532.039861214764
2022-06-21 05:09:49,239 - INFO - [DONE]Module:Experiment
