2022-06-21 06:31:05,171 - INFO - ***********************************************************
2022-06-21 06:31:05,171 - INFO - *** MCMC Helper                                         ***
2022-06-21 06:31:05,171 - INFO - *** Algoritmos de Monte Carlo e Cadeias de Markov 2022/1***
2022-06-21 06:31:05,171 - INFO - *** Aluno: Victor de Almeida Xavier                     ***
2022-06-21 06:31:05,171 - INFO - ***********************************************************
2022-06-21 06:31:05,171 - INFO - *** Simulação de Otimização Combinatória                ***
2022-06-21 06:31:05,171 - INFO - ***********************************************************
2022-06-21 06:31:05,171 - INFO - [INIT]Module:Experiment
2022-06-21 06:31:05,172 - INFO - Experimentos de Simulação de Otimização Combinatória: Clustering
2022-06-21 06:31:05,172 - INFO - Arquivo de Entrada:./input/debug.csv
2022-06-21 06:31:05,172 - INFO - Estratégia de Resfriamento:linear
2022-06-21 06:31:05,172 - INFO - Função de Custo:uniqueness
2022-06-21 06:31:05,172 - INFO - Número de passos:1000
2022-06-21 06:31:05,172 - INFO - Número de execuções:1
2022-06-21 06:31:05,172 - INFO - Taxa de resfriamento:0.99
2022-06-21 06:31:05,172 - INFO - Temperatura inicial:10000
2022-06-21 06:31:05,172 - INFO - Plotar resultados? True
2022-06-21 06:31:05,175 - INFO - [./input/debug.csv]load_samples:815
2022-06-21 06:31:05,203 - INFO - [814]do_normalize_samples:814
2022-06-21 06:31:25,029 - INFO - Melhor configuração após 1000 passos:Q_0.1_1|Q_0.3_3|Q_0.3_4|Q_0.4_0|Q_0.5_3|Q_0.6_1|Q_1.0_0|Q_1.11_1|Q_1.11_2|Q_1.13_0|Q_1.15_0|Q_1.6_0|Q_1.7_1|Q_1.7_2|Q_1.9_0|Q_4.0_0|Q_4.11a_2|Q_4.11a_3|Q_4.3a_0;cujo valor da fobj=59
2022-06-21 06:31:25,030 - INFO - [1000]do_simulated_annealing:Simulation(True):BestValue(59)
2022-06-21 06:31:25,030 - INFO - Melhor configuração final:Q_0.1_1|Q_0.3_3|Q_0.3_4|Q_0.4_0|Q_0.5_3|Q_0.6_1|Q_1.0_0|Q_1.11_1|Q_1.11_2|Q_1.13_0|Q_1.15_0|Q_1.6_0|Q_1.7_1|Q_1.7_2|Q_1.9_0|Q_4.0_0|Q_4.11a_2|Q_4.11a_3|Q_4.3a_0:59
2022-06-21 06:31:25,034 - INFO - [20220621033058583693]save_history:mcmc_clustering_linear_1000_1_history.csv
2022-06-21 06:31:29,093 - INFO - [DONE]Module:Experiment
