2022-06-21 04:45:23,073 - INFO - ***********************************************************
2022-06-21 04:45:23,073 - INFO - *** MCMC Helper                                         ***
2022-06-21 04:45:23,074 - INFO - *** Algoritmos de Monte Carlo e Cadeias de Markov 2022/1***
2022-06-21 04:45:23,074 - INFO - *** Aluno: Victor de Almeida Xavier                     ***
2022-06-21 04:45:23,074 - INFO - ***********************************************************
2022-06-21 04:45:23,074 - INFO - *** Simulação de Otimização Combinatória                ***
2022-06-21 04:45:23,074 - INFO - ***********************************************************
2022-06-21 04:45:23,074 - INFO - [INIT]Module:Experiment
2022-06-21 04:45:23,075 - INFO - Experimentos de Simulação de Otimização Combinatória: Clustering
2022-06-21 04:45:23,075 - INFO - Arquivo de Entrada:./input/debug.csv
2022-06-21 04:45:23,075 - INFO - Estratégia de Resfriamento:delta
2022-06-21 04:45:23,075 - INFO - Função de Custo:uniqueness
2022-06-21 04:45:23,076 - INFO - Número de passos:1000
2022-06-21 04:45:23,076 - INFO - Número de execuções:1
2022-06-21 04:45:23,076 - INFO - Taxa de resfriamento:0.99
2022-06-21 04:45:23,076 - INFO - Temperatura inicial:10000
2022-06-21 04:45:23,076 - INFO - Plotar resultados? True
2022-06-21 04:45:23,079 - INFO - [./input/debug.csv]load_samples:815
2022-06-21 04:45:23,130 - INFO - [814]do_normalize_samples:814
2022-06-21 04:45:23,131 - DEBUG - Working with 43 features.
2022-06-21 04:45:33,201 - DEBUG - Melhor vetor após 45 passos:[1, 1, 1, 0, 0, 1, 1, 1, 0, 1, 1, 0, 0, 1, 1, 1, 0, 0, 1, 1, 1, 0, 0, 0, 0, 1, 0, 1, 0, 0, 1, 1, 0, 0, 1, 1, 0, 0, 0, 0, 1, 1, 1];cujo valor da fobj=23
2022-06-21 04:45:33,202 - INFO - Melhor configuração após 45 passos:Q_0.1_1|Q_0.1_2|Q_0.2_0|Q_0.3_3|Q_0.3_4|Q_0.4_0|Q_0.5_2|Q_0.5_3|Q_1.0_0|Q_1.11_1|Q_1.11_2|Q_1.14_0|Q_1.15_0|Q_1.1_0|Q_1.9_0|Q_4.11_0|Q_4.11a_3|Q_4.11b_1|Q_4.1_1|Q_4.1_2|Q_4.3_2|Q_4.3a_0|Q_4.4_0;cujo valor da fobj=23
2022-06-21 04:45:33,202 - INFO - [1000]do_simulated_annealing:Simulation(True):BestValue(23)
2022-06-21 04:45:33,202 - INFO - Melhor configuração final:Q_0.1_1|Q_0.1_2|Q_0.2_0|Q_0.3_3|Q_0.3_4|Q_0.4_0|Q_0.5_2|Q_0.5_3|Q_1.0_0|Q_1.11_1|Q_1.11_2|Q_1.14_0|Q_1.15_0|Q_1.1_0|Q_1.9_0|Q_4.11_0|Q_4.11a_3|Q_4.11b_1|Q_4.1_1|Q_4.1_2|Q_4.3_2|Q_4.3a_0|Q_4.4_0:23
2022-06-21 04:45:33,203 - INFO - [20220621014518837289]save_history:mcmc_clustering_delta_1000_1_history.csv
2022-06-21 04:45:43,353 - DEBUG - max_value:999.0086100861008
