2022-06-22 12:09:10,471 - INFO - ***********************************************************
2022-06-22 12:09:10,472 - INFO - *** MCMC Helper                                         ***
2022-06-22 12:09:10,472 - INFO - *** Algoritmos de Monte Carlo e Cadeias de Markov 2022/1***
2022-06-22 12:09:10,472 - INFO - *** Aluno: Victor de Almeida Xavier                     ***
2022-06-22 12:09:10,472 - INFO - ***********************************************************
2022-06-22 12:09:10,472 - INFO - *** Simulação de Otimização Combinatória                ***
2022-06-22 12:09:10,472 - INFO - ***********************************************************
2022-06-22 12:09:10,473 - INFO - [INIT]Module:Experiment
2022-06-22 12:09:10,473 - INFO - Experimentos de Simulação de Otimização Combinatória: Clustering
2022-06-22 12:09:10,473 - INFO - Arquivo de Entrada:./input/debug.csv
2022-06-22 12:09:10,474 - INFO - Estratégia de Resfriamento:exp
2022-06-22 12:09:10,474 - INFO - Função de Custo:uniqueness
2022-06-22 12:09:10,474 - INFO - Número de passos:1000
2022-06-22 12:09:10,474 - INFO - Número de execuções:1
2022-06-22 12:09:10,474 - INFO - Taxa de resfriamento:0.99
2022-06-22 12:09:10,474 - INFO - Temperatura inicial:10000
2022-06-22 12:09:10,474 - INFO - Plotar resultados? True
2022-06-22 12:09:10,478 - INFO - [./input/debug.csv]load_samples:815
2022-06-22 12:09:10,522 - INFO - [814]do_normalize_samples:814
2022-06-22 12:09:12,647 - INFO - [43]get_features_from_header:43
2022-06-22 12:09:12,647 - DEBUG - Trabalhando com 43 features.
