2022-06-21 06:33:14,797 - INFO - ***********************************************************
2022-06-21 06:33:14,798 - INFO - *** MCMC Helper                                         ***
2022-06-21 06:33:14,798 - INFO - *** Algoritmos de Monte Carlo e Cadeias de Markov 2022/1***
2022-06-21 06:33:14,798 - INFO - *** Aluno: Victor de Almeida Xavier                     ***
2022-06-21 06:33:14,798 - INFO - ***********************************************************
2022-06-21 06:33:14,798 - INFO - *** Simulação de Otimização Combinatória                ***
2022-06-21 06:33:14,798 - INFO - ***********************************************************
2022-06-21 06:33:14,798 - INFO - [INIT]Module:Experiment
2022-06-21 06:33:14,799 - INFO - Experimentos de Simulação de Otimização Combinatória: Clustering
2022-06-21 06:33:14,799 - INFO - Arquivo de Entrada:./input/debug.csv
2022-06-21 06:33:14,799 - INFO - Estratégia de Resfriamento:linear
2022-06-21 06:33:14,799 - INFO - Função de Custo:uniqueness
2022-06-21 06:33:14,799 - INFO - Número de passos:10000
2022-06-21 06:33:14,799 - INFO - Número de execuções:10
2022-06-21 06:33:14,799 - INFO - Taxa de resfriamento:0.99
2022-06-21 06:33:14,799 - INFO - Temperatura inicial:10000
2022-06-21 06:33:14,799 - INFO - Plotar resultados? True
2022-06-21 06:33:14,802 - INFO - [./input/debug.csv]load_samples:815
2022-06-21 06:33:14,832 - INFO - [814]do_normalize_samples:814
2022-06-21 06:36:59,895 - INFO - Melhor configuração após 10000 passos:Q_0.1_2|Q_0.3_1|Q_0.3_2|Q_0.3_4|Q_0.5_1|Q_0.5_2|Q_0.6_1|Q_1.11_1|Q_1.8_0|Q_4.11a_1|Q_4.11b_1|Q_4.2_1|Q_4.3_1|Q_4.3a_0;cujo valor da fobj=66
2022-06-21 06:36:59,895 - INFO - [10000]do_simulated_annealing:Simulation(True):BestValue(66)
2022-06-21 06:40:26,853 - INFO - Melhor configuração após 10000 passos:Q_0.1_1|Q_0.1_2|Q_0.3_3|Q_0.3_4|Q_0.5_4|Q_0.6_1|Q_1.12_0|Q_1.13_0|Q_1.14_0|Q_1.15_0|Q_1.1_0|Q_4.0_0|Q_4.11a_1|Q_4.11b_1|Q_4.13_0|Q_4.1_2|Q_4.2_1|Q_4.2_3|Q_4.3_1|Q_4.3_2|Q_4.4_0;cujo valor da fobj=22
2022-06-21 06:40:26,854 - INFO - [10000]do_simulated_annealing:Simulation(True):BestValue(22)
2022-06-21 06:43:48,694 - INFO - Melhor configuração após 10000 passos:Q_0.1_1|Q_0.1_2|Q_0.5_2|Q_0.5_3|Q_1.0_0|Q_1.11_2|Q_1.15_0|Q_1.6_0|Q_1.8_0|Q_1.9_0|Q_4.0_0|Q_4.11a_2|Q_4.11b_1|Q_4.11b_2|Q_4.3_1|Q_4.3_2|Q_4.3a_0;cujo valor da fobj=85
2022-06-21 06:43:48,695 - INFO - [10000]do_simulated_annealing:Simulation(True):BestValue(85)
2022-06-21 06:47:01,542 - INFO - Melhor configuração após 10000 passos:Q_0.1_1|Q_0.1_2|Q_0.3_4|Q_0.4_0|Q_0.5_1|Q_0.5_2|Q_0.5_4|Q_0.6_1|Q_1.0_0|Q_1.11_1|Q_1.13_0|Q_1.14_0|Q_1.1_0|Q_1.7_1|Q_1.8_0|Q_1.9_0|Q_4.0_0|Q_4.11a_3|Q_4.11b_1|Q_4.13_0|Q_4.1_1|Q_4.2_1|Q_4.2_3|Q_4.3_2|Q_4.3a_0;cujo valor da fobj=7
2022-06-21 06:47:01,542 - INFO - [10000]do_simulated_annealing:Simulation(True):BestValue(7)
2022-06-21 06:50:14,281 - INFO - Melhor configuração após 10000 passos:Q_0.1_1|Q_0.3_1|Q_0.3_3|Q_0.4_0|Q_0.5_1|Q_0.6_1|Q_1.0_0|Q_1.11_2|Q_1.13_0|Q_1.14_0|Q_1.15_0|Q_1.7_1|Q_4.0_0|Q_4.11a_3|Q_4.11b_1|Q_4.11b_2|Q_4.13_0|Q_4.1_1|Q_4.2_1|Q_4.3_1|Q_4.3_2;cujo valor da fobj=17
2022-06-21 06:50:14,281 - INFO - [10000]do_simulated_annealing:Simulation(True):BestValue(17)
2022-06-21 06:53:30,977 - INFO - Melhor configuração após 10000 passos:Q_0.1_2|Q_0.2_0|Q_0.3_1|Q_0.3_4|Q_0.5_2|Q_0.5_3|Q_0.5_4|Q_1.11_1|Q_1.15_0|Q_4.0_0|Q_4.11_0|Q_4.11a_3|Q_4.11b_2|Q_4.2_2|Q_4.2_3|Q_4.3_2|Q_4.4_0;cujo valor da fobj=83
2022-06-21 06:53:30,977 - INFO - [10000]do_simulated_annealing:Simulation(True):BestValue(83)
2022-06-21 06:56:48,652 - INFO - Melhor configuração após 10000 passos:Q_0.3_1|Q_0.3_2|Q_0.5_4|Q_0.6_1|Q_1.12_0|Q_1.1_0|Q_1.7_1|Q_1.8_0|Q_4.0_0|Q_4.11a_2|Q_4.11b_1|Q_4.11b_2|Q_4.2_1|Q_4.2_2|Q_4.3a_0|Q_4.4_0;cujo valor da fobj=73
2022-06-21 06:56:48,652 - INFO - [10000]do_simulated_annealing:Simulation(True):BestValue(73)
2022-06-21 07:00:09,525 - INFO - Melhor configuração após 10000 passos:Q_0.1_1|Q_0.1_2|Q_0.3_1|Q_0.3_3|Q_0.4_0|Q_0.5_3|Q_0.5_4|Q_1.0_0|Q_1.11_2|Q_1.12_0|Q_1.13_0|Q_1.14_0|Q_1.15_0|Q_1.1_0|Q_1.6_0|Q_1.7_1|Q_1.7_2|Q_1.9_0|Q_4.11_0|Q_4.11a_1|Q_4.11b_1|Q_4.11b_2|Q_4.13_0|Q_4.2_3|Q_4.3_2|Q_4.4_0;cujo valor da fobj=38
2022-06-21 07:00:09,525 - INFO - [10000]do_simulated_annealing:Simulation(True):BestValue(38)
2022-06-21 07:03:23,050 - INFO - Melhor configuração após 10000 passos:Q_0.1_1|Q_0.3_4|Q_0.5_1|Q_0.5_3|Q_0.5_4|Q_1.11_1|Q_1.13_0|Q_1.14_0|Q_1.15_0|Q_1.1_0|Q_1.6_0|Q_1.7_1|Q_1.8_0|Q_4.0_0|Q_4.11_0|Q_4.11a_1|Q_4.11a_2|Q_4.11b_1|Q_4.13_0|Q_4.1_2|Q_4.2_1|Q_4.3_1|Q_4.3a_0;cujo valor da fobj=70
2022-06-21 07:03:23,050 - INFO - [10000]do_simulated_annealing:Simulation(True):BestValue(70)
2022-06-21 07:06:46,611 - INFO - Melhor configuração após 10000 passos:Q_0.1_1|Q_0.1_2|Q_0.3_1|Q_0.3_3|Q_0.3_4|Q_0.4_0|Q_0.5_1|Q_0.5_2|Q_0.5_3|Q_1.0_0|Q_1.11_1|Q_1.11_2|Q_1.13_0|Q_1.14_0|Q_1.1_0|Q_1.7_1|Q_1.7_2|Q_4.0_0|Q_4.11a_2|Q_4.11a_3|Q_4.13_0|Q_4.1_2|Q_4.2_1|Q_4.2_3|Q_4.3_2|Q_4.4_0;cujo valor da fobj=17
2022-06-21 07:06:46,612 - INFO - [10000]do_simulated_annealing:Simulation(True):BestValue(17)
2022-06-21 07:06:46,612 - INFO - Melhor configuração final:Q_0.1_1|Q_0.1_2|Q_0.3_4|Q_0.4_0|Q_0.5_1|Q_0.5_2|Q_0.5_4|Q_0.6_1|Q_1.0_0|Q_1.11_1|Q_1.13_0|Q_1.14_0|Q_1.1_0|Q_1.7_1|Q_1.8_0|Q_1.9_0|Q_4.0_0|Q_4.11a_3|Q_4.11b_1|Q_4.13_0|Q_4.1_1|Q_4.2_1|Q_4.2_3|Q_4.3_2|Q_4.3a_0:7
2022-06-21 07:06:47,057 - INFO - [20220621033307860592]save_history:mcmc_clustering_linear_10000_10_history.csv
2022-06-21 11:57:25,927 - INFO - [DONE]Module:Experiment
