2022-06-23 16:07:41,059 - INFO - ***********************************************************
2022-06-23 16:07:41,060 - INFO - *** MCMC Helper                                         ***
2022-06-23 16:07:41,060 - INFO - *** Algoritmos de Monte Carlo e Cadeias de Markov 2022/1***
2022-06-23 16:07:41,060 - INFO - *** Aluno: Victor de Almeida Xavier                     ***
2022-06-23 16:07:41,061 - INFO - ***********************************************************
2022-06-23 16:07:41,061 - INFO - *** Simulação de Otimização Combinatória                ***
2022-06-23 16:07:41,061 - INFO - ***********************************************************
2022-06-23 16:07:41,061 - INFO - [INIT]Module:Experiment
2022-06-23 16:07:41,062 - INFO - Experimentos de Simulação de Otimização Combinatória: Clustering
2022-06-23 16:07:41,062 - INFO - Arquivo de Entrada:./input/debug.csv
2022-06-23 16:07:41,063 - INFO - Estratégia de Resfriamento:exp
2022-06-23 16:07:41,063 - INFO - Função de Custo:random
2022-06-23 16:07:41,063 - INFO - Número de passos:1000
2022-06-23 16:07:41,063 - INFO - Número de execuções:1
2022-06-23 16:07:41,063 - INFO - Taxa de resfriamento:0.9
2022-06-23 16:07:41,063 - INFO - Temperatura inicial:10000
2022-06-23 16:07:41,064 - INFO - Plotar resultados? True
2022-06-23 16:07:41,067 - INFO - [./input/debug.csv]load_samples:815
2022-06-23 16:07:41,112 - INFO - [814]do_normalize_samples:814
2022-06-23 16:07:48,334 - INFO - [43]get_features_from_header:43
2022-06-23 16:07:48,335 - DEBUG - Trabalhando com 43 features.
