2022-06-21 05:47:55,906 - INFO - ***********************************************************
2022-06-21 05:47:55,906 - INFO - *** MCMC Helper                                         ***
2022-06-21 05:47:55,907 - INFO - *** Algoritmos de Monte Carlo e Cadeias de Markov 2022/1***
2022-06-21 05:47:55,907 - INFO - *** Aluno: Victor de Almeida Xavier                     ***
2022-06-21 05:47:55,907 - INFO - ***********************************************************
2022-06-21 05:47:55,907 - INFO - *** Simulação de Otimização Combinatória                ***
2022-06-21 05:47:55,907 - INFO - ***********************************************************
2022-06-21 05:47:55,908 - INFO - [INIT]Module:Experiment
2022-06-21 05:47:55,908 - INFO - Experimentos de Simulação de Otimização Combinatória: Clustering
2022-06-21 05:47:55,908 - INFO - Arquivo de Entrada:./input/debug.csv
2022-06-21 05:47:55,908 - INFO - Estratégia de Resfriamento:linear
2022-06-21 05:47:55,908 - INFO - Função de Custo:uniqueness
2022-06-21 05:47:55,908 - INFO - Número de passos:1000
2022-06-21 05:47:55,909 - INFO - Número de execuções:1
2022-06-21 05:47:55,909 - INFO - Taxa de resfriamento:0.99
2022-06-21 05:47:55,909 - INFO - Temperatura inicial:10000
2022-06-21 05:47:55,909 - INFO - Plotar resultados? True
2022-06-21 05:47:55,916 - INFO - [./input/debug.csv]load_samples:815
2022-06-21 05:47:55,961 - INFO - [814]do_normalize_samples:814
2022-06-21 05:48:22,591 - INFO - Melhor configuração após 1000 passos:Q_0.1_1|Q_0.1_2|Q_0.2_0|Q_0.3_3|Q_0.3_4|Q_0.5_1|Q_0.5_3|Q_0.5_4|Q_0.6_1|Q_1.0_0|Q_1.11_2|Q_1.14_0|Q_1.15_0|Q_1.6_0|Q_1.7_1|Q_1.7_2|Q_1.8_0|Q_4.11a_2|Q_4.11a_3|Q_4.11b_2|Q_4.13_0|Q_4.1_1|Q_4.2_2|Q_4.3_1|Q_4.3a_0|Q_4.4_0;cujo valor da fobj=9
2022-06-21 05:48:22,592 - INFO - [1000]do_simulated_annealing:Simulation(True):BestValue(9)
2022-06-21 05:48:22,592 - INFO - Melhor configuração final:Q_0.1_1|Q_0.1_2|Q_0.2_0|Q_0.3_3|Q_0.3_4|Q_0.5_1|Q_0.5_3|Q_0.5_4|Q_0.6_1|Q_1.0_0|Q_1.11_2|Q_1.14_0|Q_1.15_0|Q_1.6_0|Q_1.7_1|Q_1.7_2|Q_1.8_0|Q_4.11a_2|Q_4.11a_3|Q_4.11b_2|Q_4.13_0|Q_4.1_1|Q_4.2_2|Q_4.3_1|Q_4.3a_0|Q_4.4_0:9
2022-06-21 05:48:22,596 - INFO - [20220621024752342650]save_history:mcmc_clustering_linear_1000_1_history.csv
2022-06-21 05:48:44,873 - INFO - [DONE]Module:Experiment
