2022-06-19 00:47:35,510 - INFO - ***********************************************************
2022-06-19 00:47:35,511 - INFO - *** MCMC Helper                                         ***
2022-06-19 00:47:35,511 - INFO - *** Algoritmos de Monte Carlo e Cadeias de Markov 2022/1***
2022-06-19 00:47:35,511 - INFO - *** Aluno: Victor de Almeida Xavier                     ***
2022-06-19 00:47:35,511 - INFO - ***********************************************************
2022-06-19 00:47:35,512 - INFO - *** Simulação de Otimização Combinatória                ***
2022-06-19 00:47:35,512 - INFO - ***********************************************************
2022-06-19 00:47:35,512 - INFO - [INIT]Module:Experiment
2022-06-19 00:47:35,512 - INFO - Experimentos de Simulação de Otimização Combinatória: Clustering
2022-06-19 00:47:35,513 - INFO - Arquivo de Entrada:./input/debug.csv
2022-06-19 00:47:35,513 - INFO - Estratégia de Resfriamento:linear
2022-06-19 00:47:35,513 - INFO - Número de passos:100
2022-06-19 00:47:35,513 - INFO - Número de execuções:3
2022-06-19 00:47:35,513 - INFO - Plotar resultados? False
2022-06-19 00:47:35,516 - INFO - [./input/debug.csv]load_samples:815
2022-06-19 00:47:35,560 - INFO - [814]do_normalize_samples:814
2022-06-19 00:47:35,561 - DEBUG - Working with 43 features.
2022-06-19 00:47:37,944 - DEBUG - Melhor vetor:[1, 1, 1, 0, 1, 1, 1, 1, 1, 0, 0, 1, 0, 1, 0, 1, 1, 0, 0, 0, 1, 0, 1, 1, 0, 1, 0, 1, 0, 0, 1, 1, 0, 1, 0, 1, 0, 1, 1, 0, 0, 0, 0]:40
2022-06-19 00:47:37,944 - INFO - Melhor configuração:Q_0.1_2Q_0.1_2Q_0.1_2Q_0.1_2Q_0.1_2Q_0.1_2Q_0.1_2Q_0.1_2Q_0.1_2Q_0.1_2Q_0.1_2Q_0.1_2Q_0.1_2Q_0.1_2Q_0.1_2Q_0.1_2Q_0.1_2Q_0.1_2Q_0.1_2Q_0.1_2Q_0.1_2Q_0.1_2Q_0.1_2:40
2022-06-19 00:47:37,944 - INFO - [100]do_simulated_annealing:Simulation(True):BestValue(40)
2022-06-19 00:47:40,334 - DEBUG - Melhor vetor:[1, 1, 1, 0, 1, 1, 1, 0, 1, 0, 0, 1, 1, 0, 1, 1, 1, 0, 1, 0, 1, 0, 0, 0, 0, 1, 1, 0, 1, 0, 0, 0, 0, 1, 0, 1, 1, 0, 0, 1, 1, 1, 1]:8
2022-06-19 00:47:40,334 - INFO - Melhor configuração:Q_0.1_2Q_0.1_2Q_0.1_2Q_0.1_2Q_0.1_2Q_0.1_2Q_0.1_2Q_0.1_2Q_0.1_2Q_0.1_2Q_0.1_2Q_0.1_2Q_0.1_2Q_0.1_2Q_0.1_2Q_0.1_2Q_0.1_2Q_0.1_2Q_0.1_2Q_0.1_2Q_0.1_2Q_0.1_2Q_0.1_2Q_0.1_2:8
2022-06-19 00:47:40,334 - INFO - [100]do_simulated_annealing:Simulation(True):BestValue(8)
2022-06-19 00:47:42,697 - DEBUG - Melhor vetor:[1, 1, 1, 0, 0, 1, 1, 0, 1, 1, 0, 0, 1, 0, 0, 0, 0, 0, 0, 1, 0, 0, 0, 0, 0, 0, 0, 1, 1, 1, 0, 1, 1, 1, 0, 0, 1, 1, 0, 1, 1, 0, 0]:22
2022-06-19 00:47:42,698 - INFO - Melhor configuração:Q_0.1_2Q_0.1_2Q_0.1_2Q_0.1_2Q_0.1_2Q_0.1_2Q_0.1_2Q_0.1_2Q_0.1_2Q_0.1_2Q_0.1_2Q_0.1_2Q_0.1_2Q_0.1_2Q_0.1_2Q_0.1_2Q_0.1_2Q_0.1_2Q_0.1_2:22
2022-06-19 00:47:42,701 - INFO - [100]do_simulated_annealing:Simulation(True):BestValue(22)
2022-06-19 00:47:42,701 - INFO - Melhor configuração final:Q_0.1_2Q_0.1_2Q_0.1_2Q_0.1_2Q_0.1_2Q_0.1_2Q_0.1_2Q_0.1_2Q_0.1_2Q_0.1_2Q_0.1_2Q_0.1_2Q_0.1_2Q_0.1_2Q_0.1_2Q_0.1_2Q_0.1_2Q_0.1_2Q_0.1_2Q_0.1_2Q_0.1_2Q_0.1_2Q_0.1_2:40
2022-06-19 00:47:42,745 - INFO - [20220618214731709771]save_history:mcmc_clustering_linear_100_3_history.csv
2022-06-19 00:47:48,673 - DEBUG - max_value:575.0
2022-06-19 00:47:49,037 - DEBUG - max_value:505.0
2022-06-19 00:47:49,052 - DEBUG - max_value:453.0
2022-06-19 00:47:49,065 - INFO - [DONE]Module:Experiment
