2022-06-22 02:37:35,925 - INFO - ***********************************************************
2022-06-22 02:37:35,926 - INFO - *** MCMC Helper                                         ***
2022-06-22 02:37:35,927 - INFO - *** Algoritmos de Monte Carlo e Cadeias de Markov 2022/1***
2022-06-22 02:37:35,927 - INFO - *** Aluno: Victor de Almeida Xavier                     ***
2022-06-22 02:37:35,927 - INFO - ***********************************************************
2022-06-22 02:37:35,927 - INFO - *** Simulação de Otimização Combinatória                ***
2022-06-22 02:37:35,928 - INFO - ***********************************************************
2022-06-22 02:37:35,928 - INFO - [INIT]Module:Experiment
2022-06-22 02:37:41,561 - INFO - Experimentos de Simulação de Otimização Combinatória: Clustering
2022-06-22 02:37:41,562 - INFO - Arquivo de Entrada:./input/debug.csv
2022-06-22 02:37:41,563 - INFO - Estratégia de Resfriamento:exp
2022-06-22 02:37:41,563 - INFO - Função de Custo:uniqueness
2022-06-22 02:37:41,563 - INFO - Número de passos:1000
2022-06-22 02:37:41,563 - INFO - Número de execuções:1
2022-06-22 02:37:41,564 - INFO - Taxa de resfriamento:0.99
2022-06-22 02:37:41,564 - INFO - Temperatura inicial:10000
2022-06-22 02:37:41,564 - INFO - Plotar resultados? True
2022-06-22 02:37:41,573 - INFO - [./input/debug.csv]load_samples:815
2022-06-22 02:37:41,627 - INFO - [814]do_normalize_samples:814
2022-06-22 02:37:44,766 - INFO - [43]get_features_from_header:43
2022-06-22 02:37:57,429 - DEBUG - Working with 43 features.
