2022-06-21 03:25:21,827 - INFO - ***********************************************************
2022-06-21 03:25:21,828 - INFO - *** MCMC Helper                                         ***
2022-06-21 03:25:21,828 - INFO - *** Algoritmos de Monte Carlo e Cadeias de Markov 2022/1***
2022-06-21 03:25:21,828 - INFO - *** Aluno: Victor de Almeida Xavier                     ***
2022-06-21 03:25:21,828 - INFO - ***********************************************************
2022-06-21 03:25:21,829 - INFO - *** Simulação de Otimização Combinatória                ***
2022-06-21 03:25:21,829 - INFO - ***********************************************************
2022-06-21 03:25:21,829 - INFO - [INIT]Module:Experiment
2022-06-21 03:25:21,830 - INFO - Experimentos de Simulação de Otimização Combinatória: Clustering
2022-06-21 03:25:21,830 - INFO - Arquivo de Entrada:./input/debug.csv
2022-06-21 03:25:21,830 - INFO - Estratégia de Resfriamento:log
2022-06-21 03:25:21,830 - INFO - Função de Custo:uniqueness
2022-06-21 03:25:21,831 - INFO - Número de passos:1000
2022-06-21 03:25:21,831 - INFO - Número de execuções:1
2022-06-21 03:25:21,831 - INFO - Taxa de resfriamento:0.99
2022-06-21 03:25:21,831 - INFO - Temperatura inicial:10000
2022-06-21 03:25:21,831 - INFO - Plotar resultados? True
2022-06-21 03:25:25,144 - INFO - [./input/debug.csv]load_samples:815
2022-06-21 03:25:25,208 - INFO - [814]do_normalize_samples:814
2022-06-21 03:25:25,208 - DEBUG - Working with 43 features.
2022-06-21 03:25:55,282 - DEBUG - Melhor vetor após 1000 passos:[1, 0, 1, 1, 1, 1, 0, 0, 1, 1, 0, 1, 0, 1, 1, 0, 1, 1, 1, 1, 0, 0, 0, 0, 1, 0, 0, 0, 1, 1, 1, 0, 0, 1, 0, 1, 1, 0, 1, 1, 1, 0, 1];cujo valor da fobj=21
2022-06-21 03:25:55,283 - INFO - Melhor configuração após 1000 passos:Q_0.1_1|Q_0.2_0|Q_0.3_1|Q_0.3_2|Q_0.3_3|Q_0.5_1|Q_0.5_2|Q_0.5_4|Q_1.0_0|Q_1.11_1|Q_1.12_0|Q_1.13_0|Q_1.14_0|Q_1.15_0|Q_1.8_0|Q_4.11a_1|Q_4.11a_2|Q_4.11a_3|Q_4.13_0|Q_4.1_2|Q_4.2_1|Q_4.2_3|Q_4.3_1|Q_4.3_2|Q_4.4_0;cujo valor da fobj=21
2022-06-21 03:25:55,283 - INFO - [1000]do_simulated_annealing:Simulation(True):BestValue(21)
2022-06-21 03:25:55,283 - INFO - Melhor configuração final:Q_0.1_1|Q_0.2_0|Q_0.3_1|Q_0.3_2|Q_0.3_3|Q_0.5_1|Q_0.5_2|Q_0.5_4|Q_1.0_0|Q_1.11_1|Q_1.12_0|Q_1.13_0|Q_1.14_0|Q_1.15_0|Q_1.8_0|Q_4.11a_1|Q_4.11a_2|Q_4.11a_3|Q_4.13_0|Q_4.1_2|Q_4.2_1|Q_4.2_3|Q_4.3_1|Q_4.3_2|Q_4.4_0:21
2022-06-21 03:25:55,288 - INFO - [20220621002517379715]save_history:mcmc_clustering_log_1000_1_history.csv
2022-06-21 03:26:02,451 - DEBUG - max_value:14532.039861214764
2022-06-21 03:26:45,769 - INFO - [DONE]Module:Experiment
