2022-06-23 02:24:08,077 - INFO - ***********************************************************
2022-06-23 02:24:08,079 - INFO - *** MCMC Helper                                         ***
2022-06-23 02:24:08,079 - INFO - *** Algoritmos de Monte Carlo e Cadeias de Markov 2022/1***
2022-06-23 02:24:08,079 - INFO - *** Aluno: Victor de Almeida Xavier                     ***
2022-06-23 02:24:08,079 - INFO - ***********************************************************
2022-06-23 02:24:08,080 - INFO - *** Simulação de Otimização Combinatória                ***
2022-06-23 02:24:08,080 - INFO - ***********************************************************
2022-06-23 02:24:08,080 - INFO - [INIT]Module:Experiment
2022-06-23 02:24:08,081 - INFO - Experimentos de Simulação de Otimização Combinatória: Clustering
2022-06-23 02:24:08,082 - INFO - Arquivo de Entrada:./input/debug.csv
2022-06-23 02:24:08,083 - INFO - Estratégia de Resfriamento:all
2022-06-23 02:24:08,083 - INFO - Função de Custo:uniqueness
2022-06-23 02:24:08,083 - INFO - Número de passos:1000
2022-06-23 02:24:08,083 - INFO - Número de execuções:1
2022-06-23 02:24:08,084 - INFO - Taxa de resfriamento:0.99
2022-06-23 02:24:08,084 - INFO - Temperatura inicial:10000
2022-06-23 02:24:08,084 - INFO - Plotar resultados? True
2022-06-23 02:24:08,088 - INFO - [./input/debug.csv]load_samples:815
2022-06-23 02:24:08,130 - INFO - [814]do_normalize_samples:814
2022-06-23 02:24:14,819 - INFO - [43]get_features_from_header:43
2022-06-23 02:24:14,820 - DEBUG - Trabalhando com 43 features.
2022-06-23 02:24:41,555 - DEBUG - Melhor vetor após 1000 passos:[1, 1, 0, 1, 1, 1, 0, 1, 1, 1, 1, 1, 1, 1, 0, 0, 1, 1, 0, 1, 0, 0, 0, 1, 1, 1, 0, 1, 1, 1, 0, 1, 1, 0, 1, 0, 0, 0, 1, 0, 1, 1, 1];cujo valor da fobj=4
2022-06-23 02:24:41,556 - INFO - Melhor configuração após 1000 passos:0.1_1|0.1_2|0.3_1|0.3_2|0.3_3|0.4_0|0.5_1|0.5_2|0.5_3|0.5_4|0.6_1|1.0_0|1.12_0|1.13_0|1.15_0|1.7_2|1.8_0|1.9_0|4.11_0|4.11a_1|4.11a_2|4.11b_1|4.11b_2|4.1_1|4.2_3|4.3_2|4.3a_0|4.4_0;cujo valor da fobj=4
2022-06-23 02:24:41,556 - DEBUG - [1000]do_simulated_annealing:Simulation(True):BestValue(4)
2022-06-23 02:25:16,838 - DEBUG - Melhor vetor após 1000 passos:[1, 1, 0, 1, 0, 1, 0, 0, 1, 1, 1, 1, 1, 1, 0, 0, 0, 1, 1, 0, 0, 0, 1, 1, 0, 1, 0, 0, 1, 1, 0, 1, 1, 0, 0, 1, 1, 1, 0, 1, 1, 0, 0];cujo valor da fobj=5
2022-06-23 02:25:16,838 - INFO - Melhor configuração após 1000 passos:0.1_1|0.1_2|0.3_1|0.3_3|0.5_1|0.5_2|0.5_3|0.5_4|0.6_1|1.0_0|1.13_0|1.14_0|1.7_1|1.7_2|1.9_0|4.11a_1|4.11a_2|4.11b_1|4.11b_2|4.1_2|4.2_1|4.2_2|4.3_1|4.3_2;cujo valor da fobj=5
2022-06-23 02:25:16,838 - DEBUG - [1000]do_simulated_annealing:Simulation(True):BestValue(5)
2022-06-23 02:25:49,059 - DEBUG - Melhor vetor após 1000 passos:[1, 0, 0, 0, 0, 1, 1, 0, 0, 1, 1, 1, 1, 1, 1, 1, 1, 0, 0, 0, 1, 0, 1, 1, 1, 1, 0, 1, 0, 0, 1, 1, 0, 0, 0, 1, 1, 0, 1, 1, 1, 1, 1];cujo valor da fobj=4
2022-06-23 02:25:49,060 - INFO - Melhor configuração após 1000 passos:0.1_1|0.3_3|0.3_4|0.5_2|0.5_3|0.5_4|0.6_1|1.0_0|1.11_1|1.11_2|1.12_0|1.1_0|1.7_1|1.7_2|1.8_0|1.9_0|4.11_0|4.11a_3|4.11b_1|4.1_2|4.2_1|4.2_3|4.3_1|4.3_2|4.3a_0|4.4_0;cujo valor da fobj=4
2022-06-23 02:25:49,060 - DEBUG - [1000]do_simulated_annealing:Simulation(True):BestValue(4)
2022-06-23 02:26:18,964 - DEBUG - Melhor vetor após 917 passos:[1, 1, 0, 1, 0, 1, 0, 1, 0, 1, 1, 1, 1, 1, 0, 1, 1, 1, 1, 1, 1, 1, 0, 1, 1, 0, 0, 1, 0, 0, 0, 1, 1, 0, 1, 1, 1, 1, 1, 0, 1, 1, 1];cujo valor da fobj=4
2022-06-23 02:26:18,964 - INFO - Melhor configuração após 917 passos:0.1_1|0.1_2|0.3_1|0.3_3|0.4_0|0.5_2|0.5_3|0.5_4|0.6_1|1.0_0|1.11_2|1.12_0|1.13_0|1.14_0|1.15_0|1.1_0|1.6_0|1.7_2|1.8_0|4.11_0|4.11b_1|4.11b_2|4.1_1|4.1_2|4.2_1|4.2_2|4.2_3|4.3_2|4.3a_0|4.4_0;cujo valor da fobj=4
2022-06-23 02:26:18,964 - DEBUG - [1000]do_simulated_annealing:Simulation(True):BestValue(4)
2022-06-23 02:26:22,058 - DEBUG - Melhor vetor após 102 passos:[1, 1, 0, 1, 1, 1, 1, 1, 0, 1, 1, 1, 1, 0, 1, 0, 0, 0, 0, 1, 1, 1, 0, 0, 0, 0, 1, 1, 1, 0, 0, 1, 1, 1, 0, 1, 0, 1, 1, 0, 0, 0, 1];cujo valor da fobj=6
2022-06-23 02:26:22,058 - INFO - Melhor configuração após 102 passos:0.1_1|0.1_2|0.3_1|0.3_2|0.3_3|0.3_4|0.4_0|0.5_2|0.5_3|0.5_4|0.6_1|1.11_1|1.15_0|1.1_0|1.6_0|4.0_0|4.11_0|4.11a_1|4.11b_1|4.11b_2|4.13_0|4.1_2|4.2_2|4.2_3|4.4_0;cujo valor da fobj=6
2022-06-23 02:26:22,058 - DEBUG - [1000]do_simulated_annealing:Simulation(True):BestValue(6)
2022-06-23 02:26:22,058 - INFO - Melhor configuração final:0.1_1|0.1_2|0.3_1|0.3_2|0.3_3|0.4_0|0.5_1|0.5_2|0.5_3|0.5_4|0.6_1|1.0_0|1.12_0|1.13_0|1.15_0|1.7_2|1.8_0|1.9_0|4.11_0|4.11a_1|4.11a_2|4.11b_1|4.11b_2|4.1_1|4.2_3|4.3_2|4.3a_0|4.4_0:4
2022-06-23 02:26:22,097 - INFO - [20220622232401743595]save_history:mcmc_clustering_all_1000_1_history.csv
2022-06-23 02:26:35,198 - DEBUG - max_value:999.0
2022-06-23 02:26:36,111 - DEBUG - max_value:9999.01
2022-06-23 02:26:36,495 - DEBUG - max_value:14532.039861214764
2022-06-23 02:26:36,863 - DEBUG - max_value:9900.0
2022-06-23 02:26:37,230 - DEBUG - max_value:10000.0
2022-06-23 02:26:56,722 - INFO - [DONE]Module:Experiment
