2022-06-19 03:50:53,368 - INFO - ***********************************************************
2022-06-19 03:50:53,369 - INFO - *** MCMC Helper                                         ***
2022-06-19 03:50:53,369 - INFO - *** Algoritmos de Monte Carlo e Cadeias de Markov 2022/1***
2022-06-19 03:50:53,369 - INFO - *** Aluno: Victor de Almeida Xavier                     ***
2022-06-19 03:50:53,369 - INFO - ***********************************************************
2022-06-19 03:50:53,370 - INFO - *** Simulação de Otimização Combinatória                ***
2022-06-19 03:50:53,370 - INFO - ***********************************************************
2022-06-19 03:50:53,370 - INFO - [INIT]Module:Experiment
2022-06-19 03:50:53,370 - INFO - Experimentos de Simulação de Otimização Combinatória: Clustering
2022-06-19 03:50:53,371 - INFO - Arquivo de Entrada:./input/debug.csv
2022-06-19 03:50:53,371 - INFO - Estratégia de Resfriamento:quadr
2022-06-19 03:50:53,371 - INFO - Número de passos:1000
2022-06-19 03:50:53,371 - INFO - Número de execuções:3
2022-06-19 03:50:53,371 - INFO - Plotar resultados? False
2022-06-19 03:50:53,374 - INFO - [./input/debug.csv]load_samples:815
2022-06-19 03:50:53,417 - INFO - [814]do_normalize_samples:814
2022-06-19 03:50:53,418 - DEBUG - Working with 43 features.
2022-06-19 03:51:25,095 - DEBUG - Melhor vetor:[1, 1, 1, 1, 0, 1, 0, 0, 1, 1, 1, 1, 0, 1, 1, 1, 0, 0, 1, 1, 0, 1, 0, 1, 0, 0, 1, 0, 0, 1, 0, 0, 0, 0, 1, 0, 0, 1, 1, 1, 1, 0, 0]:22
2022-06-19 03:51:25,095 - INFO - Melhor configuração:Q_0.1_1|Q_0.1_2|Q_0.2_0|Q_0.3_1|Q_0.3_3|Q_0.5_1|Q_0.5_2|Q_0.5_3|Q_0.5_4|Q_1.0_0|Q_1.11_1|Q_1.11_2|Q_1.14_0|Q_1.15_0|Q_1.6_0|Q_1.7_2|Q_4.0_0|Q_4.11a_2|Q_4.1_1|Q_4.2_2|Q_4.2_3|Q_4.3_1|Q_4.3_2:22
2022-06-19 03:51:25,095 - INFO - [1000]do_simulated_annealing:Simulation(True):BestValue(22)
2022-06-19 03:51:53,316 - DEBUG - Melhor vetor:[0, 1, 1, 0, 1, 1, 0, 0, 1, 0, 1, 0, 1, 1, 0, 0, 0, 0, 0, 1, 1, 1, 1, 1, 1, 1, 1, 0, 1, 1, 0, 1, 0, 1, 1, 1, 1, 0, 1, 1, 0, 0, 1]:9
2022-06-19 03:51:53,316 - INFO - Melhor configuração:Q_0.1_2|Q_0.2_0|Q_0.3_2|Q_0.3_3|Q_0.5_1|Q_0.5_3|Q_0.6_1|Q_1.0_0|Q_1.15_0|Q_1.1_0|Q_1.6_0|Q_1.7_1|Q_1.7_2|Q_1.8_0|Q_1.9_0|Q_4.0_0|Q_4.11a_1|Q_4.11a_2|Q_4.11b_1|Q_4.13_0|Q_4.1_1|Q_4.1_2|Q_4.2_1|Q_4.2_3|Q_4.3_1|Q_4.4_0:9
2022-06-19 03:51:53,316 - INFO - [1000]do_simulated_annealing:Simulation(True):BestValue(9)
2022-06-19 03:52:18,730 - DEBUG - Melhor vetor:[0, 1, 0, 1, 0, 1, 0, 0, 0, 0, 1, 1, 1, 1, 0, 1, 1, 0, 1, 0, 1, 1, 1, 0, 0, 1, 0, 0, 1, 1, 1, 0, 1, 1, 1, 0, 1, 1, 0, 1, 0, 0, 1]:14
2022-06-19 03:52:18,730 - INFO - Melhor configuração:Q_0.1_2|Q_0.3_1|Q_0.3_3|Q_0.5_3|Q_0.5_4|Q_0.6_1|Q_1.0_0|Q_1.11_2|Q_1.12_0|Q_1.14_0|Q_1.1_0|Q_1.6_0|Q_1.7_1|Q_1.9_0|Q_4.11a_1|Q_4.11a_2|Q_4.11a_3|Q_4.11b_2|Q_4.13_0|Q_4.1_1|Q_4.2_1|Q_4.2_2|Q_4.3_1|Q_4.4_0:14
2022-06-19 03:52:18,730 - INFO - [1000]do_simulated_annealing:Simulation(True):BestValue(14)
2022-06-19 03:52:18,730 - INFO - Melhor configuração final:Q_0.1_1|Q_0.1_2|Q_0.2_0|Q_0.3_1|Q_0.3_3|Q_0.5_1|Q_0.5_2|Q_0.5_3|Q_0.5_4|Q_1.0_0|Q_1.11_1|Q_1.11_2|Q_1.14_0|Q_1.15_0|Q_1.6_0|Q_1.7_2|Q_4.0_0|Q_4.11a_2|Q_4.1_1|Q_4.2_2|Q_4.2_3|Q_4.3_1|Q_4.3_2:22
2022-06-19 03:52:18,740 - INFO - [20220619005049216057]save_history:mcmc_clustering_quadr_1000_3_history.csv
2022-06-19 04:23:36,350 - DEBUG - max_value:1000.0
2022-06-19 04:24:49,662 - DEBUG - max_value:1000.0
2022-06-19 04:24:59,497 - DEBUG - max_value:1000.0
2022-06-19 04:26:13,257 - INFO - [DONE]Module:Experiment
