2022-06-21 01:12:05,544 - INFO - ***********************************************************
2022-06-21 01:12:05,545 - INFO - *** MCMC Helper                                         ***
2022-06-21 01:12:05,545 - INFO - *** Algoritmos de Monte Carlo e Cadeias de Markov 2022/1***
2022-06-21 01:12:05,545 - INFO - *** Aluno: Victor de Almeida Xavier                     ***
2022-06-21 01:12:05,545 - INFO - ***********************************************************
2022-06-21 01:12:05,545 - INFO - *** Simulação de Otimização Combinatória                ***
2022-06-21 01:12:05,546 - INFO - ***********************************************************
2022-06-21 01:12:05,546 - INFO - [INIT]Module:Experiment
2022-06-21 01:12:05,547 - INFO - Experimentos de Simulação de Otimização Combinatória: Clustering
2022-06-21 01:12:05,548 - INFO - Arquivo de Entrada:./input/debug.csv
2022-06-21 01:12:05,548 - INFO - Estratégia de Resfriamento:exp
2022-06-21 01:12:05,548 - INFO - Função de Custo:uniqueness
2022-06-21 01:12:05,548 - INFO - Número de passos:1000
2022-06-21 01:12:05,548 - INFO - Número de execuções:1
2022-06-21 01:12:05,549 - INFO - Taxa de resfriamento:0.99
2022-06-21 01:12:05,549 - INFO - Plotar resultados? True
2022-06-21 01:12:07,989 - INFO - [./input/debug.csv]load_samples:815
2022-06-21 01:12:08,048 - INFO - [814]do_normalize_samples:814
2022-06-21 01:12:08,048 - DEBUG - Working with 43 features.
2022-06-21 01:12:29,753 - DEBUG - Melhor vetor após 689 passos:[1, 1, 0, 1, 0, 1, 1, 1, 1, 1, 0, 1, 1, 1, 1, 1, 0, 0, 0, 1, 1, 0, 1, 1, 1, 0, 0, 0, 1, 1, 1, 1, 1, 1, 0, 0, 1, 1, 0, 1, 1, 1, 1];cujo valor da fobj=5
2022-06-21 01:12:29,753 - INFO - Melhor configuração após 689 passos:Q_0.1_1|Q_0.1_2|Q_0.3_1|Q_0.3_3|Q_0.3_4|Q_0.4_0|Q_0.5_1|Q_0.5_2|Q_0.5_4|Q_0.6_1|Q_1.0_0|Q_1.11_1|Q_1.11_2|Q_1.15_0|Q_1.1_0|Q_1.7_1|Q_1.7_2|Q_1.8_0|Q_4.11a_1|Q_4.11a_2|Q_4.11a_3|Q_4.11b_1|Q_4.11b_2|Q_4.13_0|Q_4.2_1|Q_4.2_2|Q_4.3_1|Q_4.3_2|Q_4.3a_0|Q_4.4_0;cujo valor da fobj=5
2022-06-21 01:12:29,753 - INFO - [1000]do_simulated_annealing:Simulation(True):BestValue(5)
2022-06-21 01:12:29,753 - INFO - Melhor configuração final:Q_0.1_1|Q_0.1_2|Q_0.3_1|Q_0.3_3|Q_0.3_4|Q_0.4_0|Q_0.5_1|Q_0.5_2|Q_0.5_4|Q_0.6_1|Q_1.0_0|Q_1.11_1|Q_1.11_2|Q_1.15_0|Q_1.1_0|Q_1.7_1|Q_1.7_2|Q_1.8_0|Q_4.11a_1|Q_4.11a_2|Q_4.11a_3|Q_4.11b_1|Q_4.11b_2|Q_4.13_0|Q_4.2_1|Q_4.2_2|Q_4.3_1|Q_4.3_2|Q_4.3a_0|Q_4.4_0:5
2022-06-21 01:12:29,757 - INFO - [20220620221200638950]save_history:mcmc_clustering_exp_1000_1_history.csv
2022-06-21 01:12:44,310 - DEBUG - max_value:990.0
2022-06-21 01:23:48,166 - INFO - [DONE]Module:Experiment
