2022-06-21 03:49:30,241 - INFO - ***********************************************************
2022-06-21 03:49:30,242 - INFO - *** MCMC Helper                                         ***
2022-06-21 03:49:30,242 - INFO - *** Algoritmos de Monte Carlo e Cadeias de Markov 2022/1***
2022-06-21 03:49:30,242 - INFO - *** Aluno: Victor de Almeida Xavier                     ***
2022-06-21 03:49:30,242 - INFO - ***********************************************************
2022-06-21 03:49:30,243 - INFO - *** Simulação de Otimização Combinatória                ***
2022-06-21 03:49:30,243 - INFO - ***********************************************************
2022-06-21 03:49:30,243 - INFO - [INIT]Module:Experiment
2022-06-21 03:49:30,243 - INFO - Experimentos de Simulação de Otimização Combinatória: Clustering
2022-06-21 03:49:30,244 - INFO - Arquivo de Entrada:./input/debug.csv
2022-06-21 03:49:30,244 - INFO - Estratégia de Resfriamento:linear
2022-06-21 03:49:30,244 - INFO - Função de Custo:uniqueness
2022-06-21 03:49:30,244 - INFO - Número de passos:1000
2022-06-21 03:49:30,244 - INFO - Número de execuções:1
2022-06-21 03:49:30,244 - INFO - Taxa de resfriamento:0.99
2022-06-21 03:49:30,244 - INFO - Temperatura inicial:10000
2022-06-21 03:49:30,244 - INFO - Plotar resultados? True
2022-06-21 03:49:30,248 - INFO - [./input/debug.csv]load_samples:815
2022-06-21 03:49:30,294 - INFO - [814]do_normalize_samples:814
2022-06-21 03:49:30,294 - DEBUG - Working with 43 features.
2022-06-21 03:50:25,646 - DEBUG - Melhor vetor após 1000 passos:[1, 0, 0, 1, 0, 0, 1, 1, 1, 0, 1, 1, 0, 1, 1, 0, 1, 1, 0, 1, 0, 0, 0, 0, 1, 1, 0, 0, 0, 1, 1, 1, 0, 0, 1, 1, 1, 0, 1, 1, 1, 1, 1];cujo valor da fobj=80
2022-06-21 03:50:25,647 - INFO - Melhor configuração após 1000 passos:Q_0.1_1|Q_0.3_1|Q_0.3_4|Q_0.4_0|Q_0.5_1|Q_0.5_3|Q_0.5_4|Q_1.0_0|Q_1.11_1|Q_1.12_0|Q_1.13_0|Q_1.15_0|Q_1.8_0|Q_1.9_0|Q_4.11a_2|Q_4.11a_3|Q_4.11b_1|Q_4.1_1|Q_4.1_2|Q_4.2_1|Q_4.2_3|Q_4.3_1|Q_4.3_2|Q_4.3a_0|Q_4.4_0;cujo valor da fobj=80
2022-06-21 03:50:25,647 - INFO - [1000]do_simulated_annealing:Simulation(True):BestValue(80)
2022-06-21 03:50:25,647 - INFO - Melhor configuração final:Q_0.1_1|Q_0.3_1|Q_0.3_4|Q_0.4_0|Q_0.5_1|Q_0.5_3|Q_0.5_4|Q_1.0_0|Q_1.11_1|Q_1.12_0|Q_1.13_0|Q_1.15_0|Q_1.8_0|Q_1.9_0|Q_4.11a_2|Q_4.11a_3|Q_4.11b_1|Q_4.1_1|Q_4.1_2|Q_4.2_1|Q_4.2_3|Q_4.3_1|Q_4.3_2|Q_4.3a_0|Q_4.4_0:80
2022-06-21 03:50:25,652 - INFO - [20220621004925896342]save_history:mcmc_clustering_linear_1000_1_history.csv
2022-06-21 03:50:30,903 - DEBUG - max_value:9999.01
2022-06-21 03:54:17,690 - INFO - [DONE]Module:Experiment
