2022-06-23 00:42:20,930 - INFO - ***********************************************************
2022-06-23 00:42:20,931 - INFO - *** MCMC Helper                                         ***
2022-06-23 00:42:20,931 - INFO - *** Algoritmos de Monte Carlo e Cadeias de Markov 2022/1***
2022-06-23 00:42:20,932 - INFO - *** Aluno: Victor de Almeida Xavier                     ***
2022-06-23 00:42:20,932 - INFO - ***********************************************************
2022-06-23 00:42:20,932 - INFO - *** Simulação de Otimização Combinatória                ***
2022-06-23 00:42:20,932 - INFO - ***********************************************************
2022-06-23 00:42:20,932 - INFO - [INIT]Module:Experiment
2022-06-23 00:42:20,933 - INFO - Experimentos de Simulação de Otimização Combinatória: Clustering
2022-06-23 00:42:20,933 - INFO - Arquivo de Entrada:./input/debug.csv
2022-06-23 00:42:20,934 - INFO - Estratégia de Resfriamento:all
2022-06-23 00:42:20,934 - INFO - Função de Custo:uniqueness
2022-06-23 00:42:20,934 - INFO - Número de passos:1000
2022-06-23 00:42:20,934 - INFO - Número de execuções:1
2022-06-23 00:42:20,934 - INFO - Taxa de resfriamento:0.99
2022-06-23 00:42:20,934 - INFO - Temperatura inicial:10000
2022-06-23 00:42:20,935 - INFO - Plotar resultados? True
2022-06-23 00:42:20,940 - INFO - [./input/debug.csv]load_samples:815
2022-06-23 00:42:20,996 - INFO - [814]do_normalize_samples:814
2022-06-23 01:31:45,448 - INFO - [43]get_features_from_header:43
2022-06-23 01:31:46,286 - DEBUG - Trabalhando com 43 features.
2022-06-23 01:32:29,069 - DEBUG - Melhor vetor após 1000 passos:[1, 0, 0, 1, 1, 1, 1, 1, 1, 1, 1, 1, 1, 1, 1, 1, 0, 0, 0, 1, 0, 1, 0, 1, 1, 0, 0, 0, 1, 0, 0, 1, 1, 1, 0, 0, 1, 0, 1, 0, 1, 1, 1];cujo valor da fobj=4
2022-06-23 01:32:29,070 - INFO - Melhor configuração após 1000 passos:0.1_1|0.3_1|0.3_2|0.3_3|0.3_4|0.4_0|0.5_1|0.5_2|0.5_3|0.5_4|0.6_1|1.0_0|1.11_1|1.11_2|1.15_0|1.6_0|1.7_2|1.8_0|4.11a_1|4.11b_1|4.11b_2|4.13_0|4.2_1|4.2_3|4.3_2|4.3a_0|4.4_0;cujo valor da fobj=4
2022-06-23 01:32:29,070 - DEBUG - [1000]do_simulated_annealing:Simulation(True):BestValue(4)
2022-06-23 01:56:42,837 - DEBUG - Melhor vetor após 1000 passos:[1, 1, 0, 0, 1, 1, 1, 1, 1, 1, 1, 1, 1, 1, 0, 0, 1, 1, 0, 0, 0, 0, 1, 1, 1, 1, 1, 1, 0, 1, 0, 1, 1, 1, 0, 0, 1, 0, 1, 1, 1, 1, 0];cujo valor da fobj=4
2022-06-23 01:56:42,838 - INFO - Melhor configuração após 1000 passos:0.1_1|0.1_2|0.3_2|0.3_3|0.3_4|0.4_0|0.5_1|0.5_2|0.5_3|0.5_4|0.6_1|1.0_0|1.12_0|1.13_0|1.7_1|1.7_2|1.8_0|1.9_0|4.0_0|4.11_0|4.11a_2|4.11b_1|4.11b_2|4.13_0|4.2_1|4.2_3|4.3_1|4.3_2|4.3a_0;cujo valor da fobj=4
2022-06-23 01:56:42,839 - DEBUG - [1000]do_simulated_annealing:Simulation(True):BestValue(4)
2022-06-23 01:57:26,855 - DEBUG - Melhor vetor após 1000 passos:[1, 1, 0, 0, 1, 1, 1, 0, 1, 1, 1, 1, 1, 1, 1, 0, 1, 1, 1, 1, 1, 1, 0, 1, 0, 1, 1, 0, 1, 0, 0, 1, 0, 1, 1, 0, 0, 1, 1, 1, 1, 1, 1];cujo valor da fobj=4
2022-06-23 01:57:26,855 - INFO - Melhor configuração após 1000 passos:0.1_1|0.1_2|0.3_2|0.3_3|0.3_4|0.5_1|0.5_2|0.5_3|0.5_4|0.6_1|1.0_0|1.11_1|1.12_0|1.13_0|1.14_0|1.15_0|1.1_0|1.6_0|1.7_2|1.9_0|4.0_0|4.11a_1|4.11b_1|4.13_0|4.1_1|4.2_2|4.2_3|4.3_1|4.3_2|4.3a_0|4.4_0;cujo valor da fobj=4
2022-06-23 01:57:26,856 - DEBUG - [1000]do_simulated_annealing:Simulation(True):BestValue(4)
2022-06-23 01:58:10,900 - DEBUG - Melhor vetor após 917 passos:[1, 1, 0, 1, 1, 1, 0, 1, 0, 1, 0, 1, 1, 1, 0, 0, 1, 0, 1, 0, 1, 0, 0, 0, 1, 1, 1, 1, 0, 0, 0, 1, 0, 0, 0, 0, 0, 1, 0, 1, 1, 1, 1];cujo valor da fobj=5
2022-06-23 01:58:10,900 - INFO - Melhor configuração após 917 passos:0.1_1|0.1_2|0.3_1|0.3_2|0.3_3|0.4_0|0.5_2|0.5_4|0.6_1|1.0_0|1.12_0|1.14_0|1.1_0|1.8_0|1.9_0|4.0_0|4.11_0|4.11b_1|4.2_2|4.3_1|4.3_2|4.3a_0|4.4_0;cujo valor da fobj=5
2022-06-23 01:58:10,900 - DEBUG - [1000]do_simulated_annealing:Simulation(True):BestValue(5)
2022-06-23 01:58:17,174 - DEBUG - Melhor vetor após 102 passos:[0, 1, 0, 0, 0, 1, 0, 1, 1, 1, 0, 1, 1, 1, 0, 1, 1, 0, 1, 1, 1, 0, 1, 0, 1, 1, 0, 1, 0, 1, 0, 1, 0, 1, 0, 1, 1, 0, 1, 0, 1, 1, 0];cujo valor da fobj=6
2022-06-23 01:58:17,174 - INFO - Melhor configuração após 102 passos:0.1_2|0.3_3|0.4_0|0.5_1|0.5_2|0.5_4|0.6_1|1.0_0|1.11_2|1.12_0|1.14_0|1.15_0|1.1_0|1.7_1|1.8_0|1.9_0|4.11_0|4.11a_2|4.11b_1|4.13_0|4.1_2|4.2_1|4.2_3|4.3_2|4.3a_0;cujo valor da fobj=6
2022-06-23 01:58:17,175 - DEBUG - [1000]do_simulated_annealing:Simulation(True):BestValue(6)
2022-06-23 01:58:17,176 - INFO - Melhor configuração final:0.1_1|0.3_1|0.3_2|0.3_3|0.3_4|0.4_0|0.5_1|0.5_2|0.5_3|0.5_4|0.6_1|1.0_0|1.11_1|1.11_2|1.15_0|1.6_0|1.7_2|1.8_0|4.11a_1|4.11b_1|4.11b_2|4.13_0|4.2_1|4.2_3|4.3_2|4.3a_0|4.4_0:4
2022-06-23 01:58:17,243 - INFO - [20220622214216439294]save_history:mcmc_clustering_all_1000_1_history.csv
2022-06-23 01:58:26,778 - DEBUG - max_value:999.0
2022-06-23 01:58:30,883 - INFO - [DONE]Module:Experiment
