2022-06-18 21:49:23,482 - INFO - ***********************************************************
2022-06-18 21:49:23,483 - INFO - *** MCMC Helper                                         ***
2022-06-18 21:49:23,483 - INFO - *** Algoritmos de Monte Carlo e Cadeias de Markov 2022/1***
2022-06-18 21:49:23,483 - INFO - *** Aluno: Victor de Almeida Xavier                     ***
2022-06-18 21:49:23,484 - INFO - ***********************************************************
2022-06-18 21:49:23,484 - INFO - *** Simulação de Otimização Combinatória                ***
2022-06-18 21:49:23,484 - INFO - ***********************************************************
2022-06-18 21:49:23,484 - INFO - [INIT]Module:Experiment
2022-06-18 21:49:23,485 - INFO - Experimentos de Simulação de Otimização Combinatória: Clustering
2022-06-18 21:49:23,485 - INFO - Arquivo de Entrada:./input/debug.csv
2022-06-18 21:49:23,485 - INFO - Estratégia de Resfriamento:linear
2022-06-18 21:49:23,485 - INFO - Número de passos:100
2022-06-18 21:49:23,485 - INFO - Número de execuções:2
2022-06-18 21:49:23,485 - INFO - Plotar resultados? False
2022-06-18 21:49:26,757 - INFO - [./input/debug.csv]load_samples:815
2022-06-18 21:49:26,800 - INFO - [814]do_normalize_samples:814
2022-06-18 21:49:26,801 - DEBUG - Working with 43 features.
2022-06-18 21:49:29,714 - DEBUG - Melhor vetor:[0, 0, 1, 1, 1, 1, 0, 1, 1, 0, 1, 1, 0, 0, 1, 1, 0, 0, 1, 0, 1, 1, 0, 1, 0, 1, 0, 0, 0, 1, 0, 0, 0, 0, 0, 1, 1, 0, 0, 0, 0, 1, 0]:0.02334152334152334
2022-06-18 21:49:29,714 - INFO - Melhor configuração:Q_0.1_2Q_0.1_2Q_0.1_2Q_0.1_2Q_0.1_2Q_0.1_2Q_0.1_2Q_0.1_2Q_0.1_2Q_0.1_2Q_0.1_2Q_0.1_2Q_0.1_2Q_0.1_2Q_0.1_2Q_0.1_2Q_0.1_2Q_0.1_2Q_0.1_2:0.02334152334152334
2022-06-18 21:49:29,715 - INFO - [100]do_simulated_annealing:Simulation(True):BestValue(0.02334152334152334)
2022-06-18 21:49:37,072 - DEBUG - Melhor vetor:[0, 0, 1, 1, 1, 0, 1, 1, 1, 0, 1, 1, 1, 1, 0, 0, 1, 1, 1, 0, 0, 0, 1, 0, 1, 0, 0, 1, 1, 0, 1, 1, 1, 1, 0, 1, 0, 1, 1, 0, 1, 1, 1]:0.033169533169533166
2022-06-18 21:49:37,073 - INFO - Melhor configuração:Q_0.1_2Q_0.1_2Q_0.1_2Q_0.1_2Q_0.1_2Q_0.1_2Q_0.1_2Q_0.1_2Q_0.1_2Q_0.1_2Q_0.1_2Q_0.1_2Q_0.1_2Q_0.1_2Q_0.1_2Q_0.1_2Q_0.1_2Q_0.1_2Q_0.1_2Q_0.1_2Q_0.1_2Q_0.1_2Q_0.1_2Q_0.1_2Q_0.1_2Q_0.1_2Q_0.1_2:0.033169533169533166
2022-06-18 21:49:37,073 - INFO - [100]do_simulated_annealing:Simulation(True):BestValue(0.033169533169533166)
