2022-06-21 05:04:33,908 - INFO - ***********************************************************
2022-06-21 05:04:33,909 - INFO - *** MCMC Helper                                         ***
2022-06-21 05:04:33,909 - INFO - *** Algoritmos de Monte Carlo e Cadeias de Markov 2022/1***
2022-06-21 05:04:33,909 - INFO - *** Aluno: Victor de Almeida Xavier                     ***
2022-06-21 05:04:33,909 - INFO - ***********************************************************
2022-06-21 05:04:33,910 - INFO - *** Simulação de Otimização Combinatória                ***
2022-06-21 05:04:33,910 - INFO - ***********************************************************
2022-06-21 05:04:33,910 - INFO - [INIT]Module:Experiment
2022-06-21 05:04:33,911 - INFO - Experimentos de Simulação de Otimização Combinatória: Clustering
2022-06-21 05:04:33,912 - INFO - Arquivo de Entrada:./input/debug.csv
2022-06-21 05:04:33,912 - INFO - Estratégia de Resfriamento:exp
2022-06-21 05:04:33,912 - INFO - Função de Custo:uniqueness
2022-06-21 05:04:33,912 - INFO - Número de passos:1000
2022-06-21 05:04:33,912 - INFO - Número de execuções:1
2022-06-21 05:04:33,913 - INFO - Taxa de resfriamento:0.99
2022-06-21 05:04:33,913 - INFO - Temperatura inicial:10000
2022-06-21 05:04:33,913 - INFO - Plotar resultados? True
2022-06-21 05:04:33,917 - INFO - [./input/debug.csv]load_samples:815
2022-06-21 05:04:33,972 - INFO - [814]do_normalize_samples:814
2022-06-21 05:04:33,973 - DEBUG - Working with 43 features.
2022-06-21 05:05:08,048 - DEBUG - Melhor vetor após 917 passos:[0, 1, 1, 1, 0, 1, 1, 1, 1, 1, 1, 1, 0, 1, 0, 0, 0, 1, 1, 0, 1, 1, 1, 1, 1, 1, 1, 1, 1, 1, 0, 0, 1, 0, 0, 1, 1, 1, 0, 1, 1, 1, 0];cujo valor da fobj=18
2022-06-21 05:05:08,048 - INFO - Melhor configuração após 917 passos:Q_0.1_2|Q_0.2_0|Q_0.3_1|Q_0.3_3|Q_0.3_4|Q_0.4_0|Q_0.5_1|Q_0.5_2|Q_0.5_3|Q_0.5_4|Q_1.0_0|Q_1.13_0|Q_1.14_0|Q_1.1_0|Q_1.6_0|Q_1.7_1|Q_1.7_2|Q_1.8_0|Q_1.9_0|Q_4.0_0|Q_4.11_0|Q_4.11a_1|Q_4.11a_2|Q_4.11b_2|Q_4.1_2|Q_4.2_1|Q_4.2_2|Q_4.3_1|Q_4.3_2|Q_4.3a_0;cujo valor da fobj=18
2022-06-21 05:05:08,048 - INFO - [1000]do_simulated_annealing:Simulation(True):BestValue(18)
2022-06-21 05:05:08,049 - INFO - Melhor configuração final:Q_0.1_2|Q_0.2_0|Q_0.3_1|Q_0.3_3|Q_0.3_4|Q_0.4_0|Q_0.5_1|Q_0.5_2|Q_0.5_3|Q_0.5_4|Q_1.0_0|Q_1.13_0|Q_1.14_0|Q_1.1_0|Q_1.6_0|Q_1.7_1|Q_1.7_2|Q_1.8_0|Q_1.9_0|Q_4.0_0|Q_4.11_0|Q_4.11a_1|Q_4.11a_2|Q_4.11b_2|Q_4.1_2|Q_4.2_1|Q_4.2_2|Q_4.3_1|Q_4.3_2|Q_4.3a_0:18
2022-06-21 05:05:08,053 - INFO - [20220621020429274554]save_history:mcmc_clustering_exp_1000_1_history.csv
2022-06-21 05:05:26,261 - DEBUG - max_value:9900.0
2022-06-21 05:06:17,769 - INFO - [DONE]Module:Experiment
