2022-06-19 02:44:30,439 - INFO - ***********************************************************
2022-06-19 02:44:30,439 - INFO - *** MCMC Helper                                         ***
2022-06-19 02:44:30,440 - INFO - *** Algoritmos de Monte Carlo e Cadeias de Markov 2022/1***
2022-06-19 02:44:30,440 - INFO - *** Aluno: Victor de Almeida Xavier                     ***
2022-06-19 02:44:30,440 - INFO - ***********************************************************
2022-06-19 02:44:30,440 - INFO - *** Simulação de Otimização Combinatória                ***
2022-06-19 02:44:30,440 - INFO - ***********************************************************
2022-06-19 02:44:30,440 - INFO - [INIT]Module:Experiment
2022-06-19 02:44:30,441 - INFO - Experimentos de Simulação de Otimização Combinatória: Clustering
2022-06-19 02:44:30,441 - INFO - Arquivo de Entrada:./input/debug.csv
2022-06-19 02:44:30,441 - INFO - Estratégia de Resfriamento:quadr
2022-06-19 02:44:30,441 - INFO - Número de passos:1000
2022-06-19 02:44:30,441 - INFO - Número de execuções:3
2022-06-19 02:44:30,442 - INFO - Plotar resultados? False
2022-06-19 02:44:30,445 - INFO - [./input/debug.csv]load_samples:815
2022-06-19 02:44:30,490 - INFO - [814]do_normalize_samples:814
2022-06-19 02:44:30,491 - DEBUG - Working with 43 features.
2022-06-19 02:44:57,561 - DEBUG - Melhor vetor:[0, 0, 1, 1, 1, 1, 1, 0, 1, 0, 1, 1, 0, 0, 1, 0, 1, 0, 1, 1, 0, 1, 1, 1, 1, 1, 0, 1, 1, 0, 1, 1, 0, 0, 1, 0, 0, 0, 1, 1, 0, 1, 1]:88
2022-06-19 02:44:57,561 - INFO - Melhor configuração:Q_0.2_0|Q_0.3_1|Q_0.3_2|Q_0.3_3|Q_0.3_4|Q_0.5_1|Q_0.5_3|Q_0.5_4|Q_1.11_1|Q_1.12_0|Q_1.14_0|Q_1.15_0|Q_1.6_0|Q_1.7_1|Q_1.7_2|Q_1.8_0|Q_1.9_0|Q_4.11_0|Q_4.11a_1|Q_4.11a_3|Q_4.11b_1|Q_4.1_1|Q_4.2_3|Q_4.3_1|Q_4.3a_0|Q_4.4_0:88
2022-06-19 02:44:57,561 - INFO - [1000]do_simulated_annealing:Simulation(True):BestValue(88)
2022-06-19 02:45:24,130 - DEBUG - Melhor vetor:[1, 0, 1, 1, 1, 1, 1, 0, 0, 1, 1, 0, 1, 0, 1, 0, 0, 0, 0, 1, 0, 1, 1, 0, 1, 1, 1, 1, 0, 1, 0, 0, 0, 0, 1, 1, 1, 1, 0, 1, 1, 1, 0]:18
2022-06-19 02:45:24,130 - INFO - Melhor configuração:Q_0.1_1|Q_0.2_0|Q_0.3_1|Q_0.3_2|Q_0.3_3|Q_0.3_4|Q_0.5_2|Q_0.5_3|Q_0.6_1|Q_1.11_1|Q_1.15_0|Q_1.6_0|Q_1.7_1|Q_1.8_0|Q_1.9_0|Q_4.0_0|Q_4.11_0|Q_4.11a_2|Q_4.1_1|Q_4.1_2|Q_4.2_1|Q_4.2_2|Q_4.3_1|Q_4.3_2|Q_4.3a_0:18
2022-06-19 02:45:24,130 - INFO - [1000]do_simulated_annealing:Simulation(True):BestValue(18)
2022-06-19 02:45:51,005 - DEBUG - Melhor vetor:[1, 1, 0, 1, 1, 0, 1, 0, 0, 1, 0, 1, 1, 1, 0, 0, 0, 0, 0, 1, 0, 0, 1, 1, 0, 0, 0, 0, 0, 0, 0, 1, 1, 1, 0, 0, 1, 1, 0, 0, 0, 0, 1]:22
2022-06-19 02:45:51,005 - INFO - Melhor configuração:Q_0.1_1|Q_0.1_2|Q_0.3_1|Q_0.3_2|Q_0.3_4|Q_0.5_2|Q_0.5_4|Q_0.6_1|Q_1.0_0|Q_1.15_0|Q_1.7_1|Q_1.7_2|Q_4.11b_1|Q_4.11b_2|Q_4.13_0|Q_4.2_1|Q_4.2_2|Q_4.4_0:22
2022-06-19 02:45:51,005 - INFO - [1000]do_simulated_annealing:Simulation(True):BestValue(22)
2022-06-19 02:45:51,005 - INFO - Melhor configuração final:Q_0.2_0|Q_0.3_1|Q_0.3_2|Q_0.3_3|Q_0.3_4|Q_0.5_1|Q_0.5_3|Q_0.5_4|Q_1.11_1|Q_1.12_0|Q_1.14_0|Q_1.15_0|Q_1.6_0|Q_1.7_1|Q_1.7_2|Q_1.8_0|Q_1.9_0|Q_4.11_0|Q_4.11a_1|Q_4.11a_3|Q_4.11b_1|Q_4.1_1|Q_4.2_3|Q_4.3_1|Q_4.3a_0|Q_4.4_0:88
2022-06-19 02:45:51,019 - INFO - [20220618234425801098]save_history:mcmc_clustering_quadr_1000_3_history.csv
2022-06-19 02:47:17,576 - DEBUG - max_value:1000.0
