2022-06-22 00:13:51,593 - INFO - ***********************************************************
2022-06-22 00:13:51,593 - INFO - *** MCMC Helper                                         ***
2022-06-22 00:13:51,593 - INFO - *** Algoritmos de Monte Carlo e Cadeias de Markov 2022/1***
2022-06-22 00:13:51,593 - INFO - *** Aluno: Victor de Almeida Xavier                     ***
2022-06-22 00:13:51,593 - INFO - ***********************************************************
2022-06-22 00:13:51,593 - INFO - *** Simulação de Otimização Combinatória                ***
2022-06-22 00:13:51,594 - INFO - ***********************************************************
2022-06-22 00:13:51,594 - INFO - [INIT]Module:Experiment
2022-06-22 00:13:51,594 - INFO - Experimentos de Simulação de Otimização Combinatória: Clustering
2022-06-22 00:13:51,594 - INFO - Arquivo de Entrada:./input/debug.csv
2022-06-22 00:13:51,595 - INFO - Estratégia de Resfriamento:exp
2022-06-22 00:13:51,595 - INFO - Função de Custo:uniqueness
2022-06-22 00:13:51,595 - INFO - Número de passos:10000
2022-06-22 00:13:51,595 - INFO - Número de execuções:1
2022-06-22 00:13:51,595 - INFO - Taxa de resfriamento:0.7
2022-06-22 00:13:51,595 - INFO - Temperatura inicial:10000
2022-06-22 00:13:51,595 - INFO - Plotar resultados? True
2022-06-22 00:13:51,598 - INFO - [./input/debug.csv]load_samples:815
2022-06-22 00:13:51,638 - INFO - [814]do_normalize_samples:814
2022-06-22 00:13:52,047 - INFO - Melhor configuração após 26 passos:Q_0.1_1|Q_0.1_2|Q_0.3_4|Q_0.5_2|Q_0.5_3|Q_0.6_1|Q_1.0_0|Q_1.11_2|Q_1.14_0|Q_1.6_0|Q_1.8_0|Q_4.11_0|Q_4.11b_1|Q_4.11b_2|Q_4.13_0|Q_4.1_2|Q_4.2_1|Q_4.2_3|Q_4.3_2|Q_4.4_0;cujo valor da fobj=13
2022-06-22 00:13:52,047 - INFO - [10000]do_simulated_annealing:Simulation(True):BestValue(13)
2022-06-22 00:13:52,047 - INFO - Melhor configuração final:Q_0.1_1|Q_0.1_2|Q_0.3_4|Q_0.5_2|Q_0.5_3|Q_0.6_1|Q_1.0_0|Q_1.11_2|Q_1.14_0|Q_1.6_0|Q_1.8_0|Q_4.11_0|Q_4.11b_1|Q_4.11b_2|Q_4.13_0|Q_4.1_2|Q_4.2_1|Q_4.2_3|Q_4.3_2|Q_4.4_0:13
2022-06-22 00:13:52,048 - INFO - [20220621211349401821]save_history:mcmc_clustering_exp_10000_1_history.csv
2022-06-22 00:14:30,024 - INFO - [DONE]Module:Experiment
