2022-06-21 04:03:43,296 - INFO - ***********************************************************
2022-06-21 04:03:43,297 - INFO - *** MCMC Helper                                         ***
2022-06-21 04:03:43,297 - INFO - *** Algoritmos de Monte Carlo e Cadeias de Markov 2022/1***
2022-06-21 04:03:43,297 - INFO - *** Aluno: Victor de Almeida Xavier                     ***
2022-06-21 04:03:43,297 - INFO - ***********************************************************
2022-06-21 04:03:43,297 - INFO - *** Simulação de Otimização Combinatória                ***
2022-06-21 04:03:43,297 - INFO - ***********************************************************
2022-06-21 04:03:43,297 - INFO - [INIT]Module:Experiment
2022-06-21 04:03:43,298 - INFO - Experimentos de Simulação de Otimização Combinatória: Clustering
2022-06-21 04:03:43,298 - INFO - Arquivo de Entrada:./input/debug.csv
2022-06-21 04:03:43,298 - INFO - Estratégia de Resfriamento:delta
2022-06-21 04:03:43,298 - INFO - Função de Custo:uniqueness
2022-06-21 04:03:43,299 - INFO - Número de passos:1000
2022-06-21 04:03:43,299 - INFO - Número de execuções:1
2022-06-21 04:03:43,299 - INFO - Taxa de resfriamento:0.99
2022-06-21 04:03:43,299 - INFO - Temperatura inicial:1000.0
2022-06-21 04:03:43,299 - INFO - Plotar resultados? True
2022-06-21 04:03:43,304 - INFO - [./input/debug.csv]load_samples:815
2022-06-21 04:03:43,357 - INFO - [814]do_normalize_samples:814
2022-06-21 04:03:43,357 - DEBUG - Working with 43 features.
2022-06-21 04:04:04,686 - DEBUG - Melhor vetor após 39 passos:[1, 0, 1, 1, 0, 0, 0, 0, 1, 1, 0, 1, 1, 0, 1, 1, 0, 1, 1, 0, 1, 0, 1, 1, 0, 1, 1, 1, 1, 1, 0, 0, 1, 0, 1, 0, 0, 1, 1, 1, 0, 1, 1];cujo valor da fobj=8
2022-06-21 04:04:04,686 - INFO - Melhor configuração após 39 passos:Q_0.1_1|Q_0.2_0|Q_0.3_1|Q_0.5_1|Q_0.5_2|Q_0.5_4|Q_0.6_1|Q_1.11_1|Q_1.11_2|Q_1.13_0|Q_1.14_0|Q_1.1_0|Q_1.7_1|Q_1.7_2|Q_1.9_0|Q_4.0_0|Q_4.11_0|Q_4.11a_1|Q_4.11a_2|Q_4.11b_2|Q_4.1_1|Q_4.2_2|Q_4.2_3|Q_4.3_1|Q_4.3a_0|Q_4.4_0;cujo valor da fobj=8
2022-06-21 04:04:04,687 - INFO - [1000]do_simulated_annealing:Simulation(True):BestValue(8)
2022-06-21 04:04:04,687 - INFO - Melhor configuração final:Q_0.1_1|Q_0.2_0|Q_0.3_1|Q_0.5_1|Q_0.5_2|Q_0.5_4|Q_0.6_1|Q_1.11_1|Q_1.11_2|Q_1.13_0|Q_1.14_0|Q_1.1_0|Q_1.7_1|Q_1.7_2|Q_1.9_0|Q_4.0_0|Q_4.11_0|Q_4.11a_1|Q_4.11a_2|Q_4.11b_2|Q_4.1_1|Q_4.2_2|Q_4.2_3|Q_4.3_1|Q_4.3a_0|Q_4.4_0:8
2022-06-21 04:04:04,688 - INFO - [20220621010338893805]save_history:mcmc_clustering_delta_1000_1_history.csv
2022-06-21 04:06:20,808 - DEBUG - max_value:999.369
