2022-06-21 04:17:26,027 - INFO - ***********************************************************
2022-06-21 04:17:26,028 - INFO - *** MCMC Helper                                         ***
2022-06-21 04:17:26,028 - INFO - *** Algoritmos de Monte Carlo e Cadeias de Markov 2022/1***
2022-06-21 04:17:26,028 - INFO - *** Aluno: Victor de Almeida Xavier                     ***
2022-06-21 04:17:26,028 - INFO - ***********************************************************
2022-06-21 04:17:26,028 - INFO - *** Simulação de Otimização Combinatória                ***
2022-06-21 04:17:26,029 - INFO - ***********************************************************
2022-06-21 04:17:26,029 - INFO - [INIT]Module:Experiment
2022-06-21 04:17:26,029 - INFO - Experimentos de Simulação de Otimização Combinatória: Clustering
2022-06-21 04:17:26,030 - INFO - Arquivo de Entrada:./input/debug.csv
2022-06-21 04:17:26,030 - INFO - Estratégia de Resfriamento:delta
2022-06-21 04:17:26,030 - INFO - Função de Custo:uniqueness
2022-06-21 04:17:26,030 - INFO - Número de passos:1000
2022-06-21 04:17:26,030 - INFO - Número de execuções:1
2022-06-21 04:17:26,030 - INFO - Taxa de resfriamento:0.99
2022-06-21 04:17:26,030 - INFO - Temperatura inicial:10000
2022-06-21 04:17:26,030 - INFO - Plotar resultados? True
2022-06-21 04:17:26,033 - INFO - [./input/debug.csv]load_samples:815
2022-06-21 04:17:26,082 - INFO - [814]do_normalize_samples:814
2022-06-21 04:17:26,083 - DEBUG - Working with 43 features.
2022-06-21 04:18:17,076 - DEBUG - Melhor vetor após 9 passos:[1, 0, 0, 1, 1, 1, 1, 1, 1, 0, 0, 1, 1, 1, 1, 0, 1, 1, 1, 1, 0, 0, 1, 0, 0, 0, 0, 1, 0, 1, 1, 1, 0, 0, 1, 0, 0, 0, 1, 0, 0, 1, 0];cujo valor da fobj=11
2022-06-21 04:18:17,076 - INFO - Melhor configuração após 9 passos:Q_0.1_1|Q_0.3_1|Q_0.3_2|Q_0.3_3|Q_0.3_4|Q_0.4_0|Q_0.5_1|Q_0.5_4|Q_0.6_1|Q_1.0_0|Q_1.11_1|Q_1.12_0|Q_1.13_0|Q_1.14_0|Q_1.15_0|Q_1.7_1|Q_4.11_0|Q_4.11a_2|Q_4.11a_3|Q_4.11b_1|Q_4.1_1|Q_4.2_3|Q_4.3a_0;cujo valor da fobj=11
2022-06-21 04:18:17,077 - INFO - [1000]do_simulated_annealing:Simulation(True):BestValue(11)
2022-06-21 04:18:17,077 - INFO - Melhor configuração final:Q_0.1_1|Q_0.3_1|Q_0.3_2|Q_0.3_3|Q_0.3_4|Q_0.4_0|Q_0.5_1|Q_0.5_4|Q_0.6_1|Q_1.0_0|Q_1.11_1|Q_1.12_0|Q_1.13_0|Q_1.14_0|Q_1.15_0|Q_1.7_1|Q_4.11_0|Q_4.11a_2|Q_4.11a_3|Q_4.11b_1|Q_4.1_1|Q_4.2_3|Q_4.3a_0:11
2022-06-21 04:18:17,077 - INFO - [20220621011721278762]save_history:mcmc_clustering_delta_1000_1_history.csv
2022-06-21 04:18:19,139 - DEBUG - max_value:210
2022-06-21 04:19:01,338 - INFO - [DONE]Module:Experiment
