2022-06-21 05:17:12,066 - INFO - ***********************************************************
2022-06-21 05:17:12,066 - INFO - *** MCMC Helper                                         ***
2022-06-21 05:17:12,066 - INFO - *** Algoritmos de Monte Carlo e Cadeias de Markov 2022/1***
2022-06-21 05:17:12,067 - INFO - *** Aluno: Victor de Almeida Xavier                     ***
2022-06-21 05:17:12,067 - INFO - ***********************************************************
2022-06-21 05:17:12,067 - INFO - *** Simulação de Otimização Combinatória                ***
2022-06-21 05:17:12,067 - INFO - ***********************************************************
2022-06-21 05:17:12,067 - INFO - [INIT]Module:Experiment
2022-06-21 05:17:12,067 - INFO - Experimentos de Simulação de Otimização Combinatória: Clustering
2022-06-21 05:17:12,067 - INFO - Arquivo de Entrada:./input/debug.csv
2022-06-21 05:17:12,067 - INFO - Estratégia de Resfriamento:log
2022-06-21 05:17:12,067 - INFO - Função de Custo:uniqueness
2022-06-21 05:17:12,067 - INFO - Número de passos:10000
2022-06-21 05:17:12,067 - INFO - Número de execuções:1
2022-06-21 05:17:12,067 - INFO - Taxa de resfriamento:0.99
2022-06-21 05:17:12,068 - INFO - Temperatura inicial:10000
2022-06-21 05:17:12,068 - INFO - Plotar resultados? True
2022-06-21 05:17:12,070 - INFO - [./input/debug.csv]load_samples:815
2022-06-21 05:17:12,105 - INFO - [814]do_normalize_samples:814
2022-06-21 05:20:09,041 - INFO - Melhor configuração após 10000 passos:Q_0.1_1|Q_0.1_2|Q_0.2_0|Q_0.3_3|Q_0.3_4|Q_0.5_2|Q_0.5_3|Q_0.5_4|Q_1.0_0|Q_1.11_2|Q_1.12_0|Q_1.13_0|Q_1.14_0|Q_1.7_2|Q_4.11_0|Q_4.11a_1|Q_4.11a_2|Q_4.11a_3|Q_4.11b_1|Q_4.13_0|Q_4.1_2|Q_4.2_2|Q_4.3_1|Q_4.4_0;cujo valor da fobj=26
2022-06-21 05:20:09,041 - INFO - [10000]do_simulated_annealing:Simulation(True):BestValue(26)
2022-06-21 05:20:09,042 - INFO - Melhor configuração final:Q_0.1_1|Q_0.1_2|Q_0.2_0|Q_0.3_3|Q_0.3_4|Q_0.5_2|Q_0.5_3|Q_0.5_4|Q_1.0_0|Q_1.11_2|Q_1.12_0|Q_1.13_0|Q_1.14_0|Q_1.7_2|Q_4.11_0|Q_4.11a_1|Q_4.11a_2|Q_4.11a_3|Q_4.11b_1|Q_4.13_0|Q_4.1_2|Q_4.2_2|Q_4.3_1|Q_4.4_0:26
2022-06-21 05:20:09,084 - INFO - [20220621021709817535]save_history:mcmc_clustering_log_10000_1_history.csv
2022-06-21 05:32:27,861 - INFO - [DONE]Module:Experiment
