2022-06-21 01:29:04,918 - INFO - ***********************************************************
2022-06-21 01:29:04,919 - INFO - *** MCMC Helper                                         ***
2022-06-21 01:29:04,919 - INFO - *** Algoritmos de Monte Carlo e Cadeias de Markov 2022/1***
2022-06-21 01:29:04,919 - INFO - *** Aluno: Victor de Almeida Xavier                     ***
2022-06-21 01:29:04,919 - INFO - ***********************************************************
2022-06-21 01:29:04,919 - INFO - *** Simulação de Otimização Combinatória                ***
2022-06-21 01:29:04,920 - INFO - ***********************************************************
2022-06-21 01:29:04,920 - INFO - [INIT]Module:Experiment
2022-06-21 01:29:04,920 - INFO - Experimentos de Simulação de Otimização Combinatória: Clustering
2022-06-21 01:29:04,921 - INFO - Arquivo de Entrada:./input/debug.csv
2022-06-21 01:29:04,921 - INFO - Estratégia de Resfriamento:linear
2022-06-21 01:29:04,921 - INFO - Função de Custo:uniqueness
2022-06-21 01:29:04,921 - INFO - Número de passos:1000
2022-06-21 01:29:04,921 - INFO - Número de execuções:1
2022-06-21 01:29:04,921 - INFO - Taxa de resfriamento:0.99
2022-06-21 01:29:04,921 - INFO - Plotar resultados? True
2022-06-21 01:29:08,214 - INFO - [./input/debug.csv]load_samples:815
2022-06-21 01:29:08,264 - INFO - [814]do_normalize_samples:814
2022-06-21 01:29:08,265 - DEBUG - Working with 43 features.
2022-06-21 01:29:35,407 - DEBUG - Melhor vetor após 1000 passos:[1, 0, 1, 1, 0, 0, 1, 1, 1, 0, 0, 1, 0, 0, 1, 1, 0, 1, 0, 1, 1, 1, 1, 0, 0, 0, 1, 0, 1, 1, 0, 1, 0, 0, 0, 0, 1, 1, 0, 0, 1, 0, 0];cujo valor da fobj=105
2022-06-21 01:29:35,407 - INFO - Melhor configuração após 1000 passos:Q_0.1_1|Q_0.2_0|Q_0.3_1|Q_0.3_4|Q_0.4_0|Q_0.5_1|Q_0.5_4|Q_1.11_1|Q_1.11_2|Q_1.13_0|Q_1.15_0|Q_1.1_0|Q_1.6_0|Q_1.7_1|Q_4.0_0|Q_4.11a_1|Q_4.11a_2|Q_4.11b_1|Q_4.2_1|Q_4.2_2|Q_4.3_2;cujo valor da fobj=105
2022-06-21 01:29:35,407 - INFO - [1000]do_simulated_annealing:Simulation(True):BestValue(105)
2022-06-21 01:29:35,407 - INFO - Melhor configuração final:Q_0.1_1|Q_0.2_0|Q_0.3_1|Q_0.3_4|Q_0.4_0|Q_0.5_1|Q_0.5_4|Q_1.11_1|Q_1.11_2|Q_1.13_0|Q_1.15_0|Q_1.1_0|Q_1.6_0|Q_1.7_1|Q_4.0_0|Q_4.11a_1|Q_4.11a_2|Q_4.11b_1|Q_4.2_1|Q_4.2_2|Q_4.3_2:105
2022-06-21 01:29:35,412 - INFO - [20220620222900542503]save_history:mcmc_clustering_linear_1000_1_history.csv
2022-06-21 01:29:46,656 - DEBUG - max_value:999.01
2022-06-21 01:30:37,478 - INFO - [DONE]Module:Experiment
