2022-06-23 05:42:33,585 - INFO - ***********************************************************
2022-06-23 05:42:33,586 - INFO - *** MCMC Helper                                         ***
2022-06-23 05:42:33,586 - INFO - *** Algoritmos de Monte Carlo e Cadeias de Markov 2022/1***
2022-06-23 05:42:33,587 - INFO - *** Aluno: Victor de Almeida Xavier                     ***
2022-06-23 05:42:33,587 - INFO - ***********************************************************
2022-06-23 05:42:33,587 - INFO - *** Simulação de Otimização Combinatória                ***
2022-06-23 05:42:33,587 - INFO - ***********************************************************
2022-06-23 05:42:33,587 - INFO - [INIT]Module:Experiment
2022-06-23 05:42:33,588 - INFO - Experimentos de Simulação de Otimização Combinatória: Clustering
2022-06-23 05:42:33,589 - INFO - Arquivo de Entrada:./input/debug.csv
2022-06-23 05:42:33,589 - INFO - Estratégia de Resfriamento:all
2022-06-23 05:42:33,589 - INFO - Função de Custo:uniqueness
2022-06-23 05:42:33,589 - INFO - Número de passos:100
2022-06-23 05:42:33,589 - INFO - Número de execuções:1
2022-06-23 05:42:33,590 - INFO - Taxa de resfriamento:0.9
2022-06-23 05:42:33,590 - INFO - Temperatura inicial:10000
2022-06-23 05:42:33,590 - INFO - Plotar resultados? True
2022-06-23 05:42:33,595 - INFO - [./input/debug.csv]load_samples:815
2022-06-23 05:42:33,635 - INFO - [814]do_normalize_samples:814
2022-06-23 05:42:43,066 - INFO - [43]get_features_from_header:43
2022-06-23 05:42:43,066 - DEBUG - Trabalhando com 43 features.
2022-06-23 05:42:43,173 - DEBUG - Melhor vetor após 3 passos:[1, 0, 1, 0, 0, 0, 1, 1, 0, 0, 1, 0, 1, 1, 1, 1, 0, 0, 1, 1, 1, 1, 0, 1, 1, 1, 1, 1, 0, 0, 1, 1, 1, 1, 1, 0, 0, 1, 1, 0, 1, 1, 1];cujo valor da fobj=20
2022-06-23 05:42:43,173 - INFO - Melhor configuração após 3 passos:0.1_1|0.2_0|0.3_4|0.4_0|0.5_3|0.6_1|1.0_0|1.11_1|1.11_2|1.14_0|1.15_0|1.1_0|1.6_0|1.7_2|1.8_0|1.9_0|4.0_0|4.11_0|4.11a_3|4.11b_1|4.11b_2|4.13_0|4.1_1|4.2_2|4.2_3|4.3_2|4.3a_0|4.4_0;cujo valor da fobj=20
2022-06-23 05:42:43,173 - DEBUG - [100]do_simulated_annealing:Simulation(True):BestValue(20)
2022-06-23 05:42:45,603 - DEBUG - Melhor vetor após 100 passos:[1, 1, 1, 0, 0, 1, 0, 0, 1, 1, 1, 0, 1, 1, 0, 1, 1, 1, 0, 1, 0, 1, 0, 0, 0, 0, 0, 0, 1, 1, 0, 1, 1, 0, 1, 1, 1, 0, 1, 1, 0, 1, 1];cujo valor da fobj=6
2022-06-23 05:42:45,603 - INFO - Melhor configuração após 100 passos:0.1_1|0.1_2|0.2_0|0.3_3|0.5_1|0.5_2|0.5_3|0.6_1|1.0_0|1.11_2|1.12_0|1.13_0|1.15_0|1.6_0|4.11a_1|4.11a_2|4.11b_1|4.11b_2|4.1_1|4.1_2|4.2_1|4.2_3|4.3_1|4.3a_0|4.4_0;cujo valor da fobj=6
2022-06-23 05:42:45,603 - DEBUG - [100]do_simulated_annealing:Simulation(True):BestValue(6)
2022-06-23 05:42:48,020 - DEBUG - Melhor vetor após 100 passos:[0, 0, 0, 1, 1, 1, 0, 1, 0, 1, 1, 0, 1, 1, 1, 1, 1, 1, 1, 1, 1, 0, 0, 1, 1, 1, 1, 1, 0, 1, 1, 0, 0, 0, 1, 1, 1, 1, 1, 1, 0, 1, 1];cujo valor da fobj=6
2022-06-23 05:42:48,020 - INFO - Melhor configuração após 100 passos:0.3_1|0.3_2|0.3_3|0.4_0|0.5_2|0.5_3|0.6_1|1.0_0|1.11_1|1.11_2|1.12_0|1.13_0|1.14_0|1.15_0|1.1_0|1.7_2|1.8_0|1.9_0|4.0_0|4.11_0|4.11a_2|4.11a_3|4.1_1|4.1_2|4.2_1|4.2_2|4.2_3|4.3_1|4.3a_0|4.4_0;cujo valor da fobj=6
2022-06-23 05:42:48,020 - DEBUG - [100]do_simulated_annealing:Simulation(True):BestValue(6)
2022-06-23 05:42:50,078 - DEBUG - Melhor vetor após 88 passos:[1, 0, 0, 1, 0, 1, 0, 0, 1, 1, 1, 1, 1, 1, 1, 0, 1, 1, 1, 0, 1, 0, 0, 0, 0, 1, 0, 0, 0, 0, 0, 1, 1, 0, 1, 0, 0, 0, 0, 1, 0, 1, 0];cujo valor da fobj=5
2022-06-23 05:42:50,078 - INFO - Melhor configuração após 88 passos:0.1_1|0.3_1|0.3_3|0.5_1|0.5_2|0.5_3|0.5_4|0.6_1|1.0_0|1.11_1|1.12_0|1.13_0|1.14_0|1.1_0|1.9_0|4.11b_1|4.11b_2|4.1_1|4.3_1|4.3a_0;cujo valor da fobj=5
2022-06-23 05:42:50,079 - DEBUG - [100]do_simulated_annealing:Simulation(True):BestValue(5)
2022-06-23 05:42:52,654 - DEBUG - Melhor vetor após 100 passos:[1, 0, 1, 0, 1, 0, 1, 1, 1, 1, 1, 1, 1, 1, 1, 0, 1, 1, 0, 0, 1, 1, 0, 1, 1, 1, 0, 0, 0, 0, 0, 1, 1, 1, 1, 0, 0, 0, 0, 0, 0, 1, 1];cujo valor da fobj=5
2022-06-23 05:42:52,655 - INFO - Melhor configuração após 100 passos:0.1_1|0.2_0|0.3_2|0.3_4|0.4_0|0.5_1|0.5_2|0.5_3|0.5_4|0.6_1|1.0_0|1.11_1|1.12_0|1.13_0|1.1_0|1.6_0|1.7_2|1.8_0|1.9_0|4.11b_1|4.11b_2|4.13_0|4.1_1|4.3a_0|4.4_0;cujo valor da fobj=5
2022-06-23 05:42:52,655 - DEBUG - [100]do_simulated_annealing:Simulation(True):BestValue(5)
2022-06-23 05:42:52,655 - INFO - Melhor configuração final:0.1_1|0.3_1|0.3_3|0.5_1|0.5_2|0.5_3|0.5_4|0.6_1|1.0_0|1.11_1|1.12_0|1.13_0|1.14_0|1.1_0|1.9_0|4.11b_1|4.11b_2|4.1_1|4.3_1|4.3a_0:5
2022-06-23 05:42:52,659 - INFO - [20220623024229846264]save_history:mcmc_clustering_all_100_1_history.csv
2022-06-23 05:42:58,913 - DEBUG - max_value:152.0
2022-06-23 05:43:07,221 - ERROR - __init__() missing 1 required positional argument: 'xy'
2022-06-23 05:43:20,626 - ERROR - [EXPT]plot_results
2022-06-23 05:43:20,926 - ERROR - __init__() missing 1 required positional argument: 'xy'
