2022-06-19 00:56:23,389 - INFO - ***********************************************************
2022-06-19 00:56:23,390 - INFO - *** MCMC Helper                                         ***
2022-06-19 00:56:23,390 - INFO - *** Algoritmos de Monte Carlo e Cadeias de Markov 2022/1***
2022-06-19 00:56:23,390 - INFO - *** Aluno: Victor de Almeida Xavier                     ***
2022-06-19 00:56:23,390 - INFO - ***********************************************************
2022-06-19 00:56:23,391 - INFO - *** Simulação de Otimização Combinatória                ***
2022-06-19 00:56:23,391 - INFO - ***********************************************************
2022-06-19 00:56:23,391 - INFO - [INIT]Module:Experiment
2022-06-19 00:56:23,392 - INFO - Experimentos de Simulação de Otimização Combinatória: Clustering
2022-06-19 00:56:23,392 - INFO - Arquivo de Entrada:./input/debug.csv
2022-06-19 00:56:23,392 - INFO - Estratégia de Resfriamento:linear
2022-06-19 00:56:23,393 - INFO - Número de passos:1000
2022-06-19 00:56:23,393 - INFO - Número de execuções:3
2022-06-19 00:56:23,393 - INFO - Plotar resultados? False
2022-06-19 00:56:23,397 - INFO - [./input/debug.csv]load_samples:815
2022-06-19 00:56:23,441 - INFO - [814]do_normalize_samples:814
2022-06-19 00:56:23,441 - DEBUG - Working with 43 features.
2022-06-19 00:56:48,170 - DEBUG - Melhor vetor:[0, 1, 1, 1, 1, 1, 1, 1, 1, 0, 1, 1, 1, 0, 0, 1, 1, 1, 0, 1, 0, 0, 0, 0, 1, 1, 1, 0, 1, 1, 1, 1, 0, 1, 0, 0, 0, 0, 0, 0, 1, 1, 1]:8
2022-06-19 00:56:48,171 - INFO - Melhor configuração:Q_0.1_2Q_0.1_2Q_0.1_2Q_0.1_2Q_0.1_2Q_0.1_2Q_0.1_2Q_0.1_2Q_0.1_2Q_0.1_2Q_0.1_2Q_0.1_2Q_0.1_2Q_0.1_2Q_0.1_2Q_0.1_2Q_0.1_2Q_0.1_2Q_0.1_2Q_0.1_2Q_0.1_2Q_0.1_2Q_0.1_2Q_0.1_2Q_0.1_2Q_0.1_2:8
2022-06-19 00:56:48,171 - INFO - [1000]do_simulated_annealing:Simulation(True):BestValue(8)
2022-06-19 00:57:13,529 - DEBUG - Melhor vetor:[1, 0, 1, 0, 0, 1, 0, 1, 1, 1, 1, 1, 1, 1, 0, 0, 0, 1, 0, 1, 0, 0, 1, 0, 1, 0, 1, 0, 1, 0, 0, 1, 0, 1, 0, 1, 0, 1, 1, 0, 0, 1, 1]:4
2022-06-19 00:57:13,529 - INFO - Melhor configuração:Q_0.1_2Q_0.1_2Q_0.1_2Q_0.1_2Q_0.1_2Q_0.1_2Q_0.1_2Q_0.1_2Q_0.1_2Q_0.1_2Q_0.1_2Q_0.1_2Q_0.1_2Q_0.1_2Q_0.1_2Q_0.1_2Q_0.1_2Q_0.1_2Q_0.1_2Q_0.1_2Q_0.1_2Q_0.1_2Q_0.1_2:4
2022-06-19 00:57:13,529 - INFO - [1000]do_simulated_annealing:Simulation(True):BestValue(4)
2022-06-19 00:57:38,855 - DEBUG - Melhor vetor:[1, 1, 1, 1, 1, 0, 1, 1, 0, 1, 1, 0, 0, 1, 0, 1, 0, 1, 0, 1, 1, 1, 1, 1, 1, 1, 1, 0, 0, 1, 1, 1, 0, 0, 0, 0, 1, 1, 1, 1, 0, 1, 1]:29
2022-06-19 00:57:38,855 - INFO - Melhor configuração:Q_0.1_2Q_0.1_2Q_0.1_2Q_0.1_2Q_0.1_2Q_0.1_2Q_0.1_2Q_0.1_2Q_0.1_2Q_0.1_2Q_0.1_2Q_0.1_2Q_0.1_2Q_0.1_2Q_0.1_2Q_0.1_2Q_0.1_2Q_0.1_2Q_0.1_2Q_0.1_2Q_0.1_2Q_0.1_2Q_0.1_2Q_0.1_2Q_0.1_2Q_0.1_2Q_0.1_2Q_0.1_2Q_0.1_2:29
2022-06-19 00:57:38,855 - INFO - [1000]do_simulated_annealing:Simulation(True):BestValue(29)
2022-06-19 00:57:38,855 - INFO - Melhor configuração final:Q_0.1_2Q_0.1_2Q_0.1_2Q_0.1_2Q_0.1_2Q_0.1_2Q_0.1_2Q_0.1_2Q_0.1_2Q_0.1_2Q_0.1_2Q_0.1_2Q_0.1_2Q_0.1_2Q_0.1_2Q_0.1_2Q_0.1_2Q_0.1_2Q_0.1_2Q_0.1_2Q_0.1_2Q_0.1_2Q_0.1_2Q_0.1_2Q_0.1_2Q_0.1_2Q_0.1_2Q_0.1_2Q_0.1_2:29
2022-06-19 00:57:43,771 - INFO - [20220618215619564536]save_history:mcmc_clustering_linear_1000_3_history.csv
2022-06-19 00:59:33,019 - DEBUG - max_value:1000.0
2022-06-19 01:04:13,166 - DEBUG - max_value:1000.0
2022-06-19 01:04:13,589 - DEBUG - max_value:1000.0
2022-06-19 01:05:15,125 - INFO - [DONE]Module:Experiment
