2022-06-19 13:30:30,518 - INFO - ***********************************************************
2022-06-19 13:30:30,520 - INFO - *** MCMC Helper                                         ***
2022-06-19 13:30:30,520 - INFO - *** Algoritmos de Monte Carlo e Cadeias de Markov 2022/1***
2022-06-19 13:30:30,520 - INFO - *** Aluno: Victor de Almeida Xavier                     ***
2022-06-19 13:30:30,520 - INFO - ***********************************************************
2022-06-19 13:30:30,520 - INFO - *** Simulação de Otimização Combinatória                ***
2022-06-19 13:30:30,521 - INFO - ***********************************************************
2022-06-19 13:30:30,521 - INFO - [INIT]Module:Experiment
2022-06-19 13:30:30,522 - INFO - Experimentos de Simulação de Otimização Combinatória: Clustering
2022-06-19 13:30:30,522 - INFO - Arquivo de Entrada:./input/debug.csv
2022-06-19 13:30:30,522 - INFO - Estratégia de Resfriamento:delta
2022-06-19 13:30:30,522 - INFO - Número de passos:1000
2022-06-19 13:30:30,523 - INFO - Número de execuções:3
2022-06-19 13:30:30,523 - INFO - Plotar resultados? False
2022-06-19 13:30:30,526 - INFO - [./input/debug.csv]load_samples:815
2022-06-19 13:30:30,571 - INFO - [814]do_normalize_samples:814
2022-06-19 13:30:30,571 - DEBUG - Working with 43 features.
2022-06-19 13:30:55,115 - DEBUG - Melhor vetor:[1, 0, 0, 0, 1, 0, 0, 0, 1, 0, 0, 0, 1, 1, 1, 0, 1, 1, 1, 1, 0, 1, 1, 0, 0, 0, 0, 1, 1, 1, 0, 0, 1, 0, 0, 0, 1, 0, 0, 1, 1, 0, 1]:72
2022-06-19 13:30:55,115 - INFO - Melhor configuração:Q_0.1_1|Q_0.3_2|Q_0.5_1|Q_0.6_1|Q_1.0_0|Q_1.11_1|Q_1.12_0|Q_1.13_0|Q_1.14_0|Q_1.15_0|Q_1.6_0|Q_1.7_1|Q_4.11_0|Q_4.11a_1|Q_4.11a_2|Q_4.11b_2|Q_4.2_1|Q_4.3_1|Q_4.3_2|Q_4.4_0:72
2022-06-19 13:30:55,115 - INFO - [1000]do_simulated_annealing:Simulation(True):BestValue(72)
2022-06-19 13:31:19,945 - DEBUG - Melhor vetor:[1, 1, 1, 0, 1, 0, 1, 1, 1, 1, 1, 0, 0, 1, 0, 0, 1, 1, 1, 0, 1, 1, 0, 1, 1, 0, 1, 0, 0, 1, 1, 0, 0, 0, 0, 1, 0, 1, 0, 0, 1, 0, 1]:40
2022-06-19 13:31:19,945 - INFO - Melhor configuração:Q_0.1_1|Q_0.1_2|Q_0.2_0|Q_0.3_2|Q_0.3_4|Q_0.4_0|Q_0.5_1|Q_0.5_2|Q_0.5_3|Q_1.0_0|Q_1.12_0|Q_1.13_0|Q_1.14_0|Q_1.1_0|Q_1.6_0|Q_1.7_2|Q_1.8_0|Q_4.0_0|Q_4.11a_2|Q_4.11a_3|Q_4.1_2|Q_4.2_2|Q_4.3_2|Q_4.4_0:40
2022-06-19 13:31:19,945 - INFO - [1000]do_simulated_annealing:Simulation(True):BestValue(40)
2022-06-19 13:31:45,677 - DEBUG - Melhor vetor:[1, 1, 0, 0, 1, 0, 0, 0, 1, 1, 1, 1, 1, 1, 1, 0, 1, 0, 0, 0, 1, 0, 1, 0, 1, 1, 1, 1, 0, 0, 0, 0, 0, 0, 0, 0, 0, 0, 1, 1, 0, 1, 0]:9
2022-06-19 13:31:45,678 - INFO - Melhor configuração:Q_0.1_1|Q_0.1_2|Q_0.3_2|Q_0.5_1|Q_0.5_2|Q_0.5_3|Q_0.5_4|Q_0.6_1|Q_1.0_0|Q_1.11_1|Q_1.12_0|Q_1.1_0|Q_1.7_1|Q_1.8_0|Q_1.9_0|Q_4.0_0|Q_4.11_0|Q_4.2_3|Q_4.3_1|Q_4.3a_0:9
2022-06-19 13:31:45,678 - INFO - [1000]do_simulated_annealing:Simulation(True):BestValue(9)
2022-06-19 13:31:45,678 - INFO - Melhor configuração final::0
2022-06-19 13:31:45,698 - INFO - [20220619103023717599]save_history:mcmc_clustering_delta_1000_3_history.csv
2022-06-19 13:36:34,966 - DEBUG - max_value:1000.0
