2022-06-21 03:19:50,143 - INFO - ***********************************************************
2022-06-21 03:19:50,143 - INFO - *** MCMC Helper                                         ***
2022-06-21 03:19:50,143 - INFO - *** Algoritmos de Monte Carlo e Cadeias de Markov 2022/1***
2022-06-21 03:19:50,144 - INFO - *** Aluno: Victor de Almeida Xavier                     ***
2022-06-21 03:19:50,144 - INFO - ***********************************************************
2022-06-21 03:19:50,144 - INFO - *** Simulação de Otimização Combinatória                ***
2022-06-21 03:19:50,144 - INFO - ***********************************************************
2022-06-21 03:19:50,144 - INFO - [INIT]Module:Experiment
2022-06-21 03:19:50,145 - INFO - Experimentos de Simulação de Otimização Combinatória: Clustering
2022-06-21 03:19:50,145 - INFO - Arquivo de Entrada:./input/debug.csv
2022-06-21 03:19:50,145 - INFO - Estratégia de Resfriamento:log
2022-06-21 03:19:50,146 - INFO - Função de Custo:uniqueness
2022-06-21 03:19:50,146 - INFO - Número de passos:1000
2022-06-21 03:19:50,146 - INFO - Número de execuções:1
2022-06-21 03:19:50,146 - INFO - Taxa de resfriamento:0.99
2022-06-21 03:19:50,146 - INFO - Temperatura inicial:10000
2022-06-21 03:19:50,146 - INFO - Plotar resultados? True
2022-06-21 03:19:54,120 - INFO - [./input/debug.csv]load_samples:815
2022-06-21 03:19:54,179 - INFO - [814]do_normalize_samples:814
2022-06-21 03:19:54,180 - DEBUG - Working with 43 features.
2022-06-21 03:19:54,180 - ERROR - do_simulated_annealing() got an unexpected keyword argument 'config0'
2022-06-21 03:19:54,181 - ERROR - [EXPT]clustering_simulation_exec
2022-06-21 03:19:54,181 - ERROR - do_simulated_annealing() got an unexpected keyword argument 'config0'
