2022-06-19 04:27:37,634 - INFO - ***********************************************************
2022-06-19 04:27:37,634 - INFO - *** MCMC Helper                                         ***
2022-06-19 04:27:37,635 - INFO - *** Algoritmos de Monte Carlo e Cadeias de Markov 2022/1***
2022-06-19 04:27:37,635 - INFO - *** Aluno: Victor de Almeida Xavier                     ***
2022-06-19 04:27:37,635 - INFO - ***********************************************************
2022-06-19 04:27:37,635 - INFO - *** Simulação de Otimização Combinatória                ***
2022-06-19 04:27:37,635 - INFO - ***********************************************************
2022-06-19 04:27:37,635 - INFO - [INIT]Module:Experiment
2022-06-19 04:27:37,635 - INFO - Experimentos de Simulação de Otimização Combinatória: Clustering
2022-06-19 04:27:37,635 - INFO - Arquivo de Entrada:./input/debug.csv
2022-06-19 04:27:37,635 - INFO - Estratégia de Resfriamento:exp
2022-06-19 04:27:37,635 - INFO - Número de passos:10000
2022-06-19 04:27:37,635 - INFO - Número de execuções:5
2022-06-19 04:27:37,635 - INFO - Plotar resultados? False
2022-06-19 04:27:37,639 - INFO - [./input/debug.csv]load_samples:815
2022-06-19 04:27:37,668 - INFO - [814]do_normalize_samples:814
2022-06-19 04:30:04,003 - INFO - Melhor configuração:Q_0.2_0|Q_0.3_2|Q_0.3_3|Q_0.5_1|Q_0.5_2|Q_1.0_0|Q_1.11_2|Q_1.15_0|Q_1.6_0|Q_1.7_1|Q_1.8_0|Q_4.0_0|Q_4.11_0|Q_4.11a_1|Q_4.11a_2|Q_4.11a_3|Q_4.11b_2|Q_4.1_2|Q_4.2_1|Q_4.3_2|Q_4.3a_0|Q_4.4_0:28
2022-06-19 04:30:04,003 - INFO - [10000]do_simulated_annealing:Simulation(True):BestValue(28)
2022-06-19 04:32:32,866 - INFO - Melhor configuração:Q_0.3_3|Q_0.3_4|Q_0.5_1|Q_0.5_2|Q_0.6_1|Q_1.11_1|Q_1.11_2|Q_1.12_0|Q_1.13_0|Q_1.15_0|Q_1.1_0|Q_1.6_0|Q_1.8_0|Q_1.9_0|Q_4.0_0|Q_4.11a_3|Q_4.11b_1|Q_4.11b_2|Q_4.2_1|Q_4.3_2:18
2022-06-19 04:32:32,866 - INFO - [10000]do_simulated_annealing:Simulation(True):BestValue(18)
2022-06-19 04:35:00,956 - INFO - Melhor configuração:Q_0.1_1|Q_0.1_2|Q_0.2_0|Q_0.3_4|Q_0.5_1|Q_0.5_2|Q_0.5_4|Q_0.6_1|Q_1.0_0|Q_1.11_1|Q_1.11_2|Q_1.14_0|Q_1.6_0|Q_1.9_0|Q_4.11a_1|Q_4.11a_3|Q_4.11b_1|Q_4.13_0|Q_4.1_2|Q_4.2_1|Q_4.2_2|Q_4.2_3|Q_4.3_1|Q_4.3a_0|Q_4.4_0:7
2022-06-19 04:35:00,956 - INFO - [10000]do_simulated_annealing:Simulation(True):BestValue(7)
2022-06-19 04:37:27,465 - INFO - Melhor configuração:Q_0.1_1|Q_0.1_2|Q_0.3_1|Q_0.3_3|Q_0.5_1|Q_0.5_2|Q_0.6_1|Q_1.0_0|Q_1.11_1|Q_1.13_0|Q_1.14_0|Q_1.15_0|Q_1.1_0|Q_1.6_0|Q_4.11a_1|Q_4.11a_3|Q_4.11b_1|Q_4.11b_2|Q_4.13_0|Q_4.2_2|Q_4.2_3|Q_4.3_1|Q_4.3a_0:9
2022-06-19 04:37:27,465 - INFO - [10000]do_simulated_annealing:Simulation(True):BestValue(9)
2022-06-19 04:39:55,827 - INFO - Melhor configuração:Q_0.1_1|Q_0.1_2|Q_0.2_0|Q_0.3_3|Q_0.5_1|Q_0.5_2|Q_0.5_4|Q_0.6_1|Q_1.14_0|Q_1.6_0|Q_1.7_1|Q_1.7_2|Q_1.9_0|Q_4.11_0|Q_4.11a_1|Q_4.11a_2|Q_4.11b_1|Q_4.2_1|Q_4.3_1|Q_4.3a_0|Q_4.4_0:9
2022-06-19 04:39:55,827 - INFO - [10000]do_simulated_annealing:Simulation(True):BestValue(9)
2022-06-19 04:39:55,828 - INFO - Melhor configuração final:Q_0.2_0|Q_0.3_2|Q_0.3_3|Q_0.5_1|Q_0.5_2|Q_1.0_0|Q_1.11_2|Q_1.15_0|Q_1.6_0|Q_1.7_1|Q_1.8_0|Q_4.0_0|Q_4.11_0|Q_4.11a_1|Q_4.11a_2|Q_4.11a_3|Q_4.11b_2|Q_4.1_2|Q_4.2_1|Q_4.3_2|Q_4.3a_0|Q_4.4_0:28
2022-06-19 04:39:56,077 - INFO - [20220619012735465457]save_history:mcmc_clustering_exp_10000_5_history.csv
2022-06-19 13:09:33,564 - INFO - [DONE]Module:Experiment
