2022-06-22 02:39:28,500 - INFO - ***********************************************************
2022-06-22 02:39:28,502 - INFO - *** MCMC Helper                                         ***
2022-06-22 02:39:28,502 - INFO - *** Algoritmos de Monte Carlo e Cadeias de Markov 2022/1***
2022-06-22 02:39:28,502 - INFO - *** Aluno: Victor de Almeida Xavier                     ***
2022-06-22 02:39:28,502 - INFO - ***********************************************************
2022-06-22 02:39:28,502 - INFO - *** Simulação de Otimização Combinatória                ***
2022-06-22 02:39:28,503 - INFO - ***********************************************************
2022-06-22 02:39:28,503 - INFO - [INIT]Module:Experiment
2022-06-22 02:39:28,504 - INFO - Experimentos de Simulação de Otimização Combinatória: Clustering
2022-06-22 02:39:28,505 - INFO - Arquivo de Entrada:./input/debug.csv
2022-06-22 02:39:28,505 - INFO - Estratégia de Resfriamento:exp
2022-06-22 02:39:28,505 - INFO - Função de Custo:uniqueness
2022-06-22 02:39:28,505 - INFO - Número de passos:1000
2022-06-22 02:39:28,506 - INFO - Número de execuções:1
2022-06-22 02:39:28,506 - INFO - Taxa de resfriamento:0.99
2022-06-22 02:39:28,506 - INFO - Temperatura inicial:10000
2022-06-22 02:39:28,506 - INFO - Plotar resultados? True
2022-06-22 02:39:28,511 - INFO - [./input/debug.csv]load_samples:815
2022-06-22 02:39:28,564 - INFO - [814]do_normalize_samples:814
2022-06-22 02:40:29,805 - INFO - [43]get_features_from_header:43
2022-06-22 02:40:37,906 - DEBUG - Trabalhando com 43 features.
2022-06-22 02:41:17,947 - ERROR - 'list' object has no attribute 'split'
2022-06-22 02:41:18,232 - ERROR - [EXPT]do_simulated_annealing:general exception
2022-06-22 02:41:18,588 - ERROR - 'list' object has no attribute 'split'
