2022-06-22 17:39:26,168 - INFO - ***********************************************************
2022-06-22 17:39:26,169 - INFO - *** MCMC Helper                                         ***
2022-06-22 17:39:26,169 - INFO - *** Algoritmos de Monte Carlo e Cadeias de Markov 2022/1***
2022-06-22 17:39:26,169 - INFO - *** Aluno: Victor de Almeida Xavier                     ***
2022-06-22 17:39:26,170 - INFO - ***********************************************************
2022-06-22 17:39:26,170 - INFO - *** Simulação de Otimização Combinatória                ***
2022-06-22 17:39:26,170 - INFO - ***********************************************************
2022-06-22 17:39:26,170 - INFO - [INIT]Module:Experiment
2022-06-22 17:39:26,171 - INFO - Experimentos de Simulação de Otimização Combinatória: Clustering
2022-06-22 17:39:26,171 - INFO - Arquivo de Entrada:./input/debug.csv
2022-06-22 17:39:26,172 - INFO - Estratégia de Resfriamento:exp
2022-06-22 17:39:26,172 - INFO - Função de Custo:uniqueness
2022-06-22 17:39:26,172 - INFO - Número de passos:1000
2022-06-22 17:39:26,172 - INFO - Número de execuções:1
2022-06-22 17:39:26,172 - INFO - Taxa de resfriamento:0.99
2022-06-22 17:39:26,172 - INFO - Temperatura inicial:10000
2022-06-22 17:39:26,173 - INFO - Plotar resultados? True
2022-06-22 17:39:26,177 - INFO - [./input/debug.csv]load_samples:815
2022-06-22 17:39:26,223 - INFO - [814]do_normalize_samples:814
2022-06-22 17:39:35,190 - INFO - [43]get_features_from_header:43
2022-06-22 17:39:35,190 - DEBUG - Trabalhando com 43 features.
2022-06-22 17:40:00,646 - DEBUG - Melhor vetor após 917 passos:[1, 0, 1, 1, 0, 1, 0, 1, 1, 1, 1, 0, 1, 0, 0, 0, 0, 0, 1, 0, 0, 1, 0, 1, 1, 0, 0, 1, 0, 1, 0, 1, 0, 1, 1, 1, 0, 1, 0, 0, 1, 1, 0];cujo valor da fobj=14
2022-06-22 17:40:00,646 - INFO - Melhor configuração após 917 passos:0.1_1|0.2_0|0.3_1|0.3_3|0.4_0|0.5_1|0.5_2|0.5_3|0.6_1|1.14_0|1.6_0|1.7_2|1.8_0|4.11_0|4.11a_2|4.11b_1|4.13_0|4.1_1|4.1_2|4.2_2|4.3_2|4.3a_0;cujo valor da fobj=14
2022-06-22 17:40:00,646 - INFO - [1000]do_simulated_annealing:Simulation(True):BestValue(14)
2022-06-22 17:40:00,646 - INFO - Melhor configuração final:0.1_1|0.2_0|0.3_1|0.3_3|0.4_0|0.5_1|0.5_2|0.5_3|0.6_1|1.14_0|1.6_0|1.7_2|1.8_0|4.11_0|4.11a_2|4.11b_1|4.13_0|4.1_1|4.1_2|4.2_2|4.3_2|4.3a_0:14
2022-06-22 17:40:00,651 - INFO - [20220622143918896006]save_history:mcmc_clustering_exp_1000_1_history.csv
2022-06-22 17:40:35,706 - DEBUG - max_value:9900.0
2022-06-22 17:40:35,706 - ERROR - get_point_markers() missing 1 required positional argument: 'default_point_markers'
2022-06-22 17:40:35,707 - ERROR - [EXPT]plot_results
2022-06-22 17:40:35,707 - ERROR - get_point_markers() missing 1 required positional argument: 'default_point_markers'
2022-06-22 17:41:13,358 - INFO - [DONE]Module:Experiment
