2022-06-18 21:28:07,697 - INFO - ***********************************************************
2022-06-18 21:28:07,697 - INFO - *** MCMC Helper                                         ***
2022-06-18 21:28:07,698 - INFO - *** Algoritmos de Monte Carlo e Cadeias de Markov 2022/1***
2022-06-18 21:28:07,698 - INFO - *** Aluno: Victor de Almeida Xavier                     ***
2022-06-18 21:28:07,698 - INFO - ***********************************************************
2022-06-18 21:28:07,698 - INFO - *** Simulação de Otimização Combinatória                ***
2022-06-18 21:28:07,698 - INFO - ***********************************************************
2022-06-18 21:28:07,698 - INFO - [INIT]Module:Experiment
2022-06-18 21:28:07,699 - INFO - Experimentos de Simulação de Otimização Combinatória: Clustering
2022-06-18 21:28:07,699 - INFO - Arquivo de Entrada:./input/debug.csv
2022-06-18 21:28:07,699 - INFO - Estratégia de Resfriamento:linear
2022-06-18 21:28:07,699 - INFO - Número de passos:100
2022-06-18 21:28:07,699 - INFO - Número de execuções:2
2022-06-18 21:28:07,699 - INFO - Plotar resultados? False
2022-06-18 21:28:12,318 - INFO - [./input/debug.csv]load_samples:815
2022-06-18 21:28:12,367 - INFO - [814]do_normalize_samples:814
2022-06-18 21:28:12,368 - DEBUG - Working with 43 features.
2022-06-18 21:28:27,827 - INFO - 
2022-06-18 21:28:27,829 - DEBUG - Melhor vetor:[1, 0, 0, 1, 0, 1, 0, 1, 0, 0, 0, 0, 0, 0, 1, 1, 1, 1, 1, 0, 1, 1, 1, 1, 1, 1, 1, 1, 0, 1, 1, 1, 0, 1, 1, 1, 0, 1, 1, 1, 0, 1, 0]:0.033169533169533166
2022-06-18 21:28:27,829 - INFO - Melhor configuração:Q_0.1_2Q_0.1_2Q_0.1_2Q_0.1_2Q_0.1_2Q_0.1_2Q_0.1_2Q_0.1_2Q_0.1_2Q_0.1_2Q_0.1_2Q_0.1_2Q_0.1_2Q_0.1_2Q_0.1_2Q_0.1_2Q_0.1_2Q_0.1_2Q_0.1_2Q_0.1_2Q_0.1_2Q_0.1_2Q_0.1_2Q_0.1_2Q_0.1_2Q_0.1_2Q_0.1_2:0.033169533169533166
2022-06-18 21:28:27,829 - INFO - [100]do_simulated_annealing:Simulation(True):BestValue(0.033169533169533166)
2022-06-18 21:28:29,263 - INFO - 
2022-06-18 21:28:29,263 - DEBUG - Melhor vetor:[0, 0, 1, 1, 0, 1, 0, 0, 1, 0, 0, 0, 0, 1, 0, 0, 1, 0, 0, 1, 0, 0, 1, 1, 0, 1, 0, 1, 0, 0, 0, 1, 0, 0, 0, 0, 0, 1, 1, 0, 1, 0, 0]:0.018427518427518427
2022-06-18 21:28:29,264 - INFO - Melhor configuração:Q_0.1_2Q_0.1_2Q_0.1_2Q_0.1_2Q_0.1_2Q_0.1_2Q_0.1_2Q_0.1_2Q_0.1_2Q_0.1_2Q_0.1_2Q_0.1_2Q_0.1_2Q_0.1_2Q_0.1_2:0.018427518427518427
2022-06-18 21:28:29,264 - INFO - [100]do_simulated_annealing:Simulation(True):BestValue(0.018427518427518427)
2022-06-18 21:28:29,264 - INFO - Melhor configuração final:Q_0.1_2Q_0.1_2Q_0.1_2Q_0.1_2Q_0.1_2Q_0.1_2Q_0.1_2Q_0.1_2Q_0.1_2Q_0.1_2Q_0.1_2Q_0.1_2Q_0.1_2Q_0.1_2Q_0.1_2Q_0.1_2Q_0.1_2Q_0.1_2Q_0.1_2Q_0.1_2Q_0.1_2Q_0.1_2Q_0.1_2Q_0.1_2Q_0.1_2Q_0.1_2Q_0.1_2:0.033169533169533166
2022-06-18 21:28:52,148 - ERROR - must be str, not float
2022-06-18 21:29:19,901 - ERROR - [EXPT]save_history
2022-06-18 21:29:19,901 - ERROR - must be str, not float
2022-06-18 21:29:19,901 - INFO - [20220618182804132891]save_history:mcmc_clustering_linear_100_2_history.csv
2022-06-18 21:29:19,902 - ERROR - local variable 'ret_code' referenced before assignment
2022-06-18 21:29:19,902 - ERROR - [EXPT]main
2022-06-18 21:29:19,903 - ERROR - local variable 'ret_code' referenced before assignment
2022-06-18 21:29:19,903 - INFO - [DONE]Module:Experiment
