2022-06-23 06:18:20,808 - INFO - ***********************************************************
2022-06-23 06:18:20,810 - INFO - *** MCMC Helper                                         ***
2022-06-23 06:18:20,810 - INFO - *** Algoritmos de Monte Carlo e Cadeias de Markov 2022/1***
2022-06-23 06:18:20,810 - INFO - *** Aluno: Victor de Almeida Xavier                     ***
2022-06-23 06:18:20,810 - INFO - ***********************************************************
2022-06-23 06:18:20,810 - INFO - *** Simulação de Otimização Combinatória                ***
2022-06-23 06:18:20,811 - INFO - ***********************************************************
2022-06-23 06:18:20,811 - INFO - [INIT]Module:Experiment
2022-06-23 06:18:20,812 - INFO - Experimentos de Simulação de Otimização Combinatória: Clustering
2022-06-23 06:18:20,813 - INFO - Arquivo de Entrada:./input/debug.csv
2022-06-23 06:18:20,813 - INFO - Estratégia de Resfriamento:exp
2022-06-23 06:18:20,813 - INFO - Função de Custo:uniqueness
2022-06-23 06:18:20,814 - INFO - Número de passos:100
2022-06-23 06:18:20,814 - INFO - Número de execuções:1
2022-06-23 06:18:20,814 - INFO - Taxa de resfriamento:0.9
2022-06-23 06:18:20,814 - INFO - Temperatura inicial:1000.0
2022-06-23 06:18:20,815 - INFO - Configuração Inicial:1a
2022-06-23 06:18:20,815 - INFO - Plotar resultados? True
2022-06-23 06:18:20,819 - INFO - [./input/debug.csv]load_samples:815
2022-06-23 06:18:20,863 - INFO - [814]do_normalize_samples:814
2022-06-23 06:19:43,561 - INFO - [43]get_features_from_header:43
2022-06-23 06:19:43,562 - DEBUG - Trabalhando com 43 features.
