2022-06-22 00:12:42,088 - INFO - ***********************************************************
2022-06-22 00:12:42,089 - INFO - *** MCMC Helper                                         ***
2022-06-22 00:12:42,089 - INFO - *** Algoritmos de Monte Carlo e Cadeias de Markov 2022/1***
2022-06-22 00:12:42,089 - INFO - *** Aluno: Victor de Almeida Xavier                     ***
2022-06-22 00:12:42,089 - INFO - ***********************************************************
2022-06-22 00:12:42,089 - INFO - *** Simulação de Otimização Combinatória                ***
2022-06-22 00:12:42,089 - INFO - ***********************************************************
2022-06-22 00:12:42,089 - INFO - [INIT]Module:Experiment
2022-06-22 00:12:42,090 - INFO - Experimentos de Simulação de Otimização Combinatória: Clustering
2022-06-22 00:12:42,090 - INFO - Arquivo de Entrada:./input/debug.csv
2022-06-22 00:12:42,090 - INFO - Estratégia de Resfriamento:exp
2022-06-22 00:12:42,090 - INFO - Função de Custo:uniqueness
2022-06-22 00:12:42,090 - INFO - Número de passos:10000
2022-06-22 00:12:42,090 - INFO - Número de execuções:1
2022-06-22 00:12:42,090 - INFO - Taxa de resfriamento:0.9
2022-06-22 00:12:42,090 - INFO - Temperatura inicial:10000
2022-06-22 00:12:42,090 - INFO - Plotar resultados? True
2022-06-22 00:12:42,094 - INFO - [./input/debug.csv]load_samples:815
2022-06-22 00:12:42,121 - INFO - [814]do_normalize_samples:814
2022-06-22 00:12:43,426 - INFO - Melhor configuração após 88 passos:Q_0.1_2|Q_0.2_0|Q_0.3_2|Q_0.3_3|Q_0.3_4|Q_0.5_2|Q_0.5_3|Q_0.5_4|Q_1.11_1|Q_1.11_2|Q_1.12_0|Q_1.13_0|Q_1.15_0|Q_1.7_1|Q_1.8_0|Q_4.0_0|Q_4.11a_2|Q_4.11b_1|Q_4.1_1|Q_4.1_2|Q_4.2_2|Q_4.2_3|Q_4.3_2|Q_4.3a_0;cujo valor da fobj=59
2022-06-22 00:12:43,426 - INFO - [10000]do_simulated_annealing:Simulation(True):BestValue(59)
2022-06-22 00:12:43,426 - INFO - Melhor configuração final:Q_0.1_2|Q_0.2_0|Q_0.3_2|Q_0.3_3|Q_0.3_4|Q_0.5_2|Q_0.5_3|Q_0.5_4|Q_1.11_1|Q_1.11_2|Q_1.12_0|Q_1.13_0|Q_1.15_0|Q_1.7_1|Q_1.8_0|Q_4.0_0|Q_4.11a_2|Q_4.11b_1|Q_4.1_1|Q_4.1_2|Q_4.2_2|Q_4.2_3|Q_4.3_2|Q_4.3a_0:59
2022-06-22 00:12:43,427 - INFO - [20220621211237252132]save_history:mcmc_clustering_exp_10000_1_history.csv
2022-06-22 00:13:36,870 - INFO - [DONE]Module:Experiment
