2022-06-23 05:12:31,859 - INFO - ***********************************************************
2022-06-23 05:12:31,860 - INFO - *** MCMC Helper                                         ***
2022-06-23 05:12:31,860 - INFO - *** Algoritmos de Monte Carlo e Cadeias de Markov 2022/1***
2022-06-23 05:12:31,860 - INFO - *** Aluno: Victor de Almeida Xavier                     ***
2022-06-23 05:12:31,860 - INFO - ***********************************************************
2022-06-23 05:12:31,860 - INFO - *** Simulação de Otimização Combinatória                ***
2022-06-23 05:12:31,861 - INFO - ***********************************************************
2022-06-23 05:12:31,861 - INFO - [INIT]Module:Experiment
2022-06-23 05:12:31,861 - INFO - Experimentos de Simulação de Otimização Combinatória: Clustering
2022-06-23 05:12:31,862 - INFO - Arquivo de Entrada:./input/debug.csv
2022-06-23 05:12:31,862 - INFO - Estratégia de Resfriamento:all
2022-06-23 05:12:31,862 - INFO - Função de Custo:uniqueness
2022-06-23 05:12:31,863 - INFO - Número de passos:100
2022-06-23 05:12:31,863 - INFO - Número de execuções:1
2022-06-23 05:12:31,863 - INFO - Taxa de resfriamento:0.9
2022-06-23 05:12:31,863 - INFO - Temperatura inicial:10000
2022-06-23 05:12:31,864 - INFO - Plotar resultados? True
2022-06-23 05:12:31,869 - INFO - [./input/debug.csv]load_samples:815
2022-06-23 05:12:31,912 - INFO - [814]do_normalize_samples:814
2022-06-23 05:12:34,492 - INFO - [43]get_features_from_header:43
2022-06-23 05:12:34,492 - DEBUG - Trabalhando com 43 features.
2022-06-23 05:12:34,648 - DEBUG - Melhor vetor após 5 passos:[0, 0, 1, 1, 0, 0, 0, 1, 1, 1, 1, 0, 1, 1, 0, 0, 0, 1, 0, 0, 1, 1, 1, 1, 0, 0, 0, 0, 0, 1, 0, 0, 1, 0, 1, 1, 0, 1, 1, 1, 0, 0, 0];cujo valor da fobj=23
2022-06-23 05:12:34,648 - INFO - Melhor configuração após 5 passos:0.2_0|0.3_1|0.4_0|0.5_1|0.5_2|0.5_3|0.6_1|1.0_0|1.13_0|1.1_0|1.6_0|1.7_1|1.7_2|4.11a_2|4.11b_2|4.1_1|4.1_2|4.2_2|4.2_3|4.3_1;cujo valor da fobj=23
2022-06-23 05:12:34,648 - DEBUG - [100]do_simulated_annealing:Simulation(True):BestValue(23)
2022-06-23 05:12:37,058 - DEBUG - Melhor vetor após 100 passos:[0, 0, 0, 1, 0, 1, 0, 0, 1, 1, 1, 1, 1, 1, 0, 1, 1, 0, 0, 0, 0, 0, 1, 0, 1, 0, 0, 0, 0, 1, 1, 1, 1, 1, 1, 1, 1, 0, 1, 0, 1, 1, 1];cujo valor da fobj=5
2022-06-23 05:12:37,058 - INFO - Melhor configuração após 100 passos:0.3_1|0.3_3|0.5_1|0.5_2|0.5_3|0.5_4|0.6_1|1.0_0|1.11_2|1.12_0|1.7_1|1.8_0|4.11a_2|4.11a_3|4.11b_1|4.11b_2|4.13_0|4.1_1|4.1_2|4.2_1|4.2_3|4.3_2|4.3a_0|4.4_0;cujo valor da fobj=5
2022-06-23 05:12:37,058 - DEBUG - [100]do_simulated_annealing:Simulation(True):BestValue(5)
2022-06-23 05:12:39,375 - DEBUG - Melhor vetor após 100 passos:[1, 1, 0, 0, 0, 1, 0, 0, 1, 1, 1, 1, 1, 1, 1, 1, 0, 1, 0, 1, 1, 1, 1, 1, 1, 0, 0, 0, 0, 0, 1, 1, 0, 0, 0, 0, 1, 1, 1, 0, 1, 0, 1];cujo valor da fobj=5
2022-06-23 05:12:39,375 - INFO - Melhor configuração após 100 passos:0.1_1|0.1_2|0.3_3|0.5_1|0.5_2|0.5_3|0.5_4|0.6_1|1.0_0|1.11_1|1.11_2|1.13_0|1.15_0|1.1_0|1.6_0|1.7_1|1.7_2|1.8_0|4.11a_3|4.11b_1|4.2_1|4.2_2|4.2_3|4.3_2|4.4_0;cujo valor da fobj=5
2022-06-23 05:12:39,375 - DEBUG - [100]do_simulated_annealing:Simulation(True):BestValue(5)
2022-06-23 05:12:41,435 - DEBUG - Melhor vetor após 88 passos:[1, 0, 0, 1, 0, 1, 0, 1, 1, 1, 1, 1, 1, 1, 1, 0, 0, 0, 0, 1, 0, 1, 1, 0, 0, 0, 0, 0, 1, 0, 1, 1, 1, 0, 1, 0, 1, 1, 1, 1, 1, 1, 1];cujo valor da fobj=4
2022-06-23 05:12:41,435 - INFO - Melhor configuração após 88 passos:0.1_1|0.3_1|0.3_3|0.4_0|0.5_1|0.5_2|0.5_3|0.5_4|0.6_1|1.0_0|1.11_1|1.15_0|1.6_0|1.7_1|4.11a_1|4.11a_3|4.11b_1|4.11b_2|4.1_1|4.2_1|4.2_2|4.2_3|4.3_1|4.3_2|4.3a_0|4.4_0;cujo valor da fobj=4
2022-06-23 05:12:41,435 - DEBUG - [100]do_simulated_annealing:Simulation(True):BestValue(4)
2022-06-23 05:12:44,021 - DEBUG - Melhor vetor após 100 passos:[1, 0, 0, 0, 0, 1, 0, 0, 1, 1, 1, 1, 1, 1, 1, 1, 0, 0, 0, 1, 0, 0, 0, 1, 1, 1, 1, 1, 1, 1, 1, 0, 1, 0, 0, 1, 1, 0, 1, 1, 0, 1, 1];cujo valor da fobj=5
2022-06-23 05:12:44,021 - INFO - Melhor configuração após 100 passos:0.1_1|0.3_3|0.5_1|0.5_2|0.5_3|0.5_4|0.6_1|1.0_0|1.11_1|1.11_2|1.15_0|1.7_2|1.8_0|1.9_0|4.0_0|4.11_0|4.11a_1|4.11a_2|4.11a_3|4.11b_2|4.1_2|4.2_1|4.2_3|4.3_1|4.3a_0|4.4_0;cujo valor da fobj=5
2022-06-23 05:12:44,021 - DEBUG - [100]do_simulated_annealing:Simulation(True):BestValue(5)
2022-06-23 05:12:44,022 - INFO - Melhor configuração final:0.1_1|0.3_1|0.3_3|0.4_0|0.5_1|0.5_2|0.5_3|0.5_4|0.6_1|1.0_0|1.11_1|1.15_0|1.6_0|1.7_1|4.11a_1|4.11a_3|4.11b_1|4.11b_2|4.1_1|4.2_1|4.2_2|4.2_3|4.3_1|4.3_2|4.3a_0|4.4_0:4
2022-06-23 05:12:44,024 - INFO - [20220623021225703316]save_history:mcmc_clustering_all_100_1_history.csv
2022-06-23 05:12:53,057 - ERROR - string index out of range
2022-06-23 05:12:53,058 - ERROR - [EXPT]clustering_simulation_exec
2022-06-23 05:12:53,058 - ERROR - string index out of range
2022-06-23 05:13:02,241 - INFO - [DONE]Module:Experiment
