2022-06-21 04:59:12,235 - INFO - ***********************************************************
2022-06-21 04:59:12,235 - INFO - *** MCMC Helper                                         ***
2022-06-21 04:59:12,236 - INFO - *** Algoritmos de Monte Carlo e Cadeias de Markov 2022/1***
2022-06-21 04:59:12,236 - INFO - *** Aluno: Victor de Almeida Xavier                     ***
2022-06-21 04:59:12,236 - INFO - ***********************************************************
2022-06-21 04:59:12,236 - INFO - *** Simulação de Otimização Combinatória                ***
2022-06-21 04:59:12,236 - INFO - ***********************************************************
2022-06-21 04:59:12,237 - INFO - [INIT]Module:Experiment
2022-06-21 04:59:12,237 - INFO - Experimentos de Simulação de Otimização Combinatória: Clustering
2022-06-21 04:59:12,238 - INFO - Arquivo de Entrada:./input/debug.csv
2022-06-21 04:59:12,238 - INFO - Estratégia de Resfriamento:delta
2022-06-21 04:59:12,238 - INFO - Função de Custo:uniqueness
2022-06-21 04:59:12,238 - INFO - Número de passos:1000
2022-06-21 04:59:12,239 - INFO - Número de execuções:1
2022-06-21 04:59:12,239 - INFO - Taxa de resfriamento:0.99
2022-06-21 04:59:12,239 - INFO - Temperatura inicial:10000
2022-06-21 04:59:12,239 - INFO - Plotar resultados? True
2022-06-21 04:59:12,243 - INFO - [./input/debug.csv]load_samples:815
2022-06-21 04:59:12,290 - INFO - [814]do_normalize_samples:814
2022-06-21 04:59:12,291 - DEBUG - Working with 43 features.
2022-06-21 04:59:15,412 - DEBUG - Melhor vetor após 6 passos:[1, 1, 1, 0, 1, 0, 0, 1, 1, 0, 0, 0, 1, 0, 1, 0, 0, 0, 0, 1, 1, 0, 0, 0, 0, 1, 1, 1, 0, 1, 0, 1, 0, 0, 1, 1, 1, 1, 1, 0, 0, 1, 1];cujo valor da fobj=41
2022-06-21 04:59:15,412 - INFO - Melhor configuração após 6 passos:Q_0.1_1|Q_0.1_2|Q_0.2_0|Q_0.3_2|Q_0.4_0|Q_0.5_1|Q_0.6_1|Q_1.11_1|Q_1.15_0|Q_1.1_0|Q_1.9_0|Q_4.0_0|Q_4.11_0|Q_4.11a_2|Q_4.11b_1|Q_4.1_1|Q_4.1_2|Q_4.2_1|Q_4.2_2|Q_4.2_3|Q_4.3a_0|Q_4.4_0;cujo valor da fobj=41
2022-06-21 04:59:15,412 - INFO - [1000]do_simulated_annealing:Simulation(True):BestValue(41)
2022-06-21 04:59:15,412 - INFO - Melhor configuração final:Q_0.1_1|Q_0.1_2|Q_0.2_0|Q_0.3_2|Q_0.4_0|Q_0.5_1|Q_0.6_1|Q_1.11_1|Q_1.15_0|Q_1.1_0|Q_1.9_0|Q_4.0_0|Q_4.11_0|Q_4.11a_2|Q_4.11b_1|Q_4.1_1|Q_4.1_2|Q_4.2_1|Q_4.2_2|Q_4.2_3|Q_4.3a_0|Q_4.4_0:41
2022-06-21 04:59:15,413 - INFO - [20220621015907723325]save_history:mcmc_clustering_delta_1000_1_history.csv
2022-06-21 04:59:16,403 - DEBUG - max_value:229.0
