2022-06-19 13:13:53,745 - INFO - ***********************************************************
2022-06-19 13:13:53,746 - INFO - *** MCMC Helper                                         ***
2022-06-19 13:13:53,746 - INFO - *** Algoritmos de Monte Carlo e Cadeias de Markov 2022/1***
2022-06-19 13:13:53,746 - INFO - *** Aluno: Victor de Almeida Xavier                     ***
2022-06-19 13:13:53,747 - INFO - ***********************************************************
2022-06-19 13:13:53,747 - INFO - *** Simulação de Otimização Combinatória                ***
2022-06-19 13:13:53,747 - INFO - ***********************************************************
2022-06-19 13:13:53,747 - INFO - [INIT]Module:Experiment
2022-06-19 13:13:53,748 - INFO - Experimentos de Simulação de Otimização Combinatória: Clustering
2022-06-19 13:13:53,748 - INFO - Arquivo de Entrada:./input/debug.csv
2022-06-19 13:13:53,749 - INFO - Estratégia de Resfriamento:delta
2022-06-19 13:13:53,749 - INFO - Número de passos:1000
2022-06-19 13:13:53,749 - INFO - Número de execuções:3
2022-06-19 13:13:53,749 - INFO - Plotar resultados? False
2022-06-19 13:13:53,752 - INFO - [./input/debug.csv]load_samples:815
2022-06-19 13:13:53,795 - INFO - [814]do_normalize_samples:814
2022-06-19 13:13:53,795 - DEBUG - Working with 43 features.
2022-06-19 13:16:20,733 - DEBUG - Melhor vetor:[1, 0, 1, 1, 0, 0, 0, 1, 1, 1, 1, 0, 0, 1, 0, 0, 0, 1, 0, 0, 0, 0, 1, 0, 1, 1, 1, 1, 1, 0, 0, 0, 0, 1, 1, 0, 1, 0, 1, 1, 1, 1, 0]:36
2022-06-19 13:16:20,734 - INFO - Melhor configuração:Q_0.1_1|Q_0.2_0|Q_0.3_1|Q_0.4_0|Q_0.5_1|Q_0.5_2|Q_0.5_3|Q_1.0_0|Q_1.13_0|Q_1.7_1|Q_1.8_0|Q_1.9_0|Q_4.0_0|Q_4.11_0|Q_4.11a_1|Q_4.13_0|Q_4.1_1|Q_4.2_1|Q_4.2_3|Q_4.3_1|Q_4.3_2|Q_4.3a_0:36
2022-06-19 13:16:20,734 - INFO - [1000]do_simulated_annealing:Simulation(True):BestValue(36)
2022-06-19 13:16:46,733 - DEBUG - Melhor vetor:[0, 0, 1, 1, 0, 1, 0, 0, 0, 0, 0, 0, 1, 1, 1, 1, 0, 0, 1, 0, 0, 1, 1, 0, 1, 0, 0, 0, 1, 1, 1, 0, 0, 1, 0, 0, 1, 1, 1, 1, 0, 1, 1]:105
2022-06-19 13:16:46,733 - INFO - Melhor configuração:Q_0.2_0|Q_0.3_1|Q_0.3_3|Q_0.6_1|Q_1.0_0|Q_1.11_1|Q_1.11_2|Q_1.14_0|Q_1.6_0|Q_1.7_1|Q_1.8_0|Q_4.11a_1|Q_4.11a_2|Q_4.11a_3|Q_4.13_0|Q_4.2_1|Q_4.2_2|Q_4.2_3|Q_4.3_1|Q_4.3a_0|Q_4.4_0:105
2022-06-19 13:16:46,734 - INFO - [1000]do_simulated_annealing:Simulation(True):BestValue(105)
2022-06-19 13:17:13,272 - DEBUG - Melhor vetor:[0, 0, 1, 1, 0, 1, 0, 0, 1, 0, 1, 0, 1, 1, 0, 0, 0, 1, 0, 1, 0, 1, 1, 0, 0, 0, 1, 1, 1, 1, 1, 0, 0, 0, 1, 0, 1, 0, 0, 1, 0, 1, 1]:14
2022-06-19 13:17:13,273 - INFO - Melhor configuração:Q_0.2_0|Q_0.3_1|Q_0.3_3|Q_0.5_1|Q_0.5_3|Q_0.6_1|Q_1.0_0|Q_1.13_0|Q_1.15_0|Q_1.6_0|Q_1.7_1|Q_4.0_0|Q_4.11_0|Q_4.11a_1|Q_4.11a_2|Q_4.11a_3|Q_4.1_1|Q_4.2_1|Q_4.3_1|Q_4.3a_0|Q_4.4_0:14
2022-06-19 13:17:13,273 - INFO - [1000]do_simulated_annealing:Simulation(True):BestValue(14)
2022-06-19 13:17:13,273 - INFO - Melhor configuração final::0
2022-06-19 13:17:13,291 - INFO - [20220619101349036508]save_history:mcmc_clustering_delta_1000_3_history.csv
2022-06-19 13:17:24,719 - DEBUG - max_value:1000.0
