2022-06-23 07:17:25,902 - INFO - ***********************************************************
2022-06-23 07:17:25,903 - INFO - *** MCMC Helper                                         ***
2022-06-23 07:17:25,903 - INFO - *** Algoritmos de Monte Carlo e Cadeias de Markov 2022/1***
2022-06-23 07:17:25,903 - INFO - *** Aluno: Victor de Almeida Xavier                     ***
2022-06-23 07:17:25,903 - INFO - ***********************************************************
2022-06-23 07:17:25,903 - INFO - *** Simulação de Otimização Combinatória                ***
2022-06-23 07:17:25,903 - INFO - ***********************************************************
2022-06-23 07:17:25,903 - INFO - [INIT]Module:Experiment
2022-06-23 07:17:25,903 - INFO - Experimentos de Simulação de Otimização Combinatória: Clustering
2022-06-23 07:17:25,903 - INFO - Arquivo de Entrada:./input/debug.csv
2022-06-23 07:17:25,903 - INFO - Estratégia de Resfriamento:all
2022-06-23 07:17:25,904 - INFO - Função de Custo:uniqueness
2022-06-23 07:17:25,904 - INFO - Número de passos:1000
2022-06-23 07:17:25,904 - INFO - Número de execuções:1
2022-06-23 07:17:25,904 - INFO - Taxa de resfriamento:0.8
2022-06-23 07:17:25,904 - INFO - Temperatura inicial:10000
2022-06-23 07:17:25,904 - INFO - Plotar resultados? True
2022-06-23 07:17:25,908 - INFO - [./input/debug.csv]load_samples:815
2022-06-23 07:17:25,939 - INFO - [814]do_normalize_samples:814
2022-06-23 07:17:25,939 - INFO - [43]get_features_from_header:43
2022-06-23 07:17:26,716 - INFO - Melhor configuração após 57 passos:0.1_1|0.1_2|0.2_0|0.3_3|0.3_4|0.5_1|0.5_2|0.5_3|0.5_4|0.6_1|1.11_2|1.14_0|1.1_0|1.6_0|1.7_1|1.7_2|4.0_0|4.11a_1|4.13_0|4.2_1|4.2_3|4.3_2|4.4_0;cujo valor da fobj=6
2022-06-23 07:17:40,228 - INFO - Melhor configuração após 1000 passos:0.3_2|0.3_3|0.3_4|0.5_2|0.5_3|0.5_4|0.6_1|1.0_0|1.11_1|1.11_2|1.13_0|1.14_0|1.15_0|1.1_0|1.7_1|1.8_0|1.9_0|4.11_0|4.11a_1|4.11a_2|4.11a_3|4.11b_1|4.2_1|4.3a_0|4.4_0;cujo valor da fobj=5
2022-06-23 07:17:53,933 - INFO - Melhor configuração após 1000 passos:0.1_1|0.1_2|0.2_0|0.3_1|0.3_2|0.3_3|0.4_0|0.5_2|0.5_3|0.6_1|1.0_0|1.11_1|1.11_2|1.13_0|1.15_0|1.1_0|1.7_2|1.8_0|1.9_0|4.0_0|4.11_0|4.11a_3|4.11b_1|4.11b_2|4.13_0|4.1_1|4.1_2|4.2_1|4.2_2|4.3_1|4.3_2|4.3a_0|4.4_0;cujo valor da fobj=4
2022-06-23 07:17:54,487 - INFO - Melhor configuração após 42 passos:0.1_1|0.1_2|0.2_0|0.3_2|0.3_3|0.3_4|0.5_1|0.5_2|0.5_3|0.5_4|0.6_1|1.11_1|1.11_2|1.12_0|1.14_0|1.15_0|1.1_0|1.7_1|1.7_2|1.9_0|4.0_0|4.11_0|4.11a_1|4.11a_2|4.11b_1|4.1_2|4.2_2|4.2_3|4.3_2|4.3a_0|4.4_0;cujo valor da fobj=4
2022-06-23 07:17:56,161 - INFO - Melhor configuração após 112 passos:0.1_2|0.2_0|0.3_2|0.3_3|0.3_4|0.4_0|0.5_1|0.5_2|0.5_3|0.5_4|0.6_1|1.0_0|1.14_0|1.15_0|1.7_1|4.0_0|4.11a_2|4.11b_1|4.11b_2|4.1_1|4.1_2|4.2_2|4.2_3|4.3_1|4.3a_0;cujo valor da fobj=5
2022-06-23 07:17:56,161 - INFO - Melhor configuração final:0.1_1|0.1_2|0.2_0|0.3_1|0.3_2|0.3_3|0.4_0|0.5_2|0.5_3|0.6_1|1.0_0|1.11_1|1.11_2|1.13_0|1.15_0|1.1_0|1.7_2|1.8_0|1.9_0|4.0_0|4.11_0|4.11a_3|4.11b_1|4.11b_2|4.13_0|4.1_1|4.1_2|4.2_1|4.2_2|4.3_1|4.3_2|4.3a_0|4.4_0:4
2022-06-23 07:17:56,171 - INFO - [20220623041723851558]save_history:mcmc_clustering_all_1000_1_history.csv
2022-06-23 07:21:11,040 - INFO - [DONE]Module:Experiment
