2022-06-19 13:38:23,305 - INFO - ***********************************************************
2022-06-19 13:38:23,305 - INFO - *** MCMC Helper                                         ***
2022-06-19 13:38:23,305 - INFO - *** Algoritmos de Monte Carlo e Cadeias de Markov 2022/1***
2022-06-19 13:38:23,306 - INFO - *** Aluno: Victor de Almeida Xavier                     ***
2022-06-19 13:38:23,306 - INFO - ***********************************************************
2022-06-19 13:38:23,306 - INFO - *** Simulação de Otimização Combinatória                ***
2022-06-19 13:38:23,306 - INFO - ***********************************************************
2022-06-19 13:38:23,306 - INFO - [INIT]Module:Experiment
2022-06-19 13:38:23,306 - INFO - Experimentos de Simulação de Otimização Combinatória: Clustering
2022-06-19 13:38:23,306 - INFO - Arquivo de Entrada:./input/debug.csv
2022-06-19 13:38:23,306 - INFO - Estratégia de Resfriamento:linear
2022-06-19 13:38:23,306 - INFO - Número de passos:10000
2022-06-19 13:38:23,306 - INFO - Número de execuções:5
2022-06-19 13:38:23,306 - INFO - Plotar resultados? False
2022-06-19 13:38:23,310 - INFO - [./input/debug.csv]load_samples:815
2022-06-19 13:38:23,339 - INFO - [814]do_normalize_samples:814
2022-06-19 13:41:31,540 - INFO - Melhor configuração:Q_0.1_1|Q_0.1_2|Q_0.3_3|Q_0.5_1|Q_0.5_3|Q_0.6_1|Q_1.0_0|Q_1.11_1|Q_1.12_0|Q_1.13_0|Q_1.14_0|Q_1.6_0|Q_1.7_1|Q_4.11_0|Q_4.11a_1|Q_4.11a_3|Q_4.11b_2|Q_4.13_0|Q_4.1_2|Q_4.2_1:32
2022-06-19 13:41:31,540 - INFO - [10000]do_simulated_annealing:Simulation(True):BestValue(32)
2022-06-19 13:45:01,852 - INFO - Melhor configuração:Q_0.1_1|Q_0.2_0|Q_0.3_3|Q_0.4_0|Q_0.5_1|Q_0.5_3|Q_1.11_1|Q_1.11_2|Q_1.13_0|Q_1.1_0|Q_1.9_0|Q_4.0_0|Q_4.11_0|Q_4.11a_2|Q_4.11a_3|Q_4.11b_1|Q_4.11b_2|Q_4.13_0|Q_4.1_1|Q_4.2_1|Q_4.2_2|Q_4.2_3:65
2022-06-19 13:45:01,852 - INFO - [10000]do_simulated_annealing:Simulation(True):BestValue(65)
2022-06-19 13:48:25,652 - INFO - Melhor configuração:Q_0.1_1|Q_0.1_2|Q_0.3_2|Q_0.4_0|Q_0.5_1|Q_0.5_4|Q_0.6_1|Q_1.0_0|Q_1.11_2|Q_1.13_0|Q_1.7_1|Q_1.7_2|Q_1.8_0|Q_1.9_0|Q_4.0_0|Q_4.11_0|Q_4.11a_1|Q_4.11a_3|Q_4.13_0|Q_4.2_2|Q_4.2_3|Q_4.3_2:21
2022-06-19 13:48:25,653 - INFO - [10000]do_simulated_annealing:Simulation(True):BestValue(21)
2022-06-19 13:51:47,570 - INFO - Melhor configuração:Q_0.2_0|Q_0.3_3|Q_0.3_4|Q_0.4_0|Q_0.5_1|Q_0.5_2|Q_0.5_4|Q_1.11_2|Q_1.12_0|Q_1.13_0|Q_1.14_0|Q_1.6_0|Q_1.7_2|Q_1.8_0|Q_1.9_0|Q_4.0_0|Q_4.11_0|Q_4.11a_1|Q_4.11a_3|Q_4.13_0|Q_4.1_2|Q_4.2_3|Q_4.3_1|Q_4.3_2|Q_4.4_0:27
2022-06-19 13:51:47,570 - INFO - [10000]do_simulated_annealing:Simulation(True):BestValue(27)
2022-06-19 13:55:08,582 - INFO - Melhor configuração:Q_0.3_1|Q_0.3_3|Q_0.3_4|Q_0.4_0|Q_0.5_2|Q_0.5_3|Q_1.0_0|Q_1.11_2|Q_1.13_0|Q_1.15_0|Q_1.8_0|Q_1.9_0|Q_4.0_0|Q_4.11a_3|Q_4.1_1|Q_4.1_2|Q_4.2_3:104
2022-06-19 13:55:08,582 - INFO - [10000]do_simulated_annealing:Simulation(True):BestValue(104)
2022-06-19 13:55:08,585 - INFO - Melhor configuração final::0
2022-06-19 13:55:08,811 - INFO - [20220619103815800567]save_history:mcmc_clustering_linear_10000_5_history.csv
2022-06-20 11:23:30,903 - INFO - [DONE]Module:Experiment
