2022-06-19 13:39:04,505 - INFO - ***********************************************************
2022-06-19 13:39:04,505 - INFO - *** MCMC Helper                                         ***
2022-06-19 13:39:04,505 - INFO - *** Algoritmos de Monte Carlo e Cadeias de Markov 2022/1***
2022-06-19 13:39:04,505 - INFO - *** Aluno: Victor de Almeida Xavier                     ***
2022-06-19 13:39:04,505 - INFO - ***********************************************************
2022-06-19 13:39:04,506 - INFO - *** Simulação de Otimização Combinatória                ***
2022-06-19 13:39:04,506 - INFO - ***********************************************************
2022-06-19 13:39:04,506 - INFO - [INIT]Module:Experiment
2022-06-19 13:39:04,506 - INFO - Experimentos de Simulação de Otimização Combinatória: Clustering
2022-06-19 13:39:04,506 - INFO - Arquivo de Entrada:./input/debug.csv
2022-06-19 13:39:04,506 - INFO - Estratégia de Resfriamento:log
2022-06-19 13:39:04,506 - INFO - Número de passos:10000
2022-06-19 13:39:04,506 - INFO - Número de execuções:5
2022-06-19 13:39:04,506 - INFO - Plotar resultados? False
2022-06-19 13:39:04,510 - INFO - [./input/debug.csv]load_samples:815
2022-06-19 13:39:04,545 - INFO - [814]do_normalize_samples:814
2022-06-19 13:42:33,635 - INFO - Melhor configuração:Q_0.1_1|Q_0.3_2|Q_0.5_2|Q_0.5_4|Q_1.15_0|Q_1.6_0|Q_1.7_2|Q_1.8_0|Q_4.11a_2|Q_4.11b_2|Q_4.1_2|Q_4.2_2|Q_4.3_1|Q_4.3_2|Q_4.3a_0:226
2022-06-19 13:42:33,635 - INFO - [10000]do_simulated_annealing:Simulation(True):BestValue(226)
2022-06-19 13:46:02,855 - INFO - Melhor configuração:Q_0.3_1|Q_0.3_4|Q_0.4_0|Q_0.5_1|Q_0.5_3|Q_0.6_1|Q_1.13_0|Q_1.15_0|Q_1.1_0|Q_1.7_2|Q_4.11_0|Q_4.11a_3|Q_4.13_0|Q_4.1_1|Q_4.2_3|Q_4.3_1|Q_4.3_2|Q_4.3a_0|Q_4.4_0:55
2022-06-19 13:46:02,856 - INFO - [10000]do_simulated_annealing:Simulation(True):BestValue(55)
2022-06-19 13:49:29,516 - INFO - Melhor configuração:Q_0.1_2|Q_0.2_0|Q_0.3_1|Q_0.3_2|Q_0.3_3|Q_0.5_1|Q_0.5_2|Q_0.5_4|Q_1.1_0|Q_1.6_0|Q_1.7_1|Q_1.8_0|Q_4.11_0|Q_4.11a_1|Q_4.11b_1|Q_4.1_2|Q_4.2_3:37
2022-06-19 13:49:29,517 - INFO - [10000]do_simulated_annealing:Simulation(True):BestValue(37)
2022-06-19 13:52:49,662 - INFO - Melhor configuração:Q_0.2_0|Q_0.3_1|Q_0.3_3|Q_0.3_4|Q_0.5_2|Q_0.5_3|Q_0.5_4|Q_0.6_1|Q_1.11_2|Q_1.12_0|Q_1.13_0|Q_1.14_0|Q_1.6_0|Q_1.8_0|Q_1.9_0|Q_4.0_0|Q_4.11_0|Q_4.11a_2|Q_4.11a_3|Q_4.11b_2|Q_4.13_0|Q_4.1_1|Q_4.1_2|Q_4.2_3|Q_4.3_1|Q_4.3_2:18
2022-06-19 13:52:49,662 - INFO - [10000]do_simulated_annealing:Simulation(True):BestValue(18)
2022-06-19 13:56:09,753 - INFO - Melhor configuração:Q_0.1_1|Q_0.2_0|Q_0.3_1|Q_0.3_2|Q_0.3_3|Q_0.5_1|Q_0.5_4|Q_1.0_0|Q_1.11_1|Q_1.11_2|Q_1.8_0|Q_4.0_0|Q_4.11a_1|Q_4.11a_2|Q_4.11a_3|Q_4.11b_1|Q_4.11b_2|Q_4.13_0|Q_4.1_1|Q_4.3_1|Q_4.3_2|Q_4.3a_0:42
2022-06-19 13:56:09,753 - INFO - [10000]do_simulated_annealing:Simulation(True):BestValue(42)
2022-06-19 13:56:09,753 - INFO - Melhor configuração final::0
2022-06-19 13:56:09,952 - INFO - [20220619103858070197]save_history:mcmc_clustering_log_10000_5_history.csv
2022-06-20 11:22:18,371 - INFO - [DONE]Module:Experiment
