2022-06-23 06:56:47,599 - INFO - ***********************************************************
2022-06-23 06:56:47,600 - INFO - *** MCMC Helper                                         ***
2022-06-23 06:56:47,600 - INFO - *** Algoritmos de Monte Carlo e Cadeias de Markov 2022/1***
2022-06-23 06:56:47,600 - INFO - *** Aluno: Victor de Almeida Xavier                     ***
2022-06-23 06:56:47,600 - INFO - ***********************************************************
2022-06-23 06:56:47,600 - INFO - *** Simulação de Otimização Combinatória                ***
2022-06-23 06:56:47,600 - INFO - ***********************************************************
2022-06-23 06:56:47,601 - INFO - [INIT]Module:Experiment
2022-06-23 06:56:47,602 - INFO - Experimentos de Simulação de Otimização Combinatória: Clustering
2022-06-23 06:56:47,602 - INFO - Arquivo de Entrada:./input/debug.csv
2022-06-23 06:56:47,602 - INFO - Estratégia de Resfriamento:exp
2022-06-23 06:56:47,602 - INFO - Função de Custo:uniqueness
2022-06-23 06:56:47,603 - INFO - Número de passos:1000
2022-06-23 06:56:47,603 - INFO - Número de execuções:1
2022-06-23 06:56:47,603 - INFO - Taxa de resfriamento:0.9
2022-06-23 06:56:47,603 - INFO - Temperatura inicial:1000.0
2022-06-23 06:56:47,603 - INFO - Configuração Inicial:1a;4a
2022-06-23 06:56:47,603 - INFO - Plotar resultados? True
2022-06-23 06:56:47,607 - INFO - [./input/debug.csv]load_samples:815
2022-06-23 06:56:47,653 - INFO - [814]do_normalize_samples:814
2022-06-23 07:11:32,603 - INFO - [43]get_features_from_header:43
2022-06-23 07:11:32,603 - DEBUG - Trabalhando com 43 features.
2022-06-23 07:11:41,703 - DEBUG - Melhor vetor após 66 passos:[1, 1, 0, 0, 0, 1, 0, 1, 0, 1, 1, 0, 1, 1, 1, 1, 1, 1, 1, 1, 1, 1, 1, 1, 1, 1, 1, 1, 1, 1, 1, 1, 1, 1, 1, 1, 1, 1, 1, 1, 1, 1, 1];cujo valor da fobj=4
2022-06-23 07:11:41,703 - INFO - Melhor configuração após 66 passos:0.1_1|0.1_2|0.3_3|0.4_0|0.5_2|0.5_3|0.6_1|1.0_0|1.11_1|1.11_2|1.12_0|1.13_0|1.14_0|1.15_0|1.1_0|1.6_0|1.7_1|1.7_2|1.8_0|1.9_0|4.0_0|4.11_0|4.11a_1|4.11a_2|4.11a_3|4.11b_1|4.11b_2|4.13_0|4.1_1|4.1_2|4.2_1|4.2_2|4.2_3|4.3_1|4.3_2|4.3a_0|4.4_0;cujo valor da fobj=4
2022-06-23 07:11:41,703 - DEBUG - [1000]do_simulated_annealing:Simulation(True):BestValue(4)
2022-06-23 07:11:41,704 - INFO - Melhor configuração final:0.1_1|0.1_2|0.3_3|0.4_0|0.5_2|0.5_3|0.6_1|1.0_0|1.11_1|1.11_2|1.12_0|1.13_0|1.14_0|1.15_0|1.1_0|1.6_0|1.7_1|1.7_2|1.8_0|1.9_0|4.0_0|4.11_0|4.11a_1|4.11a_2|4.11a_3|4.11b_1|4.11b_2|4.13_0|4.1_1|4.1_2|4.2_1|4.2_2|4.2_3|4.3_1|4.3_2|4.3a_0|4.4_0:4
2022-06-23 07:11:41,706 - INFO - [20220623035642973803]save_history:mcmc_clustering_exp_1000_1_history.csv
2022-06-23 07:11:45,412 - DEBUG - max_value:900.0
2022-06-23 07:12:05,120 - INFO - [DONE]Module:Experiment
