2022-06-21 04:52:38,201 - INFO - ***********************************************************
2022-06-21 04:52:38,201 - INFO - *** MCMC Helper                                         ***
2022-06-21 04:52:38,202 - INFO - *** Algoritmos de Monte Carlo e Cadeias de Markov 2022/1***
2022-06-21 04:52:38,202 - INFO - *** Aluno: Victor de Almeida Xavier                     ***
2022-06-21 04:52:38,202 - INFO - ***********************************************************
2022-06-21 04:52:38,202 - INFO - *** Simulação de Otimização Combinatória                ***
2022-06-21 04:52:38,202 - INFO - ***********************************************************
2022-06-21 04:52:38,202 - INFO - [INIT]Module:Experiment
2022-06-21 04:52:38,203 - INFO - Experimentos de Simulação de Otimização Combinatória: Clustering
2022-06-21 04:52:38,204 - INFO - Arquivo de Entrada:./input/debug.csv
2022-06-21 04:52:38,204 - INFO - Estratégia de Resfriamento:delta
2022-06-21 04:52:38,204 - INFO - Função de Custo:uniqueness
2022-06-21 04:52:38,204 - INFO - Número de passos:1000
2022-06-21 04:52:38,204 - INFO - Número de execuções:1
2022-06-21 04:52:38,204 - INFO - Taxa de resfriamento:0.99
2022-06-21 04:52:38,205 - INFO - Temperatura inicial:10000
2022-06-21 04:52:38,205 - INFO - Plotar resultados? True
2022-06-21 04:52:38,209 - INFO - [./input/debug.csv]load_samples:815
2022-06-21 04:52:38,256 - INFO - [814]do_normalize_samples:814
2022-06-21 04:52:38,257 - DEBUG - Working with 43 features.
2022-06-21 04:53:07,695 - DEBUG - Melhor vetor após 1001 passos:[1, 0, 1, 0, 0, 1, 0, 0, 0, 1, 1, 0, 1, 1, 0, 0, 0, 1, 0, 1, 0, 1, 1, 1, 0, 1, 0, 1, 0, 0, 0, 1, 0, 0, 1, 0, 0, 1, 1, 0, 0, 1, 1];cujo valor da fobj=8
2022-06-21 04:53:07,695 - INFO - Melhor configuração após 1001 passos:Q_0.1_1|Q_0.2_0|Q_0.3_3|Q_0.5_2|Q_0.5_3|Q_0.6_1|Q_1.0_0|Q_1.13_0|Q_1.15_0|Q_1.6_0|Q_1.7_1|Q_1.7_2|Q_1.9_0|Q_4.11_0|Q_4.11b_1|Q_4.1_1|Q_4.2_2|Q_4.2_3|Q_4.3a_0|Q_4.4_0;cujo valor da fobj=8
2022-06-21 04:53:07,696 - INFO - [1000]do_simulated_annealing:Simulation(True):BestValue(8)
2022-06-21 04:53:07,696 - INFO - Melhor configuração final:Q_0.1_1|Q_0.2_0|Q_0.3_3|Q_0.5_2|Q_0.5_3|Q_0.6_1|Q_1.0_0|Q_1.13_0|Q_1.15_0|Q_1.6_0|Q_1.7_1|Q_1.7_2|Q_1.9_0|Q_4.11_0|Q_4.11b_1|Q_4.1_1|Q_4.2_2|Q_4.2_3|Q_4.3a_0|Q_4.4_0:8
2022-06-21 04:53:07,703 - INFO - [20220621015233822961]save_history:mcmc_clustering_delta_1000_1_history.csv
2022-06-21 04:53:56,422 - DEBUG - max_value:1000.0
2022-06-21 04:55:59,255 - INFO - [DONE]Module:Experiment
