2022-06-23 15:41:58,496 - INFO - ***********************************************************
2022-06-23 15:41:58,497 - INFO - *** MCMC Helper                                         ***
2022-06-23 15:41:58,497 - INFO - *** Algoritmos de Monte Carlo e Cadeias de Markov 2022/1***
2022-06-23 15:41:58,497 - INFO - *** Aluno: Victor de Almeida Xavier                     ***
2022-06-23 15:41:58,497 - INFO - ***********************************************************
2022-06-23 15:41:58,497 - INFO - *** Simulação de Otimização Combinatória                ***
2022-06-23 15:41:58,498 - INFO - ***********************************************************
2022-06-23 15:41:58,498 - INFO - [INIT]Module:Experiment
2022-06-23 15:41:58,498 - INFO - Experimentos de Simulação de Otimização Combinatória: Clustering
2022-06-23 15:41:58,499 - INFO - Arquivo de Entrada:./input/debug.csv
2022-06-23 15:41:58,499 - INFO - Estratégia de Resfriamento:exp
2022-06-23 15:41:58,499 - INFO - Função de Custo:random
2022-06-23 15:41:58,499 - INFO - Número de passos:1000
2022-06-23 15:41:58,499 - INFO - Número de execuções:1
2022-06-23 15:41:58,499 - INFO - Taxa de resfriamento:0.9
2022-06-23 15:41:58,499 - INFO - Temperatura inicial:10000
2022-06-23 15:41:58,499 - INFO - Plotar resultados? True
2022-06-23 15:41:58,503 - INFO - [./input/debug.csv]load_samples:815
2022-06-23 15:41:58,547 - INFO - [814]do_normalize_samples:814
2022-06-23 15:42:14,308 - INFO - [43]get_features_from_header:43
2022-06-23 15:42:14,309 - DEBUG - Trabalhando com 43 features.
