2022-06-23 09:09:24,209 - INFO - ***********************************************************
2022-06-23 09:09:24,210 - INFO - *** MCMC Helper                                         ***
2022-06-23 09:09:24,210 - INFO - *** Algoritmos de Monte Carlo e Cadeias de Markov 2022/1***
2022-06-23 09:09:24,210 - INFO - *** Aluno: Victor de Almeida Xavier                     ***
2022-06-23 09:09:24,210 - INFO - ***********************************************************
2022-06-23 09:09:24,210 - INFO - *** Simulação de Otimização Combinatória                ***
2022-06-23 09:09:24,210 - INFO - ***********************************************************
2022-06-23 09:09:24,210 - INFO - [INIT]Module:Experiment
2022-06-23 09:09:24,211 - INFO - Experimentos de Simulação de Otimização Combinatória: Clustering
2022-06-23 09:09:24,211 - INFO - Arquivo de Entrada:./input/debug.csv
2022-06-23 09:09:24,211 - INFO - Estratégia de Resfriamento:all
2022-06-23 09:09:24,211 - INFO - Função de Custo:uniqueness
2022-06-23 09:09:24,211 - INFO - Número de passos:10000
2022-06-23 09:09:24,211 - INFO - Número de execuções:1
2022-06-23 09:09:24,211 - INFO - Taxa de resfriamento:0.8
2022-06-23 09:09:24,212 - INFO - Temperatura inicial:10000
2022-06-23 09:09:24,212 - INFO - Plotar resultados? True
2022-06-23 09:09:24,215 - INFO - [./input/debug.csv]load_samples:815
2022-06-23 09:09:24,249 - INFO - [814]do_normalize_samples:814
2022-06-23 09:09:24,250 - INFO - [43]get_features_from_header:43
2022-06-23 09:09:32,096 - INFO - Melhor configuração após 574 passos:0.2_0|0.3_2|0.3_3|0.3_4|0.4_0|0.5_1|0.5_2|0.5_3|0.5_4|0.6_1|1.12_0|1.13_0|1.14_0|1.1_0|1.6_0|1.7_1|1.7_2|4.0_0|4.11_0|4.11a_2|4.11a_3|4.11b_1|4.13_0|4.1_1|4.1_2|4.2_3|4.3_1|4.3a_0|4.4_0;cujo valor da fobj=5
2022-06-23 09:11:54,689 - INFO - Melhor configuração após 10000 passos:0.1_1|0.2_0|0.3_1|0.3_2|0.3_3|0.3_4|0.4_0|0.5_1|0.5_2|0.5_3|0.6_1|1.0_0|1.11_1|1.13_0|1.15_0|1.7_2|1.8_0|1.9_0|4.0_0|4.11a_2|4.11a_3|4.11b_1|4.1_1|4.1_2|4.2_2|4.3_1|4.3a_0|4.4_0;cujo valor da fobj=4
2022-06-23 09:14:17,923 - INFO - Melhor configuração após 10000 passos:0.1_1|0.1_2|0.2_0|0.3_1|0.3_3|0.3_4|0.4_0|0.5_1|0.5_2|0.5_3|0.6_1|1.0_0|1.11_2|1.12_0|1.13_0|1.14_0|1.15_0|1.1_0|1.7_2|1.8_0|1.9_0|4.0_0|4.11_0|4.11b_1|4.1_1|4.1_2|4.2_3|4.3_1|4.3_2|4.3a_0|4.4_0;cujo valor da fobj=4
2022-06-23 09:14:18,497 - INFO - Melhor configuração após 42 passos:0.1_1|0.1_2|0.3_1|0.3_2|0.3_3|0.4_0|0.5_1|0.5_4|0.6_1|1.0_0|1.11_1|1.11_2|1.7_2|1.8_0|1.9_0|4.0_0|4.11a_3|4.11b_1|4.11b_2|4.1_1|4.2_1|4.3_2|4.4_0;cujo valor da fobj=7
2022-06-23 09:14:20,026 - INFO - Melhor configuração após 112 passos:0.1_1|0.3_1|0.5_1|0.5_2|0.5_3|0.5_4|0.6_1|1.0_0|1.11_1|1.12_0|1.14_0|1.1_0|1.6_0|1.7_1|1.9_0|4.0_0|4.11a_2|4.11b_2|4.2_1|4.2_2|4.3_1|4.3_2|4.4_0;cujo valor da fobj=6
2022-06-23 09:14:20,026 - INFO - Melhor configuração final:0.1_1|0.2_0|0.3_1|0.3_2|0.3_3|0.3_4|0.4_0|0.5_1|0.5_2|0.5_3|0.6_1|1.0_0|1.11_1|1.13_0|1.15_0|1.7_2|1.8_0|1.9_0|4.0_0|4.11a_2|4.11a_3|4.11b_1|4.1_1|4.1_2|4.2_2|4.3_1|4.3a_0|4.4_0:4
2022-06-23 09:14:20,104 - INFO - [20220623060922128640]save_history:mcmc_clustering_all_10000_1_history.csv
2022-06-23 09:46:27,359 - INFO - [DONE]Module:Experiment
