2022-06-21 00:35:34,579 - INFO - ***********************************************************
2022-06-21 00:35:34,579 - INFO - *** MCMC Helper                                         ***
2022-06-21 00:35:34,579 - INFO - *** Algoritmos de Monte Carlo e Cadeias de Markov 2022/1***
2022-06-21 00:35:34,580 - INFO - *** Aluno: Victor de Almeida Xavier                     ***
2022-06-21 00:35:34,580 - INFO - ***********************************************************
2022-06-21 00:35:34,580 - INFO - *** Simulação de Otimização Combinatória                ***
2022-06-21 00:35:34,580 - INFO - ***********************************************************
2022-06-21 00:35:34,580 - INFO - [INIT]Module:Experiment
2022-06-21 00:35:34,581 - INFO - Experimentos de Simulação de Otimização Combinatória: Clustering
2022-06-21 00:35:34,581 - INFO - Arquivo de Entrada:./input/debug.csv
2022-06-21 00:35:34,581 - INFO - Estratégia de Resfriamento:exp
2022-06-21 00:35:34,581 - INFO - Função de Custo:uniqueness
2022-06-21 00:35:34,581 - INFO - Número de passos:1000
2022-06-21 00:35:34,582 - INFO - Número de execuções:1
2022-06-21 00:35:34,582 - INFO - Taxa de resfriamento:0.85
2022-06-21 00:35:34,582 - INFO - Plotar resultados? True
2022-06-21 00:35:37,590 - INFO - [./input/debug.csv]load_samples:815
2022-06-21 00:35:39,657 - INFO - [814]do_normalize_samples:814
2022-06-21 00:35:41,052 - DEBUG - Working with 43 features.
2022-06-21 00:35:45,913 - DEBUG - Melhor vetor após 44 passos:[1, 0, 0, 0, 0, 0, 1, 1, 0, 1, 0, 0, 1, 0, 0, 1, 1, 0, 0, 1, 1, 1, 1, 0, 0, 1, 1, 0, 1, 1, 0, 0, 1, 1, 0, 0, 1, 0, 0, 1, 0, 1, 1];cujo valor da fobj=48
2022-06-21 00:35:45,913 - INFO - Melhor configuração após 44 passos:Q_0.1_1|Q_0.3_4|Q_0.4_0|Q_0.5_2|Q_0.6_1|Q_1.11_2|Q_1.12_0|Q_1.15_0|Q_1.1_0|Q_1.6_0|Q_1.7_1|Q_1.9_0|Q_4.0_0|Q_4.11a_1|Q_4.11a_2|Q_4.11b_2|Q_4.13_0|Q_4.2_1|Q_4.3_1|Q_4.3a_0|Q_4.4_0;cujo valor da fobj=48
2022-06-21 00:35:45,914 - INFO - [1000]do_simulated_annealing:Simulation(True):BestValue(48)
2022-06-21 00:35:45,914 - INFO - Melhor configuração final:Q_0.1_1|Q_0.3_4|Q_0.4_0|Q_0.5_2|Q_0.6_1|Q_1.11_2|Q_1.12_0|Q_1.15_0|Q_1.1_0|Q_1.6_0|Q_1.7_1|Q_1.9_0|Q_4.0_0|Q_4.11a_1|Q_4.11a_2|Q_4.11b_2|Q_4.13_0|Q_4.2_1|Q_4.3_1|Q_4.3a_0|Q_4.4_0:48
2022-06-21 00:35:45,915 - INFO - [20220620213530274131]save_history:mcmc_clustering_exp_1000_1_history.csv
2022-06-21 00:36:26,855 - DEBUG - max_value:[850.0, 722.4999999999999, 614.1249999999999, 522.0062499999999, 443.70531249999993, 377.14951562499994, 320.5770882812499, 272.49052503906245, 231.61694628320305, 196.8744043407226, 167.3432436896142, 142.24175713617208, 120.90549356574626, 102.76966953088431, 87.35421910125167, 74.25108623606391, 63.113423300654325, 53.646409805556175, 45.59944833472275, 38.759531084514336, 32.94560142183718, 28.003761208561606, 23.803197027277367, 20.232717473185758, 17.197809852207897, 14.618138374376711, 12.425417618220203, 10.561604975487173, 8.977364229164097, 7.630759594789482, 6.486145655571059, 5.5132238072354, 4.68624023615009, 3.9833042007275767, 3.38580857061844, 2.877937285025674, 2.446246692271823, 2.0793096884310494, 1.7674132351663918, 1.502301249891433, 1.276956062407718, 1.0854126530465604, 1, 1]
2022-06-21 00:36:27,266 - ERROR - x and y must have same first dimension, but have shapes (1000,) and (44,)
2022-06-21 00:36:27,267 - ERROR - [EXPT]plot_results
2022-06-21 00:36:27,267 - ERROR - x and y must have same first dimension, but have shapes (1000,) and (44,)
