2022-06-21 05:51:41,074 - INFO - ***********************************************************
2022-06-21 05:51:41,074 - INFO - *** MCMC Helper                                         ***
2022-06-21 05:51:41,074 - INFO - *** Algoritmos de Monte Carlo e Cadeias de Markov 2022/1***
2022-06-21 05:51:41,074 - INFO - *** Aluno: Victor de Almeida Xavier                     ***
2022-06-21 05:51:41,075 - INFO - ***********************************************************
2022-06-21 05:51:41,075 - INFO - *** Simulação de Otimização Combinatória                ***
2022-06-21 05:51:41,075 - INFO - ***********************************************************
2022-06-21 05:51:41,075 - INFO - [INIT]Module:Experiment
2022-06-21 05:51:41,075 - INFO - Experimentos de Simulação de Otimização Combinatória: Clustering
2022-06-21 05:51:41,075 - INFO - Arquivo de Entrada:./input/debug.csv
2022-06-21 05:51:41,075 - INFO - Estratégia de Resfriamento:linear
2022-06-21 05:51:41,076 - INFO - Função de Custo:uniqueness
2022-06-21 05:51:41,076 - INFO - Número de passos:1000
2022-06-21 05:51:41,076 - INFO - Número de execuções:1
2022-06-21 05:51:41,076 - INFO - Taxa de resfriamento:0.99
2022-06-21 05:51:41,076 - INFO - Temperatura inicial:10000
2022-06-21 05:51:41,076 - INFO - Plotar resultados? True
2022-06-21 05:51:41,082 - INFO - [./input/debug.csv]load_samples:815
2022-06-21 05:51:41,124 - INFO - [814]do_normalize_samples:814
2022-06-21 05:52:04,271 - INFO - Melhor configuração após 1000 passos:Q_0.3_2|Q_0.3_3|Q_0.3_4|Q_0.4_0|Q_0.5_1|Q_0.5_3|Q_0.5_4|Q_1.12_0|Q_1.13_0|Q_1.1_0|Q_1.6_0|Q_1.8_0|Q_4.0_0|Q_4.11_0|Q_4.11a_3|Q_4.13_0|Q_4.1_1|Q_4.2_2|Q_4.3_1|Q_4.3a_0;cujo valor da fobj=47
2022-06-21 05:52:04,271 - INFO - [1000]do_simulated_annealing:Simulation(True):BestValue(47)
2022-06-21 05:52:04,271 - INFO - Melhor configuração final:Q_0.3_2|Q_0.3_3|Q_0.3_4|Q_0.4_0|Q_0.5_1|Q_0.5_3|Q_0.5_4|Q_1.12_0|Q_1.13_0|Q_1.1_0|Q_1.6_0|Q_1.8_0|Q_4.0_0|Q_4.11_0|Q_4.11a_3|Q_4.13_0|Q_4.1_1|Q_4.2_2|Q_4.3_1|Q_4.3a_0:47
2022-06-21 05:52:04,277 - INFO - [20220621025134092034]save_history:mcmc_clustering_linear_1000_1_history.csv
2022-06-21 06:28:56,888 - INFO - [DONE]Module:Experiment
