2022-06-21 05:17:30,196 - INFO - ***********************************************************
2022-06-21 05:17:30,196 - INFO - *** MCMC Helper                                         ***
2022-06-21 05:17:30,197 - INFO - *** Algoritmos de Monte Carlo e Cadeias de Markov 2022/1***
2022-06-21 05:17:30,197 - INFO - *** Aluno: Victor de Almeida Xavier                     ***
2022-06-21 05:17:30,197 - INFO - ***********************************************************
2022-06-21 05:17:30,197 - INFO - *** Simulação de Otimização Combinatória                ***
2022-06-21 05:17:30,197 - INFO - ***********************************************************
2022-06-21 05:17:30,197 - INFO - [INIT]Module:Experiment
2022-06-21 05:17:30,197 - INFO - Experimentos de Simulação de Otimização Combinatória: Clustering
2022-06-21 05:17:30,197 - INFO - Arquivo de Entrada:./input/debug.csv
2022-06-21 05:17:30,197 - INFO - Estratégia de Resfriamento:quadr
2022-06-21 05:17:30,197 - INFO - Função de Custo:uniqueness
2022-06-21 05:17:30,197 - INFO - Número de passos:10000
2022-06-21 05:17:30,197 - INFO - Número de execuções:1
2022-06-21 05:17:30,198 - INFO - Taxa de resfriamento:0.99
2022-06-21 05:17:30,198 - INFO - Temperatura inicial:10000
2022-06-21 05:17:30,198 - INFO - Plotar resultados? True
2022-06-21 05:17:30,201 - INFO - [./input/debug.csv]load_samples:815
2022-06-21 05:17:30,232 - INFO - [814]do_normalize_samples:814
2022-06-21 05:17:31,990 - INFO - Melhor configuração após 101 passos:Q_0.1_1|Q_0.2_0|Q_0.3_1|Q_0.3_2|Q_0.3_3|Q_0.3_4|Q_0.5_2|Q_0.5_4|Q_0.6_1|Q_1.0_0|Q_1.11_1|Q_1.12_0|Q_1.13_0|Q_1.14_0|Q_1.15_0|Q_1.1_0|Q_1.7_2|Q_1.9_0|Q_4.11_0|Q_4.11a_1|Q_4.13_0|Q_4.1_1|Q_4.3_1;cujo valor da fobj=21
2022-06-21 05:17:31,990 - INFO - [10000]do_simulated_annealing:Simulation(True):BestValue(21)
2022-06-21 05:17:31,990 - INFO - Melhor configuração final:Q_0.1_1|Q_0.2_0|Q_0.3_1|Q_0.3_2|Q_0.3_3|Q_0.3_4|Q_0.5_2|Q_0.5_4|Q_0.6_1|Q_1.0_0|Q_1.11_1|Q_1.12_0|Q_1.13_0|Q_1.14_0|Q_1.15_0|Q_1.1_0|Q_1.7_2|Q_1.9_0|Q_4.11_0|Q_4.11a_1|Q_4.13_0|Q_4.1_1|Q_4.3_1:21
2022-06-21 05:17:31,991 - INFO - [20220621021727602534]save_history:mcmc_clustering_quadr_10000_1_history.csv
2022-06-21 05:19:07,197 - INFO - [DONE]Module:Experiment
