2022-06-23 04:55:50,807 - INFO - ***********************************************************
2022-06-23 04:55:50,808 - INFO - *** MCMC Helper                                         ***
2022-06-23 04:55:50,808 - INFO - *** Algoritmos de Monte Carlo e Cadeias de Markov 2022/1***
2022-06-23 04:55:50,808 - INFO - *** Aluno: Victor de Almeida Xavier                     ***
2022-06-23 04:55:50,808 - INFO - ***********************************************************
2022-06-23 04:55:50,808 - INFO - *** Simulação de Otimização Combinatória                ***
2022-06-23 04:55:50,809 - INFO - ***********************************************************
2022-06-23 04:55:50,809 - INFO - [INIT]Module:Experiment
2022-06-23 04:55:50,809 - INFO - Experimentos de Simulação de Otimização Combinatória: Clustering
2022-06-23 04:55:50,810 - INFO - Arquivo de Entrada:./input/debug.csv
2022-06-23 04:55:50,810 - INFO - Estratégia de Resfriamento:all
2022-06-23 04:55:50,810 - INFO - Função de Custo:uniqueness
2022-06-23 04:55:50,810 - INFO - Número de passos:100
2022-06-23 04:55:50,810 - INFO - Número de execuções:1
2022-06-23 04:55:50,811 - INFO - Taxa de resfriamento:0.9
2022-06-23 04:55:50,811 - INFO - Temperatura inicial:10000
2022-06-23 04:55:50,811 - INFO - Plotar resultados? True
2022-06-23 04:55:50,814 - INFO - [./input/debug.csv]load_samples:815
2022-06-23 04:55:50,856 - INFO - [814]do_normalize_samples:814
2022-06-23 04:55:53,779 - INFO - [43]get_features_from_header:43
2022-06-23 04:55:53,780 - DEBUG - Trabalhando com 43 features.
2022-06-23 04:55:53,897 - DEBUG - Melhor vetor após 4 passos:[1, 0, 0, 0, 1, 0, 0, 1, 1, 0, 0, 1, 1, 0, 1, 0, 0, 0, 1, 0, 1, 1, 1, 0, 0, 0, 1, 0, 0, 0, 0, 1, 0, 0, 1, 1, 1, 1, 1, 1, 0, 0, 1];cujo valor da fobj=20
2022-06-23 04:55:53,898 - INFO - Melhor configuração após 4 passos:0.1_1|0.3_2|0.4_0|0.5_1|0.5_4|0.6_1|1.11_1|1.14_0|1.1_0|1.6_0|1.7_1|4.0_0|4.11b_1|4.1_1|4.1_2|4.2_1|4.2_2|4.2_3|4.3_1|4.4_0;cujo valor da fobj=20
2022-06-23 04:55:53,898 - DEBUG - [100]do_simulated_annealing:Simulation(True):BestValue(20)
2022-06-23 04:55:56,200 - DEBUG - Melhor vetor após 100 passos:[1, 1, 0, 1, 0, 1, 1, 1, 1, 1, 1, 1, 1, 1, 1, 1, 0, 1, 0, 0, 0, 0, 1, 1, 1, 0, 0, 0, 0, 0, 1, 0, 1, 1, 0, 0, 1, 0, 0, 0, 1, 1, 0];cujo valor da fobj=6
2022-06-23 04:55:56,200 - INFO - Melhor configuração após 100 passos:0.1_1|0.1_2|0.3_1|0.3_3|0.3_4|0.4_0|0.5_1|0.5_2|0.5_3|0.5_4|0.6_1|1.0_0|1.11_1|1.11_2|1.13_0|1.7_1|1.7_2|1.8_0|4.11a_3|4.11b_2|4.13_0|4.2_1|4.3_2|4.3a_0;cujo valor da fobj=6
2022-06-23 04:55:56,201 - DEBUG - [100]do_simulated_annealing:Simulation(True):BestValue(6)
2022-06-23 04:55:58,542 - DEBUG - Melhor vetor após 100 passos:[1, 1, 0, 0, 0, 1, 1, 0, 1, 1, 0, 1, 1, 0, 0, 1, 0, 1, 1, 0, 1, 1, 1, 0, 0, 1, 1, 0, 1, 1, 1, 1, 0, 1, 1, 1, 1, 1, 1, 1, 1, 1, 1];cujo valor da fobj=5
2022-06-23 04:55:58,542 - INFO - Melhor configuração após 100 passos:0.1_1|0.1_2|0.3_3|0.3_4|0.5_1|0.5_2|0.5_4|0.6_1|1.11_2|1.13_0|1.14_0|1.1_0|1.6_0|1.7_1|1.9_0|4.0_0|4.11a_1|4.11a_2|4.11a_3|4.11b_1|4.13_0|4.1_1|4.1_2|4.2_1|4.2_2|4.2_3|4.3_1|4.3_2|4.3a_0|4.4_0;cujo valor da fobj=5
2022-06-23 04:55:58,542 - DEBUG - [100]do_simulated_annealing:Simulation(True):BestValue(5)
2022-06-23 04:56:00,719 - DEBUG - Melhor vetor após 88 passos:[1, 1, 0, 1, 0, 1, 0, 1, 1, 0, 1, 1, 1, 0, 0, 0, 0, 0, 1, 1, 1, 1, 1, 0, 1, 0, 1, 1, 0, 0, 1, 1, 0, 0, 1, 0, 1, 1, 0, 1, 1, 1, 1];cujo valor da fobj=5
2022-06-23 04:56:00,720 - INFO - Melhor configuração após 88 passos:0.1_1|0.1_2|0.3_1|0.3_3|0.4_0|0.5_1|0.5_3|0.5_4|0.6_1|1.14_0|1.15_0|1.1_0|1.6_0|1.7_1|1.8_0|4.0_0|4.11_0|4.11a_3|4.11b_1|4.1_1|4.2_1|4.2_2|4.3_1|4.3_2|4.3a_0|4.4_0;cujo valor da fobj=5
2022-06-23 04:56:00,720 - DEBUG - [100]do_simulated_annealing:Simulation(True):BestValue(5)
2022-06-23 04:56:03,162 - DEBUG - Melhor vetor após 100 passos:[1, 1, 1, 0, 1, 1, 0, 0, 1, 1, 1, 0, 1, 1, 1, 1, 0, 1, 1, 1, 0, 1, 0, 1, 1, 1, 0, 1, 0, 0, 0, 0, 1, 1, 1, 1, 1, 0, 0, 0, 1, 1, 1];cujo valor da fobj=7
2022-06-23 04:56:03,162 - INFO - Melhor configuração após 100 passos:0.1_1|0.1_2|0.2_0|0.3_2|0.3_3|0.5_1|0.5_2|0.5_3|0.6_1|1.0_0|1.11_1|1.11_2|1.13_0|1.14_0|1.15_0|1.6_0|1.7_2|1.8_0|1.9_0|4.11_0|4.11b_2|4.13_0|4.1_1|4.1_2|4.2_1|4.3_2|4.3a_0|4.4_0;cujo valor da fobj=7
2022-06-23 04:56:03,162 - DEBUG - [100]do_simulated_annealing:Simulation(True):BestValue(7)
2022-06-23 04:56:03,162 - INFO - Melhor configuração final:0.1_1|0.1_2|0.3_3|0.3_4|0.5_1|0.5_2|0.5_4|0.6_1|1.11_2|1.13_0|1.14_0|1.1_0|1.6_0|1.7_1|1.9_0|4.0_0|4.11a_1|4.11a_2|4.11a_3|4.11b_1|4.13_0|4.1_1|4.1_2|4.2_1|4.2_2|4.2_3|4.3_1|4.3_2|4.3a_0|4.4_0:5
2022-06-23 04:56:03,165 - INFO - [20220623015546809667]save_history:mcmc_clustering_all_100_1_history.csv
2022-06-23 04:56:40,812 - DEBUG - max_value:369.0
2022-06-23 04:57:25,960 - DEBUG - max_value:5263.1578947368425
2022-06-23 05:00:08,300 - DEBUG - max_value:6158.270776641571
2022-06-23 05:02:40,981 - DEBUG - max_value:9000.0
2022-06-23 05:12:11,132 - DEBUG - max_value:5263.1578947368425
