2022-06-19 02:20:04,968 - INFO - ***********************************************************
2022-06-19 02:20:04,969 - INFO - *** MCMC Helper                                         ***
2022-06-19 02:20:04,969 - INFO - *** Algoritmos de Monte Carlo e Cadeias de Markov 2022/1***
2022-06-19 02:20:04,969 - INFO - *** Aluno: Victor de Almeida Xavier                     ***
2022-06-19 02:20:04,970 - INFO - ***********************************************************
2022-06-19 02:20:04,970 - INFO - *** Simulação de Otimização Combinatória                ***
2022-06-19 02:20:04,970 - INFO - ***********************************************************
2022-06-19 02:20:04,970 - INFO - [INIT]Module:Experiment
2022-06-19 02:20:04,971 - INFO - Experimentos de Simulação de Otimização Combinatória: Clustering
2022-06-19 02:20:04,972 - INFO - Arquivo de Entrada:./input/debug.csv
2022-06-19 02:20:04,972 - INFO - Estratégia de Resfriamento:log
2022-06-19 02:20:04,972 - INFO - Número de passos:1000
2022-06-19 02:20:04,972 - INFO - Número de execuções:3
2022-06-19 02:20:04,972 - INFO - Plotar resultados? False
2022-06-19 02:20:04,978 - INFO - [./input/debug.csv]load_samples:815
2022-06-19 02:20:05,029 - INFO - [814]do_normalize_samples:814
2022-06-19 02:20:05,030 - DEBUG - Working with 43 features.
2022-06-19 02:20:31,496 - DEBUG - Melhor vetor:[1, 0, 1, 0, 1, 0, 1, 0, 0, 1, 1, 1, 1, 1, 1, 0, 1, 1, 1, 1, 1, 0, 0, 0, 1, 1, 0, 0, 0, 1, 0, 0, 0, 1, 0, 1, 1, 0, 0, 0, 1, 1, 1]:10
2022-06-19 02:20:31,496 - INFO - Melhor configuração:Q_0.1_1|Q_0.2_0|Q_0.3_2|Q_0.3_4|Q_0.5_2|Q_0.5_3|Q_0.5_4|Q_0.6_1|Q_1.0_0|Q_1.11_1|Q_1.12_0|Q_1.13_0|Q_1.14_0|Q_1.15_0|Q_1.1_0|Q_1.8_0|Q_1.9_0|Q_4.11a_2|Q_4.13_0|Q_4.1_2|Q_4.2_1|Q_4.3_2|Q_4.3a_0|Q_4.4_0:10
2022-06-19 02:20:31,496 - INFO - [1000]do_simulated_annealing:Simulation(True):BestValue(10)
2022-06-19 02:20:58,117 - DEBUG - Melhor vetor:[1, 1, 0, 1, 0, 1, 0, 1, 0, 1, 0, 0, 1, 0, 0, 1, 1, 1, 1, 1, 0, 0, 0, 0, 0, 0, 0, 0, 1, 1, 1, 1, 0, 1, 0, 1, 1, 0, 1, 0, 1, 1, 0]:69
2022-06-19 02:20:58,117 - INFO - Melhor configuração:Q_0.1_1|Q_0.1_2|Q_0.3_1|Q_0.3_3|Q_0.4_0|Q_0.5_2|Q_0.6_1|Q_1.11_2|Q_1.12_0|Q_1.13_0|Q_1.14_0|Q_1.15_0|Q_4.11a_1|Q_4.11a_2|Q_4.11a_3|Q_4.11b_1|Q_4.13_0|Q_4.1_2|Q_4.2_1|Q_4.2_3|Q_4.3_2|Q_4.3a_0:69
2022-06-19 02:20:58,117 - INFO - [1000]do_simulated_annealing:Simulation(True):BestValue(69)
2022-06-19 02:21:24,903 - DEBUG - Melhor vetor:[0, 1, 0, 1, 0, 0, 1, 1, 0, 1, 0, 0, 0, 0, 1, 0, 0, 0, 0, 0, 1, 0, 0, 0, 1, 0, 0, 1, 0, 0, 0, 0, 0, 0, 0, 1, 0, 1, 1, 1, 1, 0, 1]:245
2022-06-19 02:21:24,903 - INFO - Melhor configuração:Q_0.1_2|Q_0.3_1|Q_0.3_4|Q_0.4_0|Q_0.5_2|Q_1.11_1|Q_1.1_0|Q_1.8_0|Q_4.11_0|Q_4.1_2|Q_4.2_2|Q_4.2_3|Q_4.3_1|Q_4.3_2|Q_4.4_0:245
2022-06-19 02:21:24,903 - INFO - [1000]do_simulated_annealing:Simulation(True):BestValue(245)
2022-06-19 02:21:24,904 - INFO - Melhor configuração final:Q_0.1_2|Q_0.3_1|Q_0.3_4|Q_0.4_0|Q_0.5_2|Q_1.11_1|Q_1.1_0|Q_1.8_0|Q_4.11_0|Q_4.1_2|Q_4.2_2|Q_4.2_3|Q_4.3_1|Q_4.3_2|Q_4.4_0:245
2022-06-19 02:21:24,917 - INFO - [20220618232000341954]save_history:mcmc_clustering_log_1000_3_history.csv
2022-06-19 02:22:41,127 - DEBUG - max_value:1497.3884663731444
2022-06-19 02:23:46,804 - DEBUG - max_value:1497.3884663731444
2022-06-19 02:23:52,645 - DEBUG - max_value:1497.3884663731444
2022-06-19 02:24:37,415 - INFO - [DONE]Module:Experiment
