2022-06-21 03:28:35,215 - INFO - ***********************************************************
2022-06-21 03:28:35,216 - INFO - *** MCMC Helper                                         ***
2022-06-21 03:28:35,217 - INFO - *** Algoritmos de Monte Carlo e Cadeias de Markov 2022/1***
2022-06-21 03:28:35,217 - INFO - *** Aluno: Victor de Almeida Xavier                     ***
2022-06-21 03:28:35,217 - INFO - ***********************************************************
2022-06-21 03:28:35,217 - INFO - *** Simulação de Otimização Combinatória                ***
2022-06-21 03:28:35,218 - INFO - ***********************************************************
2022-06-21 03:28:35,218 - INFO - [INIT]Module:Experiment
2022-06-21 03:28:35,219 - INFO - Experimentos de Simulação de Otimização Combinatória: Clustering
2022-06-21 03:28:35,219 - INFO - Arquivo de Entrada:./input/debug.csv
2022-06-21 03:28:35,219 - INFO - Estratégia de Resfriamento:exp
2022-06-21 03:28:35,220 - INFO - Função de Custo:uniqueness
2022-06-21 03:28:35,220 - INFO - Número de passos:1000
2022-06-21 03:28:35,220 - INFO - Número de execuções:1
2022-06-21 03:28:35,220 - INFO - Taxa de resfriamento:0.99
2022-06-21 03:28:35,220 - INFO - Temperatura inicial:10000
2022-06-21 03:28:35,220 - INFO - Plotar resultados? True
2022-06-21 03:28:35,224 - INFO - [./input/debug.csv]load_samples:815
2022-06-21 03:28:35,272 - INFO - [814]do_normalize_samples:814
2022-06-21 03:28:35,273 - DEBUG - Working with 43 features.
2022-06-21 03:29:05,621 - DEBUG - Melhor vetor após 918 passos:[0, 0, 0, 0, 0, 1, 1, 1, 1, 0, 1, 1, 1, 1, 0, 1, 1, 1, 1, 1, 0, 0, 0, 0, 0, 0, 0, 1, 0, 0, 0, 1, 1, 1, 0, 0, 1, 1, 0, 1, 0, 0, 1];cujo valor da fobj=11
2022-06-21 03:29:05,621 - INFO - Melhor configuração após 918 passos:Q_0.3_3|Q_0.3_4|Q_0.4_0|Q_0.5_1|Q_0.5_3|Q_0.5_4|Q_0.6_1|Q_1.0_0|Q_1.11_2|Q_1.12_0|Q_1.13_0|Q_1.14_0|Q_1.15_0|Q_4.11_0|Q_4.11b_1|Q_4.11b_2|Q_4.13_0|Q_4.2_1|Q_4.2_2|Q_4.3_1|Q_4.4_0;cujo valor da fobj=11
2022-06-21 03:29:05,622 - INFO - [1000]do_simulated_annealing:Simulation(True):BestValue(11)
2022-06-21 03:29:05,622 - INFO - Melhor configuração final:Q_0.3_3|Q_0.3_4|Q_0.4_0|Q_0.5_1|Q_0.5_3|Q_0.5_4|Q_0.6_1|Q_1.0_0|Q_1.11_2|Q_1.12_0|Q_1.13_0|Q_1.14_0|Q_1.15_0|Q_4.11_0|Q_4.11b_1|Q_4.11b_2|Q_4.13_0|Q_4.2_1|Q_4.2_2|Q_4.3_1|Q_4.4_0:11
2022-06-21 03:29:05,627 - INFO - [20220621002830942403]save_history:mcmc_clustering_exp_1000_1_history.csv
2022-06-21 03:30:05,932 - DEBUG - max_value:9900.0
2022-06-21 03:30:09,862 - INFO - [DONE]Module:Experiment
