2022-06-23 16:00:20,299 - INFO - ***********************************************************
2022-06-23 16:00:20,299 - INFO - *** MCMC Helper                                         ***
2022-06-23 16:00:20,299 - INFO - *** Algoritmos de Monte Carlo e Cadeias de Markov 2022/1***
2022-06-23 16:00:20,300 - INFO - *** Aluno: Victor de Almeida Xavier                     ***
2022-06-23 16:00:20,300 - INFO - ***********************************************************
2022-06-23 16:00:20,300 - INFO - *** Simulação de Otimização Combinatória                ***
2022-06-23 16:00:20,300 - INFO - ***********************************************************
2022-06-23 16:00:20,300 - INFO - [INIT]Module:Experiment
2022-06-23 16:00:20,301 - INFO - Experimentos de Simulação de Otimização Combinatória: Clustering
2022-06-23 16:00:20,302 - INFO - Arquivo de Entrada:./input/debug.csv
2022-06-23 16:00:20,302 - INFO - Estratégia de Resfriamento:exp
2022-06-23 16:00:20,302 - INFO - Função de Custo:random
2022-06-23 16:00:20,302 - INFO - Número de passos:1000
2022-06-23 16:00:20,302 - INFO - Número de execuções:1
2022-06-23 16:00:20,303 - INFO - Taxa de resfriamento:0.9
2022-06-23 16:00:20,303 - INFO - Temperatura inicial:10000
2022-06-23 16:00:20,303 - INFO - Plotar resultados? True
2022-06-23 16:00:20,306 - INFO - [./input/debug.csv]load_samples:815
2022-06-23 16:00:20,356 - INFO - [814]do_normalize_samples:814
2022-06-23 16:00:23,267 - INFO - [43]get_features_from_header:43
2022-06-23 16:00:23,268 - DEBUG - Trabalhando com 43 features.
