2022-06-21 03:34:34,665 - INFO - ***********************************************************
2022-06-21 03:34:34,666 - INFO - *** MCMC Helper                                         ***
2022-06-21 03:34:34,666 - INFO - *** Algoritmos de Monte Carlo e Cadeias de Markov 2022/1***
2022-06-21 03:34:34,666 - INFO - *** Aluno: Victor de Almeida Xavier                     ***
2022-06-21 03:34:34,666 - INFO - ***********************************************************
2022-06-21 03:34:34,666 - INFO - *** Simulação de Otimização Combinatória                ***
2022-06-21 03:34:34,667 - INFO - ***********************************************************
2022-06-21 03:34:34,667 - INFO - [INIT]Module:Experiment
2022-06-21 03:34:34,669 - INFO - Experimentos de Simulação de Otimização Combinatória: Clustering
2022-06-21 03:34:34,669 - INFO - Arquivo de Entrada:./input/debug.csv
2022-06-21 03:34:34,670 - INFO - Estratégia de Resfriamento:linear
2022-06-21 03:34:34,670 - INFO - Função de Custo:uniqueness
2022-06-21 03:34:34,670 - INFO - Número de passos:1000
2022-06-21 03:34:34,670 - INFO - Número de execuções:1
2022-06-21 03:34:34,670 - INFO - Taxa de resfriamento:0.1
2022-06-21 03:34:34,670 - INFO - Temperatura inicial:10000
2022-06-21 03:34:34,670 - INFO - Plotar resultados? True
2022-06-21 03:34:34,674 - INFO - [./input/debug.csv]load_samples:815
2022-06-21 03:34:34,720 - INFO - [814]do_normalize_samples:814
2022-06-21 03:34:34,720 - DEBUG - Working with 43 features.
2022-06-21 03:36:48,621 - DEBUG - Melhor vetor após 1000 passos:[1, 1, 1, 1, 0, 0, 0, 1, 0, 1, 0, 0, 1, 1, 1, 0, 1, 1, 1, 1, 1, 1, 0, 1, 0, 1, 0, 1, 1, 1, 0, 1, 1, 1, 0, 1, 1, 1, 0, 0, 0, 0, 1];cujo valor da fobj=32
2022-06-21 03:36:48,622 - INFO - Melhor configuração após 1000 passos:Q_0.1_1|Q_0.1_2|Q_0.2_0|Q_0.3_1|Q_0.4_0|Q_0.5_2|Q_0.6_1|Q_1.0_0|Q_1.11_1|Q_1.12_0|Q_1.13_0|Q_1.14_0|Q_1.15_0|Q_1.1_0|Q_1.6_0|Q_1.7_2|Q_1.9_0|Q_4.11_0|Q_4.11a_1|Q_4.11a_2|Q_4.11b_1|Q_4.11b_2|Q_4.13_0|Q_4.1_2|Q_4.2_1|Q_4.2_2|Q_4.4_0;cujo valor da fobj=32
2022-06-21 03:36:48,622 - INFO - [1000]do_simulated_annealing:Simulation(True):BestValue(32)
2022-06-21 03:36:48,623 - INFO - Melhor configuração final:Q_0.1_1|Q_0.1_2|Q_0.2_0|Q_0.3_1|Q_0.4_0|Q_0.5_2|Q_0.6_1|Q_1.0_0|Q_1.11_1|Q_1.12_0|Q_1.13_0|Q_1.14_0|Q_1.15_0|Q_1.1_0|Q_1.6_0|Q_1.7_2|Q_1.9_0|Q_4.11_0|Q_4.11a_1|Q_4.11a_2|Q_4.11b_1|Q_4.11b_2|Q_4.13_0|Q_4.1_2|Q_4.2_1|Q_4.2_2|Q_4.4_0:32
2022-06-21 03:36:48,629 - INFO - [20220621003430407896]save_history:mcmc_clustering_linear_1000_1_history.csv
2022-06-21 03:36:56,223 - DEBUG - max_value:9999.9
2022-06-21 03:37:38,422 - INFO - [DONE]Module:Experiment
