2022-06-21 06:33:51,583 - INFO - ***********************************************************
2022-06-21 06:33:51,584 - INFO - *** MCMC Helper                                         ***
2022-06-21 06:33:51,584 - INFO - *** Algoritmos de Monte Carlo e Cadeias de Markov 2022/1***
2022-06-21 06:33:51,584 - INFO - *** Aluno: Victor de Almeida Xavier                     ***
2022-06-21 06:33:51,585 - INFO - ***********************************************************
2022-06-21 06:33:51,585 - INFO - *** Simulação de Otimização Combinatória                ***
2022-06-21 06:33:51,585 - INFO - ***********************************************************
2022-06-21 06:33:51,585 - INFO - [INIT]Module:Experiment
2022-06-21 06:33:51,585 - INFO - Experimentos de Simulação de Otimização Combinatória: Clustering
2022-06-21 06:33:51,586 - INFO - Arquivo de Entrada:./input/debug.csv
2022-06-21 06:33:51,586 - INFO - Estratégia de Resfriamento:delta
2022-06-21 06:33:51,586 - INFO - Função de Custo:uniqueness
2022-06-21 06:33:51,586 - INFO - Número de passos:10000
2022-06-21 06:33:51,586 - INFO - Número de execuções:10
2022-06-21 06:33:51,586 - INFO - Taxa de resfriamento:0.99
2022-06-21 06:33:51,587 - INFO - Temperatura inicial:10000
2022-06-21 06:33:51,587 - INFO - Plotar resultados? True
2022-06-21 06:33:51,592 - INFO - [./input/debug.csv]load_samples:815
2022-06-21 06:33:51,649 - INFO - [814]do_normalize_samples:814
2022-06-21 06:37:53,035 - INFO - Melhor configuração após 10000 passos:Q_0.1_1|Q_0.1_2|Q_0.3_4|Q_0.4_0|Q_0.5_3|Q_0.5_4|Q_1.11_1|Q_1.11_2|Q_1.13_0|Q_1.14_0|Q_1.15_0|Q_1.1_0|Q_1.7_2|Q_4.11_0|Q_4.11a_2|Q_4.1_2|Q_4.2_1|Q_4.2_2|Q_4.2_3|Q_4.3_1|Q_4.3a_0;cujo valor da fobj=145
2022-06-21 06:37:53,036 - INFO - [10000]do_simulated_annealing:Simulation(True):BestValue(145)
2022-06-21 06:41:21,380 - INFO - Melhor configuração após 10000 passos:Q_0.1_1|Q_0.2_0|Q_0.3_1|Q_0.3_2|Q_0.6_1|Q_1.11_1|Q_1.11_2|Q_1.12_0|Q_1.1_0|Q_1.7_1|Q_1.9_0|Q_4.11_0|Q_4.11a_1|Q_4.11a_2|Q_4.11a_3|Q_4.11b_2|Q_4.13_0|Q_4.1_1|Q_4.1_2|Q_4.3_2|Q_4.4_0;cujo valor da fobj=231
2022-06-21 06:41:21,380 - INFO - [10000]do_simulated_annealing:Simulation(True):BestValue(231)
2022-06-21 06:44:50,754 - INFO - Melhor configuração após 10000 passos:Q_0.1_1|Q_0.1_2|Q_0.3_4|Q_0.5_2|Q_0.6_1|Q_1.11_2|Q_1.13_0|Q_1.7_1|Q_1.7_2|Q_4.0_0|Q_4.11a_3|Q_4.11b_1|Q_4.1_1|Q_4.1_2|Q_4.3_2|Q_4.3a_0|Q_4.4_0;cujo valor da fobj=83
2022-06-21 06:44:50,754 - INFO - [10000]do_simulated_annealing:Simulation(True):BestValue(83)
2022-06-21 06:48:13,923 - INFO - Melhor configuração após 10000 passos:Q_0.3_2|Q_0.3_3|Q_0.3_4|Q_0.5_4|Q_0.6_1|Q_1.11_1|Q_1.14_0|Q_1.15_0|Q_1.1_0|Q_1.6_0|Q_1.7_2|Q_1.8_0|Q_4.0_0|Q_4.11_0|Q_4.11a_3|Q_4.11b_2|Q_4.1_2|Q_4.2_2|Q_4.2_3|Q_4.3_2|Q_4.3a_0|Q_4.4_0;cujo valor da fobj=29
2022-06-21 06:48:13,923 - INFO - [10000]do_simulated_annealing:Simulation(True):BestValue(29)
2022-06-21 06:51:34,320 - INFO - Melhor configuração após 10000 passos:Q_0.1_1|Q_0.2_0|Q_0.3_1|Q_0.3_3|Q_0.3_4|Q_0.6_1|Q_1.0_0|Q_1.11_1|Q_1.11_2|Q_1.13_0|Q_1.15_0|Q_1.1_0|Q_1.6_0|Q_1.7_1|Q_4.11a_2|Q_4.11b_1|Q_4.11b_2|Q_4.13_0|Q_4.1_1|Q_4.1_2|Q_4.2_2|Q_4.2_3|Q_4.3_1;cujo valor da fobj=66
2022-06-21 06:51:34,320 - INFO - [10000]do_simulated_annealing:Simulation(True):BestValue(66)
2022-06-21 06:55:05,434 - INFO - Melhor configuração após 10000 passos:Q_0.2_0|Q_0.3_1|Q_0.3_2|Q_0.3_3|Q_0.5_1|Q_0.5_2|Q_0.5_3|Q_0.6_1|Q_1.0_0|Q_1.12_0|Q_1.13_0|Q_1.1_0|Q_1.7_2|Q_1.8_0|Q_1.9_0|Q_4.0_0|Q_4.11_0|Q_4.11a_2|Q_4.11b_2|Q_4.13_0|Q_4.1_1|Q_4.3a_0|Q_4.4_0;cujo valor da fobj=7
2022-06-21 06:55:05,434 - INFO - [10000]do_simulated_annealing:Simulation(True):BestValue(7)
2022-06-21 06:58:29,244 - INFO - Melhor configuração após 10000 passos:Q_0.3_1|Q_0.3_3|Q_0.4_0|Q_0.5_2|Q_0.6_1|Q_1.0_0|Q_1.11_1|Q_1.11_2|Q_1.14_0|Q_1.15_0|Q_1.7_1|Q_4.0_0|Q_4.11_0|Q_4.11a_1|Q_4.11b_2|Q_4.1_1|Q_4.2_3|Q_4.3_2|Q_4.3a_0|Q_4.4_0;cujo valor da fobj=18
2022-06-21 06:58:29,244 - INFO - [10000]do_simulated_annealing:Simulation(True):BestValue(18)
2022-06-21 07:02:00,212 - INFO - Melhor configuração após 10000 passos:Q_0.1_2|Q_0.2_0|Q_0.3_2|Q_0.3_3|Q_0.3_4|Q_0.4_0|Q_0.5_2|Q_0.5_4|Q_1.11_1|Q_1.12_0|Q_1.13_0|Q_1.14_0|Q_1.15_0|Q_1.1_0|Q_1.6_0|Q_1.9_0|Q_4.11_0|Q_4.11a_1|Q_4.11a_3|Q_4.2_1|Q_4.2_3;cujo valor da fobj=105
2022-06-21 07:02:00,212 - INFO - [10000]do_simulated_annealing:Simulation(True):BestValue(105)
2022-06-21 07:05:31,582 - INFO - Melhor configuração após 10000 passos:Q_0.1_1|Q_0.1_2|Q_0.5_2|Q_1.0_0|Q_1.11_1|Q_1.11_2|Q_1.13_0|Q_1.14_0|Q_1.15_0|Q_1.1_0|Q_1.6_0|Q_1.7_1|Q_1.8_0|Q_1.9_0|Q_4.11a_2|Q_4.11a_3|Q_4.11b_1|Q_4.13_0|Q_4.1_2|Q_4.2_2|Q_4.2_3|Q_4.3_1|Q_4.3_2|Q_4.3a_0;cujo valor da fobj=171
2022-06-21 07:05:31,582 - INFO - [10000]do_simulated_annealing:Simulation(True):BestValue(171)
2022-06-21 07:08:34,257 - INFO - Melhor configuração após 10000 passos:Q_0.1_1|Q_0.2_0|Q_0.3_1|Q_0.3_2|Q_0.3_4|Q_0.5_1|Q_0.5_2|Q_0.5_3|Q_0.5_4|Q_1.11_2|Q_1.13_0|Q_1.15_0|Q_1.6_0|Q_1.7_1|Q_1.8_0|Q_1.9_0|Q_4.11a_1|Q_4.11b_2|Q_4.13_0|Q_4.1_1|Q_4.1_2|Q_4.2_1|Q_4.2_2|Q_4.2_3|Q_4.3_2|Q_4.3a_0;cujo valor da fobj=75
2022-06-21 07:08:34,257 - INFO - [10000]do_simulated_annealing:Simulation(True):BestValue(75)
2022-06-21 07:08:34,258 - INFO - Melhor configuração final:Q_0.2_0|Q_0.3_1|Q_0.3_2|Q_0.3_3|Q_0.5_1|Q_0.5_2|Q_0.5_3|Q_0.6_1|Q_1.0_0|Q_1.12_0|Q_1.13_0|Q_1.1_0|Q_1.7_2|Q_1.8_0|Q_1.9_0|Q_4.0_0|Q_4.11_0|Q_4.11a_2|Q_4.11b_2|Q_4.13_0|Q_4.1_1|Q_4.3a_0|Q_4.4_0:7
2022-06-21 07:08:34,786 - INFO - [20220621033342095596]save_history:mcmc_clustering_delta_10000_10_history.csv
2022-06-21 11:57:10,984 - INFO - [DONE]Module:Experiment
