2022-06-20 22:45:29,743 - INFO - ***********************************************************
2022-06-20 22:45:29,744 - INFO - *** MCMC Helper                                         ***
2022-06-20 22:45:29,744 - INFO - *** Algoritmos de Monte Carlo e Cadeias de Markov 2022/1***
2022-06-20 22:45:29,744 - INFO - *** Aluno: Victor de Almeida Xavier                     ***
2022-06-20 22:45:29,745 - INFO - ***********************************************************
2022-06-20 22:45:29,745 - INFO - *** Simulação de Otimização Combinatória                ***
2022-06-20 22:45:29,745 - INFO - ***********************************************************
2022-06-20 22:45:29,745 - INFO - [INIT]Module:Experiment
2022-06-20 22:45:29,745 - INFO - Experimentos de Simulação de Otimização Combinatória: Clustering
2022-06-20 22:45:29,746 - INFO - Arquivo de Entrada:./input/debug.csv
2022-06-20 22:45:29,746 - INFO - Estratégia de Resfriamento:exp
2022-06-20 22:45:29,746 - INFO - Função de Custo:uniqueness
2022-06-20 22:45:29,746 - INFO - Número de passos:1000
2022-06-20 22:45:29,746 - INFO - Número de execuções:1
2022-06-20 22:45:29,746 - INFO - Taxa de resfriamento:0.85
2022-06-20 22:45:29,747 - INFO - Plotar resultados? True
2022-06-20 22:45:32,560 - INFO - [./input/debug.csv]load_samples:815
2022-06-20 22:45:32,618 - INFO - [814]do_normalize_samples:814
2022-06-20 22:45:32,618 - DEBUG - Working with 43 features.
2022-06-20 22:45:35,377 - ERROR - math range error
2022-06-20 22:45:35,378 - ERROR - [EXPT]do_simulated_annealing
2022-06-20 22:45:35,378 - ERROR - math range error
2022-06-20 22:45:35,378 - INFO - [1000]do_simulated_annealing:Simulation(False):BestValue(41)
2022-06-20 22:45:35,379 - INFO - Melhor configuração final::0
