2022-06-21 04:51:17,733 - INFO - ***********************************************************
2022-06-21 04:51:17,734 - INFO - *** MCMC Helper                                         ***
2022-06-21 04:51:17,734 - INFO - *** Algoritmos de Monte Carlo e Cadeias de Markov 2022/1***
2022-06-21 04:51:17,734 - INFO - *** Aluno: Victor de Almeida Xavier                     ***
2022-06-21 04:51:17,734 - INFO - ***********************************************************
2022-06-21 04:51:17,734 - INFO - *** Simulação de Otimização Combinatória                ***
2022-06-21 04:51:17,735 - INFO - ***********************************************************
2022-06-21 04:51:17,735 - INFO - [INIT]Module:Experiment
2022-06-21 04:51:17,735 - INFO - Experimentos de Simulação de Otimização Combinatória: Clustering
2022-06-21 04:51:17,736 - INFO - Arquivo de Entrada:./input/debug.csv
2022-06-21 04:51:17,736 - INFO - Estratégia de Resfriamento:delta
2022-06-21 04:51:17,736 - INFO - Função de Custo:uniqueness
2022-06-21 04:51:17,736 - INFO - Número de passos:1000
2022-06-21 04:51:17,736 - INFO - Número de execuções:1
2022-06-21 04:51:17,736 - INFO - Taxa de resfriamento:0.99
2022-06-21 04:51:17,737 - INFO - Temperatura inicial:10000
2022-06-21 04:51:17,737 - INFO - Plotar resultados? True
2022-06-21 04:51:17,741 - INFO - [./input/debug.csv]load_samples:815
2022-06-21 04:51:17,787 - INFO - [814]do_normalize_samples:814
2022-06-21 04:51:17,788 - DEBUG - Working with 43 features.
