2022-06-21 06:33:44,021 - INFO - ***********************************************************
2022-06-21 06:33:44,022 - INFO - *** MCMC Helper                                         ***
2022-06-21 06:33:44,022 - INFO - *** Algoritmos de Monte Carlo e Cadeias de Markov 2022/1***
2022-06-21 06:33:44,023 - INFO - *** Aluno: Victor de Almeida Xavier                     ***
2022-06-21 06:33:44,023 - INFO - ***********************************************************
2022-06-21 06:33:44,023 - INFO - *** Simulação de Otimização Combinatória                ***
2022-06-21 06:33:44,025 - INFO - ***********************************************************
2022-06-21 06:33:44,025 - INFO - [INIT]Module:Experiment
2022-06-21 06:33:44,025 - INFO - Experimentos de Simulação de Otimização Combinatória: Clustering
2022-06-21 06:33:44,028 - INFO - Arquivo de Entrada:./input/debug.csv
2022-06-21 06:33:44,028 - INFO - Estratégia de Resfriamento:exp
2022-06-21 06:33:44,028 - INFO - Função de Custo:uniqueness
2022-06-21 06:33:44,028 - INFO - Número de passos:10000
2022-06-21 06:33:44,028 - INFO - Número de execuções:10
2022-06-21 06:33:44,029 - INFO - Taxa de resfriamento:0.99
2022-06-21 06:33:44,029 - INFO - Temperatura inicial:10000
2022-06-21 06:33:44,029 - INFO - Plotar resultados? True
2022-06-21 06:33:44,037 - INFO - [./input/debug.csv]load_samples:815
2022-06-21 06:33:44,131 - INFO - [814]do_normalize_samples:814
2022-06-21 06:34:11,076 - INFO - Melhor configuração após 917 passos:Q_0.1_1|Q_0.1_2|Q_0.2_0|Q_0.3_2|Q_0.3_3|Q_0.3_4|Q_0.5_4|Q_1.0_0|Q_1.11_1|Q_1.11_2|Q_1.12_0|Q_1.1_0|Q_1.6_0|Q_1.9_0|Q_4.11a_2|Q_4.11b_2|Q_4.1_1|Q_4.4_0;cujo valor da fobj=134
2022-06-21 06:34:11,076 - INFO - [10000]do_simulated_annealing:Simulation(True):BestValue(134)
2022-06-21 06:34:31,845 - INFO - Melhor configuração após 917 passos:Q_0.1_1|Q_0.1_2|Q_0.3_1|Q_0.3_2|Q_0.3_3|Q_0.5_1|Q_0.5_3|Q_0.5_4|Q_0.6_1|Q_1.11_1|Q_1.11_2|Q_1.1_0|Q_1.6_0|Q_1.7_2|Q_1.9_0|Q_4.0_0|Q_4.11_0|Q_4.11a_1|Q_4.11a_2|Q_4.11b_1|Q_4.11b_2|Q_4.13_0|Q_4.1_2|Q_4.2_1|Q_4.3_2|Q_4.3a_0|Q_4.4_0;cujo valor da fobj=5
2022-06-21 06:34:31,845 - INFO - [10000]do_simulated_annealing:Simulation(True):BestValue(5)
2022-06-21 06:34:52,953 - INFO - Melhor configuração após 917 passos:Q_0.2_0|Q_0.3_1|Q_0.3_2|Q_0.3_3|Q_0.3_4|Q_0.5_2|Q_0.5_4|Q_0.6_1|Q_1.0_0|Q_1.11_1|Q_1.12_0|Q_1.6_0|Q_1.7_1|Q_4.0_0|Q_4.11_0|Q_4.11a_3|Q_4.11b_1|Q_4.11b_2|Q_4.13_0|Q_4.1_1|Q_4.2_2|Q_4.3_1|Q_4.4_0;cujo valor da fobj=10
2022-06-21 06:34:52,953 - INFO - [10000]do_simulated_annealing:Simulation(True):BestValue(10)
2022-06-21 06:35:13,749 - INFO - Melhor configuração após 917 passos:Q_0.1_1|Q_0.1_2|Q_0.2_0|Q_0.3_1|Q_0.3_3|Q_0.3_4|Q_0.5_1|Q_0.5_4|Q_0.6_1|Q_1.0_0|Q_1.11_1|Q_1.12_0|Q_1.13_0|Q_1.14_0|Q_1.6_0|Q_1.9_0|Q_4.0_0|Q_4.11_0|Q_4.11a_1|Q_4.11a_3|Q_4.11b_1|Q_4.11b_2|Q_4.13_0|Q_4.1_1|Q_4.1_2|Q_4.2_2|Q_4.2_3|Q_4.3_2;cujo valor da fobj=8
2022-06-21 06:35:13,749 - INFO - [10000]do_simulated_annealing:Simulation(True):BestValue(8)
2022-06-21 06:35:34,792 - INFO - Melhor configuração após 917 passos:Q_0.1_2|Q_0.3_2|Q_0.3_3|Q_0.3_4|Q_0.5_2|Q_0.5_4|Q_1.0_0|Q_1.12_0|Q_1.15_0|Q_1.7_1|Q_1.8_0|Q_1.9_0|Q_4.0_0|Q_4.11a_1|Q_4.11b_2|Q_4.13_0|Q_4.1_1|Q_4.1_2|Q_4.2_1|Q_4.2_2|Q_4.2_3|Q_4.4_0;cujo valor da fobj=50
2022-06-21 06:35:34,793 - INFO - [10000]do_simulated_annealing:Simulation(True):BestValue(50)
2022-06-21 06:35:56,485 - INFO - Melhor configuração após 917 passos:Q_0.1_1|Q_0.1_2|Q_0.3_1|Q_0.3_2|Q_0.3_3|Q_0.3_4|Q_0.5_1|Q_0.5_2|Q_0.5_3|Q_0.5_4|Q_1.11_2|Q_1.12_0|Q_1.1_0|Q_1.8_0|Q_4.0_0|Q_4.11_0|Q_4.13_0|Q_4.1_1|Q_4.2_1|Q_4.2_3|Q_4.4_0;cujo valor da fobj=15
2022-06-21 06:35:56,485 - INFO - [10000]do_simulated_annealing:Simulation(True):BestValue(15)
2022-06-21 06:36:17,244 - INFO - Melhor configuração após 917 passos:Q_0.1_1|Q_0.3_1|Q_0.3_2|Q_0.5_1|Q_0.5_2|Q_0.5_3|Q_0.6_1|Q_1.0_0|Q_1.11_2|Q_1.13_0|Q_1.14_0|Q_1.7_1|Q_1.7_2|Q_1.8_0|Q_4.0_0|Q_4.11b_1|Q_4.13_0|Q_4.1_2|Q_4.2_2|Q_4.2_3|Q_4.3_2|Q_4.3a_0;cujo valor da fobj=18
2022-06-21 06:36:17,244 - INFO - [10000]do_simulated_annealing:Simulation(True):BestValue(18)
2022-06-21 06:36:38,027 - INFO - Melhor configuração após 917 passos:Q_0.2_0|Q_0.3_2|Q_0.3_3|Q_0.3_4|Q_0.4_0|Q_0.5_2|Q_0.5_3|Q_0.5_4|Q_1.11_1|Q_1.12_0|Q_1.13_0|Q_1.15_0|Q_1.7_1|Q_4.11_0|Q_4.11a_1|Q_4.11a_2|Q_4.11b_2|Q_4.13_0|Q_4.2_3|Q_4.3a_0|Q_4.4_0;cujo valor da fobj=54
2022-06-21 06:36:38,028 - INFO - [10000]do_simulated_annealing:Simulation(True):BestValue(54)
2022-06-21 06:37:04,030 - INFO - Melhor configuração após 917 passos:Q_0.1_1|Q_0.1_2|Q_0.2_0|Q_0.3_2|Q_0.3_3|Q_0.5_1|Q_0.5_2|Q_0.5_3|Q_0.5_4|Q_0.6_1|Q_1.12_0|Q_1.14_0|Q_1.15_0|Q_1.1_0|Q_1.6_0|Q_1.7_1|Q_4.0_0|Q_4.11_0|Q_4.11a_1|Q_4.11a_3|Q_4.11b_2|Q_4.1_1|Q_4.3_2|Q_4.3a_0;cujo valor da fobj=9
2022-06-21 06:37:04,031 - INFO - [10000]do_simulated_annealing:Simulation(True):BestValue(9)
2022-06-21 06:37:27,443 - INFO - Melhor configuração após 917 passos:Q_0.1_1|Q_0.1_2|Q_0.2_0|Q_0.3_3|Q_0.5_1|Q_0.5_4|Q_0.6_1|Q_1.11_1|Q_1.12_0|Q_1.15_0|Q_1.7_1|Q_1.9_0|Q_4.0_0|Q_4.11_0|Q_4.11a_2|Q_4.11b_1|Q_4.11b_2|Q_4.2_3|Q_4.3_1|Q_4.3a_0|Q_4.4_0;cujo valor da fobj=10
2022-06-21 06:37:27,443 - INFO - [10000]do_simulated_annealing:Simulation(True):BestValue(10)
2022-06-21 06:37:27,443 - INFO - Melhor configuração final:Q_0.1_1|Q_0.1_2|Q_0.3_1|Q_0.3_2|Q_0.3_3|Q_0.5_1|Q_0.5_3|Q_0.5_4|Q_0.6_1|Q_1.11_1|Q_1.11_2|Q_1.1_0|Q_1.6_0|Q_1.7_2|Q_1.9_0|Q_4.0_0|Q_4.11_0|Q_4.11a_1|Q_4.11a_2|Q_4.11b_1|Q_4.11b_2|Q_4.13_0|Q_4.1_2|Q_4.2_1|Q_4.3_2|Q_4.3a_0|Q_4.4_0:5
2022-06-21 06:37:27,496 - INFO - [20220621033335370546]save_history:mcmc_clustering_exp_10000_10_history.csv
2022-06-21 11:57:38,732 - INFO - [DONE]Module:Experiment
