2022-06-22 23:52:01,936 - INFO - ***********************************************************
2022-06-22 23:52:01,937 - INFO - *** MCMC Helper                                         ***
2022-06-22 23:52:01,937 - INFO - *** Algoritmos de Monte Carlo e Cadeias de Markov 2022/1***
2022-06-22 23:52:01,938 - INFO - *** Aluno: Victor de Almeida Xavier                     ***
2022-06-22 23:52:01,938 - INFO - ***********************************************************
2022-06-22 23:52:01,938 - INFO - *** Simulação de Otimização Combinatória                ***
2022-06-22 23:52:01,938 - INFO - ***********************************************************
2022-06-22 23:52:01,938 - INFO - [INIT]Module:Experiment
2022-06-22 23:52:01,939 - INFO - Experimentos de Simulação de Otimização Combinatória: Clustering
2022-06-22 23:52:01,939 - INFO - Arquivo de Entrada:./input/debug.csv
2022-06-22 23:52:01,939 - INFO - Estratégia de Resfriamento:exp
2022-06-22 23:52:01,939 - INFO - Função de Custo:uniqueness
2022-06-22 23:52:01,939 - INFO - Número de passos:1000
2022-06-22 23:52:01,939 - INFO - Número de execuções:1
2022-06-22 23:52:01,940 - INFO - Taxa de resfriamento:0.99
2022-06-22 23:52:01,940 - INFO - Temperatura inicial:10000
2022-06-22 23:52:01,940 - INFO - Plotar resultados? True
2022-06-22 23:52:01,943 - INFO - [./input/debug.csv]load_samples:815
2022-06-22 23:52:01,985 - INFO - [814]do_normalize_samples:814
2022-06-22 23:54:32,253 - INFO - [43]get_features_from_header:43
2022-06-22 23:54:32,253 - DEBUG - Trabalhando com 43 features.
2022-06-22 23:55:24,953 - DEBUG - Melhor vetor após 917 passos:[0, 1, 0, 0, 1, 1, 0, 1, 1, 1, 1, 1, 1, 1, 0, 0, 0, 1, 1, 1, 0, 1, 0, 0, 0, 0, 1, 0, 0, 1, 1, 1, 1, 0, 1, 0, 1, 1, 1, 0, 1, 1, 0];cujo valor da fobj=5
2022-06-22 23:55:24,954 - INFO - Melhor configuração após 917 passos:0.1_2|0.3_2|0.3_3|0.4_0|0.5_1|0.5_2|0.5_3|0.5_4|0.6_1|1.0_0|1.13_0|1.14_0|1.15_0|1.6_0|4.0_0|4.11a_2|4.11a_3|4.11b_1|4.11b_2|4.1_1|4.2_1|4.2_2|4.2_3|4.3_2|4.3a_0;cujo valor da fobj=5
2022-06-22 23:55:24,954 - DEBUG - [1000]do_simulated_annealing:Simulation(True):BestValue(5)
2022-06-22 23:55:24,955 - INFO - Melhor configuração final:0.1_2|0.3_2|0.3_3|0.4_0|0.5_1|0.5_2|0.5_3|0.5_4|0.6_1|1.0_0|1.13_0|1.14_0|1.15_0|1.6_0|4.0_0|4.11a_2|4.11a_3|4.11b_1|4.11b_2|4.1_1|4.2_1|4.2_2|4.2_3|4.3_2|4.3a_0:5
2022-06-22 23:57:00,582 - INFO - [20220622205158317931]save_history:mcmc_clustering_exp_1000_1_history.csv
2022-06-22 23:57:00,582 - ERROR - 'int' object is not subscriptable
2022-06-22 23:57:00,583 - ERROR - [EXPT]clustering_simulation_exec
2022-06-22 23:57:00,583 - ERROR - 'int' object is not subscriptable
