2022-06-22 02:32:57,624 - INFO - ***********************************************************
2022-06-22 02:32:57,625 - INFO - *** MCMC Helper                                         ***
2022-06-22 02:32:57,625 - INFO - *** Algoritmos de Monte Carlo e Cadeias de Markov 2022/1***
2022-06-22 02:32:57,625 - INFO - *** Aluno: Victor de Almeida Xavier                     ***
2022-06-22 02:32:57,625 - INFO - ***********************************************************
2022-06-22 02:32:57,625 - INFO - *** Simulação de Otimização Combinatória                ***
2022-06-22 02:32:57,626 - INFO - ***********************************************************
2022-06-22 02:32:57,626 - INFO - [INIT]Module:Experiment
2022-06-22 02:33:00,550 - INFO - Experimentos de Simulação de Otimização Combinatória: Clustering
2022-06-22 02:33:10,706 - INFO - Arquivo de Entrada:./input/debug.csv
2022-06-22 02:33:11,507 - INFO - Estratégia de Resfriamento:exp
2022-06-22 02:33:11,842 - INFO - Função de Custo:uniqueness
2022-06-22 02:33:12,052 - INFO - Número de passos:1000
2022-06-22 02:33:12,366 - INFO - Número de execuções:1
2022-06-22 02:33:12,734 - INFO - Taxa de resfriamento:0.99
2022-06-22 02:33:13,101 - INFO - Temperatura inicial:10000
2022-06-22 02:33:17,727 - INFO - Plotar resultados? True
2022-06-22 02:33:20,785 - INFO - [./input/debug.csv]load_samples:815
2022-06-22 02:33:24,632 - INFO - [814]do_normalize_samples:814
2022-06-22 02:34:27,918 - INFO - [276]get_features_from_header:43
2022-06-22 02:34:44,236 - DEBUG - Working with 43 features.
