2022-06-23 15:43:16,321 - INFO - ***********************************************************
2022-06-23 15:43:16,322 - INFO - *** MCMC Helper                                         ***
2022-06-23 15:43:16,322 - INFO - *** Algoritmos de Monte Carlo e Cadeias de Markov 2022/1***
2022-06-23 15:43:16,322 - INFO - *** Aluno: Victor de Almeida Xavier                     ***
2022-06-23 15:43:16,322 - INFO - ***********************************************************
2022-06-23 15:43:16,322 - INFO - *** Simulação de Otimização Combinatória                ***
2022-06-23 15:43:16,322 - INFO - ***********************************************************
2022-06-23 15:43:16,323 - INFO - [INIT]Module:Experiment
2022-06-23 15:43:16,323 - INFO - Experimentos de Simulação de Otimização Combinatória: Clustering
2022-06-23 15:43:16,324 - INFO - Arquivo de Entrada:./input/debug.csv
2022-06-23 15:43:16,324 - INFO - Estratégia de Resfriamento:exp
2022-06-23 15:43:16,324 - INFO - Função de Custo:random
2022-06-23 15:43:16,324 - INFO - Número de passos:1000
2022-06-23 15:43:16,324 - INFO - Número de execuções:1
2022-06-23 15:43:16,324 - INFO - Taxa de resfriamento:0.9
2022-06-23 15:43:16,325 - INFO - Temperatura inicial:10000
2022-06-23 15:43:16,325 - INFO - Plotar resultados? True
2022-06-23 15:43:16,328 - INFO - [./input/debug.csv]load_samples:815
2022-06-23 15:43:16,374 - INFO - [814]do_normalize_samples:814
2022-06-23 15:43:31,931 - INFO - [43]get_features_from_header:43
2022-06-23 15:43:31,931 - DEBUG - Trabalhando com 43 features.
