2022-06-21 05:18:52,081 - INFO - ***********************************************************
2022-06-21 05:18:52,082 - INFO - *** MCMC Helper                                         ***
2022-06-21 05:18:52,082 - INFO - *** Algoritmos de Monte Carlo e Cadeias de Markov 2022/1***
2022-06-21 05:18:52,082 - INFO - *** Aluno: Victor de Almeida Xavier                     ***
2022-06-21 05:18:52,083 - INFO - ***********************************************************
2022-06-21 05:18:52,083 - INFO - *** Simulação de Otimização Combinatória                ***
2022-06-21 05:18:52,083 - INFO - ***********************************************************
2022-06-21 05:18:52,083 - INFO - [INIT]Module:Experiment
2022-06-21 05:18:52,083 - INFO - Experimentos de Simulação de Otimização Combinatória: Clustering
2022-06-21 05:18:52,084 - INFO - Arquivo de Entrada:./input/debug.csv
2022-06-21 05:18:52,084 - INFO - Estratégia de Resfriamento:delta
2022-06-21 05:18:52,084 - INFO - Função de Custo:uniqueness
2022-06-21 05:18:52,085 - INFO - Número de passos:10000
2022-06-21 05:18:52,085 - INFO - Número de execuções:1
2022-06-21 05:18:52,085 - INFO - Taxa de resfriamento:0.99
2022-06-21 05:18:52,085 - INFO - Temperatura inicial:10000
2022-06-21 05:18:52,085 - INFO - Plotar resultados? True
2022-06-21 05:18:52,091 - INFO - [./input/debug.csv]load_samples:815
2022-06-21 05:18:52,157 - INFO - [814]do_normalize_samples:814
2022-06-21 05:21:36,167 - INFO - Melhor configuração após 10000 passos:Q_0.1_2|Q_0.2_0|Q_0.3_1|Q_0.3_3|Q_0.3_4|Q_0.5_1|Q_0.5_4|Q_1.0_0|Q_1.13_0|Q_1.15_0|Q_1.1_0|Q_1.7_1|Q_1.7_2|Q_1.8_0|Q_1.9_0|Q_4.0_0|Q_4.11_0|Q_4.11b_1|Q_4.13_0|Q_4.1_1|Q_4.1_2|Q_4.2_1|Q_4.2_2|Q_4.2_3|Q_4.3a_0;cujo valor da fobj=34
2022-06-21 05:21:36,167 - INFO - [10000]do_simulated_annealing:Simulation(True):BestValue(34)
2022-06-21 05:21:36,167 - INFO - Melhor configuração final:Q_0.1_2|Q_0.2_0|Q_0.3_1|Q_0.3_3|Q_0.3_4|Q_0.5_1|Q_0.5_4|Q_1.0_0|Q_1.13_0|Q_1.15_0|Q_1.1_0|Q_1.7_1|Q_1.7_2|Q_1.8_0|Q_1.9_0|Q_4.0_0|Q_4.11_0|Q_4.11b_1|Q_4.13_0|Q_4.1_1|Q_4.1_2|Q_4.2_1|Q_4.2_2|Q_4.2_3|Q_4.3a_0:34
2022-06-21 05:21:36,209 - INFO - [20220621021849273469]save_history:mcmc_clustering_delta_10000_1_history.csv
2022-06-21 05:32:25,246 - INFO - [DONE]Module:Experiment
