2022-06-20 23:10:18,259 - INFO - ***********************************************************
2022-06-20 23:10:18,259 - INFO - *** MCMC Helper                                         ***
2022-06-20 23:10:18,260 - INFO - *** Algoritmos de Monte Carlo e Cadeias de Markov 2022/1***
2022-06-20 23:10:18,260 - INFO - *** Aluno: Victor de Almeida Xavier                     ***
2022-06-20 23:10:18,260 - INFO - ***********************************************************
2022-06-20 23:10:18,260 - INFO - *** Simulação de Otimização Combinatória                ***
2022-06-20 23:10:18,260 - INFO - ***********************************************************
2022-06-20 23:10:18,260 - INFO - [INIT]Module:Experiment
2022-06-20 23:10:18,261 - INFO - Experimentos de Simulação de Otimização Combinatória: Clustering
2022-06-20 23:10:18,261 - INFO - Arquivo de Entrada:./input/debug.csv
2022-06-20 23:10:18,261 - INFO - Estratégia de Resfriamento:exp
2022-06-20 23:10:18,261 - INFO - Função de Custo:uniqueness
2022-06-20 23:10:18,261 - INFO - Número de passos:1000
2022-06-20 23:10:18,262 - INFO - Número de execuções:1
2022-06-20 23:10:18,262 - INFO - Taxa de resfriamento:0.85
2022-06-20 23:10:18,262 - INFO - Plotar resultados? True
2022-06-20 23:10:20,205 - INFO - [./input/debug.csv]load_samples:815
2022-06-20 23:10:20,259 - INFO - [814]do_normalize_samples:814
2022-06-20 23:10:20,260 - DEBUG - Working with 43 features.
2022-06-20 23:10:36,126 - ERROR - 'float' object is not iterable
2022-06-20 23:10:36,958 - ERROR - [EXPT]do_simulated_annealing:general exception
