2022-06-23 03:23:31,111 - INFO - ***********************************************************
2022-06-23 03:23:31,112 - INFO - *** MCMC Helper                                         ***
2022-06-23 03:23:31,112 - INFO - *** Algoritmos de Monte Carlo e Cadeias de Markov 2022/1***
2022-06-23 03:23:31,112 - INFO - *** Aluno: Victor de Almeida Xavier                     ***
2022-06-23 03:23:31,112 - INFO - ***********************************************************
2022-06-23 03:23:31,112 - INFO - *** Simulação de Otimização Combinatória                ***
2022-06-23 03:23:31,113 - INFO - ***********************************************************
2022-06-23 03:23:31,113 - INFO - [INIT]Module:Experiment
2022-06-23 03:23:31,113 - INFO - Experimentos de Simulação de Otimização Combinatória: Clustering
2022-06-23 03:23:31,114 - INFO - Arquivo de Entrada:./input/debug.csv
2022-06-23 03:23:31,114 - INFO - Estratégia de Resfriamento:all
2022-06-23 03:23:31,114 - INFO - Função de Custo:uniqueness
2022-06-23 03:23:31,114 - INFO - Número de passos:1000
2022-06-23 03:23:31,115 - INFO - Número de execuções:1
2022-06-23 03:23:31,115 - INFO - Taxa de resfriamento:0.99
2022-06-23 03:23:31,115 - INFO - Temperatura inicial:10000
2022-06-23 03:23:31,115 - INFO - Plotar resultados? True
2022-06-23 03:23:31,119 - INFO - [./input/debug.csv]load_samples:815
2022-06-23 03:23:31,169 - INFO - [814]do_normalize_samples:814
2022-06-23 03:23:40,856 - INFO - [43]get_features_from_header:43
2022-06-23 03:23:40,857 - DEBUG - Trabalhando com 43 features.
2022-06-23 03:24:06,475 - DEBUG - Melhor vetor após 1000 passos:[1, 1, 1, 0, 0, 0, 0, 0, 1, 1, 1, 1, 1, 1, 1, 1, 1, 0, 1, 1, 1, 1, 0, 1, 1, 1, 1, 0, 1, 1, 0, 1, 0, 0, 0, 0, 1, 1, 1, 0, 1, 1, 1];cujo valor da fobj=4
2022-06-23 03:24:06,475 - INFO - Melhor configuração após 1000 passos:0.1_1|0.1_2|0.2_0|0.5_1|0.5_2|0.5_3|0.5_4|0.6_1|1.0_0|1.11_1|1.11_2|1.12_0|1.14_0|1.15_0|1.1_0|1.6_0|1.7_2|1.8_0|1.9_0|4.0_0|4.11a_1|4.11a_2|4.11b_1|4.2_1|4.2_2|4.2_3|4.3_2|4.3a_0|4.4_0;cujo valor da fobj=4
2022-06-23 03:24:06,475 - DEBUG - [1000]do_simulated_annealing:Simulation(True):BestValue(4)
2022-06-23 03:24:32,446 - DEBUG - Melhor vetor após 1000 passos:[1, 1, 0, 1, 1, 1, 1, 1, 1, 1, 1, 0, 1, 1, 1, 1, 1, 0, 1, 0, 0, 1, 0, 1, 0, 1, 1, 0, 1, 1, 1, 1, 0, 0, 0, 0, 0, 1, 1, 0, 0, 1, 0];cujo valor da fobj=4
2022-06-23 03:24:32,446 - INFO - Melhor configuração após 1000 passos:0.1_1|0.1_2|0.3_1|0.3_2|0.3_3|0.3_4|0.4_0|0.5_1|0.5_2|0.5_3|0.6_1|1.0_0|1.11_1|1.11_2|1.12_0|1.14_0|1.6_0|1.7_2|1.9_0|4.0_0|4.11a_1|4.11a_2|4.11a_3|4.11b_1|4.2_2|4.2_3|4.3a_0;cujo valor da fobj=4
2022-06-23 03:24:32,447 - DEBUG - [1000]do_simulated_annealing:Simulation(True):BestValue(4)
2022-06-23 03:24:57,916 - DEBUG - Melhor vetor após 1000 passos:[1, 1, 1, 0, 0, 1, 0, 1, 1, 1, 1, 1, 1, 0, 0, 0, 1, 0, 1, 1, 1, 1, 1, 1, 0, 0, 1, 0, 0, 1, 0, 1, 0, 1, 0, 1, 1, 0, 1, 1, 0, 1, 1];cujo valor da fobj=4
2022-06-23 03:24:57,916 - INFO - Melhor configuração após 1000 passos:0.1_1|0.1_2|0.2_0|0.3_3|0.4_0|0.5_1|0.5_2|0.5_3|0.5_4|0.6_1|1.12_0|1.14_0|1.15_0|1.1_0|1.6_0|1.7_1|1.7_2|4.0_0|4.11a_2|4.11b_1|4.13_0|4.1_2|4.2_1|4.2_3|4.3_1|4.3a_0|4.4_0;cujo valor da fobj=4
2022-06-23 03:24:57,917 - DEBUG - [1000]do_simulated_annealing:Simulation(True):BestValue(4)
2022-06-23 03:25:21,222 - DEBUG - Melhor vetor após 917 passos:[1, 1, 0, 0, 1, 1, 0, 0, 1, 0, 1, 1, 1, 0, 0, 0, 0, 1, 0, 1, 1, 1, 1, 1, 0, 1, 1, 1, 1, 1, 0, 1, 1, 0, 0, 1, 1, 0, 1, 0, 1, 1, 1];cujo valor da fobj=5
2022-06-23 03:25:21,222 - INFO - Melhor configuração após 917 passos:0.1_1|0.1_2|0.3_2|0.3_3|0.5_1|0.5_3|0.5_4|0.6_1|1.13_0|1.15_0|1.1_0|1.6_0|1.7_1|1.7_2|1.9_0|4.0_0|4.11_0|4.11a_1|4.11a_2|4.11b_1|4.11b_2|4.1_2|4.2_1|4.2_3|4.3_2|4.3a_0|4.4_0;cujo valor da fobj=5
2022-06-23 03:25:21,223 - DEBUG - [1000]do_simulated_annealing:Simulation(True):BestValue(5)
2022-06-23 03:25:24,199 - DEBUG - Melhor vetor após 102 passos:[1, 0, 0, 0, 0, 1, 0, 0, 1, 1, 0, 1, 1, 1, 1, 0, 0, 0, 0, 1, 1, 0, 1, 1, 1, 1, 0, 1, 0, 0, 1, 1, 0, 1, 0, 1, 0, 0, 0, 0, 1, 1, 1];cujo valor da fobj=5
2022-06-23 03:25:24,199 - INFO - Melhor configuração após 102 passos:0.1_1|0.3_3|0.5_1|0.5_2|0.5_4|0.6_1|1.0_0|1.11_1|1.15_0|1.1_0|1.7_1|1.7_2|1.8_0|1.9_0|4.11_0|4.11a_3|4.11b_1|4.13_0|4.1_2|4.3_2|4.3a_0|4.4_0;cujo valor da fobj=5
2022-06-23 03:25:24,199 - DEBUG - [1000]do_simulated_annealing:Simulation(True):BestValue(5)
2022-06-23 03:25:24,200 - INFO - Melhor configuração final:0.1_1|0.1_2|0.2_0|0.5_1|0.5_2|0.5_3|0.5_4|0.6_1|1.0_0|1.11_1|1.11_2|1.12_0|1.14_0|1.15_0|1.1_0|1.6_0|1.7_2|1.8_0|1.9_0|4.0_0|4.11a_1|4.11a_2|4.11b_1|4.2_1|4.2_2|4.2_3|4.3_2|4.3a_0|4.4_0:4
2022-06-23 03:25:24,222 - INFO - [20220623002326821849]save_history:mcmc_clustering_all_1000_1_history.csv
2022-06-23 03:25:36,609 - ERROR - list index out of range
2022-06-23 03:25:36,609 - ERROR - [EXPT]clustering_simulation_exec
2022-06-23 03:25:36,609 - ERROR - list index out of range
