2022-06-23 06:09:06,758 - INFO - ***********************************************************
2022-06-23 06:09:06,760 - INFO - *** MCMC Helper                                         ***
2022-06-23 06:09:06,760 - INFO - *** Algoritmos de Monte Carlo e Cadeias de Markov 2022/1***
2022-06-23 06:09:06,760 - INFO - *** Aluno: Victor de Almeida Xavier                     ***
2022-06-23 06:09:06,760 - INFO - ***********************************************************
2022-06-23 06:09:06,760 - INFO - *** Simulação de Otimização Combinatória                ***
2022-06-23 06:09:06,760 - INFO - ***********************************************************
2022-06-23 06:09:06,761 - INFO - [INIT]Module:Experiment
2022-06-23 06:09:06,761 - INFO - Experimentos de Simulação de Otimização Combinatória: Clustering
2022-06-23 06:09:06,762 - INFO - Arquivo de Entrada:./input/debug.csv
2022-06-23 06:09:06,762 - INFO - Estratégia de Resfriamento:exp
2022-06-23 06:09:06,762 - INFO - Função de Custo:uniqueness
2022-06-23 06:09:06,762 - INFO - Número de passos:100
2022-06-23 06:09:06,762 - INFO - Número de execuções:1
2022-06-23 06:09:06,763 - INFO - Taxa de resfriamento:0.9
2022-06-23 06:09:06,763 - INFO - Temperatura inicial:10000
2022-06-23 06:09:06,763 - INFO - Plotar resultados? True
2022-06-23 06:09:06,767 - INFO - [./input/debug.csv]load_samples:815
2022-06-23 06:09:06,827 - INFO - [814]do_normalize_samples:814
2022-06-23 06:09:09,124 - INFO - [43]get_features_from_header:43
2022-06-23 06:09:09,124 - DEBUG - Trabalhando com 43 features.
2022-06-23 06:09:11,313 - DEBUG - Melhor vetor após 88 passos:[1, 0, 0, 0, 0, 0, 0, 0, 1, 1, 0, 1, 1, 0, 0, 0, 1, 1, 0, 0, 1, 1, 0, 1, 1, 0, 1, 0, 1, 1, 0, 1, 1, 1, 0, 1, 1, 1, 0, 0, 1, 1, 1];cujo valor da fobj=5
2022-06-23 06:09:11,313 - INFO - Melhor configuração após 88 passos:0.1_1|0.5_1|0.5_2|0.5_4|0.6_1|1.12_0|1.13_0|1.1_0|1.6_0|1.7_2|1.8_0|4.0_0|4.11a_1|4.11a_2|4.11b_1|4.11b_2|4.13_0|4.1_2|4.2_1|4.2_2|4.3_2|4.3a_0|4.4_0;cujo valor da fobj=5
2022-06-23 06:09:11,313 - DEBUG - [100]do_simulated_annealing:Simulation(True):BestValue(5)
2022-06-23 06:09:11,314 - INFO - Melhor configuração final:0.1_1|0.5_1|0.5_2|0.5_4|0.6_1|1.12_0|1.13_0|1.1_0|1.6_0|1.7_2|1.8_0|4.0_0|4.11a_1|4.11a_2|4.11b_1|4.11b_2|4.13_0|4.1_2|4.2_1|4.2_2|4.3_2|4.3a_0|4.4_0:5
2022-06-23 06:09:11,317 - INFO - [20220623030902761050]save_history:mcmc_clustering_exp_100_1_history.csv
2022-06-23 06:09:12,731 - DEBUG - max_value:9000.0
2022-06-23 06:10:00,515 - INFO - [DONE]Module:Experiment
