2022-06-19 01:51:40,292 - INFO - ***********************************************************
2022-06-19 01:51:40,293 - INFO - *** MCMC Helper                                         ***
2022-06-19 01:51:40,293 - INFO - *** Algoritmos de Monte Carlo e Cadeias de Markov 2022/1***
2022-06-19 01:51:40,294 - INFO - *** Aluno: Victor de Almeida Xavier                     ***
2022-06-19 01:51:40,294 - INFO - ***********************************************************
2022-06-19 01:51:40,294 - INFO - *** Simulação de Otimização Combinatória                ***
2022-06-19 01:51:40,294 - INFO - ***********************************************************
2022-06-19 01:51:40,295 - INFO - [INIT]Module:Experiment
2022-06-19 01:51:40,296 - INFO - Experimentos de Simulação de Otimização Combinatória: Clustering
2022-06-19 01:51:40,296 - INFO - Arquivo de Entrada:./input/debug.csv
2022-06-19 01:51:40,296 - INFO - Estratégia de Resfriamento:exp
2022-06-19 01:51:40,297 - INFO - Número de passos:1000
2022-06-19 01:51:40,297 - INFO - Número de execuções:3
2022-06-19 01:51:40,297 - INFO - Plotar resultados? False
2022-06-19 01:51:40,303 - INFO - [./input/debug.csv]load_samples:815
2022-06-19 01:51:40,349 - INFO - [814]do_normalize_samples:814
2022-06-19 01:51:40,349 - DEBUG - Working with 43 features.
2022-06-19 01:52:11,928 - DEBUG - Melhor vetor:[1, 1, 0, 0, 1, 1, 1, 0, 1, 1, 1, 1, 1, 1, 0, 0, 0, 0, 1, 0, 1, 1, 0, 1, 1, 0, 0, 1, 0, 0, 0, 0, 1, 0, 1, 0, 0, 0, 1, 0, 1, 0, 0]:8
2022-06-19 01:52:11,928 - INFO - Melhor configuração:Q_0.1_1|Q_0.1_2|Q_0.3_2|Q_0.3_3|Q_0.3_4|Q_0.5_1|Q_0.5_2|Q_0.5_3|Q_0.5_4|Q_0.6_1|Q_1.0_0|Q_1.14_0|Q_1.1_0|Q_1.6_0|Q_1.7_2|Q_1.8_0|Q_4.11_0|Q_4.11b_2|Q_4.1_1|Q_4.2_3|Q_4.3_2:8
2022-06-19 01:52:11,928 - INFO - [1000]do_simulated_annealing:Simulation(True):BestValue(8)
2022-06-19 01:52:42,270 - DEBUG - Melhor vetor:[1, 0, 0, 1, 1, 1, 1, 1, 1, 1, 1, 1, 1, 0, 0, 0, 0, 1, 1, 1, 1, 0, 1, 1, 1, 0, 1, 0, 0, 0, 1, 0, 1, 1, 0, 0, 1, 1, 0, 0, 0, 1, 1]:5
2022-06-19 01:52:42,271 - INFO - Melhor configuração:Q_0.1_1|Q_0.3_1|Q_0.3_2|Q_0.3_3|Q_0.3_4|Q_0.4_0|Q_0.5_1|Q_0.5_2|Q_0.5_3|Q_0.5_4|Q_0.6_1|Q_1.13_0|Q_1.14_0|Q_1.15_0|Q_1.1_0|Q_1.7_1|Q_1.7_2|Q_1.8_0|Q_4.0_0|Q_4.11a_3|Q_4.11b_2|Q_4.13_0|Q_4.2_1|Q_4.2_2|Q_4.3a_0|Q_4.4_0:5
2022-06-19 01:52:42,271 - INFO - [1000]do_simulated_annealing:Simulation(True):BestValue(5)
2022-06-19 01:53:10,275 - DEBUG - Melhor vetor:[0, 0, 1, 1, 0, 1, 1, 0, 0, 1, 1, 1, 1, 0, 0, 1, 1, 0, 1, 0, 0, 0, 0, 0, 1, 1, 0, 1, 1, 0, 0, 0, 0, 1, 1, 0, 0, 0, 0, 0, 1, 0, 0]:27
2022-06-19 01:53:10,275 - INFO - Melhor configuração:Q_0.2_0|Q_0.3_1|Q_0.3_3|Q_0.3_4|Q_0.5_2|Q_0.5_3|Q_0.5_4|Q_0.6_1|Q_1.11_2|Q_1.12_0|Q_1.14_0|Q_1.8_0|Q_1.9_0|Q_4.11_0|Q_4.11a_1|Q_4.13_0|Q_4.1_1|Q_4.3_2:27
2022-06-19 01:53:10,276 - INFO - [1000]do_simulated_annealing:Simulation(True):BestValue(27)
2022-06-19 01:53:10,276 - INFO - Melhor configuração final:Q_0.2_0|Q_0.3_1|Q_0.3_3|Q_0.3_4|Q_0.5_2|Q_0.5_3|Q_0.5_4|Q_0.6_1|Q_1.11_2|Q_1.12_0|Q_1.14_0|Q_1.8_0|Q_1.9_0|Q_4.11_0|Q_4.11a_1|Q_4.13_0|Q_4.1_1|Q_4.3_2:27
2022-06-19 01:53:10,294 - INFO - [20220618225135902891]save_history:mcmc_clustering_exp_1000_3_history.csv
2022-06-19 01:54:11,361 - DEBUG - max_value:1000.0
2022-06-19 01:55:40,244 - DEBUG - max_value:1000.0
2022-06-19 01:56:34,516 - DEBUG - max_value:1000.0
2022-06-19 01:57:54,808 - INFO - [DONE]Module:Experiment
