2022-06-18 20:52:15,755 - INFO - ***********************************************************
2022-06-18 20:52:15,755 - INFO - *** MCMC Helper                                         ***
2022-06-18 20:52:15,756 - INFO - *** Algoritmos de Monte Carlo e Cadeias de Markov 2022/1***
2022-06-18 20:52:15,756 - INFO - *** Aluno: Victor de Almeida Xavier                     ***
2022-06-18 20:52:15,756 - INFO - ***********************************************************
2022-06-18 20:52:15,756 - INFO - *** Simulação de Otimização Combinatória                ***
2022-06-18 20:52:15,756 - INFO - ***********************************************************
2022-06-18 20:52:15,756 - INFO - [INIT]Module:Experiment
2022-06-18 20:52:15,757 - INFO - Experimentos de Simulação de Otimização Combinatória: Clustering
2022-06-18 20:52:15,757 - INFO - Arquivo de Entrada:./input/debug.csv
2022-06-18 20:52:15,757 - INFO - Estratégia de Resfriamento:linear
2022-06-18 20:52:15,757 - INFO - Número de passos:100
2022-06-18 20:52:15,758 - INFO - Número de execuções:2
2022-06-18 20:52:15,758 - INFO - Plotar resultados? False
2022-06-18 20:52:21,748 - INFO - [./input/debug.csv]load_samples:815
2022-06-18 20:52:24,051 - INFO - [814]do_normalize_samples:814
2022-06-18 20:52:29,548 - DEBUG - Working with 43 features.
2022-06-18 20:52:36,258 - DEBUG - Melhor vetor:[0, 0, 0, 0, 1, 0, 1, 1, 1, 0, 0, 1, 1, 1, 0, 0, 0, 1, 0, 1, 1, 0, 1, 0, 1, 0, 1, 1, 0, 1, 0, 0, 1, 0, 1, 0, 0, 1, 0, 0, 0, 0, 0]:0.022113022113022112
2022-06-18 20:52:53,273 - INFO - Melhor configuração:Q_0.1_2Q_0.1_2Q_0.1_2Q_0.1_2Q_0.1_2Q_0.1_2Q_0.1_2Q_0.1_2Q_0.1_2Q_0.1_2Q_0.1_2Q_0.1_2Q_0.1_2Q_0.1_2Q_0.1_2Q_0.1_2Q_0.1_2Q_0.1_2:0.022113022113022112
2022-06-18 20:53:04,942 - ERROR - tuple index out of range
2022-06-18 20:53:07,611 - ERROR - [EXPT]l3_exec_quest2
2022-06-18 20:53:31,726 - ERROR - tuple index out of range
2022-06-18 20:53:35,396 - INFO - [DONE]Module:Experiment
