2022-06-21 03:21:10,320 - INFO - ***********************************************************
2022-06-21 03:21:10,321 - INFO - *** MCMC Helper                                         ***
2022-06-21 03:21:10,321 - INFO - *** Algoritmos de Monte Carlo e Cadeias de Markov 2022/1***
2022-06-21 03:21:10,321 - INFO - *** Aluno: Victor de Almeida Xavier                     ***
2022-06-21 03:21:10,321 - INFO - ***********************************************************
2022-06-21 03:21:10,321 - INFO - *** Simulação de Otimização Combinatória                ***
2022-06-21 03:21:10,321 - INFO - ***********************************************************
2022-06-21 03:21:10,321 - INFO - [INIT]Module:Experiment
2022-06-21 03:21:10,322 - INFO - Experimentos de Simulação de Otimização Combinatória: Clustering
2022-06-21 03:21:10,323 - INFO - Arquivo de Entrada:./input/debug.csv
2022-06-21 03:21:10,323 - INFO - Estratégia de Resfriamento:log
2022-06-21 03:21:10,323 - INFO - Função de Custo:uniqueness
2022-06-21 03:21:10,323 - INFO - Número de passos:1000
2022-06-21 03:21:10,323 - INFO - Número de execuções:1
2022-06-21 03:21:10,323 - INFO - Taxa de resfriamento:0.99
2022-06-21 03:21:10,323 - INFO - Temperatura inicial:10000
2022-06-21 03:21:10,324 - INFO - Plotar resultados? True
2022-06-21 03:21:16,690 - INFO - [./input/debug.csv]load_samples:815
2022-06-21 03:21:16,741 - INFO - [814]do_normalize_samples:814
2022-06-21 03:21:16,741 - DEBUG - Working with 43 features.
2022-06-21 03:21:44,113 - DEBUG - Melhor vetor após 1000 passos:[0, 0, 1, 0, 0, 1, 0, 1, 0, 0, 0, 1, 1, 0, 0, 0, 1, 0, 1, 1, 0, 1, 0, 1, 0, 1, 1, 0, 1, 0, 1, 1, 0, 0, 1, 1, 0, 0, 0, 1, 1, 0, 0];cujo valor da fobj=69
2022-06-21 03:21:44,113 - INFO - Melhor configuração após 1000 passos:Q_0.2_0|Q_0.3_3|Q_0.4_0|Q_0.5_4|Q_0.6_1|Q_1.12_0|Q_1.14_0|Q_1.15_0|Q_1.6_0|Q_1.7_2|Q_1.9_0|Q_4.0_0|Q_4.11a_1|Q_4.11a_3|Q_4.11b_1|Q_4.1_1|Q_4.1_2|Q_4.3_1|Q_4.3_2;cujo valor da fobj=69
2022-06-21 03:21:44,113 - INFO - [1000]do_simulated_annealing:Simulation(True):BestValue(69)
2022-06-21 03:21:44,113 - INFO - Melhor configuração final:Q_0.2_0|Q_0.3_3|Q_0.4_0|Q_0.5_4|Q_0.6_1|Q_1.12_0|Q_1.14_0|Q_1.15_0|Q_1.6_0|Q_1.7_2|Q_1.9_0|Q_4.0_0|Q_4.11a_1|Q_4.11a_3|Q_4.11b_1|Q_4.1_1|Q_4.1_2|Q_4.3_1|Q_4.3_2:69
2022-06-21 03:21:44,119 - INFO - [20220621002106310429]save_history:mcmc_clustering_log_1000_1_history.csv
2022-06-21 03:23:10,312 - DEBUG - max_value:14532.039861214764
2022-06-21 03:23:13,864 - INFO - [DONE]Module:Experiment
