2022-06-23 15:40:55,601 - INFO - ***********************************************************
2022-06-23 15:40:55,602 - INFO - *** MCMC Helper                                         ***
2022-06-23 15:40:55,603 - INFO - *** Algoritmos de Monte Carlo e Cadeias de Markov 2022/1***
2022-06-23 15:40:55,603 - INFO - *** Aluno: Victor de Almeida Xavier                     ***
2022-06-23 15:40:55,603 - INFO - ***********************************************************
2022-06-23 15:40:55,603 - INFO - *** Simulação de Otimização Combinatória                ***
2022-06-23 15:40:55,604 - INFO - ***********************************************************
2022-06-23 15:40:55,604 - INFO - [INIT]Module:Experiment
2022-06-23 15:40:55,605 - INFO - Experimentos de Simulação de Otimização Combinatória: Clustering
2022-06-23 15:40:55,606 - INFO - Arquivo de Entrada:./input/debug.csv
2022-06-23 15:40:55,606 - INFO - Estratégia de Resfriamento:exp
2022-06-23 15:40:55,607 - INFO - Função de Custo:uniqueness
2022-06-23 15:40:55,607 - INFO - Número de passos:1000
2022-06-23 15:40:55,607 - INFO - Número de execuções:1
2022-06-23 15:40:55,607 - INFO - Taxa de resfriamento:0.9
2022-06-23 15:40:55,607 - INFO - Temperatura inicial:10000
2022-06-23 15:40:55,608 - INFO - Plotar resultados? True
2022-06-23 15:40:55,612 - INFO - [./input/debug.csv]load_samples:815
2022-06-23 15:40:55,656 - INFO - [814]do_normalize_samples:814
2022-06-23 15:40:58,630 - INFO - [43]get_features_from_header:43
2022-06-23 15:40:58,630 - DEBUG - Trabalhando com 43 features.
2022-06-23 15:41:00,747 - DEBUG - Melhor vetor após 88 passos:[1, 1, 1, 1, 1, 1, 0, 1, 1, 0, 1, 1, 1, 1, 0, 1, 1, 0, 1, 1, 1, 0, 1, 1, 1, 1, 0, 0, 1, 0, 1, 1, 0, 0, 1, 0, 1, 0, 1, 1, 0, 1, 0];cujo valor da fobj=6
2022-06-23 15:41:00,747 - INFO - Melhor configuração após 88 passos:0.1_1|0.1_2|0.2_0|0.3_1|0.3_2|0.3_3|0.4_0|0.5_1|0.5_3|0.5_4|0.6_1|1.0_0|1.11_2|1.12_0|1.14_0|1.15_0|1.1_0|1.7_1|1.7_2|1.8_0|1.9_0|4.11a_1|4.11a_3|4.11b_1|4.1_1|4.2_1|4.2_3|4.3_1|4.3a_0;cujo valor da fobj=6
2022-06-23 15:41:00,747 - DEBUG - [1000]do_simulated_annealing:Simulation(True):BestValue(6)
2022-06-23 15:41:00,748 - INFO - Melhor configuração final:0.1_1|0.1_2|0.2_0|0.3_1|0.3_2|0.3_3|0.4_0|0.5_1|0.5_3|0.5_4|0.6_1|1.0_0|1.11_2|1.12_0|1.14_0|1.15_0|1.1_0|1.7_1|1.7_2|1.8_0|1.9_0|4.11a_1|4.11a_3|4.11b_1|4.1_1|4.2_1|4.2_3|4.3_1|4.3a_0:6
2022-06-23 15:41:00,749 - INFO - [20220623124049624702]save_history:mcmc_clustering_exp_1000_1_history.csv
2022-06-23 15:41:03,167 - DEBUG - max_value:9000.0
2022-06-23 15:41:19,270 - INFO - [DONE]Module:Experiment
