2022-06-19 03:25:20,799 - INFO - ***********************************************************
2022-06-19 03:25:20,800 - INFO - *** MCMC Helper                                         ***
2022-06-19 03:25:20,800 - INFO - *** Algoritmos de Monte Carlo e Cadeias de Markov 2022/1***
2022-06-19 03:25:20,800 - INFO - *** Aluno: Victor de Almeida Xavier                     ***
2022-06-19 03:25:20,800 - INFO - ***********************************************************
2022-06-19 03:25:20,800 - INFO - *** Simulação de Otimização Combinatória                ***
2022-06-19 03:25:20,800 - INFO - ***********************************************************
2022-06-19 03:25:20,801 - INFO - [INIT]Module:Experiment
2022-06-19 03:25:20,802 - INFO - Experimentos de Simulação de Otimização Combinatória: Clustering
2022-06-19 03:25:20,802 - INFO - Arquivo de Entrada:./input/debug.csv
2022-06-19 03:25:20,802 - INFO - Estratégia de Resfriamento:quadr
2022-06-19 03:25:20,802 - INFO - Número de passos:1000
2022-06-19 03:25:20,803 - INFO - Número de execuções:3
2022-06-19 03:25:20,803 - INFO - Plotar resultados? False
2022-06-19 03:25:20,808 - INFO - [./input/debug.csv]load_samples:815
2022-06-19 03:25:20,851 - INFO - [814]do_normalize_samples:814
2022-06-19 03:25:20,852 - DEBUG - Working with 43 features.
2022-06-19 03:25:50,215 - DEBUG - Melhor vetor:[0, 0, 0, 0, 1, 1, 0, 1, 1, 1, 0, 1, 1, 0, 0, 1, 0, 1, 1, 1, 0, 1, 1, 0, 0, 0, 0, 1, 1, 1, 1, 1, 1, 0, 1, 0, 1, 0, 1, 1, 1, 1, 1]:10
2022-06-19 03:25:50,215 - INFO - Melhor configuração:Q_0.3_2|Q_0.3_3|Q_0.4_0|Q_0.5_1|Q_0.5_2|Q_0.5_4|Q_0.6_1|Q_1.11_2|Q_1.13_0|Q_1.14_0|Q_1.15_0|Q_1.6_0|Q_1.7_1|Q_4.11_0|Q_4.11a_1|Q_4.11a_2|Q_4.11a_3|Q_4.11b_1|Q_4.11b_2|Q_4.1_1|Q_4.2_1|Q_4.2_3|Q_4.3_1|Q_4.3_2|Q_4.3a_0|Q_4.4_0:10
2022-06-19 03:25:50,215 - INFO - [1000]do_simulated_annealing:Simulation(True):BestValue(10)
2022-06-19 03:26:17,276 - DEBUG - Melhor vetor:[1, 0, 0, 0, 0, 1, 1, 0, 0, 0, 1, 0, 1, 0, 0, 1, 0, 1, 1, 0, 0, 1, 0, 0, 1, 0, 0, 0, 0, 1, 0, 0, 0, 1, 1, 1, 0, 0, 0, 1, 0, 1, 0]:84
2022-06-19 03:26:17,277 - INFO - Melhor configuração:Q_0.1_1|Q_0.3_3|Q_0.3_4|Q_0.5_3|Q_0.6_1|Q_1.11_2|Q_1.13_0|Q_1.14_0|Q_1.6_0|Q_1.8_0|Q_4.11a_2|Q_4.13_0|Q_4.1_1|Q_4.1_2|Q_4.3_1|Q_4.3a_0:84
2022-06-19 03:26:17,277 - INFO - [1000]do_simulated_annealing:Simulation(True):BestValue(84)
2022-06-19 03:26:44,659 - DEBUG - Melhor vetor:[0, 1, 1, 0, 0, 0, 0, 0, 0, 1, 0, 0, 1, 1, 1, 1, 1, 0, 0, 0, 0, 1, 1, 0, 1, 1, 1, 1, 0, 1, 1, 1, 1, 1, 1, 1, 1, 1, 0, 0, 1, 1, 1]:37
2022-06-19 03:26:44,660 - INFO - Melhor configuração:Q_0.1_2|Q_0.2_0|Q_0.5_2|Q_0.6_1|Q_1.0_0|Q_1.11_1|Q_1.11_2|Q_1.12_0|Q_1.6_0|Q_1.7_1|Q_1.8_0|Q_1.9_0|Q_4.0_0|Q_4.11_0|Q_4.11a_2|Q_4.11a_3|Q_4.11b_1|Q_4.11b_2|Q_4.13_0|Q_4.1_1|Q_4.1_2|Q_4.2_1|Q_4.2_2|Q_4.3_2|Q_4.3a_0|Q_4.4_0:37
2022-06-19 03:26:44,663 - INFO - [1000]do_simulated_annealing:Simulation(True):BestValue(37)
2022-06-19 03:26:44,663 - INFO - Melhor configuração final:Q_0.1_1|Q_0.3_3|Q_0.3_4|Q_0.5_3|Q_0.6_1|Q_1.11_2|Q_1.13_0|Q_1.14_0|Q_1.6_0|Q_1.8_0|Q_4.11a_2|Q_4.13_0|Q_4.1_1|Q_4.1_2|Q_4.3_1|Q_4.3a_0:84
2022-06-19 03:26:44,673 - INFO - [20220619002516154171]save_history:mcmc_clustering_quadr_1000_3_history.csv
2022-06-19 03:33:25,205 - DEBUG - max_value:1000.0
