2022-06-21 05:18:07,951 - INFO - ***********************************************************
2022-06-21 05:18:07,952 - INFO - *** MCMC Helper                                         ***
2022-06-21 05:18:07,952 - INFO - *** Algoritmos de Monte Carlo e Cadeias de Markov 2022/1***
2022-06-21 05:18:07,952 - INFO - *** Aluno: Victor de Almeida Xavier                     ***
2022-06-21 05:18:07,952 - INFO - ***********************************************************
2022-06-21 05:18:07,952 - INFO - *** Simulação de Otimização Combinatória                ***
2022-06-21 05:18:07,952 - INFO - ***********************************************************
2022-06-21 05:18:07,952 - INFO - [INIT]Module:Experiment
2022-06-21 05:18:07,952 - INFO - Experimentos de Simulação de Otimização Combinatória: Clustering
2022-06-21 05:18:07,953 - INFO - Arquivo de Entrada:./input/debug.csv
2022-06-21 05:18:07,953 - INFO - Estratégia de Resfriamento:exp
2022-06-21 05:18:07,953 - INFO - Função de Custo:uniqueness
2022-06-21 05:18:07,953 - INFO - Número de passos:10000
2022-06-21 05:18:07,953 - INFO - Número de execuções:1
2022-06-21 05:18:07,953 - INFO - Taxa de resfriamento:0.99
2022-06-21 05:18:07,953 - INFO - Temperatura inicial:10000
2022-06-21 05:18:07,953 - INFO - Plotar resultados? True
2022-06-21 05:18:07,957 - INFO - [./input/debug.csv]load_samples:815
2022-06-21 05:18:07,998 - INFO - [814]do_normalize_samples:814
2022-06-21 05:18:24,406 - INFO - Melhor configuração após 917 passos:Q_0.1_1|Q_0.2_0|Q_0.3_1|Q_0.3_4|Q_0.4_0|Q_0.5_1|Q_0.5_3|Q_0.5_4|Q_1.0_0|Q_1.11_1|Q_1.12_0|Q_1.1_0|Q_1.6_0|Q_1.7_1|Q_4.0_0|Q_4.11a_1|Q_4.1_2|Q_4.2_1|Q_4.2_2|Q_4.3_1;cujo valor da fobj=75
2022-06-21 05:18:24,407 - INFO - [10000]do_simulated_annealing:Simulation(True):BestValue(75)
2022-06-21 05:18:24,407 - INFO - Melhor configuração final:Q_0.1_1|Q_0.2_0|Q_0.3_1|Q_0.3_4|Q_0.4_0|Q_0.5_1|Q_0.5_3|Q_0.5_4|Q_1.0_0|Q_1.11_1|Q_1.12_0|Q_1.1_0|Q_1.6_0|Q_1.7_1|Q_4.0_0|Q_4.11a_1|Q_4.1_2|Q_4.2_1|Q_4.2_2|Q_4.3_1:75
2022-06-21 05:18:24,411 - INFO - [20220621021805470440]save_history:mcmc_clustering_exp_10000_1_history.csv
2022-06-21 05:19:03,442 - INFO - [DONE]Module:Experiment
