2022-06-21 01:30:57,722 - INFO - ***********************************************************
2022-06-21 01:30:57,723 - INFO - *** MCMC Helper                                         ***
2022-06-21 01:30:57,723 - INFO - *** Algoritmos de Monte Carlo e Cadeias de Markov 2022/1***
2022-06-21 01:30:57,723 - INFO - *** Aluno: Victor de Almeida Xavier                     ***
2022-06-21 01:30:57,723 - INFO - ***********************************************************
2022-06-21 01:30:57,724 - INFO - *** Simulação de Otimização Combinatória                ***
2022-06-21 01:30:57,724 - INFO - ***********************************************************
2022-06-21 01:30:57,724 - INFO - [INIT]Module:Experiment
2022-06-21 01:30:57,725 - INFO - Experimentos de Simulação de Otimização Combinatória: Clustering
2022-06-21 01:30:57,726 - INFO - Arquivo de Entrada:./input/debug.csv
2022-06-21 01:30:57,726 - INFO - Estratégia de Resfriamento:quadr
2022-06-21 01:30:57,726 - INFO - Função de Custo:uniqueness
2022-06-21 01:30:57,727 - INFO - Número de passos:1000
2022-06-21 01:30:57,727 - INFO - Número de execuções:1
2022-06-21 01:30:57,727 - INFO - Taxa de resfriamento:0.99
2022-06-21 01:30:57,727 - INFO - Plotar resultados? True
2022-06-21 01:31:00,490 - INFO - [./input/debug.csv]load_samples:815
2022-06-21 01:31:00,547 - INFO - [814]do_normalize_samples:814
2022-06-21 01:31:00,547 - DEBUG - Working with 43 features.
2022-06-21 01:31:02,389 - DEBUG - Melhor vetor após 33 passos:[0, 0, 1, 0, 0, 1, 0, 0, 0, 1, 1, 0, 0, 1, 0, 0, 1, 0, 0, 0, 1, 0, 1, 0, 1, 0, 1, 0, 0, 0, 1, 0, 0, 1, 1, 0, 1, 0, 1, 1, 1, 0, 1];cujo valor da fobj=27
2022-06-21 01:31:02,389 - INFO - Melhor configuração após 33 passos:Q_0.2_0|Q_0.3_3|Q_0.5_2|Q_0.5_3|Q_1.0_0|Q_1.12_0|Q_1.1_0|Q_1.7_1|Q_1.8_0|Q_4.0_0|Q_4.11a_3|Q_4.13_0|Q_4.1_1|Q_4.2_1|Q_4.2_3|Q_4.3_1|Q_4.3_2|Q_4.4_0;cujo valor da fobj=27
2022-06-21 01:31:02,389 - INFO - [1000]do_simulated_annealing:Simulation(True):BestValue(27)
2022-06-21 01:31:02,389 - INFO - Melhor configuração final:Q_0.2_0|Q_0.3_3|Q_0.5_2|Q_0.5_3|Q_1.0_0|Q_1.12_0|Q_1.1_0|Q_1.7_1|Q_1.8_0|Q_4.0_0|Q_4.11a_3|Q_4.13_0|Q_4.1_1|Q_4.2_1|Q_4.2_3|Q_4.3_1|Q_4.3_2|Q_4.4_0:27
2022-06-21 01:31:02,390 - INFO - [20220620223053494307]save_history:mcmc_clustering_quadr_1000_1_history.csv
2022-06-21 01:31:11,502 - DEBUG - max_value:999.01
2022-06-21 01:31:59,863 - INFO - [DONE]Module:Experiment
