2022-06-23 16:05:33,190 - INFO - ***********************************************************
2022-06-23 16:05:33,191 - INFO - *** MCMC Helper                                         ***
2022-06-23 16:05:33,191 - INFO - *** Algoritmos de Monte Carlo e Cadeias de Markov 2022/1***
2022-06-23 16:05:33,191 - INFO - *** Aluno: Victor de Almeida Xavier                     ***
2022-06-23 16:05:33,191 - INFO - ***********************************************************
2022-06-23 16:05:33,192 - INFO - *** Simulação de Otimização Combinatória                ***
2022-06-23 16:05:33,192 - INFO - ***********************************************************
2022-06-23 16:05:33,192 - INFO - [INIT]Module:Experiment
2022-06-23 16:05:33,192 - INFO - Experimentos de Simulação de Otimização Combinatória: Clustering
2022-06-23 16:05:33,193 - INFO - Arquivo de Entrada:./input/debug.csv
2022-06-23 16:05:33,193 - INFO - Estratégia de Resfriamento:exp
2022-06-23 16:05:33,193 - INFO - Função de Custo:random
2022-06-23 16:05:33,193 - INFO - Número de passos:1000
2022-06-23 16:05:33,193 - INFO - Número de execuções:1
2022-06-23 16:05:33,194 - INFO - Taxa de resfriamento:0.9
2022-06-23 16:05:33,194 - INFO - Temperatura inicial:10000
2022-06-23 16:05:33,194 - INFO - Plotar resultados? True
2022-06-23 16:05:33,198 - INFO - [./input/debug.csv]load_samples:815
2022-06-23 16:05:33,243 - INFO - [814]do_normalize_samples:814
2022-06-23 16:05:36,375 - INFO - [43]get_features_from_header:43
2022-06-23 16:05:36,376 - DEBUG - Trabalhando com 43 features.
2022-06-23 16:05:45,106 - DEBUG - Melhor vetor após 88 passos:[0, 0, 0, 0, 0, 0, 0, 1, 1, 0, 1, 0, 0, 1, 1, 1, 0, 0, 0, 1, 0, 1, 0, 0, 1, 0, 0, 1, 0, 1, 0, 0, 1, 1, 0, 1, 0, 0, 0, 1, 0, 1, 1];cujo valor da fobj=179
2022-06-23 16:05:45,107 - INFO - Melhor configuração após 88 passos:0.4_0|0.5_1|0.5_3|1.0_0|1.11_1|1.11_2|1.15_0|1.6_0|1.8_0|4.11_0|4.11a_2|4.11b_2|4.13_0|4.1_2|4.3_1|4.3a_0|4.4_0;cujo valor da fobj=179
2022-06-23 16:05:45,109 - DEBUG - [1000]do_simulated_annealing:Simulation(True):BestValue(179)
2022-06-23 16:05:45,110 - INFO - Melhor configuração final:0.4_0|0.5_1|0.5_3|1.0_0|1.11_1|1.11_2|1.15_0|1.6_0|1.8_0|4.11_0|4.11a_2|4.11b_2|4.13_0|4.1_2|4.3_1|4.3a_0|4.4_0:179
2022-06-23 16:05:45,111 - INFO - [20220623130529270243]save_history:mcmc_clustering_exp_1000_1_history.csv
2022-06-23 16:05:52,856 - DEBUG - max_value:9000.0
2022-06-23 16:07:28,375 - INFO - [DONE]Module:Experiment
