2022-05-02 20:10:07,801 - INFO - ***********************************************************
2022-05-02 20:10:07,803 - INFO - *** MCMC Helper                                         ***
2022-05-02 20:10:07,803 - INFO - *** Algoritmos de Monte Carlo e Cadeias de Markov 2022/1***
2022-05-02 20:10:07,803 - INFO - *** Aluno: Victor de Almeida Xavier                     ***
2022-05-02 20:10:07,804 - INFO - ***********************************************************
2022-05-02 20:10:07,804 - INFO - [INIT]Module:Experiment
2022-05-02 20:10:07,804 - INFO - Experimentos da Questão 7
2022-05-02 20:10:07,804 - INFO - SampleGen:montecarlo
2022-05-02 20:10:07,805 - INFO - Numero de execuções:5
2022-05-02 20:10:07,805 - INFO - Tamanho da sequencia:2
2022-05-02 20:10:07,806 - DEBUG - [2]LetterSeqSample:Seq(nw)
2022-05-02 20:10:07,806 - DEBUG - nw
2022-05-02 20:10:07,807 - DEBUG - http://www.nw.ufrj.br
2022-05-02 20:10:09,082 - DEBUG - [2]LetterSeqSample:Seq(vi)
2022-05-02 20:10:09,082 - DEBUG - vi
2022-05-02 20:10:09,083 - DEBUG - http://www.vi.ufrj.br
2022-05-02 20:10:09,122 - DEBUG - [2]LetterSeqSample:Seq(ke)
2022-05-02 20:10:09,122 - DEBUG - ke
2022-05-02 20:10:09,123 - DEBUG - http://www.ke.ufrj.br
2022-05-02 20:10:09,192 - DEBUG - [2]LetterSeqSample:Seq(zv)
2022-05-02 20:10:09,192 - DEBUG - zv
2022-05-02 20:10:09,192 - DEBUG - http://www.zv.ufrj.br
2022-05-02 20:10:09,216 - DEBUG - [2]LetterSeqSample:Seq(ov)
2022-05-02 20:10:09,216 - DEBUG - ov
2022-05-02 20:10:09,217 - DEBUG - http://www.ov.ufrj.br
2022-05-02 20:10:14,247 - DEBUG - [2]LetterSeqSample:Seq(my)
2022-05-02 20:10:14,248 - DEBUG - my
2022-05-02 20:10:14,248 - DEBUG - http://www.my.ufrj.br
2022-05-02 20:10:14,273 - DEBUG - [2]LetterSeqSample:Seq(fu)
2022-05-02 20:10:14,274 - DEBUG - fu
2022-05-02 20:10:14,274 - DEBUG - http://www.fu.ufrj.br
2022-05-02 20:10:14,346 - DEBUG - [2]LetterSeqSample:Seq(ep)
2022-05-02 20:10:14,347 - DEBUG - ep
2022-05-02 20:10:14,348 - DEBUG - http://www.ep.ufrj.br
2022-05-02 20:10:14,374 - DEBUG - [2]LetterSeqSample:Seq(rq)
2022-05-02 20:10:14,374 - DEBUG - rq
2022-05-02 20:10:14,375 - DEBUG - http://www.rq.ufrj.br
2022-05-02 20:10:14,398 - DEBUG - [2]LetterSeqSample:Seq(pt)
2022-05-02 20:10:14,398 - DEBUG - pt
2022-05-02 20:10:14,399 - DEBUG - http://www.pt.ufrj.br
2022-05-02 20:10:14,448 - DEBUG - [2]LetterSeqSample:Seq(du)
2022-05-02 20:10:14,448 - DEBUG - du
2022-05-02 20:10:14,448 - DEBUG - http://www.du.ufrj.br
2022-05-02 20:10:14,496 - DEBUG - [2]LetterSeqSample:Seq(gy)
2022-05-02 20:10:14,496 - DEBUG - gy
2022-05-02 20:10:14,496 - DEBUG - http://www.gy.ufrj.br
2022-05-02 20:10:14,514 - DEBUG - [2]LetterSeqSample:Seq(au)
2022-05-02 20:10:14,514 - DEBUG - au
2022-05-02 20:10:14,514 - DEBUG - http://www.au.ufrj.br
2022-05-02 20:10:15,768 - DEBUG - [2]LetterSeqSample:Seq(y)
2022-05-02 20:10:15,769 - DEBUG - y
2022-05-02 20:10:15,769 - DEBUG - http://www.y.ufrj.br
2022-05-02 20:10:15,797 - DEBUG - [2]LetterSeqSample:Seq(un)
2022-05-02 20:10:15,798 - DEBUG - un
2022-05-02 20:10:15,799 - DEBUG - http://www.un.ufrj.br
2022-05-02 20:10:18,258 - DEBUG - [2]LetterSeqSample:Seq(uz)
2022-05-02 20:10:18,258 - DEBUG - uz
2022-05-02 20:10:18,258 - DEBUG - http://www.uz.ufrj.br
2022-05-02 20:10:18,289 - DEBUG - [2]LetterSeqSample:Seq(as)
2022-05-02 20:10:18,289 - DEBUG - as
2022-05-02 20:10:18,289 - DEBUG - http://www.as.ufrj.br
2022-05-02 20:10:18,317 - DEBUG - [2]LetterSeqSample:Seq(i)
2022-05-02 20:10:18,317 - DEBUG - i
2022-05-02 20:10:18,318 - DEBUG - http://www.i.ufrj.br
2022-05-02 20:10:18,398 - DEBUG - [2]LetterSeqSample:Seq(pp)
2022-05-02 20:10:18,399 - DEBUG - pp
2022-05-02 20:10:18,399 - DEBUG - http://www.pp.ufrj.br
2022-05-02 20:10:18,424 - DEBUG - [2]LetterSeqSample:Seq(cp)
2022-05-02 20:10:18,424 - DEBUG - cp
2022-05-02 20:10:18,424 - DEBUG - http://www.cp.ufrj.br
2022-05-02 20:10:18,449 - DEBUG - [2]LetterSeqSample:Seq(jc)
2022-05-02 20:10:18,449 - DEBUG - jc
2022-05-02 20:10:18,450 - DEBUG - http://www.jc.ufrj.br
2022-05-02 20:10:18,473 - DEBUG - [2]LetterSeqSample:Seq(jl)
2022-05-02 20:10:18,474 - DEBUG - jl
2022-05-02 20:10:18,474 - DEBUG - http://www.jl.ufrj.br
2022-05-02 20:10:18,546 - DEBUG - [2]LetterSeqSample:Seq(ii)
2022-05-02 20:10:18,547 - DEBUG - ii
2022-05-02 20:10:18,547 - DEBUG - http://www.ii.ufrj.br
2022-05-02 20:10:18,570 - DEBUG - [2]LetterSeqSample:Seq(po)
2022-05-02 20:10:18,571 - DEBUG - po
2022-05-02 20:10:18,571 - DEBUG - http://www.po.ufrj.br
2022-05-02 20:10:18,670 - DEBUG - [2]LetterSeqSample:Seq(fe)
2022-05-02 20:10:18,670 - DEBUG - fe
2022-05-02 20:10:18,671 - DEBUG - http://www.fe.ufrj.br
2022-05-02 20:10:20,980 - INFO - Found:http://www.fe.ufrj.br
2022-05-02 20:10:20,981 - INFO - [1]MonteCarloWWW:Count(25):Last(http://www.fe.ufrj.br)
2022-05-02 20:10:20,981 - DEBUG - [2]LetterSeqSample:Seq(ao)
2022-05-02 20:10:20,982 - DEBUG - ao
2022-05-02 20:10:20,982 - DEBUG - http://www.ao.ufrj.br
2022-05-02 20:10:21,013 - DEBUG - [2]LetterSeqSample:Seq(kh)
2022-05-02 20:10:21,014 - DEBUG - kh
2022-05-02 20:10:21,014 - DEBUG - http://www.kh.ufrj.br
2022-05-02 20:10:21,111 - DEBUG - [2]LetterSeqSample:Seq(wo)
2022-05-02 20:10:21,112 - DEBUG - wo
2022-05-02 20:10:21,112 - DEBUG - http://www.wo.ufrj.br
2022-05-02 20:10:21,162 - DEBUG - [2]LetterSeqSample:Seq(ce)
2022-05-02 20:10:21,163 - DEBUG - ce
2022-05-02 20:10:21,164 - DEBUG - http://www.ce.ufrj.br
2022-05-02 20:10:21,243 - DEBUG - [2]LetterSeqSample:Seq(pb)
2022-05-02 20:10:21,244 - DEBUG - pb
2022-05-02 20:10:21,244 - DEBUG - http://www.pb.ufrj.br
2022-05-02 20:10:21,283 - DEBUG - [2]LetterSeqSample:Seq(i)
2022-05-02 20:10:21,284 - DEBUG - i
2022-05-02 20:10:21,284 - DEBUG - http://www.i.ufrj.br
2022-05-02 20:10:21,323 - DEBUG - [2]LetterSeqSample:Seq(uo)
2022-05-02 20:10:21,324 - DEBUG - uo
2022-05-02 20:10:21,324 - DEBUG - http://www.uo.ufrj.br
2022-05-02 20:10:21,348 - DEBUG - [2]LetterSeqSample:Seq(va)
2022-05-02 20:10:21,349 - DEBUG - va
2022-05-02 20:10:21,349 - DEBUG - http://www.va.ufrj.br
2022-05-02 20:10:21,378 - DEBUG - [2]LetterSeqSample:Seq(kr)
2022-05-02 20:10:21,378 - DEBUG - kr
2022-05-02 20:10:21,379 - DEBUG - http://www.kr.ufrj.br
2022-05-02 20:10:21,407 - DEBUG - [2]LetterSeqSample:Seq(vi)
2022-05-02 20:10:21,408 - DEBUG - vi
2022-05-02 20:10:21,409 - DEBUG - http://www.vi.ufrj.br
2022-05-02 20:10:21,435 - DEBUG - [2]LetterSeqSample:Seq(ri)
2022-05-02 20:10:21,435 - DEBUG - ri
2022-05-02 20:10:21,436 - DEBUG - http://www.ri.ufrj.br
2022-05-02 20:10:21,461 - DEBUG - [2]LetterSeqSample:Seq(pb)
2022-05-02 20:10:21,461 - DEBUG - pb
2022-05-02 20:10:21,462 - DEBUG - http://www.pb.ufrj.br
2022-05-02 20:10:21,490 - DEBUG - [2]LetterSeqSample:Seq(ko)
2022-05-02 20:10:21,490 - DEBUG - ko
2022-05-02 20:10:21,490 - DEBUG - http://www.ko.ufrj.br
2022-05-02 20:10:21,542 - DEBUG - [2]LetterSeqSample:Seq(qj)
2022-05-02 20:10:21,543 - DEBUG - qj
2022-05-02 20:10:21,543 - DEBUG - http://www.qj.ufrj.br
2022-05-02 20:10:21,572 - DEBUG - [2]LetterSeqSample:Seq(dz)
2022-05-02 20:10:21,573 - DEBUG - dz
2022-05-02 20:10:21,573 - DEBUG - http://www.dz.ufrj.br
2022-05-02 20:10:21,597 - DEBUG - [2]LetterSeqSample:Seq(vj)
2022-05-02 20:10:21,597 - DEBUG - vj
2022-05-02 20:10:21,598 - DEBUG - http://www.vj.ufrj.br
2022-05-02 20:10:21,625 - DEBUG - [2]LetterSeqSample:Seq(un)
2022-05-02 20:10:21,626 - DEBUG - un
2022-05-02 20:10:21,626 - DEBUG - http://www.un.ufrj.br
2022-05-02 20:10:21,654 - DEBUG - [2]LetterSeqSample:Seq(zt)
2022-05-02 20:10:21,655 - DEBUG - zt
2022-05-02 20:10:21,655 - DEBUG - http://www.zt.ufrj.br
2022-05-02 20:10:21,685 - DEBUG - [2]LetterSeqSample:Seq(dg)
2022-05-02 20:10:21,686 - DEBUG - dg
2022-05-02 20:10:21,686 - DEBUG - http://www.dg.ufrj.br
2022-05-02 20:10:21,764 - DEBUG - [2]LetterSeqSample:Seq(wf)
2022-05-02 20:10:21,764 - DEBUG - wf
2022-05-02 20:10:21,765 - DEBUG - http://www.wf.ufrj.br
2022-05-02 20:10:21,790 - DEBUG - [2]LetterSeqSample:Seq(ab)
2022-05-02 20:10:21,790 - DEBUG - ab
2022-05-02 20:10:21,790 - DEBUG - http://www.ab.ufrj.br
2022-05-02 20:10:21,863 - DEBUG - [2]LetterSeqSample:Seq(zr)
2022-05-02 20:10:21,864 - DEBUG - zr
2022-05-02 20:10:21,864 - DEBUG - http://www.zr.ufrj.br
2022-05-02 20:10:21,935 - DEBUG - [2]LetterSeqSample:Seq(uu)
2022-05-02 20:10:21,935 - DEBUG - uu
2022-05-02 20:10:21,936 - DEBUG - http://www.uu.ufrj.br
2022-05-02 20:10:21,962 - DEBUG - [2]LetterSeqSample:Seq(jo)
2022-05-02 20:10:21,963 - DEBUG - jo
2022-05-02 20:10:21,963 - DEBUG - http://www.jo.ufrj.br
2022-05-02 20:10:23,226 - DEBUG - [2]LetterSeqSample:Seq(gu)
2022-05-02 20:10:23,227 - DEBUG - gu
2022-05-02 20:10:23,227 - DEBUG - http://www.gu.ufrj.br
2022-05-02 20:10:23,275 - DEBUG - [2]LetterSeqSample:Seq(cd)
2022-05-02 20:10:23,275 - DEBUG - cd
2022-05-02 20:10:23,276 - DEBUG - http://www.cd.ufrj.br
2022-05-02 20:10:23,300 - DEBUG - [2]LetterSeqSample:Seq(ax)
2022-05-02 20:10:23,300 - DEBUG - ax
2022-05-02 20:10:23,300 - DEBUG - http://www.ax.ufrj.br
2022-05-02 20:10:23,317 - DEBUG - [2]LetterSeqSample:Seq(yf)
2022-05-02 20:10:23,318 - DEBUG - yf
2022-05-02 20:10:23,318 - DEBUG - http://www.yf.ufrj.br
2022-05-02 20:10:23,336 - DEBUG - [2]LetterSeqSample:Seq(ex)
2022-05-02 20:10:23,336 - DEBUG - ex
2022-05-02 20:10:23,336 - DEBUG - http://www.ex.ufrj.br
2022-05-02 20:10:23,355 - DEBUG - [2]LetterSeqSample:Seq(np)
2022-05-02 20:10:23,355 - DEBUG - np
2022-05-02 20:10:23,356 - DEBUG - http://www.np.ufrj.br
2022-05-02 20:10:23,376 - DEBUG - [2]LetterSeqSample:Seq(rg)
2022-05-02 20:10:23,376 - DEBUG - rg
2022-05-02 20:10:23,376 - DEBUG - http://www.rg.ufrj.br
2022-05-02 20:10:23,395 - DEBUG - [2]LetterSeqSample:Seq(nb)
2022-05-02 20:10:23,395 - DEBUG - nb
2022-05-02 20:10:23,395 - DEBUG - http://www.nb.ufrj.br
2022-05-02 20:10:23,413 - DEBUG - [2]LetterSeqSample:Seq(su)
2022-05-02 20:10:23,414 - DEBUG - su
2022-05-02 20:10:23,414 - DEBUG - http://www.su.ufrj.br
2022-05-02 20:10:23,463 - DEBUG - [2]LetterSeqSample:Seq(qb)
2022-05-02 20:10:23,463 - DEBUG - qb
2022-05-02 20:10:23,463 - DEBUG - http://www.qb.ufrj.br
2022-05-02 20:10:23,489 - DEBUG - [2]LetterSeqSample:Seq(he)
2022-05-02 20:10:23,489 - DEBUG - he
2022-05-02 20:10:23,489 - DEBUG - http://www.he.ufrj.br
2022-05-02 20:10:23,516 - DEBUG - [2]LetterSeqSample:Seq(qm)
2022-05-02 20:10:23,516 - DEBUG - qm
2022-05-02 20:10:23,516 - DEBUG - http://www.qm.ufrj.br
2022-05-02 20:10:25,970 - DEBUG - [2]LetterSeqSample:Seq(kc)
2022-05-02 20:10:25,970 - DEBUG - kc
2022-05-02 20:10:25,970 - DEBUG - http://www.kc.ufrj.br
2022-05-02 20:10:26,039 - DEBUG - [2]LetterSeqSample:Seq(td)
2022-05-02 20:10:26,039 - DEBUG - td
2022-05-02 20:10:26,039 - DEBUG - http://www.td.ufrj.br
2022-05-02 20:10:26,065 - DEBUG - [2]LetterSeqSample:Seq(tn)
2022-05-02 20:10:26,065 - DEBUG - tn
2022-05-02 20:10:26,066 - DEBUG - http://www.tn.ufrj.br
2022-05-02 20:10:26,088 - DEBUG - [2]LetterSeqSample:Seq(ri)
2022-05-02 20:10:26,088 - DEBUG - ri
2022-05-02 20:10:26,089 - DEBUG - http://www.ri.ufrj.br
2022-05-02 20:10:26,115 - DEBUG - [2]LetterSeqSample:Seq(ju)
2022-05-02 20:10:26,115 - DEBUG - ju
2022-05-02 20:10:26,116 - DEBUG - http://www.ju.ufrj.br
2022-05-02 20:10:26,144 - DEBUG - [2]LetterSeqSample:Seq(sk)
2022-05-02 20:10:26,145 - DEBUG - sk
2022-05-02 20:10:26,145 - DEBUG - http://www.sk.ufrj.br
2022-05-02 20:10:26,176 - DEBUG - [2]LetterSeqSample:Seq(sn)
2022-05-02 20:10:26,176 - DEBUG - sn
2022-05-02 20:10:26,176 - DEBUG - http://www.sn.ufrj.br
2022-05-02 20:10:26,212 - DEBUG - [2]LetterSeqSample:Seq(it)
2022-05-02 20:10:26,212 - DEBUG - it
2022-05-02 20:10:26,213 - DEBUG - http://www.it.ufrj.br
2022-05-02 20:10:26,259 - DEBUG - [2]LetterSeqSample:Seq(hj)
2022-05-02 20:10:26,259 - DEBUG - hj
2022-05-02 20:10:26,260 - DEBUG - http://www.hj.ufrj.br
2022-05-02 20:10:26,295 - DEBUG - [2]LetterSeqSample:Seq(lh)
2022-05-02 20:10:26,295 - DEBUG - lh
2022-05-02 20:10:26,296 - DEBUG - http://www.lh.ufrj.br
2022-05-02 20:10:26,324 - DEBUG - [2]LetterSeqSample:Seq(wy)
2022-05-02 20:10:26,325 - DEBUG - wy
2022-05-02 20:10:26,325 - DEBUG - http://www.wy.ufrj.br
2022-05-02 20:10:26,350 - DEBUG - [2]LetterSeqSample:Seq(je)
2022-05-02 20:10:26,351 - DEBUG - je
2022-05-02 20:10:26,351 - DEBUG - http://www.je.ufrj.br
2022-05-02 20:10:26,383 - DEBUG - [2]LetterSeqSample:Seq(es)
2022-05-02 20:10:26,384 - DEBUG - es
2022-05-02 20:10:26,384 - DEBUG - http://www.es.ufrj.br
2022-05-02 20:10:27,649 - DEBUG - [2]LetterSeqSample:Seq(ow)
2022-05-02 20:10:27,649 - DEBUG - ow
2022-05-02 20:10:27,649 - DEBUG - http://www.ow.ufrj.br
2022-05-02 20:10:27,669 - DEBUG - [2]LetterSeqSample:Seq(an)
2022-05-02 20:10:27,669 - DEBUG - an
2022-05-02 20:10:27,669 - DEBUG - http://www.an.ufrj.br
2022-05-02 20:10:27,686 - DEBUG - [2]LetterSeqSample:Seq(xc)
2022-05-02 20:10:27,687 - DEBUG - xc
2022-05-02 20:10:27,687 - DEBUG - http://www.xc.ufrj.br
2022-05-02 20:10:27,705 - DEBUG - [2]LetterSeqSample:Seq(jt)
2022-05-02 20:10:27,705 - DEBUG - jt
2022-05-02 20:10:27,705 - DEBUG - http://www.jt.ufrj.br
2022-05-02 20:10:27,723 - DEBUG - [2]LetterSeqSample:Seq(h)
2022-05-02 20:10:27,724 - DEBUG - h
2022-05-02 20:10:27,724 - DEBUG - http://www.h.ufrj.br
2022-05-02 20:10:27,746 - DEBUG - [2]LetterSeqSample:Seq(mp)
2022-05-02 20:10:27,746 - DEBUG - mp
2022-05-02 20:10:27,746 - DEBUG - http://www.mp.ufrj.br
2022-05-02 20:10:27,772 - DEBUG - [2]LetterSeqSample:Seq(i)
2022-05-02 20:10:27,772 - DEBUG - i
2022-05-02 20:10:27,772 - DEBUG - http://www.i.ufrj.br
2022-05-02 20:10:27,794 - DEBUG - [2]LetterSeqSample:Seq(qu)
2022-05-02 20:10:27,794 - DEBUG - qu
2022-05-02 20:10:27,795 - DEBUG - http://www.qu.ufrj.br
2022-05-02 20:10:30,251 - DEBUG - [2]LetterSeqSample:Seq(rz)
2022-05-02 20:10:30,251 - DEBUG - rz
2022-05-02 20:10:30,251 - DEBUG - http://www.rz.ufrj.br
2022-05-02 20:10:30,272 - DEBUG - [2]LetterSeqSample:Seq(nq)
2022-05-02 20:10:30,273 - DEBUG - nq
2022-05-02 20:10:30,273 - DEBUG - http://www.nq.ufrj.br
2022-05-02 20:10:32,727 - DEBUG - [2]LetterSeqSample:Seq(ni)
2022-05-02 20:10:32,728 - DEBUG - ni
2022-05-02 20:10:32,729 - DEBUG - http://www.ni.ufrj.br
2022-05-02 20:10:32,756 - DEBUG - [2]LetterSeqSample:Seq(ip)
2022-05-02 20:10:32,756 - DEBUG - ip
2022-05-02 20:10:32,756 - DEBUG - http://www.ip.ufrj.br
2022-05-02 20:10:32,779 - DEBUG - [2]LetterSeqSample:Seq(fb)
2022-05-02 20:10:32,779 - DEBUG - fb
2022-05-02 20:10:32,779 - DEBUG - http://www.fb.ufrj.br
2022-05-02 20:10:34,046 - DEBUG - [2]LetterSeqSample:Seq(tu)
2022-05-02 20:10:34,047 - DEBUG - tu
2022-05-02 20:10:34,047 - DEBUG - http://www.tu.ufrj.br
2022-05-02 20:10:34,069 - DEBUG - [2]LetterSeqSample:Seq(ov)
2022-05-02 20:10:34,069 - DEBUG - ov
2022-05-02 20:10:34,069 - DEBUG - http://www.ov.ufrj.br
2022-05-02 20:10:39,107 - DEBUG - [2]LetterSeqSample:Seq(yh)
2022-05-02 20:10:39,108 - DEBUG - yh
2022-05-02 20:10:39,108 - DEBUG - http://www.yh.ufrj.br
2022-05-02 20:10:39,138 - DEBUG - [2]LetterSeqSample:Seq(jc)
2022-05-02 20:10:39,139 - DEBUG - jc
2022-05-02 20:10:39,139 - DEBUG - http://www.jc.ufrj.br
2022-05-02 20:10:39,162 - DEBUG - [2]LetterSeqSample:Seq(er)
2022-05-02 20:10:39,163 - DEBUG - er
2022-05-02 20:10:39,163 - DEBUG - http://www.er.ufrj.br
2022-05-02 20:10:39,187 - DEBUG - [2]LetterSeqSample:Seq(pn)
2022-05-02 20:10:39,187 - DEBUG - pn
2022-05-02 20:10:39,187 - DEBUG - http://www.pn.ufrj.br
2022-05-02 20:10:39,207 - DEBUG - [2]LetterSeqSample:Seq(kn)
2022-05-02 20:10:39,207 - DEBUG - kn
2022-05-02 20:10:39,207 - DEBUG - http://www.kn.ufrj.br
2022-05-02 20:10:39,229 - DEBUG - [2]LetterSeqSample:Seq(og)
2022-05-02 20:10:39,229 - DEBUG - og
2022-05-02 20:10:39,229 - DEBUG - http://www.og.ufrj.br
2022-05-02 20:10:39,251 - DEBUG - [2]LetterSeqSample:Seq(rm)
2022-05-02 20:10:39,252 - DEBUG - rm
2022-05-02 20:10:39,252 - DEBUG - http://www.rm.ufrj.br
2022-05-02 20:10:39,278 - DEBUG - [2]LetterSeqSample:Seq(if)
2022-05-02 20:10:39,278 - DEBUG - if
2022-05-02 20:10:39,278 - DEBUG - http://www.if.ufrj.br
2022-05-02 20:10:39,399 - DEBUG - [2]LetterSeqSample:Seq(cx)
2022-05-02 20:10:39,400 - DEBUG - cx
2022-05-02 20:10:39,400 - DEBUG - http://www.cx.ufrj.br
2022-05-02 20:10:39,443 - DEBUG - [2]LetterSeqSample:Seq(vc)
2022-05-02 20:10:39,444 - DEBUG - vc
2022-05-02 20:10:39,444 - DEBUG - http://www.vc.ufrj.br
2022-05-02 20:10:39,486 - DEBUG - [2]LetterSeqSample:Seq(m)
2022-05-02 20:10:39,487 - DEBUG - m
2022-05-02 20:10:39,487 - DEBUG - http://www.m.ufrj.br
2022-05-02 20:10:39,516 - DEBUG - [2]LetterSeqSample:Seq(zz)
2022-05-02 20:10:39,516 - DEBUG - zz
2022-05-02 20:10:39,516 - DEBUG - http://www.zz.ufrj.br
2022-05-02 20:10:39,541 - DEBUG - [2]LetterSeqSample:Seq(jw)
2022-05-02 20:10:39,542 - DEBUG - jw
2022-05-02 20:10:39,542 - DEBUG - http://www.jw.ufrj.br
2022-05-02 20:10:39,572 - DEBUG - [2]LetterSeqSample:Seq(qc)
2022-05-02 20:10:39,572 - DEBUG - qc
2022-05-02 20:10:39,572 - DEBUG - http://www.qc.ufrj.br
2022-05-02 20:10:39,597 - DEBUG - [2]LetterSeqSample:Seq(vv)
2022-05-02 20:10:39,598 - DEBUG - vv
2022-05-02 20:10:39,598 - DEBUG - http://www.vv.ufrj.br
2022-05-02 20:10:39,621 - DEBUG - [2]LetterSeqSample:Seq(yf)
2022-05-02 20:10:39,622 - DEBUG - yf
2022-05-02 20:10:39,622 - DEBUG - http://www.yf.ufrj.br
2022-05-02 20:10:39,648 - DEBUG - [2]LetterSeqSample:Seq(ob)
2022-05-02 20:10:39,648 - DEBUG - ob
2022-05-02 20:10:39,649 - DEBUG - http://www.ob.ufrj.br
2022-05-02 20:10:39,674 - DEBUG - [2]LetterSeqSample:Seq(gd)
2022-05-02 20:10:39,675 - DEBUG - gd
2022-05-02 20:10:39,675 - DEBUG - http://www.gd.ufrj.br
2022-05-02 20:10:42,135 - DEBUG - [2]LetterSeqSample:Seq(av)
2022-05-02 20:10:42,136 - DEBUG - av
2022-05-02 20:10:42,136 - DEBUG - http://www.av.ufrj.br
2022-05-02 20:10:42,218 - DEBUG - [2]LetterSeqSample:Seq(uy)
2022-05-02 20:10:42,218 - DEBUG - uy
2022-05-02 20:10:42,219 - DEBUG - http://www.uy.ufrj.br
2022-05-02 20:10:42,243 - DEBUG - [2]LetterSeqSample:Seq(qm)
2022-05-02 20:10:42,243 - DEBUG - qm
2022-05-02 20:10:42,244 - DEBUG - http://www.qm.ufrj.br
2022-05-02 20:10:42,269 - DEBUG - [2]LetterSeqSample:Seq(sf)
2022-05-02 20:10:42,269 - DEBUG - sf
2022-05-02 20:10:42,269 - DEBUG - http://www.sf.ufrj.br
2022-05-02 20:10:42,293 - DEBUG - [2]LetterSeqSample:Seq(r)
2022-05-02 20:10:42,293 - DEBUG - r
2022-05-02 20:10:42,293 - DEBUG - http://www.r.ufrj.br
2022-05-02 20:10:42,314 - DEBUG - [2]LetterSeqSample:Seq(gd)
2022-05-02 20:10:42,315 - DEBUG - gd
2022-05-02 20:10:42,315 - DEBUG - http://www.gd.ufrj.br
2022-05-02 20:10:42,337 - DEBUG - [2]LetterSeqSample:Seq(ah)
2022-05-02 20:10:42,338 - DEBUG - ah
2022-05-02 20:10:42,338 - DEBUG - http://www.ah.ufrj.br
2022-05-02 20:10:42,360 - DEBUG - [2]LetterSeqSample:Seq(us)
2022-05-02 20:10:42,360 - DEBUG - us
2022-05-02 20:10:42,360 - DEBUG - http://www.us.ufrj.br
2022-05-02 20:10:42,382 - DEBUG - [2]LetterSeqSample:Seq(aw)
2022-05-02 20:10:42,382 - DEBUG - aw
2022-05-02 20:10:42,383 - DEBUG - http://www.aw.ufrj.br
2022-05-02 20:10:42,405 - DEBUG - [2]LetterSeqSample:Seq(pq)
2022-05-02 20:10:42,405 - DEBUG - pq
2022-05-02 20:10:42,405 - DEBUG - http://www.pq.ufrj.br
2022-05-02 20:10:42,428 - DEBUG - [2]LetterSeqSample:Seq(rd)
2022-05-02 20:10:42,428 - DEBUG - rd
2022-05-02 20:10:42,428 - DEBUG - http://www.rd.ufrj.br
2022-05-02 20:10:42,492 - DEBUG - [2]LetterSeqSample:Seq(aq)
2022-05-02 20:10:42,493 - DEBUG - aq
2022-05-02 20:10:42,493 - DEBUG - http://www.aq.ufrj.br
2022-05-02 20:10:42,517 - DEBUG - [2]LetterSeqSample:Seq(ia)
2022-05-02 20:10:42,517 - DEBUG - ia
2022-05-02 20:10:42,518 - DEBUG - http://www.ia.ufrj.br
2022-05-02 20:10:42,538 - DEBUG - [2]LetterSeqSample:Seq(jl)
2022-05-02 20:10:42,538 - DEBUG - jl
2022-05-02 20:10:42,539 - DEBUG - http://www.jl.ufrj.br
2022-05-02 20:10:42,562 - DEBUG - [2]LetterSeqSample:Seq(xj)
2022-05-02 20:10:42,562 - DEBUG - xj
2022-05-02 20:10:42,562 - DEBUG - http://www.xj.ufrj.br
2022-05-02 20:10:42,584 - DEBUG - [2]LetterSeqSample:Seq(rp)
2022-05-02 20:10:42,585 - DEBUG - rp
2022-05-02 20:10:42,585 - DEBUG - http://www.rp.ufrj.br
2022-05-02 20:10:42,606 - DEBUG - [2]LetterSeqSample:Seq(tb)
2022-05-02 20:10:42,606 - DEBUG - tb
2022-05-02 20:10:42,606 - DEBUG - http://www.tb.ufrj.br
2022-05-02 20:10:43,874 - DEBUG - [2]LetterSeqSample:Seq(jl)
2022-05-02 20:10:43,875 - DEBUG - jl
2022-05-02 20:10:43,875 - DEBUG - http://www.jl.ufrj.br
2022-05-02 20:10:43,899 - DEBUG - [2]LetterSeqSample:Seq(cm)
2022-05-02 20:10:43,900 - DEBUG - cm
2022-05-02 20:10:43,900 - DEBUG - http://www.cm.ufrj.br
2022-05-02 20:10:43,974 - DEBUG - [2]LetterSeqSample:Seq(ab)
2022-05-02 20:10:43,974 - DEBUG - ab
2022-05-02 20:10:43,975 - DEBUG - http://www.ab.ufrj.br
2022-05-02 20:10:43,998 - DEBUG - [2]LetterSeqSample:Seq(xo)
2022-05-02 20:10:43,998 - DEBUG - xo
2022-05-02 20:10:43,998 - DEBUG - http://www.xo.ufrj.br
2022-05-02 20:10:46,453 - DEBUG - [2]LetterSeqSample:Seq(vv)
2022-05-02 20:10:46,453 - DEBUG - vv
2022-05-02 20:10:46,453 - DEBUG - http://www.vv.ufrj.br
2022-05-02 20:10:46,483 - DEBUG - [2]LetterSeqSample:Seq(av)
2022-05-02 20:10:46,483 - DEBUG - av
2022-05-02 20:10:46,484 - DEBUG - http://www.av.ufrj.br
2022-05-02 20:10:46,510 - DEBUG - [2]LetterSeqSample:Seq(lt)
2022-05-02 20:10:46,510 - DEBUG - lt
2022-05-02 20:10:46,510 - DEBUG - http://www.lt.ufrj.br
2022-05-02 20:10:46,531 - DEBUG - [2]LetterSeqSample:Seq(tz)
2022-05-02 20:10:46,531 - DEBUG - tz
2022-05-02 20:10:46,532 - DEBUG - http://www.tz.ufrj.br
2022-05-02 20:10:46,553 - DEBUG - [2]LetterSeqSample:Seq(b)
2022-05-02 20:10:46,554 - DEBUG - b
2022-05-02 20:10:46,554 - DEBUG - http://www.b.ufrj.br
2022-05-02 20:10:46,576 - DEBUG - [2]LetterSeqSample:Seq(mf)
2022-05-02 20:10:46,577 - DEBUG - mf
2022-05-02 20:10:46,577 - DEBUG - http://www.mf.ufrj.br
2022-05-02 20:10:46,599 - DEBUG - [2]LetterSeqSample:Seq(nh)
2022-05-02 20:10:46,600 - DEBUG - nh
2022-05-02 20:10:46,600 - DEBUG - http://www.nh.ufrj.br
2022-05-02 20:10:47,869 - DEBUG - [2]LetterSeqSample:Seq(lh)
2022-05-02 20:10:47,869 - DEBUG - lh
2022-05-02 20:10:47,870 - DEBUG - http://www.lh.ufrj.br
2022-05-02 20:10:47,897 - DEBUG - [2]LetterSeqSample:Seq(gy)
2022-05-02 20:10:47,898 - DEBUG - gy
2022-05-02 20:10:47,898 - DEBUG - http://www.gy.ufrj.br
2022-05-02 20:10:47,929 - DEBUG - [2]LetterSeqSample:Seq(yi)
2022-05-02 20:10:47,930 - DEBUG - yi
2022-05-02 20:10:47,930 - DEBUG - http://www.yi.ufrj.br
2022-05-02 20:10:50,406 - DEBUG - [2]LetterSeqSample:Seq(ba)
2022-05-02 20:10:50,406 - DEBUG - ba
2022-05-02 20:10:50,407 - DEBUG - http://www.ba.ufrj.br
2022-05-02 20:10:50,468 - DEBUG - [2]LetterSeqSample:Seq(ea)
2022-05-02 20:10:50,468 - DEBUG - ea
2022-05-02 20:10:50,468 - DEBUG - http://www.ea.ufrj.br
2022-05-02 20:10:50,543 - DEBUG - [2]LetterSeqSample:Seq(qd)
2022-05-02 20:10:50,543 - DEBUG - qd
2022-05-02 20:10:50,543 - DEBUG - http://www.qd.ufrj.br
2022-05-02 20:10:50,569 - DEBUG - [2]LetterSeqSample:Seq(qc)
2022-05-02 20:10:50,570 - DEBUG - qc
2022-05-02 20:10:50,570 - DEBUG - http://www.qc.ufrj.br
2022-05-02 20:10:50,623 - DEBUG - [2]LetterSeqSample:Seq(om)
2022-05-02 20:10:50,623 - DEBUG - om
2022-05-02 20:10:50,623 - DEBUG - http://www.om.ufrj.br
2022-05-02 20:10:50,654 - DEBUG - [2]LetterSeqSample:Seq(oq)
2022-05-02 20:10:50,654 - DEBUG - oq
2022-05-02 20:10:50,655 - DEBUG - http://www.oq.ufrj.br
2022-05-02 20:10:50,684 - DEBUG - [2]LetterSeqSample:Seq(zi)
2022-05-02 20:10:50,685 - DEBUG - zi
2022-05-02 20:10:50,685 - DEBUG - http://www.zi.ufrj.br
2022-05-02 20:10:50,745 - DEBUG - [2]LetterSeqSample:Seq(tw)
2022-05-02 20:10:50,745 - DEBUG - tw
2022-05-02 20:10:50,746 - DEBUG - http://www.tw.ufrj.br
2022-05-02 20:10:50,772 - DEBUG - [2]LetterSeqSample:Seq(nx)
2022-05-02 20:10:50,772 - DEBUG - nx
2022-05-02 20:10:50,772 - DEBUG - http://www.nx.ufrj.br
2022-05-02 20:10:50,796 - DEBUG - [2]LetterSeqSample:Seq(mk)
2022-05-02 20:10:50,796 - DEBUG - mk
2022-05-02 20:10:50,797 - DEBUG - http://www.mk.ufrj.br
2022-05-02 20:10:50,866 - DEBUG - [2]LetterSeqSample:Seq(ud)
2022-05-02 20:10:50,867 - DEBUG - ud
2022-05-02 20:10:50,867 - DEBUG - http://www.ud.ufrj.br
2022-05-02 20:10:50,942 - DEBUG - [2]LetterSeqSample:Seq(zw)
2022-05-02 20:10:50,942 - DEBUG - zw
2022-05-02 20:10:50,942 - DEBUG - http://www.zw.ufrj.br
2022-05-02 20:10:52,193 - DEBUG - [2]LetterSeqSample:Seq(yl)
2022-05-02 20:10:52,194 - DEBUG - yl
2022-05-02 20:10:52,194 - DEBUG - http://www.yl.ufrj.br
2022-05-02 20:10:53,453 - DEBUG - [2]LetterSeqSample:Seq(xm)
2022-05-02 20:10:53,453 - DEBUG - xm
2022-05-02 20:10:53,453 - DEBUG - http://www.xm.ufrj.br
2022-05-02 20:10:53,474 - DEBUG - [2]LetterSeqSample:Seq(cz)
2022-05-02 20:10:53,475 - DEBUG - cz
2022-05-02 20:10:53,475 - DEBUG - http://www.cz.ufrj.br
2022-05-02 20:10:53,497 - DEBUG - [2]LetterSeqSample:Seq(mw)
2022-05-02 20:10:53,498 - DEBUG - mw
2022-05-02 20:10:53,498 - DEBUG - http://www.mw.ufrj.br
2022-05-02 20:10:54,763 - DEBUG - [2]LetterSeqSample:Seq(iq)
2022-05-02 20:10:54,764 - DEBUG - iq
2022-05-02 20:10:54,764 - DEBUG - http://www.iq.ufrj.br
2022-05-02 20:10:54,871 - DEBUG - [2]LetterSeqSample:Seq(b)
2022-05-02 20:10:54,871 - DEBUG - b
2022-05-02 20:10:54,872 - DEBUG - http://www.b.ufrj.br
2022-05-02 20:10:54,898 - DEBUG - [2]LetterSeqSample:Seq(em)
2022-05-02 20:10:54,899 - DEBUG - em
2022-05-02 20:10:54,899 - DEBUG - http://www.em.ufrj.br
2022-05-02 20:10:54,975 - DEBUG - [2]LetterSeqSample:Seq(yx)
2022-05-02 20:10:54,975 - DEBUG - yx
2022-05-02 20:10:54,976 - DEBUG - http://www.yx.ufrj.br
2022-05-02 20:10:55,027 - DEBUG - [2]LetterSeqSample:Seq(js)
2022-05-02 20:10:55,028 - DEBUG - js
2022-05-02 20:10:55,028 - DEBUG - http://www.js.ufrj.br
2022-05-02 20:10:55,100 - DEBUG - [2]LetterSeqSample:Seq(x)
2022-05-02 20:10:55,101 - DEBUG - x
2022-05-02 20:10:55,101 - DEBUG - http://www.x.ufrj.br
2022-05-02 20:10:55,134 - DEBUG - [2]LetterSeqSample:Seq(hx)
2022-05-02 20:10:55,135 - DEBUG - hx
2022-05-02 20:10:55,135 - DEBUG - http://www.hx.ufrj.br
2022-05-02 20:10:55,161 - DEBUG - [2]LetterSeqSample:Seq(mr)
2022-05-02 20:10:55,161 - DEBUG - mr
2022-05-02 20:10:55,161 - DEBUG - http://www.mr.ufrj.br
2022-05-02 20:10:55,194 - DEBUG - [2]LetterSeqSample:Seq(uh)
2022-05-02 20:10:55,194 - DEBUG - uh
2022-05-02 20:10:55,195 - DEBUG - http://www.uh.ufrj.br
2022-05-02 20:10:55,221 - DEBUG - [2]LetterSeqSample:Seq(xk)
2022-05-02 20:10:55,221 - DEBUG - xk
2022-05-02 20:10:55,221 - DEBUG - http://www.xk.ufrj.br
2022-05-02 20:10:55,245 - DEBUG - [2]LetterSeqSample:Seq(ky)
2022-05-02 20:10:55,245 - DEBUG - ky
2022-05-02 20:10:55,246 - DEBUG - http://www.ky.ufrj.br
2022-05-02 20:10:55,268 - DEBUG - [2]LetterSeqSample:Seq(ba)
2022-05-02 20:10:55,268 - DEBUG - ba
2022-05-02 20:10:55,268 - DEBUG - http://www.ba.ufrj.br
2022-05-02 20:10:55,290 - DEBUG - [2]LetterSeqSample:Seq(gl)
2022-05-02 20:10:55,291 - DEBUG - gl
2022-05-02 20:10:55,291 - DEBUG - http://www.gl.ufrj.br
2022-05-02 20:10:55,310 - DEBUG - [2]LetterSeqSample:Seq(br)
2022-05-02 20:10:55,310 - DEBUG - br
2022-05-02 20:10:55,311 - DEBUG - http://www.br.ufrj.br
2022-05-02 20:10:55,330 - DEBUG - [2]LetterSeqSample:Seq(ii)
2022-05-02 20:10:55,330 - DEBUG - ii
2022-05-02 20:10:55,330 - DEBUG - http://www.ii.ufrj.br
2022-05-02 20:10:55,351 - DEBUG - [2]LetterSeqSample:Seq(op)
2022-05-02 20:10:55,352 - DEBUG - op
2022-05-02 20:10:55,352 - DEBUG - http://www.op.ufrj.br
2022-05-02 20:10:55,372 - DEBUG - [2]LetterSeqSample:Seq(rg)
2022-05-02 20:10:55,373 - DEBUG - rg
2022-05-02 20:10:55,373 - DEBUG - http://www.rg.ufrj.br
2022-05-02 20:10:55,393 - DEBUG - [2]LetterSeqSample:Seq(ut)
2022-05-02 20:10:55,394 - DEBUG - ut
2022-05-02 20:10:55,394 - DEBUG - http://www.ut.ufrj.br
2022-05-02 20:10:55,413 - DEBUG - [2]LetterSeqSample:Seq(dw)
2022-05-02 20:10:55,414 - DEBUG - dw
2022-05-02 20:10:55,414 - DEBUG - http://www.dw.ufrj.br
2022-05-02 20:10:55,434 - DEBUG - [2]LetterSeqSample:Seq(dy)
2022-05-02 20:10:55,435 - DEBUG - dy
2022-05-02 20:10:55,435 - DEBUG - http://www.dy.ufrj.br
2022-05-02 20:10:56,689 - DEBUG - [2]LetterSeqSample:Seq(kl)
2022-05-02 20:10:56,690 - DEBUG - kl
2022-05-02 20:10:56,690 - DEBUG - http://www.kl.ufrj.br
2022-05-02 20:10:56,713 - DEBUG - [2]LetterSeqSample:Seq(ia)
2022-05-02 20:10:56,714 - DEBUG - ia
2022-05-02 20:10:56,714 - DEBUG - http://www.ia.ufrj.br
2022-05-02 20:10:56,743 - DEBUG - [2]LetterSeqSample:Seq(dx)
2022-05-02 20:10:56,743 - DEBUG - dx
2022-05-02 20:10:56,744 - DEBUG - http://www.dx.ufrj.br
2022-05-02 20:10:56,774 - DEBUG - [2]LetterSeqSample:Seq(bz)
2022-05-02 20:10:56,774 - DEBUG - bz
2022-05-02 20:10:56,775 - DEBUG - http://www.bz.ufrj.br
2022-05-02 20:10:56,801 - DEBUG - [2]LetterSeqSample:Seq(us)
2022-05-02 20:10:56,802 - DEBUG - us
2022-05-02 20:10:56,802 - DEBUG - http://www.us.ufrj.br
2022-05-02 20:10:56,866 - DEBUG - [2]LetterSeqSample:Seq(zw)
2022-05-02 20:10:56,867 - DEBUG - zw
2022-05-02 20:10:56,867 - DEBUG - http://www.zw.ufrj.br
2022-05-02 20:10:56,891 - DEBUG - [2]LetterSeqSample:Seq(pk)
2022-05-02 20:10:56,892 - DEBUG - pk
2022-05-02 20:10:56,892 - DEBUG - http://www.pk.ufrj.br
2022-05-02 20:10:56,919 - DEBUG - [2]LetterSeqSample:Seq(xm)
2022-05-02 20:10:56,920 - DEBUG - xm
2022-05-02 20:10:56,920 - DEBUG - http://www.xm.ufrj.br
2022-05-02 20:10:56,953 - DEBUG - [2]LetterSeqSample:Seq(dw)
2022-05-02 20:10:56,953 - DEBUG - dw
2022-05-02 20:10:56,953 - DEBUG - http://www.dw.ufrj.br
2022-05-02 20:10:56,983 - DEBUG - [2]LetterSeqSample:Seq(iq)
2022-05-02 20:10:56,983 - DEBUG - iq
2022-05-02 20:10:56,984 - DEBUG - http://www.iq.ufrj.br
2022-05-02 20:10:57,126 - DEBUG - [2]LetterSeqSample:Seq(mp)
2022-05-02 20:10:57,127 - DEBUG - mp
2022-05-02 20:10:57,127 - DEBUG - http://www.mp.ufrj.br
2022-05-02 20:10:57,203 - DEBUG - [2]LetterSeqSample:Seq(vk)
2022-05-02 20:10:57,203 - DEBUG - vk
2022-05-02 20:10:57,203 - DEBUG - http://www.vk.ufrj.br
2022-05-02 20:10:57,229 - DEBUG - [2]LetterSeqSample:Seq(xr)
2022-05-02 20:10:57,230 - DEBUG - xr
2022-05-02 20:10:57,230 - DEBUG - http://www.xr.ufrj.br
2022-05-02 20:10:57,261 - DEBUG - [2]LetterSeqSample:Seq(xe)
2022-05-02 20:10:57,262 - DEBUG - xe
2022-05-02 20:10:57,262 - DEBUG - http://www.xe.ufrj.br
2022-05-02 20:10:57,289 - DEBUG - [2]LetterSeqSample:Seq(kk)
2022-05-02 20:10:57,290 - DEBUG - kk
2022-05-02 20:10:57,290 - DEBUG - http://www.kk.ufrj.br
2022-05-02 20:10:57,317 - DEBUG - [2]LetterSeqSample:Seq(xs)
2022-05-02 20:10:57,317 - DEBUG - xs
2022-05-02 20:10:57,318 - DEBUG - http://www.xs.ufrj.br
2022-05-02 20:10:57,379 - DEBUG - [2]LetterSeqSample:Seq(zb)
2022-05-02 20:10:57,379 - DEBUG - zb
2022-05-02 20:10:57,379 - DEBUG - http://www.zb.ufrj.br
2022-05-02 20:10:57,431 - DEBUG - [2]LetterSeqSample:Seq(jv)
2022-05-02 20:10:57,432 - DEBUG - jv
2022-05-02 20:10:57,432 - DEBUG - http://www.jv.ufrj.br
2022-05-02 20:10:57,458 - DEBUG - [2]LetterSeqSample:Seq(eu)
2022-05-02 20:10:57,459 - DEBUG - eu
2022-05-02 20:10:57,459 - DEBUG - http://www.eu.ufrj.br
2022-05-02 20:10:57,485 - DEBUG - [2]LetterSeqSample:Seq(ry)
2022-05-02 20:10:57,485 - DEBUG - ry
2022-05-02 20:10:57,485 - DEBUG - http://www.ry.ufrj.br
2022-05-02 20:10:57,548 - DEBUG - [2]LetterSeqSample:Seq(s)
2022-05-02 20:10:57,549 - DEBUG - s
2022-05-02 20:10:57,549 - DEBUG - http://www.s.ufrj.br
2022-05-02 20:10:57,619 - DEBUG - [2]LetterSeqSample:Seq(go)
2022-05-02 20:10:57,620 - DEBUG - go
2022-05-02 20:10:57,620 - DEBUG - http://www.go.ufrj.br
2022-05-02 20:10:57,649 - DEBUG - [2]LetterSeqSample:Seq(fq)
2022-05-02 20:10:57,649 - DEBUG - fq
2022-05-02 20:10:57,649 - DEBUG - http://www.fq.ufrj.br
2022-05-02 20:10:57,673 - DEBUG - [2]LetterSeqSample:Seq(gi)
2022-05-02 20:10:57,673 - DEBUG - gi
2022-05-02 20:10:57,673 - DEBUG - http://www.gi.ufrj.br
2022-05-02 20:10:57,697 - DEBUG - [2]LetterSeqSample:Seq(gx)
2022-05-02 20:10:57,697 - DEBUG - gx
2022-05-02 20:10:57,697 - DEBUG - http://www.gx.ufrj.br
2022-05-02 20:10:57,720 - DEBUG - [2]LetterSeqSample:Seq(nd)
2022-05-02 20:10:57,721 - DEBUG - nd
2022-05-02 20:10:57,721 - DEBUG - http://www.nd.ufrj.br
2022-05-02 20:11:00,183 - DEBUG - [2]LetterSeqSample:Seq(kv)
2022-05-02 20:11:00,184 - DEBUG - kv
2022-05-02 20:11:00,184 - DEBUG - http://www.kv.ufrj.br
2022-05-02 20:11:00,256 - DEBUG - [2]LetterSeqSample:Seq(xl)
2022-05-02 20:11:00,257 - DEBUG - xl
2022-05-02 20:11:00,257 - DEBUG - http://www.xl.ufrj.br
2022-05-02 20:11:00,283 - DEBUG - [2]LetterSeqSample:Seq(sz)
2022-05-02 20:11:00,284 - DEBUG - sz
2022-05-02 20:11:00,285 - DEBUG - http://www.sz.ufrj.br
2022-05-02 20:11:00,312 - DEBUG - [2]LetterSeqSample:Seq(gd)
2022-05-02 20:11:00,312 - DEBUG - gd
2022-05-02 20:11:00,313 - DEBUG - http://www.gd.ufrj.br
2022-05-02 20:11:00,340 - DEBUG - [2]LetterSeqSample:Seq(ii)
2022-05-02 20:11:00,341 - DEBUG - ii
2022-05-02 20:11:00,341 - DEBUG - http://www.ii.ufrj.br
2022-05-02 20:11:00,370 - DEBUG - [2]LetterSeqSample:Seq(tb)
2022-05-02 20:11:00,370 - DEBUG - tb
2022-05-02 20:11:00,370 - DEBUG - http://www.tb.ufrj.br
2022-05-02 20:11:00,398 - DEBUG - [2]LetterSeqSample:Seq(yu)
2022-05-02 20:11:00,399 - DEBUG - yu
2022-05-02 20:11:00,399 - DEBUG - http://www.yu.ufrj.br
2022-05-02 20:11:01,670 - DEBUG - [2]LetterSeqSample:Seq(rl)
2022-05-02 20:11:01,671 - DEBUG - rl
2022-05-02 20:11:01,671 - DEBUG - http://www.rl.ufrj.br
2022-05-02 20:11:01,701 - DEBUG - [2]LetterSeqSample:Seq(ny)
2022-05-02 20:11:01,701 - DEBUG - ny
2022-05-02 20:11:01,702 - DEBUG - http://www.ny.ufrj.br
2022-05-02 20:11:01,727 - DEBUG - [2]LetterSeqSample:Seq(rc)
2022-05-02 20:11:01,727 - DEBUG - rc
2022-05-02 20:11:01,728 - DEBUG - http://www.rc.ufrj.br
2022-05-02 20:11:01,750 - DEBUG - [2]LetterSeqSample:Seq(pw)
2022-05-02 20:11:01,750 - DEBUG - pw
2022-05-02 20:11:01,751 - DEBUG - http://www.pw.ufrj.br
2022-05-02 20:11:03,004 - DEBUG - [2]LetterSeqSample:Seq(be)
2022-05-02 20:11:03,005 - DEBUG - be
2022-05-02 20:11:03,005 - DEBUG - http://www.be.ufrj.br
2022-05-02 20:11:03,037 - DEBUG - [2]LetterSeqSample:Seq(so)
2022-05-02 20:11:03,037 - DEBUG - so
2022-05-02 20:11:03,037 - DEBUG - http://www.so.ufrj.br
2022-05-02 20:11:03,061 - DEBUG - [2]LetterSeqSample:Seq(af)
2022-05-02 20:11:03,061 - DEBUG - af
2022-05-02 20:11:03,062 - DEBUG - http://www.af.ufrj.br
2022-05-02 20:11:03,083 - DEBUG - [2]LetterSeqSample:Seq(sc)
2022-05-02 20:11:03,083 - DEBUG - sc
2022-05-02 20:11:03,083 - DEBUG - http://www.sc.ufrj.br
2022-05-02 20:11:03,104 - DEBUG - [2]LetterSeqSample:Seq(jq)
2022-05-02 20:11:03,104 - DEBUG - jq
2022-05-02 20:11:03,105 - DEBUG - http://www.jq.ufrj.br
2022-05-02 20:11:03,131 - DEBUG - [2]LetterSeqSample:Seq(za)
2022-05-02 20:11:03,131 - DEBUG - za
2022-05-02 20:11:03,131 - DEBUG - http://www.za.ufrj.br
2022-05-02 20:11:05,589 - DEBUG - [2]LetterSeqSample:Seq(eo)
2022-05-02 20:11:05,590 - DEBUG - eo
2022-05-02 20:11:05,590 - DEBUG - http://www.eo.ufrj.br
2022-05-02 20:11:05,663 - DEBUG - [2]LetterSeqSample:Seq(us)
2022-05-02 20:11:05,664 - DEBUG - us
2022-05-02 20:11:05,664 - DEBUG - http://www.us.ufrj.br
2022-05-02 20:11:05,694 - DEBUG - [2]LetterSeqSample:Seq(n)
2022-05-02 20:11:05,695 - DEBUG - n
2022-05-02 20:11:05,696 - DEBUG - http://www.n.ufrj.br
2022-05-02 20:11:05,721 - DEBUG - [2]LetterSeqSample:Seq(kl)
2022-05-02 20:11:05,722 - DEBUG - kl
2022-05-02 20:11:05,722 - DEBUG - http://www.kl.ufrj.br
2022-05-02 20:11:05,751 - DEBUG - [2]LetterSeqSample:Seq(kd)
2022-05-02 20:11:05,752 - DEBUG - kd
2022-05-02 20:11:05,752 - DEBUG - http://www.kd.ufrj.br
2022-05-02 20:11:05,804 - DEBUG - [2]LetterSeqSample:Seq(hy)
2022-05-02 20:11:05,805 - DEBUG - hy
2022-05-02 20:11:05,805 - DEBUG - http://www.hy.ufrj.br
2022-05-02 20:11:05,833 - DEBUG - [2]LetterSeqSample:Seq(gf)
2022-05-02 20:11:05,834 - DEBUG - gf
2022-05-02 20:11:05,834 - DEBUG - http://www.gf.ufrj.br
2022-05-02 20:11:05,861 - DEBUG - [2]LetterSeqSample:Seq(ae)
2022-05-02 20:11:05,861 - DEBUG - ae
2022-05-02 20:11:05,861 - DEBUG - http://www.ae.ufrj.br
2022-05-02 20:11:05,934 - DEBUG - [2]LetterSeqSample:Seq(ke)
2022-05-02 20:11:05,935 - DEBUG - ke
2022-05-02 20:11:05,935 - DEBUG - http://www.ke.ufrj.br
2022-05-02 20:11:05,958 - DEBUG - [2]LetterSeqSample:Seq(pm)
2022-05-02 20:11:05,959 - DEBUG - pm
2022-05-02 20:11:05,959 - DEBUG - http://www.pm.ufrj.br
2022-05-02 20:11:05,985 - DEBUG - [2]LetterSeqSample:Seq(gm)
2022-05-02 20:11:05,985 - DEBUG - gm
2022-05-02 20:11:05,985 - DEBUG - http://www.gm.ufrj.br
2022-05-02 20:11:06,021 - DEBUG - [2]LetterSeqSample:Seq(jn)
2022-05-02 20:11:06,021 - DEBUG - jn
2022-05-02 20:11:06,022 - DEBUG - http://www.jn.ufrj.br
2022-05-02 20:11:06,056 - DEBUG - [2]LetterSeqSample:Seq(nr)
2022-05-02 20:11:06,056 - DEBUG - nr
2022-05-02 20:11:06,056 - DEBUG - http://www.nr.ufrj.br
2022-05-02 20:11:06,080 - DEBUG - [2]LetterSeqSample:Seq(qp)
2022-05-02 20:11:06,081 - DEBUG - qp
2022-05-02 20:11:06,081 - DEBUG - http://www.qp.ufrj.br
2022-05-02 20:11:06,106 - DEBUG - [2]LetterSeqSample:Seq(a)
2022-05-02 20:11:06,106 - DEBUG - a
2022-05-02 20:11:06,107 - DEBUG - http://www.a.ufrj.br
2022-05-02 20:11:06,135 - DEBUG - [2]LetterSeqSample:Seq(bj)
2022-05-02 20:11:06,135 - DEBUG - bj
2022-05-02 20:11:06,136 - DEBUG - http://www.bj.ufrj.br
2022-05-02 20:11:06,192 - DEBUG - [2]LetterSeqSample:Seq(zn)
2022-05-02 20:11:06,192 - DEBUG - zn
2022-05-02 20:11:06,192 - DEBUG - http://www.zn.ufrj.br
2022-05-02 20:11:06,248 - DEBUG - [2]LetterSeqSample:Seq(hk)
2022-05-02 20:11:06,248 - DEBUG - hk
2022-05-02 20:11:06,249 - DEBUG - http://www.hk.ufrj.br
2022-05-02 20:11:06,274 - DEBUG - [2]LetterSeqSample:Seq(os)
2022-05-02 20:11:06,274 - DEBUG - os
2022-05-02 20:11:06,275 - DEBUG - http://www.os.ufrj.br
2022-05-02 20:11:06,299 - DEBUG - [2]LetterSeqSample:Seq(yt)
2022-05-02 20:11:06,299 - DEBUG - yt
2022-05-02 20:11:06,299 - DEBUG - http://www.yt.ufrj.br
2022-05-02 20:11:06,348 - DEBUG - [2]LetterSeqSample:Seq(e)
2022-05-02 20:11:06,348 - DEBUG - e
2022-05-02 20:11:06,349 - DEBUG - http://www.e.ufrj.br
2022-05-02 20:11:06,400 - DEBUG - [2]LetterSeqSample:Seq(qs)
2022-05-02 20:11:06,401 - DEBUG - qs
2022-05-02 20:11:06,401 - DEBUG - http://www.qs.ufrj.br
2022-05-02 20:11:06,431 - DEBUG - [2]LetterSeqSample:Seq(kh)
2022-05-02 20:11:06,432 - DEBUG - kh
2022-05-02 20:11:06,432 - DEBUG - http://www.kh.ufrj.br
2022-05-02 20:11:06,459 - DEBUG - [2]LetterSeqSample:Seq(xz)
2022-05-02 20:11:06,459 - DEBUG - xz
2022-05-02 20:11:06,459 - DEBUG - http://www.xz.ufrj.br
2022-05-02 20:11:06,489 - DEBUG - [2]LetterSeqSample:Seq(ti)
2022-05-02 20:11:06,489 - DEBUG - ti
2022-05-02 20:11:06,489 - DEBUG - http://www.ti.ufrj.br
2022-05-02 20:11:06,517 - DEBUG - [2]LetterSeqSample:Seq(tq)
2022-05-02 20:11:06,518 - DEBUG - tq
2022-05-02 20:11:06,518 - DEBUG - http://www.tq.ufrj.br
2022-05-02 20:11:06,546 - DEBUG - [2]LetterSeqSample:Seq(ar)
2022-05-02 20:11:06,547 - DEBUG - ar
2022-05-02 20:11:06,547 - DEBUG - http://www.ar.ufrj.br
2022-05-02 20:11:06,572 - DEBUG - [2]LetterSeqSample:Seq(ue)
2022-05-02 20:11:06,572 - DEBUG - ue
2022-05-02 20:11:06,573 - DEBUG - http://www.ue.ufrj.br
2022-05-02 20:11:06,627 - DEBUG - [2]LetterSeqSample:Seq(uk)
2022-05-02 20:11:06,627 - DEBUG - uk
2022-05-02 20:11:06,627 - DEBUG - http://www.uk.ufrj.br
2022-05-02 20:11:07,882 - DEBUG - [2]LetterSeqSample:Seq(be)
2022-05-02 20:11:07,883 - DEBUG - be
2022-05-02 20:11:07,883 - DEBUG - http://www.be.ufrj.br
2022-05-02 20:11:07,906 - DEBUG - [2]LetterSeqSample:Seq(zb)
2022-05-02 20:11:07,906 - DEBUG - zb
2022-05-02 20:11:07,906 - DEBUG - http://www.zb.ufrj.br
2022-05-02 20:11:07,942 - DEBUG - [2]LetterSeqSample:Seq(r)
2022-05-02 20:11:07,943 - DEBUG - r
2022-05-02 20:11:07,943 - DEBUG - http://www.r.ufrj.br
2022-05-02 20:11:07,970 - DEBUG - [2]LetterSeqSample:Seq(lj)
2022-05-02 20:11:07,970 - DEBUG - lj
2022-05-02 20:11:07,970 - DEBUG - http://www.lj.ufrj.br
2022-05-02 20:11:07,999 - DEBUG - [2]LetterSeqSample:Seq(un)
2022-05-02 20:11:08,000 - DEBUG - un
2022-05-02 20:11:08,001 - DEBUG - http://www.un.ufrj.br
2022-05-02 20:11:08,045 - DEBUG - [2]LetterSeqSample:Seq(ih)
2022-05-02 20:11:08,045 - DEBUG - ih
2022-05-02 20:11:08,046 - DEBUG - http://www.ih.ufrj.br
2022-05-02 20:11:08,132 - DEBUG - [2]LetterSeqSample:Seq(xb)
2022-05-02 20:11:08,133 - DEBUG - xb
2022-05-02 20:11:08,133 - DEBUG - http://www.xb.ufrj.br
2022-05-02 20:11:08,198 - DEBUG - [2]LetterSeqSample:Seq(gz)
2022-05-02 20:11:08,199 - DEBUG - gz
2022-05-02 20:11:08,200 - DEBUG - http://www.gz.ufrj.br
2022-05-02 20:11:08,226 - DEBUG - [2]LetterSeqSample:Seq(es)
2022-05-02 20:11:08,227 - DEBUG - es
2022-05-02 20:11:08,227 - DEBUG - http://www.es.ufrj.br
2022-05-02 20:11:08,253 - DEBUG - [2]LetterSeqSample:Seq(mb)
2022-05-02 20:11:08,253 - DEBUG - mb
2022-05-02 20:11:08,254 - DEBUG - http://www.mb.ufrj.br
2022-05-02 20:11:08,282 - DEBUG - [2]LetterSeqSample:Seq(na)
2022-05-02 20:11:08,282 - DEBUG - na
2022-05-02 20:11:08,283 - DEBUG - http://www.na.ufrj.br
2022-05-02 20:11:08,308 - DEBUG - [2]LetterSeqSample:Seq(a)
2022-05-02 20:11:08,309 - DEBUG - a
2022-05-02 20:11:08,309 - DEBUG - http://www.a.ufrj.br
2022-05-02 20:11:08,338 - DEBUG - [2]LetterSeqSample:Seq(dh)
2022-05-02 20:11:08,339 - DEBUG - dh
2022-05-02 20:11:08,339 - DEBUG - http://www.dh.ufrj.br
2022-05-02 20:11:08,392 - DEBUG - [2]LetterSeqSample:Seq(wi)
2022-05-02 20:11:08,392 - DEBUG - wi
2022-05-02 20:11:08,393 - DEBUG - http://www.wi.ufrj.br
2022-05-02 20:11:08,444 - DEBUG - [2]LetterSeqSample:Seq(zy)
2022-05-02 20:11:08,444 - DEBUG - zy
2022-05-02 20:11:08,444 - DEBUG - http://www.zy.ufrj.br
2022-05-02 20:11:08,515 - DEBUG - [2]LetterSeqSample:Seq(jz)
2022-05-02 20:11:08,515 - DEBUG - jz
2022-05-02 20:11:08,515 - DEBUG - http://www.jz.ufrj.br
2022-05-02 20:11:08,584 - DEBUG - [2]LetterSeqSample:Seq(ow)
2022-05-02 20:11:08,585 - DEBUG - ow
2022-05-02 20:11:08,585 - DEBUG - http://www.ow.ufrj.br
2022-05-02 20:11:08,611 - DEBUG - [2]LetterSeqSample:Seq(qb)
2022-05-02 20:11:08,612 - DEBUG - qb
2022-05-02 20:11:08,612 - DEBUG - http://www.qb.ufrj.br
2022-05-02 20:11:08,642 - DEBUG - [2]LetterSeqSample:Seq(gd)
2022-05-02 20:11:08,642 - DEBUG - gd
2022-05-02 20:11:08,643 - DEBUG - http://www.gd.ufrj.br
2022-05-02 20:11:08,676 - DEBUG - [2]LetterSeqSample:Seq(vx)
2022-05-02 20:11:08,677 - DEBUG - vx
2022-05-02 20:11:08,677 - DEBUG - http://www.vx.ufrj.br
2022-05-02 20:11:08,755 - DEBUG - [2]LetterSeqSample:Seq(p)
2022-05-02 20:11:08,755 - DEBUG - p
2022-05-02 20:11:08,756 - DEBUG - http://www.p.ufrj.br
2022-05-02 20:11:08,794 - DEBUG - [2]LetterSeqSample:Seq(nk)
2022-05-02 20:11:08,795 - DEBUG - nk
2022-05-02 20:11:08,795 - DEBUG - http://www.nk.ufrj.br
2022-05-02 20:11:08,829 - DEBUG - [2]LetterSeqSample:Seq(vr)
2022-05-02 20:11:08,830 - DEBUG - vr
2022-05-02 20:11:08,830 - DEBUG - http://www.vr.ufrj.br
2022-05-02 20:11:08,903 - DEBUG - [2]LetterSeqSample:Seq(gz)
2022-05-02 20:11:08,904 - DEBUG - gz
2022-05-02 20:11:08,904 - DEBUG - http://www.gz.ufrj.br
2022-05-02 20:11:08,929 - DEBUG - [2]LetterSeqSample:Seq(s)
2022-05-02 20:11:08,929 - DEBUG - s
2022-05-02 20:11:08,930 - DEBUG - http://www.s.ufrj.br
2022-05-02 20:11:08,955 - DEBUG - [2]LetterSeqSample:Seq(kp)
2022-05-02 20:11:08,955 - DEBUG - kp
2022-05-02 20:11:08,955 - DEBUG - http://www.kp.ufrj.br
2022-05-02 20:11:09,011 - DEBUG - [2]LetterSeqSample:Seq(ft)
2022-05-02 20:11:09,011 - DEBUG - ft
2022-05-02 20:11:09,011 - DEBUG - http://www.ft.ufrj.br
2022-05-02 20:11:09,043 - DEBUG - [2]LetterSeqSample:Seq(sx)
2022-05-02 20:11:09,044 - DEBUG - sx
2022-05-02 20:11:09,044 - DEBUG - http://www.sx.ufrj.br
2022-05-02 20:11:09,073 - DEBUG - [2]LetterSeqSample:Seq(my)
2022-05-02 20:11:09,073 - DEBUG - my
2022-05-02 20:11:09,073 - DEBUG - http://www.my.ufrj.br
2022-05-02 20:11:09,103 - DEBUG - [2]LetterSeqSample:Seq(hq)
2022-05-02 20:11:09,103 - DEBUG - hq
2022-05-02 20:11:09,104 - DEBUG - http://www.hq.ufrj.br
2022-05-02 20:11:09,160 - DEBUG - [2]LetterSeqSample:Seq(jc)
2022-05-02 20:11:09,161 - DEBUG - jc
2022-05-02 20:11:09,161 - DEBUG - http://www.jc.ufrj.br
2022-05-02 20:11:09,189 - DEBUG - [2]LetterSeqSample:Seq(sc)
2022-05-02 20:11:09,189 - DEBUG - sc
2022-05-02 20:11:09,190 - DEBUG - http://www.sc.ufrj.br
2022-05-02 20:11:09,219 - DEBUG - [2]LetterSeqSample:Seq(fd)
2022-05-02 20:11:09,220 - DEBUG - fd
2022-05-02 20:11:09,220 - DEBUG - http://www.fd.ufrj.br
2022-05-02 20:11:09,276 - DEBUG - [2]LetterSeqSample:Seq(kp)
2022-05-02 20:11:09,276 - DEBUG - kp
2022-05-02 20:11:09,276 - DEBUG - http://www.kp.ufrj.br
2022-05-02 20:11:09,302 - DEBUG - [2]LetterSeqSample:Seq(ym)
2022-05-02 20:11:09,303 - DEBUG - ym
2022-05-02 20:11:09,303 - DEBUG - http://www.ym.ufrj.br
2022-05-02 20:11:10,568 - DEBUG - [2]LetterSeqSample:Seq(g)
2022-05-02 20:11:10,568 - DEBUG - g
2022-05-02 20:11:10,568 - DEBUG - http://www.g.ufrj.br
2022-05-02 20:11:10,590 - DEBUG - [2]LetterSeqSample:Seq(sc)
2022-05-02 20:11:10,590 - DEBUG - sc
2022-05-02 20:11:10,591 - DEBUG - http://www.sc.ufrj.br
2022-05-02 20:11:10,610 - DEBUG - [2]LetterSeqSample:Seq(aa)
2022-05-02 20:11:10,610 - DEBUG - aa
2022-05-02 20:11:10,611 - DEBUG - http://www.aa.ufrj.br
2022-05-02 20:11:10,634 - DEBUG - [2]LetterSeqSample:Seq(en)
2022-05-02 20:11:10,634 - DEBUG - en
2022-05-02 20:11:10,634 - DEBUG - http://www.en.ufrj.br
2022-05-02 20:11:10,661 - DEBUG - [2]LetterSeqSample:Seq(pg)
2022-05-02 20:11:10,661 - DEBUG - pg
2022-05-02 20:11:10,661 - DEBUG - http://www.pg.ufrj.br
2022-05-02 20:11:10,740 - DEBUG - [2]LetterSeqSample:Seq(oo)
2022-05-02 20:11:10,740 - DEBUG - oo
2022-05-02 20:11:10,741 - DEBUG - http://www.oo.ufrj.br
2022-05-02 20:11:10,767 - DEBUG - [2]LetterSeqSample:Seq(yx)
2022-05-02 20:11:10,767 - DEBUG - yx
2022-05-02 20:11:10,768 - DEBUG - http://www.yx.ufrj.br
2022-05-02 20:11:10,793 - DEBUG - [2]LetterSeqSample:Seq(ic)
2022-05-02 20:11:10,794 - DEBUG - ic
2022-05-02 20:11:10,794 - DEBUG - http://www.ic.ufrj.br
2022-05-02 20:11:11,703 - DEBUG - [2]LetterSeqSample:Seq(uq)
2022-05-02 20:11:11,704 - DEBUG - uq
2022-05-02 20:11:11,704 - DEBUG - http://www.uq.ufrj.br
2022-05-02 20:11:11,729 - DEBUG - [2]LetterSeqSample:Seq(dm)
2022-05-02 20:11:11,730 - DEBUG - dm
2022-05-02 20:11:11,730 - DEBUG - http://www.dm.ufrj.br
2022-05-02 20:11:11,760 - DEBUG - [2]LetterSeqSample:Seq(jn)
2022-05-02 20:11:11,761 - DEBUG - jn
2022-05-02 20:11:11,761 - DEBUG - http://www.jn.ufrj.br
2022-05-02 20:11:11,790 - DEBUG - [2]LetterSeqSample:Seq(ft)
2022-05-02 20:11:11,790 - DEBUG - ft
2022-05-02 20:11:11,790 - DEBUG - http://www.ft.ufrj.br
2022-05-02 20:11:11,820 - DEBUG - [2]LetterSeqSample:Seq(an)
2022-05-02 20:11:11,820 - DEBUG - an
2022-05-02 20:11:11,821 - DEBUG - http://www.an.ufrj.br
2022-05-02 20:11:11,846 - DEBUG - [2]LetterSeqSample:Seq(a)
2022-05-02 20:11:11,846 - DEBUG - a
2022-05-02 20:11:11,847 - DEBUG - http://www.a.ufrj.br
2022-05-02 20:11:11,871 - DEBUG - [2]LetterSeqSample:Seq(rw)
2022-05-02 20:11:11,871 - DEBUG - rw
2022-05-02 20:11:11,871 - DEBUG - http://www.rw.ufrj.br
2022-05-02 20:11:11,899 - DEBUG - [2]LetterSeqSample:Seq(ux)
2022-05-02 20:11:11,899 - DEBUG - ux
2022-05-02 20:11:11,899 - DEBUG - http://www.ux.ufrj.br
2022-05-02 20:11:11,934 - DEBUG - [2]LetterSeqSample:Seq(ou)
2022-05-02 20:11:11,935 - DEBUG - ou
2022-05-02 20:11:11,935 - DEBUG - http://www.ou.ufrj.br
2022-05-02 20:11:11,961 - DEBUG - [2]LetterSeqSample:Seq(gq)
2022-05-02 20:11:11,962 - DEBUG - gq
2022-05-02 20:11:11,962 - DEBUG - http://www.gq.ufrj.br
2022-05-02 20:11:11,989 - DEBUG - [2]LetterSeqSample:Seq(xp)
2022-05-02 20:11:11,990 - DEBUG - xp
2022-05-02 20:11:11,990 - DEBUG - http://www.xp.ufrj.br
2022-05-02 20:11:12,022 - DEBUG - [2]LetterSeqSample:Seq(ar)
2022-05-02 20:11:12,022 - DEBUG - ar
2022-05-02 20:11:12,023 - DEBUG - http://www.ar.ufrj.br
2022-05-02 20:11:12,051 - DEBUG - [2]LetterSeqSample:Seq(xq)
2022-05-02 20:11:12,052 - DEBUG - xq
2022-05-02 20:11:12,052 - DEBUG - http://www.xq.ufrj.br
2022-05-02 20:11:12,075 - DEBUG - [2]LetterSeqSample:Seq(uv)
2022-05-02 20:11:12,076 - DEBUG - uv
2022-05-02 20:11:12,076 - DEBUG - http://www.uv.ufrj.br
2022-05-02 20:11:12,101 - DEBUG - [2]LetterSeqSample:Seq(ny)
2022-05-02 20:11:12,101 - DEBUG - ny
2022-05-02 20:11:12,101 - DEBUG - http://www.ny.ufrj.br
2022-05-02 20:11:12,132 - DEBUG - [2]LetterSeqSample:Seq(ta)
2022-05-02 20:11:12,132 - DEBUG - ta
2022-05-02 20:11:12,133 - DEBUG - http://www.ta.ufrj.br
2022-05-02 20:11:12,158 - DEBUG - [2]LetterSeqSample:Seq(hz)
2022-05-02 20:11:12,158 - DEBUG - hz
2022-05-02 20:11:12,159 - DEBUG - http://www.hz.ufrj.br
2022-05-02 20:11:12,215 - DEBUG - [2]LetterSeqSample:Seq(ld)
2022-05-02 20:11:12,216 - DEBUG - ld
2022-05-02 20:11:12,216 - DEBUG - http://www.ld.ufrj.br
2022-05-02 20:11:12,297 - DEBUG - [2]LetterSeqSample:Seq(ur)
2022-05-02 20:11:12,297 - DEBUG - ur
2022-05-02 20:11:12,298 - DEBUG - http://www.ur.ufrj.br
2022-05-02 20:11:12,326 - DEBUG - [2]LetterSeqSample:Seq(ck)
2022-05-02 20:11:12,326 - DEBUG - ck
2022-05-02 20:11:12,326 - DEBUG - http://www.ck.ufrj.br
2022-05-02 20:11:12,352 - DEBUG - [2]LetterSeqSample:Seq(ra)
2022-05-02 20:11:12,352 - DEBUG - ra
2022-05-02 20:11:12,352 - DEBUG - http://www.ra.ufrj.br
2022-05-02 20:11:12,380 - DEBUG - [2]LetterSeqSample:Seq(xj)
2022-05-02 20:11:12,380 - DEBUG - xj
2022-05-02 20:11:12,380 - DEBUG - http://www.xj.ufrj.br
2022-05-02 20:11:12,404 - DEBUG - [2]LetterSeqSample:Seq(vy)
2022-05-02 20:11:12,405 - DEBUG - vy
2022-05-02 20:11:12,405 - DEBUG - http://www.vy.ufrj.br
2022-05-02 20:11:12,434 - DEBUG - [2]LetterSeqSample:Seq(p)
2022-05-02 20:11:12,434 - DEBUG - p
2022-05-02 20:11:12,434 - DEBUG - http://www.p.ufrj.br
2022-05-02 20:11:12,465 - DEBUG - [2]LetterSeqSample:Seq(uq)
2022-05-02 20:11:12,466 - DEBUG - uq
2022-05-02 20:11:12,466 - DEBUG - http://www.uq.ufrj.br
2022-05-02 20:11:12,494 - DEBUG - [2]LetterSeqSample:Seq(ri)
2022-05-02 20:11:12,494 - DEBUG - ri
2022-05-02 20:11:12,494 - DEBUG - http://www.ri.ufrj.br
2022-05-02 20:11:12,525 - DEBUG - [2]LetterSeqSample:Seq(pm)
2022-05-02 20:11:12,526 - DEBUG - pm
2022-05-02 20:11:12,526 - DEBUG - http://www.pm.ufrj.br
2022-05-02 20:11:12,555 - DEBUG - [2]LetterSeqSample:Seq(yq)
2022-05-02 20:11:12,556 - DEBUG - yq
2022-05-02 20:11:12,556 - DEBUG - http://www.yq.ufrj.br
2022-05-02 20:11:13,814 - DEBUG - [2]LetterSeqSample:Seq(rm)
2022-05-02 20:11:13,814 - DEBUG - rm
2022-05-02 20:11:13,815 - DEBUG - http://www.rm.ufrj.br
2022-05-02 20:11:13,868 - DEBUG - [2]LetterSeqSample:Seq(mv)
2022-05-02 20:11:13,868 - DEBUG - mv
2022-05-02 20:11:13,869 - DEBUG - http://www.mv.ufrj.br
2022-05-02 20:11:13,896 - DEBUG - [2]LetterSeqSample:Seq(dj)
2022-05-02 20:11:13,897 - DEBUG - dj
2022-05-02 20:11:13,897 - DEBUG - http://www.dj.ufrj.br
2022-05-02 20:11:13,935 - DEBUG - [2]LetterSeqSample:Seq(sy)
2022-05-02 20:11:13,936 - DEBUG - sy
2022-05-02 20:11:13,936 - DEBUG - http://www.sy.ufrj.br
2022-05-02 20:11:13,966 - DEBUG - [2]LetterSeqSample:Seq(ea)
2022-05-02 20:11:13,967 - DEBUG - ea
2022-05-02 20:11:13,967 - DEBUG - http://www.ea.ufrj.br
2022-05-02 20:11:13,994 - DEBUG - [2]LetterSeqSample:Seq(cy)
2022-05-02 20:11:13,995 - DEBUG - cy
2022-05-02 20:11:13,995 - DEBUG - http://www.cy.ufrj.br
2022-05-02 20:11:15,261 - DEBUG - [2]LetterSeqSample:Seq(ab)
2022-05-02 20:11:15,262 - DEBUG - ab
2022-05-02 20:11:15,262 - DEBUG - http://www.ab.ufrj.br
2022-05-02 20:11:15,282 - DEBUG - [2]LetterSeqSample:Seq(uh)
2022-05-02 20:11:15,282 - DEBUG - uh
2022-05-02 20:11:15,282 - DEBUG - http://www.uh.ufrj.br
2022-05-02 20:11:15,301 - DEBUG - [2]LetterSeqSample:Seq(oh)
2022-05-02 20:11:15,301 - DEBUG - oh
2022-05-02 20:11:15,301 - DEBUG - http://www.oh.ufrj.br
2022-05-02 20:11:15,318 - DEBUG - [2]LetterSeqSample:Seq(di)
2022-05-02 20:11:15,319 - DEBUG - di
2022-05-02 20:11:15,319 - DEBUG - http://www.di.ufrj.br
2022-05-02 20:11:16,577 - DEBUG - [2]LetterSeqSample:Seq(r)
2022-05-02 20:11:16,577 - DEBUG - r
2022-05-02 20:11:16,578 - DEBUG - http://www.r.ufrj.br
2022-05-02 20:11:16,598 - DEBUG - [2]LetterSeqSample:Seq(kk)
2022-05-02 20:11:16,598 - DEBUG - kk
2022-05-02 20:11:16,598 - DEBUG - http://www.kk.ufrj.br
2022-05-02 20:11:16,619 - DEBUG - [2]LetterSeqSample:Seq(pm)
2022-05-02 20:11:16,619 - DEBUG - pm
2022-05-02 20:11:16,619 - DEBUG - http://www.pm.ufrj.br
2022-05-02 20:11:16,645 - DEBUG - [2]LetterSeqSample:Seq(ji)
2022-05-02 20:11:16,646 - DEBUG - ji
2022-05-02 20:11:16,646 - DEBUG - http://www.ji.ufrj.br
2022-05-02 20:11:16,698 - DEBUG - [2]LetterSeqSample:Seq(ss)
2022-05-02 20:11:16,699 - DEBUG - ss
2022-05-02 20:11:16,699 - DEBUG - http://www.ss.ufrj.br
2022-05-02 20:11:22,599 - DEBUG - [2]LetterSeqSample:Seq(hv)
2022-05-02 20:11:22,599 - DEBUG - hv
2022-05-02 20:11:22,599 - DEBUG - http://www.hv.ufrj.br
2022-05-02 20:11:22,666 - DEBUG - [2]LetterSeqSample:Seq(yi)
2022-05-02 20:11:22,666 - DEBUG - yi
2022-05-02 20:11:22,666 - DEBUG - http://www.yi.ufrj.br
2022-05-02 20:11:22,692 - DEBUG - [2]LetterSeqSample:Seq(pv)
2022-05-02 20:11:22,693 - DEBUG - pv
2022-05-02 20:11:22,693 - DEBUG - http://www.pv.ufrj.br
2022-05-02 20:11:22,722 - DEBUG - [2]LetterSeqSample:Seq(e)
2022-05-02 20:11:22,722 - DEBUG - e
2022-05-02 20:11:22,722 - DEBUG - http://www.e.ufrj.br
2022-05-02 20:11:22,747 - DEBUG - [2]LetterSeqSample:Seq(vb)
2022-05-02 20:11:22,747 - DEBUG - vb
2022-05-02 20:11:22,747 - DEBUG - http://www.vb.ufrj.br
2022-05-02 20:11:22,772 - DEBUG - [2]LetterSeqSample:Seq(ua)
2022-05-02 20:11:22,773 - DEBUG - ua
2022-05-02 20:11:22,773 - DEBUG - http://www.ua.ufrj.br
2022-05-02 20:11:22,803 - DEBUG - [2]LetterSeqSample:Seq(jy)
2022-05-02 20:11:22,804 - DEBUG - jy
2022-05-02 20:11:22,804 - DEBUG - http://www.jy.ufrj.br
2022-05-02 20:11:22,831 - DEBUG - [2]LetterSeqSample:Seq(vt)
2022-05-02 20:11:22,831 - DEBUG - vt
2022-05-02 20:11:22,831 - DEBUG - http://www.vt.ufrj.br
2022-05-02 20:11:22,859 - DEBUG - [2]LetterSeqSample:Seq(fm)
2022-05-02 20:11:22,860 - DEBUG - fm
2022-05-02 20:11:22,860 - DEBUG - http://www.fm.ufrj.br
2022-05-02 20:11:22,902 - DEBUG - [2]LetterSeqSample:Seq(ry)
2022-05-02 20:11:22,902 - DEBUG - ry
2022-05-02 20:11:22,903 - DEBUG - http://www.ry.ufrj.br
2022-05-02 20:11:22,930 - DEBUG - [2]LetterSeqSample:Seq(sr)
2022-05-02 20:11:22,931 - DEBUG - sr
2022-05-02 20:11:22,931 - DEBUG - http://www.sr.ufrj.br
2022-05-02 20:11:23,006 - DEBUG - [2]LetterSeqSample:Seq(c)
2022-05-02 20:11:23,007 - DEBUG - c
2022-05-02 20:11:23,007 - DEBUG - http://www.c.ufrj.br
2022-05-02 20:11:23,038 - DEBUG - [2]LetterSeqSample:Seq(az)
2022-05-02 20:11:23,038 - DEBUG - az
2022-05-02 20:11:23,038 - DEBUG - http://www.az.ufrj.br
2022-05-02 20:11:25,494 - DEBUG - [2]LetterSeqSample:Seq(cl)
2022-05-02 20:11:25,495 - DEBUG - cl
2022-05-02 20:11:25,496 - DEBUG - http://www.cl.ufrj.br
2022-05-02 20:11:25,548 - DEBUG - [2]LetterSeqSample:Seq(rv)
2022-05-02 20:11:25,548 - DEBUG - rv
2022-05-02 20:11:25,548 - DEBUG - http://www.rv.ufrj.br
2022-05-02 20:11:25,591 - DEBUG - [2]LetterSeqSample:Seq(ag)
2022-05-02 20:11:25,591 - DEBUG - ag
2022-05-02 20:11:25,591 - DEBUG - http://www.ag.ufrj.br
2022-05-02 20:11:26,879 - DEBUG - [2]LetterSeqSample:Seq(xo)
2022-05-02 20:11:26,880 - DEBUG - xo
2022-05-02 20:11:26,880 - DEBUG - http://www.xo.ufrj.br
2022-05-02 20:11:26,912 - DEBUG - [2]LetterSeqSample:Seq(lp)
2022-05-02 20:11:26,912 - DEBUG - lp
2022-05-02 20:11:26,913 - DEBUG - http://www.lp.ufrj.br
2022-05-02 20:11:26,972 - DEBUG - [2]LetterSeqSample:Seq(zg)
2022-05-02 20:11:26,972 - DEBUG - zg
2022-05-02 20:11:26,973 - DEBUG - http://www.zg.ufrj.br
2022-05-02 20:11:29,443 - DEBUG - [2]LetterSeqSample:Seq(ja)
2022-05-02 20:11:29,444 - DEBUG - ja
2022-05-02 20:11:29,444 - DEBUG - http://www.ja.ufrj.br
2022-05-02 20:11:31,901 - DEBUG - [2]LetterSeqSample:Seq(hk)
2022-05-02 20:11:31,901 - DEBUG - hk
2022-05-02 20:11:31,902 - DEBUG - http://www.hk.ufrj.br
2022-05-02 20:11:31,924 - DEBUG - [2]LetterSeqSample:Seq(yh)
2022-05-02 20:11:31,924 - DEBUG - yh
2022-05-02 20:11:31,924 - DEBUG - http://www.yh.ufrj.br
2022-05-02 20:11:31,977 - DEBUG - [2]LetterSeqSample:Seq(yj)
2022-05-02 20:11:31,977 - DEBUG - yj
2022-05-02 20:11:31,978 - DEBUG - http://www.yj.ufrj.br
2022-05-02 20:11:32,006 - DEBUG - [2]LetterSeqSample:Seq(ku)
2022-05-02 20:11:32,006 - DEBUG - ku
2022-05-02 20:11:32,007 - DEBUG - http://www.ku.ufrj.br
2022-05-02 20:11:32,075 - DEBUG - [2]LetterSeqSample:Seq(or)
2022-05-02 20:11:32,075 - DEBUG - or
2022-05-02 20:11:32,075 - DEBUG - http://www.or.ufrj.br
2022-05-02 20:11:32,096 - DEBUG - [2]LetterSeqSample:Seq(rv)
2022-05-02 20:11:32,097 - DEBUG - rv
2022-05-02 20:11:32,097 - DEBUG - http://www.rv.ufrj.br
2022-05-02 20:11:32,118 - DEBUG - [2]LetterSeqSample:Seq(dt)
2022-05-02 20:11:32,118 - DEBUG - dt
2022-05-02 20:11:32,118 - DEBUG - http://www.dt.ufrj.br
2022-05-02 20:11:32,141 - DEBUG - [2]LetterSeqSample:Seq(mu)
2022-05-02 20:11:32,142 - DEBUG - mu
2022-05-02 20:11:32,142 - DEBUG - http://www.mu.ufrj.br
2022-05-02 20:11:32,164 - DEBUG - [2]LetterSeqSample:Seq(oo)
2022-05-02 20:11:32,165 - DEBUG - oo
2022-05-02 20:11:32,165 - DEBUG - http://www.oo.ufrj.br
2022-05-02 20:11:32,201 - DEBUG - [2]LetterSeqSample:Seq(u)
2022-05-02 20:11:32,202 - DEBUG - u
2022-05-02 20:11:32,202 - DEBUG - http://www.u.ufrj.br
2022-05-02 20:11:32,229 - DEBUG - [2]LetterSeqSample:Seq(ca)
2022-05-02 20:11:32,229 - DEBUG - ca
2022-05-02 20:11:32,229 - DEBUG - http://www.ca.ufrj.br
2022-05-02 20:11:32,254 - DEBUG - [2]LetterSeqSample:Seq(qe)
2022-05-02 20:11:32,254 - DEBUG - qe
2022-05-02 20:11:32,255 - DEBUG - http://www.qe.ufrj.br
2022-05-02 20:11:32,280 - DEBUG - [2]LetterSeqSample:Seq(r)
2022-05-02 20:11:32,280 - DEBUG - r
2022-05-02 20:11:32,280 - DEBUG - http://www.r.ufrj.br
2022-05-02 20:11:32,305 - DEBUG - [2]LetterSeqSample:Seq(le)
2022-05-02 20:11:32,305 - DEBUG - le
2022-05-02 20:11:32,305 - DEBUG - http://www.le.ufrj.br
2022-05-02 20:11:32,359 - DEBUG - [2]LetterSeqSample:Seq(gz)
2022-05-02 20:11:32,359 - DEBUG - gz
2022-05-02 20:11:32,360 - DEBUG - http://www.gz.ufrj.br
2022-05-02 20:11:32,382 - DEBUG - [2]LetterSeqSample:Seq(td)
2022-05-02 20:11:32,383 - DEBUG - td
2022-05-02 20:11:32,383 - DEBUG - http://www.td.ufrj.br
2022-05-02 20:11:32,406 - DEBUG - [2]LetterSeqSample:Seq(zz)
2022-05-02 20:11:32,407 - DEBUG - zz
2022-05-02 20:11:32,407 - DEBUG - http://www.zz.ufrj.br
2022-05-02 20:11:32,432 - DEBUG - [2]LetterSeqSample:Seq(yo)
2022-05-02 20:11:32,432 - DEBUG - yo
2022-05-02 20:11:32,433 - DEBUG - http://www.yo.ufrj.br
2022-05-02 20:11:32,457 - DEBUG - [2]LetterSeqSample:Seq(se)
2022-05-02 20:11:32,458 - DEBUG - se
2022-05-02 20:11:32,458 - DEBUG - http://www.se.ufrj.br
2022-05-02 20:11:32,483 - DEBUG - [2]LetterSeqSample:Seq(sr)
2022-05-02 20:11:32,484 - DEBUG - sr
2022-05-02 20:11:32,484 - DEBUG - http://www.sr.ufrj.br
2022-05-02 20:11:32,509 - DEBUG - [2]LetterSeqSample:Seq(cc)
2022-05-02 20:11:32,509 - DEBUG - cc
2022-05-02 20:11:32,510 - DEBUG - http://www.cc.ufrj.br
2022-05-02 20:11:32,538 - DEBUG - [2]LetterSeqSample:Seq(qe)
2022-05-02 20:11:32,538 - DEBUG - qe
2022-05-02 20:11:32,539 - DEBUG - http://www.qe.ufrj.br
2022-05-02 20:11:32,572 - DEBUG - [2]LetterSeqSample:Seq(au)
2022-05-02 20:11:32,572 - DEBUG - au
2022-05-02 20:11:32,572 - DEBUG - http://www.au.ufrj.br
2022-05-02 20:11:32,610 - DEBUG - [2]LetterSeqSample:Seq(gp)
2022-05-02 20:11:32,611 - DEBUG - gp
2022-05-02 20:11:32,611 - DEBUG - http://www.gp.ufrj.br
2022-05-02 20:11:32,644 - DEBUG - [2]LetterSeqSample:Seq(zr)
2022-05-02 20:11:32,645 - DEBUG - zr
2022-05-02 20:11:32,645 - DEBUG - http://www.zr.ufrj.br
2022-05-02 20:11:32,677 - DEBUG - [2]LetterSeqSample:Seq(r)
2022-05-02 20:11:32,677 - DEBUG - r
2022-05-02 20:11:32,678 - DEBUG - http://www.r.ufrj.br
2022-05-02 20:11:32,708 - DEBUG - [2]LetterSeqSample:Seq(ns)
2022-05-02 20:11:32,709 - DEBUG - ns
2022-05-02 20:11:32,710 - DEBUG - http://www.ns.ufrj.br
2022-05-02 20:11:32,745 - DEBUG - [2]LetterSeqSample:Seq(ub)
2022-05-02 20:11:32,745 - DEBUG - ub
2022-05-02 20:11:32,746 - DEBUG - http://www.ub.ufrj.br
2022-05-02 20:11:32,774 - DEBUG - [2]LetterSeqSample:Seq(mn)
2022-05-02 20:11:32,774 - DEBUG - mn
2022-05-02 20:11:32,774 - DEBUG - http://www.mn.ufrj.br
2022-05-02 20:11:32,887 - DEBUG - [2]LetterSeqSample:Seq(wv)
2022-05-02 20:11:32,888 - DEBUG - wv
2022-05-02 20:11:32,888 - DEBUG - http://www.wv.ufrj.br
2022-05-02 20:11:32,913 - DEBUG - [2]LetterSeqSample:Seq(vo)
2022-05-02 20:11:32,913 - DEBUG - vo
2022-05-02 20:11:32,914 - DEBUG - http://www.vo.ufrj.br
2022-05-02 20:11:32,940 - DEBUG - [2]LetterSeqSample:Seq(ap)
2022-05-02 20:11:32,940 - DEBUG - ap
2022-05-02 20:11:32,940 - DEBUG - http://www.ap.ufrj.br
2022-05-02 20:11:32,972 - DEBUG - [2]LetterSeqSample:Seq(tz)
2022-05-02 20:11:32,973 - DEBUG - tz
2022-05-02 20:11:32,973 - DEBUG - http://www.tz.ufrj.br
2022-05-02 20:11:33,007 - DEBUG - [2]LetterSeqSample:Seq(eu)
2022-05-02 20:11:33,007 - DEBUG - eu
2022-05-02 20:11:33,007 - DEBUG - http://www.eu.ufrj.br
2022-05-02 20:11:33,047 - DEBUG - [2]LetterSeqSample:Seq(au)
2022-05-02 20:11:33,047 - DEBUG - au
2022-05-02 20:11:33,048 - DEBUG - http://www.au.ufrj.br
2022-05-02 20:11:33,077 - DEBUG - [2]LetterSeqSample:Seq(rl)
2022-05-02 20:11:33,077 - DEBUG - rl
2022-05-02 20:11:33,078 - DEBUG - http://www.rl.ufrj.br
2022-05-02 20:11:33,103 - DEBUG - [2]LetterSeqSample:Seq(fx)
2022-05-02 20:11:33,103 - DEBUG - fx
2022-05-02 20:11:33,104 - DEBUG - http://www.fx.ufrj.br
2022-05-02 20:11:33,179 - DEBUG - [2]LetterSeqSample:Seq(rc)
2022-05-02 20:11:33,180 - DEBUG - rc
2022-05-02 20:11:33,180 - DEBUG - http://www.rc.ufrj.br
2022-05-02 20:11:33,201 - DEBUG - [2]LetterSeqSample:Seq(yx)
2022-05-02 20:11:33,202 - DEBUG - yx
2022-05-02 20:11:33,202 - DEBUG - http://www.yx.ufrj.br
2022-05-02 20:11:33,223 - DEBUG - [2]LetterSeqSample:Seq(ac)
2022-05-02 20:11:33,223 - DEBUG - ac
2022-05-02 20:11:33,223 - DEBUG - http://www.ac.ufrj.br
2022-05-02 20:11:33,245 - DEBUG - [2]LetterSeqSample:Seq(rm)
2022-05-02 20:11:33,246 - DEBUG - rm
2022-05-02 20:11:33,246 - DEBUG - http://www.rm.ufrj.br
2022-05-02 20:11:33,280 - DEBUG - [2]LetterSeqSample:Seq(te)
2022-05-02 20:11:33,281 - DEBUG - te
2022-05-02 20:11:33,281 - DEBUG - http://www.te.ufrj.br
2022-05-02 20:11:33,317 - DEBUG - [2]LetterSeqSample:Seq(pk)
2022-05-02 20:11:33,318 - DEBUG - pk
2022-05-02 20:11:33,318 - DEBUG - http://www.pk.ufrj.br
2022-05-02 20:11:33,349 - DEBUG - [2]LetterSeqSample:Seq(vo)
2022-05-02 20:11:33,350 - DEBUG - vo
2022-05-02 20:11:33,350 - DEBUG - http://www.vo.ufrj.br
2022-05-02 20:11:33,378 - DEBUG - [2]LetterSeqSample:Seq(ar)
2022-05-02 20:11:33,378 - DEBUG - ar
2022-05-02 20:11:33,379 - DEBUG - http://www.ar.ufrj.br
2022-05-02 20:11:33,416 - DEBUG - [2]LetterSeqSample:Seq(cf)
2022-05-02 20:11:33,416 - DEBUG - cf
2022-05-02 20:11:33,417 - DEBUG - http://www.cf.ufrj.br
2022-05-02 20:11:35,876 - DEBUG - [2]LetterSeqSample:Seq(vn)
2022-05-02 20:11:35,877 - DEBUG - vn
2022-05-02 20:11:35,877 - DEBUG - http://www.vn.ufrj.br
2022-05-02 20:11:35,916 - DEBUG - [2]LetterSeqSample:Seq(xn)
2022-05-02 20:11:35,916 - DEBUG - xn
2022-05-02 20:11:35,917 - DEBUG - http://www.xn.ufrj.br
2022-05-02 20:11:35,944 - DEBUG - [2]LetterSeqSample:Seq(xw)
2022-05-02 20:11:35,944 - DEBUG - xw
2022-05-02 20:11:35,945 - DEBUG - http://www.xw.ufrj.br
2022-05-02 20:11:37,203 - DEBUG - [2]LetterSeqSample:Seq(tg)
2022-05-02 20:11:37,204 - DEBUG - tg
2022-05-02 20:11:37,204 - DEBUG - http://www.tg.ufrj.br
2022-05-02 20:11:37,267 - DEBUG - [2]LetterSeqSample:Seq(mu)
2022-05-02 20:11:37,267 - DEBUG - mu
2022-05-02 20:11:37,267 - DEBUG - http://www.mu.ufrj.br
2022-05-02 20:11:37,296 - DEBUG - [2]LetterSeqSample:Seq(ub)
2022-05-02 20:11:37,296 - DEBUG - ub
2022-05-02 20:11:37,296 - DEBUG - http://www.ub.ufrj.br
2022-05-02 20:11:37,323 - DEBUG - [2]LetterSeqSample:Seq(gg)
2022-05-02 20:11:37,323 - DEBUG - gg
2022-05-02 20:11:37,324 - DEBUG - http://www.gg.ufrj.br
2022-05-02 20:11:37,384 - DEBUG - [2]LetterSeqSample:Seq(pg)
2022-05-02 20:11:37,384 - DEBUG - pg
2022-05-02 20:11:37,384 - DEBUG - http://www.pg.ufrj.br
2022-05-02 20:11:37,406 - DEBUG - [2]LetterSeqSample:Seq(ko)
2022-05-02 20:11:37,407 - DEBUG - ko
2022-05-02 20:11:37,407 - DEBUG - http://www.ko.ufrj.br
2022-05-02 20:11:37,431 - DEBUG - [2]LetterSeqSample:Seq(ch)
2022-05-02 20:11:37,431 - DEBUG - ch
2022-05-02 20:11:37,431 - DEBUG - http://www.ch.ufrj.br
2022-05-02 20:11:37,540 - DEBUG - [2]LetterSeqSample:Seq(dc)
2022-05-02 20:11:37,541 - DEBUG - dc
2022-05-02 20:11:37,541 - DEBUG - http://www.dc.ufrj.br
2022-05-02 20:11:37,595 - DEBUG - [2]LetterSeqSample:Seq(ce)
2022-05-02 20:11:37,595 - DEBUG - ce
2022-05-02 20:11:37,595 - DEBUG - http://www.ce.ufrj.br
2022-05-02 20:11:37,619 - DEBUG - [2]LetterSeqSample:Seq(qt)
2022-05-02 20:11:37,620 - DEBUG - qt
2022-05-02 20:11:37,620 - DEBUG - http://www.qt.ufrj.br
2022-05-02 20:11:37,644 - DEBUG - [2]LetterSeqSample:Seq(tr)
2022-05-02 20:11:37,644 - DEBUG - tr
2022-05-02 20:11:37,645 - DEBUG - http://www.tr.ufrj.br
2022-05-02 20:11:37,672 - DEBUG - [2]LetterSeqSample:Seq(kc)
2022-05-02 20:11:37,672 - DEBUG - kc
2022-05-02 20:11:37,673 - DEBUG - http://www.kc.ufrj.br
2022-05-02 20:11:37,695 - DEBUG - [2]LetterSeqSample:Seq(hl)
2022-05-02 20:11:37,696 - DEBUG - hl
2022-05-02 20:11:37,696 - DEBUG - http://www.hl.ufrj.br
2022-05-02 20:11:37,728 - DEBUG - [2]LetterSeqSample:Seq(t)
2022-05-02 20:11:37,729 - DEBUG - t
2022-05-02 20:11:37,729 - DEBUG - http://www.t.ufrj.br
2022-05-02 20:11:37,807 - DEBUG - [2]LetterSeqSample:Seq(yv)
2022-05-02 20:11:37,808 - DEBUG - yv
2022-05-02 20:11:37,808 - DEBUG - http://www.yv.ufrj.br
2022-05-02 20:11:37,846 - DEBUG - [2]LetterSeqSample:Seq(xi)
2022-05-02 20:11:37,846 - DEBUG - xi
2022-05-02 20:11:37,847 - DEBUG - http://www.xi.ufrj.br
2022-05-02 20:11:37,925 - DEBUG - [2]LetterSeqSample:Seq(md)
2022-05-02 20:11:37,925 - DEBUG - md
2022-05-02 20:11:37,926 - DEBUG - http://www.md.ufrj.br
2022-05-02 20:11:39,188 - DEBUG - [2]LetterSeqSample:Seq(vc)
2022-05-02 20:11:39,188 - DEBUG - vc
2022-05-02 20:11:39,189 - DEBUG - http://www.vc.ufrj.br
2022-05-02 20:11:39,235 - DEBUG - [2]LetterSeqSample:Seq(ys)
2022-05-02 20:11:39,236 - DEBUG - ys
2022-05-02 20:11:39,236 - DEBUG - http://www.ys.ufrj.br
2022-05-02 20:11:39,256 - DEBUG - [2]LetterSeqSample:Seq(dj)
2022-05-02 20:11:39,256 - DEBUG - dj
2022-05-02 20:11:39,256 - DEBUG - http://www.dj.ufrj.br
2022-05-02 20:11:39,286 - DEBUG - [2]LetterSeqSample:Seq(qf)
2022-05-02 20:11:39,286 - DEBUG - qf
2022-05-02 20:11:39,287 - DEBUG - http://www.qf.ufrj.br
2022-05-02 20:11:39,315 - DEBUG - [2]LetterSeqSample:Seq(e)
2022-05-02 20:11:39,316 - DEBUG - e
2022-05-02 20:11:39,316 - DEBUG - http://www.e.ufrj.br
2022-05-02 20:11:39,339 - DEBUG - [2]LetterSeqSample:Seq(km)
2022-05-02 20:11:39,340 - DEBUG - km
2022-05-02 20:11:39,340 - DEBUG - http://www.km.ufrj.br
2022-05-02 20:11:39,393 - DEBUG - [2]LetterSeqSample:Seq(fg)
2022-05-02 20:11:39,393 - DEBUG - fg
2022-05-02 20:11:39,393 - DEBUG - http://www.fg.ufrj.br
2022-05-02 20:11:39,425 - DEBUG - [2]LetterSeqSample:Seq(er)
2022-05-02 20:11:39,426 - DEBUG - er
2022-05-02 20:11:39,427 - DEBUG - http://www.er.ufrj.br
2022-05-02 20:11:39,454 - DEBUG - [2]LetterSeqSample:Seq(ko)
2022-05-02 20:11:39,454 - DEBUG - ko
2022-05-02 20:11:39,454 - DEBUG - http://www.ko.ufrj.br
2022-05-02 20:11:39,487 - DEBUG - [2]LetterSeqSample:Seq(sm)
2022-05-02 20:11:39,487 - DEBUG - sm
2022-05-02 20:11:39,488 - DEBUG - http://www.sm.ufrj.br
2022-05-02 20:11:39,506 - DEBUG - [2]LetterSeqSample:Seq(ky)
2022-05-02 20:11:39,506 - DEBUG - ky
2022-05-02 20:11:39,506 - DEBUG - http://www.ky.ufrj.br
2022-05-02 20:11:39,529 - DEBUG - [2]LetterSeqSample:Seq(ri)
2022-05-02 20:11:39,529 - DEBUG - ri
2022-05-02 20:11:39,529 - DEBUG - http://www.ri.ufrj.br
2022-05-02 20:11:39,556 - DEBUG - [2]LetterSeqSample:Seq(eq)
2022-05-02 20:11:39,556 - DEBUG - eq
2022-05-02 20:11:39,556 - DEBUG - http://www.eq.ufrj.br
2022-05-02 20:11:39,657 - INFO - Found:http://www.eq.ufrj.br
2022-05-02 20:11:39,657 - INFO - [2]MonteCarloWWW:Count(406):Last(http://www.eq.ufrj.br)
2022-05-02 20:11:39,658 - DEBUG - [2]LetterSeqSample:Seq(gh)
2022-05-02 20:11:39,658 - DEBUG - gh
2022-05-02 20:11:39,658 - DEBUG - http://www.gh.ufrj.br
2022-05-02 20:11:39,728 - DEBUG - [2]LetterSeqSample:Seq(xm)
2022-05-02 20:11:39,728 - DEBUG - xm
2022-05-02 20:11:39,729 - DEBUG - http://www.xm.ufrj.br
2022-05-02 20:11:39,754 - DEBUG - [2]LetterSeqSample:Seq(ox)
2022-05-02 20:11:39,754 - DEBUG - ox
2022-05-02 20:11:39,755 - DEBUG - http://www.ox.ufrj.br
2022-05-02 20:11:39,827 - DEBUG - [2]LetterSeqSample:Seq(px)
2022-05-02 20:11:39,827 - DEBUG - px
2022-05-02 20:11:39,828 - DEBUG - http://www.px.ufrj.br
2022-05-02 20:11:39,854 - DEBUG - [2]LetterSeqSample:Seq(ay)
2022-05-02 20:11:39,855 - DEBUG - ay
2022-05-02 20:11:39,855 - DEBUG - http://www.ay.ufrj.br
2022-05-02 20:11:39,912 - DEBUG - [2]LetterSeqSample:Seq(pg)
2022-05-02 20:11:39,912 - DEBUG - pg
2022-05-02 20:11:39,913 - DEBUG - http://www.pg.ufrj.br
2022-05-02 20:11:39,938 - DEBUG - [2]LetterSeqSample:Seq(zm)
2022-05-02 20:11:39,938 - DEBUG - zm
2022-05-02 20:11:39,939 - DEBUG - http://www.zm.ufrj.br
2022-05-02 20:11:42,400 - DEBUG - [2]LetterSeqSample:Seq(im)
2022-05-02 20:11:42,401 - DEBUG - im
2022-05-02 20:11:42,404 - DEBUG - http://www.im.ufrj.br
2022-05-02 20:11:42,818 - DEBUG - [2]LetterSeqSample:Seq(ad)
2022-05-02 20:11:42,818 - DEBUG - ad
2022-05-02 20:11:42,819 - DEBUG - http://www.ad.ufrj.br
2022-05-02 20:11:42,880 - DEBUG - [2]LetterSeqSample:Seq(wt)
2022-05-02 20:11:42,880 - DEBUG - wt
2022-05-02 20:11:42,880 - DEBUG - http://www.wt.ufrj.br
2022-05-02 20:11:42,905 - DEBUG - [2]LetterSeqSample:Seq(bi)
2022-05-02 20:11:42,905 - DEBUG - bi
2022-05-02 20:11:42,906 - DEBUG - http://www.bi.ufrj.br
2022-05-02 20:11:42,984 - DEBUG - [2]LetterSeqSample:Seq(ra)
2022-05-02 20:11:42,985 - DEBUG - ra
2022-05-02 20:11:42,985 - DEBUG - http://www.ra.ufrj.br
2022-05-02 20:11:43,023 - DEBUG - [2]LetterSeqSample:Seq(ji)
2022-05-02 20:11:43,023 - DEBUG - ji
2022-05-02 20:11:43,024 - DEBUG - http://www.ji.ufrj.br
2022-05-02 20:11:43,052 - DEBUG - [2]LetterSeqSample:Seq(gy)
2022-05-02 20:11:43,053 - DEBUG - gy
2022-05-02 20:11:43,053 - DEBUG - http://www.gy.ufrj.br
2022-05-02 20:11:43,087 - DEBUG - [2]LetterSeqSample:Seq(r)
2022-05-02 20:11:43,087 - DEBUG - r
2022-05-02 20:11:43,087 - DEBUG - http://www.r.ufrj.br
2022-05-02 20:11:43,114 - DEBUG - [2]LetterSeqSample:Seq(ag)
2022-05-02 20:11:43,115 - DEBUG - ag
2022-05-02 20:11:43,115 - DEBUG - http://www.ag.ufrj.br
2022-05-02 20:11:43,139 - DEBUG - [2]LetterSeqSample:Seq(uk)
2022-05-02 20:11:43,139 - DEBUG - uk
2022-05-02 20:11:43,139 - DEBUG - http://www.uk.ufrj.br
2022-05-02 20:11:43,162 - DEBUG - [2]LetterSeqSample:Seq(sl)
2022-05-02 20:11:43,162 - DEBUG - sl
2022-05-02 20:11:43,162 - DEBUG - http://www.sl.ufrj.br
2022-05-02 20:11:43,240 - DEBUG - [2]LetterSeqSample:Seq(sa)
2022-05-02 20:11:43,240 - DEBUG - sa
2022-05-02 20:11:43,241 - DEBUG - http://www.sa.ufrj.br
2022-05-02 20:11:44,507 - DEBUG - [2]LetterSeqSample:Seq(fb)
2022-05-02 20:11:44,508 - DEBUG - fb
2022-05-02 20:11:44,508 - DEBUG - http://www.fb.ufrj.br
2022-05-02 20:11:44,533 - DEBUG - [2]LetterSeqSample:Seq(fi)
2022-05-02 20:11:44,533 - DEBUG - fi
2022-05-02 20:11:44,533 - DEBUG - http://www.fi.ufrj.br
2022-05-02 20:11:45,804 - DEBUG - [2]LetterSeqSample:Seq(xa)
2022-05-02 20:11:45,805 - DEBUG - xa
2022-05-02 20:11:45,805 - DEBUG - http://www.xa.ufrj.br
2022-05-02 20:11:45,837 - DEBUG - [2]LetterSeqSample:Seq(ko)
2022-05-02 20:11:45,837 - DEBUG - ko
2022-05-02 20:11:45,838 - DEBUG - http://www.ko.ufrj.br
2022-05-02 20:11:45,874 - DEBUG - [2]LetterSeqSample:Seq(hs)
2022-05-02 20:11:45,874 - DEBUG - hs
2022-05-02 20:11:45,874 - DEBUG - http://www.hs.ufrj.br
2022-05-02 20:11:45,956 - DEBUG - [2]LetterSeqSample:Seq(xw)
2022-05-02 20:11:45,956 - DEBUG - xw
2022-05-02 20:11:45,957 - DEBUG - http://www.xw.ufrj.br
2022-05-02 20:11:45,982 - DEBUG - [2]LetterSeqSample:Seq(jl)
2022-05-02 20:11:45,982 - DEBUG - jl
2022-05-02 20:11:45,983 - DEBUG - http://www.jl.ufrj.br
2022-05-02 20:11:46,010 - DEBUG - [2]LetterSeqSample:Seq(sg)
2022-05-02 20:11:46,010 - DEBUG - sg
2022-05-02 20:11:46,011 - DEBUG - http://www.sg.ufrj.br
2022-05-02 20:11:46,067 - DEBUG - [2]LetterSeqSample:Seq(zr)
2022-05-02 20:11:46,068 - DEBUG - zr
2022-05-02 20:11:46,068 - DEBUG - http://www.zr.ufrj.br
2022-05-02 20:11:46,106 - DEBUG - [2]LetterSeqSample:Seq(rz)
2022-05-02 20:11:46,107 - DEBUG - rz
2022-05-02 20:11:46,108 - DEBUG - http://www.rz.ufrj.br
2022-05-02 20:11:46,150 - DEBUG - [2]LetterSeqSample:Seq(fy)
2022-05-02 20:11:46,151 - DEBUG - fy
2022-05-02 20:11:46,152 - DEBUG - http://www.fy.ufrj.br
2022-05-02 20:11:47,435 - DEBUG - [2]LetterSeqSample:Seq(rv)
2022-05-02 20:11:47,435 - DEBUG - rv
2022-05-02 20:11:47,435 - DEBUG - http://www.rv.ufrj.br
2022-05-02 20:11:47,455 - DEBUG - [2]LetterSeqSample:Seq(sw)
2022-05-02 20:11:47,455 - DEBUG - sw
2022-05-02 20:11:47,455 - DEBUG - http://www.sw.ufrj.br
2022-05-02 20:11:47,473 - DEBUG - [2]LetterSeqSample:Seq(hf)
2022-05-02 20:11:47,473 - DEBUG - hf
2022-05-02 20:11:47,473 - DEBUG - http://www.hf.ufrj.br
2022-05-02 20:11:47,515 - DEBUG - [2]LetterSeqSample:Seq(lu)
2022-05-02 20:11:47,515 - DEBUG - lu
2022-05-02 20:11:47,516 - DEBUG - http://www.lu.ufrj.br
2022-05-02 20:11:47,533 - DEBUG - [2]LetterSeqSample:Seq(il)
2022-05-02 20:11:47,533 - DEBUG - il
2022-05-02 20:11:47,534 - DEBUG - http://www.il.ufrj.br
2022-05-02 20:11:47,600 - DEBUG - [2]LetterSeqSample:Seq(ah)
2022-05-02 20:11:47,600 - DEBUG - ah
2022-05-02 20:11:47,601 - DEBUG - http://www.ah.ufrj.br
2022-05-02 20:11:47,622 - DEBUG - [2]LetterSeqSample:Seq(ar)
2022-05-02 20:11:47,622 - DEBUG - ar
2022-05-02 20:11:47,623 - DEBUG - http://www.ar.ufrj.br
2022-05-02 20:11:47,641 - DEBUG - [2]LetterSeqSample:Seq(gv)
2022-05-02 20:11:47,641 - DEBUG - gv
2022-05-02 20:11:47,642 - DEBUG - http://www.gv.ufrj.br
2022-05-02 20:11:47,660 - DEBUG - [2]LetterSeqSample:Seq(tp)
2022-05-02 20:11:47,660 - DEBUG - tp
2022-05-02 20:11:47,660 - DEBUG - http://www.tp.ufrj.br
2022-05-02 20:11:47,678 - DEBUG - [2]LetterSeqSample:Seq(ld)
2022-05-02 20:11:47,679 - DEBUG - ld
2022-05-02 20:11:47,679 - DEBUG - http://www.ld.ufrj.br
2022-05-02 20:11:47,706 - DEBUG - [2]LetterSeqSample:Seq(yb)
2022-05-02 20:11:47,707 - DEBUG - yb
2022-05-02 20:11:47,707 - DEBUG - http://www.yb.ufrj.br
2022-05-02 20:11:47,733 - DEBUG - [2]LetterSeqSample:Seq(nz)
2022-05-02 20:11:47,733 - DEBUG - nz
2022-05-02 20:11:47,734 - DEBUG - http://www.nz.ufrj.br
2022-05-02 20:11:47,756 - DEBUG - [2]LetterSeqSample:Seq(jd)
2022-05-02 20:11:47,757 - DEBUG - jd
2022-05-02 20:11:47,757 - DEBUG - http://www.jd.ufrj.br
2022-05-02 20:11:47,808 - DEBUG - [2]LetterSeqSample:Seq(hx)
2022-05-02 20:11:47,809 - DEBUG - hx
2022-05-02 20:11:47,809 - DEBUG - http://www.hx.ufrj.br
2022-05-02 20:11:47,834 - DEBUG - [2]LetterSeqSample:Seq(rn)
2022-05-02 20:11:47,834 - DEBUG - rn
2022-05-02 20:11:47,834 - DEBUG - http://www.rn.ufrj.br
2022-05-02 20:11:47,880 - DEBUG - [2]LetterSeqSample:Seq(cl)
2022-05-02 20:11:47,880 - DEBUG - cl
2022-05-02 20:11:47,880 - DEBUG - http://www.cl.ufrj.br
2022-05-02 20:11:47,901 - DEBUG - [2]LetterSeqSample:Seq(ux)
2022-05-02 20:11:47,902 - DEBUG - ux
2022-05-02 20:11:47,902 - DEBUG - http://www.ux.ufrj.br
2022-05-02 20:11:47,947 - DEBUG - [2]LetterSeqSample:Seq(lh)
2022-05-02 20:11:47,948 - DEBUG - lh
2022-05-02 20:11:47,948 - DEBUG - http://www.lh.ufrj.br
2022-05-02 20:11:47,969 - DEBUG - [2]LetterSeqSample:Seq(wq)
2022-05-02 20:11:47,970 - DEBUG - wq
2022-05-02 20:11:47,970 - DEBUG - http://www.wq.ufrj.br
2022-05-02 20:11:47,991 - DEBUG - [2]LetterSeqSample:Seq(hk)
2022-05-02 20:11:47,991 - DEBUG - hk
2022-05-02 20:11:47,992 - DEBUG - http://www.hk.ufrj.br
2022-05-02 20:11:48,012 - DEBUG - [2]LetterSeqSample:Seq(ei)
2022-05-02 20:11:48,013 - DEBUG - ei
2022-05-02 20:11:48,013 - DEBUG - http://www.ei.ufrj.br
2022-05-02 20:11:48,035 - DEBUG - [2]LetterSeqSample:Seq(tw)
2022-05-02 20:11:48,035 - DEBUG - tw
2022-05-02 20:11:48,036 - DEBUG - http://www.tw.ufrj.br
2022-05-02 20:11:48,057 - DEBUG - [2]LetterSeqSample:Seq(nh)
2022-05-02 20:11:48,058 - DEBUG - nh
2022-05-02 20:11:48,058 - DEBUG - http://www.nh.ufrj.br
2022-05-02 20:11:48,082 - DEBUG - [2]LetterSeqSample:Seq(od)
2022-05-02 20:11:48,083 - DEBUG - od
2022-05-02 20:11:48,083 - DEBUG - http://www.od.ufrj.br
2022-05-02 20:11:48,107 - DEBUG - [2]LetterSeqSample:Seq(le)
2022-05-02 20:11:48,107 - DEBUG - le
2022-05-02 20:11:48,108 - DEBUG - http://www.le.ufrj.br
2022-05-02 20:11:48,138 - DEBUG - [2]LetterSeqSample:Seq(ml)
2022-05-02 20:11:48,139 - DEBUG - ml
2022-05-02 20:11:48,139 - DEBUG - http://www.ml.ufrj.br
2022-05-02 20:11:48,164 - DEBUG - [2]LetterSeqSample:Seq(pp)
2022-05-02 20:11:48,165 - DEBUG - pp
2022-05-02 20:11:48,165 - DEBUG - http://www.pp.ufrj.br
2022-05-02 20:11:48,190 - DEBUG - [2]LetterSeqSample:Seq(nm)
2022-05-02 20:11:48,190 - DEBUG - nm
2022-05-02 20:11:48,191 - DEBUG - http://www.nm.ufrj.br
2022-05-02 20:11:48,240 - DEBUG - [2]LetterSeqSample:Seq(nk)
2022-05-02 20:11:48,240 - DEBUG - nk
2022-05-02 20:11:48,241 - DEBUG - http://www.nk.ufrj.br
2022-05-02 20:11:48,261 - DEBUG - [2]LetterSeqSample:Seq(gd)
2022-05-02 20:11:48,262 - DEBUG - gd
2022-05-02 20:11:48,262 - DEBUG - http://www.gd.ufrj.br
2022-05-02 20:11:48,287 - DEBUG - [2]LetterSeqSample:Seq(pf)
2022-05-02 20:11:48,287 - DEBUG - pf
2022-05-02 20:11:48,288 - DEBUG - http://www.pf.ufrj.br
2022-05-02 20:11:48,342 - DEBUG - [2]LetterSeqSample:Seq(gy)
2022-05-02 20:11:48,343 - DEBUG - gy
2022-05-02 20:11:48,343 - DEBUG - http://www.gy.ufrj.br
2022-05-02 20:11:48,368 - DEBUG - [2]LetterSeqSample:Seq(db)
2022-05-02 20:11:48,368 - DEBUG - db
2022-05-02 20:11:48,368 - DEBUG - http://www.db.ufrj.br
2022-05-02 20:11:48,438 - DEBUG - [2]LetterSeqSample:Seq(ln)
2022-05-02 20:11:48,439 - DEBUG - ln
2022-05-02 20:11:48,439 - DEBUG - http://www.ln.ufrj.br
2022-05-02 20:11:48,511 - DEBUG - [2]LetterSeqSample:Seq(ff)
2022-05-02 20:11:48,511 - DEBUG - ff
2022-05-02 20:11:48,512 - DEBUG - http://www.ff.ufrj.br
2022-05-02 20:11:48,582 - DEBUG - [2]LetterSeqSample:Seq(kg)
2022-05-02 20:11:48,583 - DEBUG - kg
2022-05-02 20:11:48,583 - DEBUG - http://www.kg.ufrj.br
2022-05-02 20:11:48,604 - DEBUG - [2]LetterSeqSample:Seq(lj)
2022-05-02 20:11:48,605 - DEBUG - lj
2022-05-02 20:11:48,605 - DEBUG - http://www.lj.ufrj.br
2022-05-02 20:11:48,632 - DEBUG - [2]LetterSeqSample:Seq(px)
2022-05-02 20:11:48,632 - DEBUG - px
2022-05-02 20:11:48,633 - DEBUG - http://www.px.ufrj.br
2022-05-02 20:11:48,654 - DEBUG - [2]LetterSeqSample:Seq(kc)
2022-05-02 20:11:48,654 - DEBUG - kc
2022-05-02 20:11:48,654 - DEBUG - http://www.kc.ufrj.br
2022-05-02 20:11:48,684 - DEBUG - [2]LetterSeqSample:Seq(kl)
2022-05-02 20:11:48,684 - DEBUG - kl
2022-05-02 20:11:48,685 - DEBUG - http://www.kl.ufrj.br
2022-05-02 20:11:48,739 - DEBUG - [2]LetterSeqSample:Seq(mt)
2022-05-02 20:11:48,739 - DEBUG - mt
2022-05-02 20:11:48,740 - DEBUG - http://www.mt.ufrj.br
2022-05-02 20:11:48,793 - DEBUG - [2]LetterSeqSample:Seq(sm)
2022-05-02 20:11:48,793 - DEBUG - sm
2022-05-02 20:11:48,794 - DEBUG - http://www.sm.ufrj.br
2022-05-02 20:11:48,819 - DEBUG - [2]LetterSeqSample:Seq(aa)
2022-05-02 20:11:48,819 - DEBUG - aa
2022-05-02 20:11:48,819 - DEBUG - http://www.aa.ufrj.br
2022-05-02 20:11:48,843 - DEBUG - [2]LetterSeqSample:Seq(on)
2022-05-02 20:11:48,844 - DEBUG - on
2022-05-02 20:11:48,844 - DEBUG - http://www.on.ufrj.br
2022-05-02 20:11:48,899 - DEBUG - [2]LetterSeqSample:Seq(va)
2022-05-02 20:11:48,899 - DEBUG - va
2022-05-02 20:11:48,899 - DEBUG - http://www.va.ufrj.br
2022-05-02 20:11:48,921 - DEBUG - [2]LetterSeqSample:Seq(ro)
2022-05-02 20:11:48,922 - DEBUG - ro
2022-05-02 20:11:48,922 - DEBUG - http://www.ro.ufrj.br
2022-05-02 20:11:48,943 - DEBUG - [2]LetterSeqSample:Seq(zu)
2022-05-02 20:11:48,943 - DEBUG - zu
2022-05-02 20:11:48,944 - DEBUG - http://www.zu.ufrj.br
2022-05-02 20:11:48,965 - DEBUG - [2]LetterSeqSample:Seq(ql)
2022-05-02 20:11:48,965 - DEBUG - ql
2022-05-02 20:11:48,966 - DEBUG - http://www.ql.ufrj.br
2022-05-02 20:11:49,039 - DEBUG - [2]LetterSeqSample:Seq(wy)
2022-05-02 20:11:49,039 - DEBUG - wy
2022-05-02 20:11:49,039 - DEBUG - http://www.wy.ufrj.br
2022-05-02 20:11:49,064 - DEBUG - [2]LetterSeqSample:Seq(jq)
2022-05-02 20:11:49,064 - DEBUG - jq
2022-05-02 20:11:49,064 - DEBUG - http://www.jq.ufrj.br
2022-05-02 20:11:49,092 - DEBUG - [2]LetterSeqSample:Seq(ro)
2022-05-02 20:11:49,092 - DEBUG - ro
2022-05-02 20:11:49,093 - DEBUG - http://www.ro.ufrj.br
2022-05-02 20:11:49,114 - DEBUG - [2]LetterSeqSample:Seq(rp)
2022-05-02 20:11:49,114 - DEBUG - rp
2022-05-02 20:11:49,114 - DEBUG - http://www.rp.ufrj.br
2022-05-02 20:11:49,163 - DEBUG - [2]LetterSeqSample:Seq(l)
2022-05-02 20:11:49,163 - DEBUG - l
2022-05-02 20:11:49,164 - DEBUG - http://www.l.ufrj.br
2022-05-02 20:11:49,212 - DEBUG - [2]LetterSeqSample:Seq(zo)
2022-05-02 20:11:49,213 - DEBUG - zo
2022-05-02 20:11:49,213 - DEBUG - http://www.zo.ufrj.br
2022-05-02 20:11:49,246 - DEBUG - [2]LetterSeqSample:Seq(wp)
2022-05-02 20:11:49,247 - DEBUG - wp
2022-05-02 20:11:49,247 - DEBUG - http://www.wp.ufrj.br
2022-05-02 20:11:49,270 - DEBUG - [2]LetterSeqSample:Seq(sp)
2022-05-02 20:11:49,270 - DEBUG - sp
2022-05-02 20:11:49,271 - DEBUG - http://www.sp.ufrj.br
2022-05-02 20:11:49,339 - DEBUG - [2]LetterSeqSample:Seq(if)
2022-05-02 20:11:49,339 - DEBUG - if
2022-05-02 20:11:49,340 - DEBUG - http://www.if.ufrj.br
2022-05-02 20:11:49,447 - DEBUG - [2]LetterSeqSample:Seq(vi)
2022-05-02 20:11:49,447 - DEBUG - vi
2022-05-02 20:11:49,447 - DEBUG - http://www.vi.ufrj.br
2022-05-02 20:11:49,468 - DEBUG - [2]LetterSeqSample:Seq(ul)
2022-05-02 20:11:49,469 - DEBUG - ul
2022-05-02 20:11:49,469 - DEBUG - http://www.ul.ufrj.br
2022-05-02 20:11:51,926 - DEBUG - [2]LetterSeqSample:Seq(aw)
2022-05-02 20:11:51,926 - DEBUG - aw
2022-05-02 20:11:51,926 - DEBUG - http://www.aw.ufrj.br
2022-05-02 20:11:51,951 - DEBUG - [2]LetterSeqSample:Seq(aw)
2022-05-02 20:11:51,951 - DEBUG - aw
2022-05-02 20:11:51,952 - DEBUG - http://www.aw.ufrj.br
2022-05-02 20:11:51,976 - DEBUG - [2]LetterSeqSample:Seq(bn)
2022-05-02 20:11:51,976 - DEBUG - bn
2022-05-02 20:11:51,976 - DEBUG - http://www.bn.ufrj.br
2022-05-02 20:11:51,999 - DEBUG - [2]LetterSeqSample:Seq(xo)
2022-05-02 20:11:51,999 - DEBUG - xo
2022-05-02 20:11:51,999 - DEBUG - http://www.xo.ufrj.br
2022-05-02 20:11:52,019 - DEBUG - [2]LetterSeqSample:Seq(az)
2022-05-02 20:11:52,019 - DEBUG - az
2022-05-02 20:11:52,019 - DEBUG - http://www.az.ufrj.br
2022-05-02 20:11:52,039 - DEBUG - [2]LetterSeqSample:Seq(to)
2022-05-02 20:11:52,039 - DEBUG - to
2022-05-02 20:11:52,040 - DEBUG - http://www.to.ufrj.br
2022-05-02 20:11:52,108 - DEBUG - [2]LetterSeqSample:Seq(sy)
2022-05-02 20:11:52,108 - DEBUG - sy
2022-05-02 20:11:52,109 - DEBUG - http://www.sy.ufrj.br
2022-05-02 20:11:52,133 - DEBUG - [2]LetterSeqSample:Seq(ja)
2022-05-02 20:11:52,133 - DEBUG - ja
2022-05-02 20:11:52,133 - DEBUG - http://www.ja.ufrj.br
2022-05-02 20:11:52,153 - DEBUG - [2]LetterSeqSample:Seq(ja)
2022-05-02 20:11:52,153 - DEBUG - ja
2022-05-02 20:11:52,153 - DEBUG - http://www.ja.ufrj.br
2022-05-02 20:11:52,173 - DEBUG - [2]LetterSeqSample:Seq(pk)
2022-05-02 20:11:52,174 - DEBUG - pk
2022-05-02 20:11:52,174 - DEBUG - http://www.pk.ufrj.br
2022-05-02 20:11:52,211 - DEBUG - [2]LetterSeqSample:Seq(dn)
2022-05-02 20:11:52,211 - DEBUG - dn
2022-05-02 20:11:52,211 - DEBUG - http://www.dn.ufrj.br
2022-05-02 20:11:52,242 - DEBUG - [2]LetterSeqSample:Seq(ae)
2022-05-02 20:11:52,243 - DEBUG - ae
2022-05-02 20:11:52,243 - DEBUG - http://www.ae.ufrj.br
2022-05-02 20:11:52,274 - DEBUG - [2]LetterSeqSample:Seq(av)
2022-05-02 20:11:52,274 - DEBUG - av
2022-05-02 20:11:52,274 - DEBUG - http://www.av.ufrj.br
2022-05-02 20:11:52,299 - DEBUG - [2]LetterSeqSample:Seq(qs)
2022-05-02 20:11:52,299 - DEBUG - qs
2022-05-02 20:11:52,300 - DEBUG - http://www.qs.ufrj.br
2022-05-02 20:11:52,324 - DEBUG - [2]LetterSeqSample:Seq(o)
2022-05-02 20:11:52,324 - DEBUG - o
2022-05-02 20:11:52,324 - DEBUG - http://www.o.ufrj.br
2022-05-02 20:11:52,374 - DEBUG - [2]LetterSeqSample:Seq(nk)
2022-05-02 20:11:52,375 - DEBUG - nk
2022-05-02 20:11:52,375 - DEBUG - http://www.nk.ufrj.br
2022-05-02 20:11:52,397 - DEBUG - [2]LetterSeqSample:Seq(hl)
2022-05-02 20:11:52,398 - DEBUG - hl
2022-05-02 20:11:52,398 - DEBUG - http://www.hl.ufrj.br
2022-05-02 20:11:52,424 - DEBUG - [2]LetterSeqSample:Seq(rb)
2022-05-02 20:11:52,424 - DEBUG - rb
2022-05-02 20:11:52,424 - DEBUG - http://www.rb.ufrj.br
2022-05-02 20:11:52,449 - DEBUG - [2]LetterSeqSample:Seq(fy)
2022-05-02 20:11:52,449 - DEBUG - fy
2022-05-02 20:11:52,449 - DEBUG - http://www.fy.ufrj.br
2022-05-02 20:11:52,472 - DEBUG - [2]LetterSeqSample:Seq(ke)
2022-05-02 20:11:52,472 - DEBUG - ke
2022-05-02 20:11:52,472 - DEBUG - http://www.ke.ufrj.br
2022-05-02 20:11:52,497 - DEBUG - [2]LetterSeqSample:Seq(om)
2022-05-02 20:11:52,498 - DEBUG - om
2022-05-02 20:11:52,498 - DEBUG - http://www.om.ufrj.br
2022-05-02 20:11:52,523 - DEBUG - [2]LetterSeqSample:Seq(aj)
2022-05-02 20:11:52,524 - DEBUG - aj
2022-05-02 20:11:52,524 - DEBUG - http://www.aj.ufrj.br
2022-05-02 20:11:52,546 - DEBUG - [2]LetterSeqSample:Seq(ag)
2022-05-02 20:11:52,546 - DEBUG - ag
2022-05-02 20:11:52,546 - DEBUG - http://www.ag.ufrj.br
2022-05-02 20:11:52,570 - DEBUG - [2]LetterSeqSample:Seq(tr)
2022-05-02 20:11:52,571 - DEBUG - tr
2022-05-02 20:11:52,571 - DEBUG - http://www.tr.ufrj.br
2022-05-02 20:11:52,603 - DEBUG - [2]LetterSeqSample:Seq(m)
2022-05-02 20:11:52,603 - DEBUG - m
2022-05-02 20:11:52,603 - DEBUG - http://www.m.ufrj.br
2022-05-02 20:11:52,627 - DEBUG - [2]LetterSeqSample:Seq(pn)
2022-05-02 20:11:52,627 - DEBUG - pn
2022-05-02 20:11:52,628 - DEBUG - http://www.pn.ufrj.br
2022-05-02 20:11:52,684 - DEBUG - [2]LetterSeqSample:Seq(sd)
2022-05-02 20:11:52,684 - DEBUG - sd
2022-05-02 20:11:52,685 - DEBUG - http://www.sd.ufrj.br
2022-05-02 20:11:52,710 - DEBUG - [2]LetterSeqSample:Seq(tm)
2022-05-02 20:11:52,711 - DEBUG - tm
2022-05-02 20:11:52,711 - DEBUG - http://www.tm.ufrj.br
2022-05-02 20:11:52,735 - DEBUG - [2]LetterSeqSample:Seq(at)
2022-05-02 20:11:52,736 - DEBUG - at
2022-05-02 20:11:52,736 - DEBUG - http://www.at.ufrj.br
2022-05-02 20:11:52,807 - DEBUG - [2]LetterSeqSample:Seq(ml)
2022-05-02 20:11:52,807 - DEBUG - ml
2022-05-02 20:11:52,808 - DEBUG - http://www.ml.ufrj.br
2022-05-02 20:11:52,833 - DEBUG - [2]LetterSeqSample:Seq(mf)
2022-05-02 20:11:52,834 - DEBUG - mf
2022-05-02 20:11:52,834 - DEBUG - http://www.mf.ufrj.br
2022-05-02 20:11:52,891 - DEBUG - [2]LetterSeqSample:Seq(kq)
2022-05-02 20:11:52,891 - DEBUG - kq
2022-05-02 20:11:52,892 - DEBUG - http://www.kq.ufrj.br
2022-05-02 20:11:52,952 - DEBUG - [2]LetterSeqSample:Seq(l)
2022-05-02 20:11:52,953 - DEBUG - l
2022-05-02 20:11:52,953 - DEBUG - http://www.l.ufrj.br
2022-05-02 20:11:52,976 - DEBUG - [2]LetterSeqSample:Seq(hp)
2022-05-02 20:11:52,976 - DEBUG - hp
2022-05-02 20:11:52,977 - DEBUG - http://www.hp.ufrj.br
2022-05-02 20:11:52,998 - DEBUG - [2]LetterSeqSample:Seq(ea)
2022-05-02 20:11:52,999 - DEBUG - ea
2022-05-02 20:11:52,999 - DEBUG - http://www.ea.ufrj.br
2022-05-02 20:11:53,021 - DEBUG - [2]LetterSeqSample:Seq(u)
2022-05-02 20:11:53,021 - DEBUG - u
2022-05-02 20:11:53,021 - DEBUG - http://www.u.ufrj.br
2022-05-02 20:11:53,045 - DEBUG - [2]LetterSeqSample:Seq(tz)
2022-05-02 20:11:53,045 - DEBUG - tz
2022-05-02 20:11:53,046 - DEBUG - http://www.tz.ufrj.br
2022-05-02 20:11:53,070 - DEBUG - [2]LetterSeqSample:Seq(tm)
2022-05-02 20:11:53,071 - DEBUG - tm
2022-05-02 20:11:53,071 - DEBUG - http://www.tm.ufrj.br
2022-05-02 20:11:53,096 - DEBUG - [2]LetterSeqSample:Seq(lc)
2022-05-02 20:11:53,097 - DEBUG - lc
2022-05-02 20:11:53,097 - DEBUG - http://www.lc.ufrj.br
2022-05-02 20:11:53,122 - DEBUG - [2]LetterSeqSample:Seq(h)
2022-05-02 20:11:53,123 - DEBUG - h
2022-05-02 20:11:53,123 - DEBUG - http://www.h.ufrj.br
2022-05-02 20:11:53,149 - DEBUG - [2]LetterSeqSample:Seq(zp)
2022-05-02 20:11:53,149 - DEBUG - zp
2022-05-02 20:11:53,149 - DEBUG - http://www.zp.ufrj.br
2022-05-02 20:11:53,206 - DEBUG - [2]LetterSeqSample:Seq(gt)
2022-05-02 20:11:53,206 - DEBUG - gt
2022-05-02 20:11:53,207 - DEBUG - http://www.gt.ufrj.br
2022-05-02 20:11:55,660 - DEBUG - [2]LetterSeqSample:Seq(re)
2022-05-02 20:11:55,660 - DEBUG - re
2022-05-02 20:11:55,661 - DEBUG - http://www.re.ufrj.br
2022-05-02 20:11:55,686 - DEBUG - [2]LetterSeqSample:Seq(yb)
2022-05-02 20:11:55,687 - DEBUG - yb
2022-05-02 20:11:55,687 - DEBUG - http://www.yb.ufrj.br
2022-05-02 20:11:55,708 - DEBUG - [2]LetterSeqSample:Seq(vv)
2022-05-02 20:11:55,708 - DEBUG - vv
2022-05-02 20:11:55,708 - DEBUG - http://www.vv.ufrj.br
2022-05-02 20:11:55,733 - DEBUG - [2]LetterSeqSample:Seq(qz)
2022-05-02 20:11:55,734 - DEBUG - qz
2022-05-02 20:11:55,734 - DEBUG - http://www.qz.ufrj.br
2022-05-02 20:11:55,786 - DEBUG - [2]LetterSeqSample:Seq(le)
2022-05-02 20:11:55,786 - DEBUG - le
2022-05-02 20:11:55,787 - DEBUG - http://www.le.ufrj.br
2022-05-02 20:11:55,808 - DEBUG - [2]LetterSeqSample:Seq(ln)
2022-05-02 20:11:55,808 - DEBUG - ln
2022-05-02 20:11:55,809 - DEBUG - http://www.ln.ufrj.br
2022-05-02 20:11:55,835 - DEBUG - [2]LetterSeqSample:Seq(dx)
2022-05-02 20:11:55,835 - DEBUG - dx
2022-05-02 20:11:55,836 - DEBUG - http://www.dx.ufrj.br
2022-05-02 20:11:55,859 - DEBUG - [2]LetterSeqSample:Seq(wa)
2022-05-02 20:11:55,859 - DEBUG - wa
2022-05-02 20:11:55,859 - DEBUG - http://www.wa.ufrj.br
2022-05-02 20:11:55,890 - DEBUG - [2]LetterSeqSample:Seq(jj)
2022-05-02 20:11:55,890 - DEBUG - jj
2022-05-02 20:11:55,891 - DEBUG - http://www.jj.ufrj.br
2022-05-02 20:11:55,960 - DEBUG - [2]LetterSeqSample:Seq()
2022-05-02 20:11:55,961 - INFO - [3]MonteCarloWWW:Count(141):Last(http://www.ufrj.br)
2022-05-02 20:11:55,962 - DEBUG - [2]LetterSeqSample:Seq(b)
2022-05-02 20:11:55,963 - DEBUG - b
2022-05-02 20:11:55,963 - DEBUG - http://www.b.ufrj.br
2022-05-02 20:11:55,989 - DEBUG - [2]LetterSeqSample:Seq(ks)
2022-05-02 20:11:55,989 - DEBUG - ks
2022-05-02 20:11:55,989 - DEBUG - http://www.ks.ufrj.br
2022-05-02 20:11:57,243 - DEBUG - [2]LetterSeqSample:Seq(py)
2022-05-02 20:11:57,243 - DEBUG - py
2022-05-02 20:11:57,244 - DEBUG - http://www.py.ufrj.br
2022-05-02 20:11:57,290 - DEBUG - [2]LetterSeqSample:Seq(yg)
2022-05-02 20:11:57,291 - DEBUG - yg
2022-05-02 20:11:57,291 - DEBUG - http://www.yg.ufrj.br
2022-05-02 20:11:57,311 - DEBUG - [2]LetterSeqSample:Seq(id)
2022-05-02 20:11:57,312 - DEBUG - id
2022-05-02 20:11:57,312 - DEBUG - http://www.id.ufrj.br
2022-05-02 20:11:59,784 - DEBUG - [2]LetterSeqSample:Seq(xh)
2022-05-02 20:11:59,784 - DEBUG - xh
2022-05-02 20:11:59,785 - DEBUG - http://www.xh.ufrj.br
2022-05-02 20:11:59,831 - DEBUG - [2]LetterSeqSample:Seq(vv)
2022-05-02 20:11:59,832 - DEBUG - vv
2022-05-02 20:11:59,832 - DEBUG - http://www.vv.ufrj.br
2022-05-02 20:11:59,867 - DEBUG - [2]LetterSeqSample:Seq(e)
2022-05-02 20:11:59,868 - DEBUG - e
2022-05-02 20:11:59,868 - DEBUG - http://www.e.ufrj.br
2022-05-02 20:11:59,904 - DEBUG - [2]LetterSeqSample:Seq(tf)
2022-05-02 20:11:59,904 - DEBUG - tf
2022-05-02 20:11:59,905 - DEBUG - http://www.tf.ufrj.br
2022-05-02 20:11:59,987 - DEBUG - [2]LetterSeqSample:Seq(ku)
2022-05-02 20:11:59,987 - DEBUG - ku
2022-05-02 20:11:59,987 - DEBUG - http://www.ku.ufrj.br
2022-05-02 20:12:00,024 - DEBUG - [2]LetterSeqSample:Seq(pe)
2022-05-02 20:12:00,025 - DEBUG - pe
2022-05-02 20:12:00,025 - DEBUG - http://www.pe.ufrj.br
2022-05-02 20:12:00,059 - DEBUG - [2]LetterSeqSample:Seq(ch)
2022-05-02 20:12:00,060 - DEBUG - ch
2022-05-02 20:12:00,060 - DEBUG - http://www.ch.ufrj.br
2022-05-02 20:12:00,219 - DEBUG - [2]LetterSeqSample:Seq(bx)
2022-05-02 20:12:00,219 - DEBUG - bx
2022-05-02 20:12:00,220 - DEBUG - http://www.bx.ufrj.br
2022-05-02 20:12:00,254 - DEBUG - [2]LetterSeqSample:Seq(ly)
2022-05-02 20:12:00,255 - DEBUG - ly
2022-05-02 20:12:00,255 - DEBUG - http://www.ly.ufrj.br
2022-05-02 20:12:00,288 - DEBUG - [2]LetterSeqSample:Seq(ti)
2022-05-02 20:12:00,288 - DEBUG - ti
2022-05-02 20:12:00,289 - DEBUG - http://www.ti.ufrj.br
2022-05-02 20:12:00,322 - DEBUG - [2]LetterSeqSample:Seq(gk)
2022-05-02 20:12:00,322 - DEBUG - gk
2022-05-02 20:12:00,323 - DEBUG - http://www.gk.ufrj.br
2022-05-02 20:12:01,580 - DEBUG - [2]LetterSeqSample:Seq(h)
2022-05-02 20:12:01,580 - DEBUG - h
2022-05-02 20:12:01,580 - DEBUG - http://www.h.ufrj.br
2022-05-02 20:12:01,602 - DEBUG - [2]LetterSeqSample:Seq(ez)
2022-05-02 20:12:01,603 - DEBUG - ez
2022-05-02 20:12:01,603 - DEBUG - http://www.ez.ufrj.br
2022-05-02 20:12:01,626 - DEBUG - [2]LetterSeqSample:Seq(pv)
2022-05-02 20:12:01,626 - DEBUG - pv
2022-05-02 20:12:01,626 - DEBUG - http://www.pv.ufrj.br
2022-05-02 20:12:01,650 - DEBUG - [2]LetterSeqSample:Seq(gh)
2022-05-02 20:12:01,650 - DEBUG - gh
2022-05-02 20:12:01,651 - DEBUG - http://www.gh.ufrj.br
2022-05-02 20:12:01,675 - DEBUG - [2]LetterSeqSample:Seq(lw)
2022-05-02 20:12:01,675 - DEBUG - lw
2022-05-02 20:12:01,675 - DEBUG - http://www.lw.ufrj.br
2022-05-02 20:12:01,751 - DEBUG - [2]LetterSeqSample:Seq(or)
2022-05-02 20:12:01,751 - DEBUG - or
2022-05-02 20:12:01,751 - DEBUG - http://www.or.ufrj.br
2022-05-02 20:12:01,775 - DEBUG - [2]LetterSeqSample:Seq(tv)
2022-05-02 20:12:01,776 - DEBUG - tv
2022-05-02 20:12:01,776 - DEBUG - http://www.tv.ufrj.br
2022-05-02 20:12:01,827 - DEBUG - [2]LetterSeqSample:Seq(ow)
2022-05-02 20:12:01,828 - DEBUG - ow
2022-05-02 20:12:01,828 - DEBUG - http://www.ow.ufrj.br
2022-05-02 20:12:01,883 - DEBUG - [2]LetterSeqSample:Seq(cp)
2022-05-02 20:12:01,883 - DEBUG - cp
2022-05-02 20:12:01,883 - DEBUG - http://www.cp.ufrj.br
2022-05-02 20:12:01,920 - DEBUG - [2]LetterSeqSample:Seq(gy)
2022-05-02 20:12:01,921 - DEBUG - gy
2022-05-02 20:12:01,921 - DEBUG - http://www.gy.ufrj.br
2022-05-02 20:12:01,959 - DEBUG - [2]LetterSeqSample:Seq(cv)
2022-05-02 20:12:01,960 - DEBUG - cv
2022-05-02 20:12:01,960 - DEBUG - http://www.cv.ufrj.br
2022-05-02 20:12:01,996 - DEBUG - [2]LetterSeqSample:Seq(qk)
2022-05-02 20:12:01,996 - DEBUG - qk
2022-05-02 20:12:01,996 - DEBUG - http://www.qk.ufrj.br
2022-05-02 20:12:02,023 - DEBUG - [2]LetterSeqSample:Seq(c)
2022-05-02 20:12:02,023 - DEBUG - c
2022-05-02 20:12:02,024 - DEBUG - http://www.c.ufrj.br
2022-05-02 20:12:02,051 - DEBUG - [2]LetterSeqSample:Seq(vz)
2022-05-02 20:12:02,052 - DEBUG - vz
2022-05-02 20:12:02,052 - DEBUG - http://www.vz.ufrj.br
2022-05-02 20:12:02,127 - DEBUG - [2]LetterSeqSample:Seq(tc)
2022-05-02 20:12:02,127 - DEBUG - tc
2022-05-02 20:12:02,128 - DEBUG - http://www.tc.ufrj.br
2022-05-02 20:12:02,151 - DEBUG - [2]LetterSeqSample:Seq(zj)
2022-05-02 20:12:02,151 - DEBUG - zj
2022-05-02 20:12:02,152 - DEBUG - http://www.zj.ufrj.br
2022-05-02 20:12:02,174 - DEBUG - [2]LetterSeqSample:Seq(ao)
2022-05-02 20:12:02,174 - DEBUG - ao
2022-05-02 20:12:02,174 - DEBUG - http://www.ao.ufrj.br
2022-05-02 20:12:02,205 - DEBUG - [2]LetterSeqSample:Seq(nx)
2022-05-02 20:12:02,205 - DEBUG - nx
2022-05-02 20:12:02,206 - DEBUG - http://www.nx.ufrj.br
2022-05-02 20:12:02,236 - DEBUG - [2]LetterSeqSample:Seq(ih)
2022-05-02 20:12:02,237 - DEBUG - ih
2022-05-02 20:12:02,237 - DEBUG - http://www.ih.ufrj.br
2022-05-02 20:12:02,268 - DEBUG - [2]LetterSeqSample:Seq(dd)
2022-05-02 20:12:02,269 - DEBUG - dd
2022-05-02 20:12:02,269 - DEBUG - http://www.dd.ufrj.br
2022-05-02 20:12:02,339 - DEBUG - [2]LetterSeqSample:Seq(zo)
2022-05-02 20:12:02,340 - DEBUG - zo
2022-05-02 20:12:02,340 - DEBUG - http://www.zo.ufrj.br
2022-05-02 20:12:02,365 - DEBUG - [2]LetterSeqSample:Seq(fb)
2022-05-02 20:12:02,366 - DEBUG - fb
2022-05-02 20:12:02,366 - DEBUG - http://www.fb.ufrj.br
2022-05-02 20:12:02,389 - DEBUG - [2]LetterSeqSample:Seq(pw)
2022-05-02 20:12:02,390 - DEBUG - pw
2022-05-02 20:12:02,390 - DEBUG - http://www.pw.ufrj.br
2022-05-02 20:12:02,415 - DEBUG - [2]LetterSeqSample:Seq(vz)
2022-05-02 20:12:02,415 - DEBUG - vz
2022-05-02 20:12:02,416 - DEBUG - http://www.vz.ufrj.br
2022-05-02 20:12:02,444 - DEBUG - [2]LetterSeqSample:Seq(nc)
2022-05-02 20:12:02,444 - DEBUG - nc
2022-05-02 20:12:02,444 - DEBUG - http://www.nc.ufrj.br
2022-05-02 20:12:02,469 - DEBUG - [2]LetterSeqSample:Seq(ge)
2022-05-02 20:12:02,469 - DEBUG - ge
2022-05-02 20:12:02,469 - DEBUG - http://www.ge.ufrj.br
2022-05-02 20:12:02,523 - DEBUG - [2]LetterSeqSample:Seq(gt)
2022-05-02 20:12:02,523 - DEBUG - gt
2022-05-02 20:12:02,523 - DEBUG - http://www.gt.ufrj.br
2022-05-02 20:12:02,546 - DEBUG - [2]LetterSeqSample:Seq(xl)
2022-05-02 20:12:02,546 - DEBUG - xl
2022-05-02 20:12:02,546 - DEBUG - http://www.xl.ufrj.br
2022-05-02 20:12:02,572 - DEBUG - [2]LetterSeqSample:Seq(yb)
2022-05-02 20:12:02,572 - DEBUG - yb
2022-05-02 20:12:02,573 - DEBUG - http://www.yb.ufrj.br
2022-05-02 20:12:02,602 - DEBUG - [2]LetterSeqSample:Seq(tv)
2022-05-02 20:12:02,602 - DEBUG - tv
2022-05-02 20:12:02,603 - DEBUG - http://www.tv.ufrj.br
2022-05-02 20:12:02,627 - DEBUG - [2]LetterSeqSample:Seq(xx)
2022-05-02 20:12:02,627 - DEBUG - xx
2022-05-02 20:12:02,627 - DEBUG - http://www.xx.ufrj.br
2022-05-02 20:12:02,683 - DEBUG - [2]LetterSeqSample:Seq(hi)
2022-05-02 20:12:02,683 - DEBUG - hi
2022-05-02 20:12:02,683 - DEBUG - http://www.hi.ufrj.br
2022-05-02 20:12:02,739 - DEBUG - [2]LetterSeqSample:Seq(fo)
2022-05-02 20:12:02,740 - DEBUG - fo
2022-05-02 20:12:02,740 - DEBUG - http://www.fo.ufrj.br
2022-05-02 20:12:02,764 - DEBUG - [2]LetterSeqSample:Seq(kc)
2022-05-02 20:12:02,764 - DEBUG - kc
2022-05-02 20:12:02,764 - DEBUG - http://www.kc.ufrj.br
2022-05-02 20:12:02,794 - DEBUG - [2]LetterSeqSample:Seq(de)
2022-05-02 20:12:02,794 - DEBUG - de
2022-05-02 20:12:02,795 - DEBUG - http://www.de.ufrj.br
2022-05-02 20:12:02,865 - DEBUG - [2]LetterSeqSample:Seq(zr)
2022-05-02 20:12:02,866 - DEBUG - zr
2022-05-02 20:12:02,866 - DEBUG - http://www.zr.ufrj.br
2022-05-02 20:12:02,892 - DEBUG - [2]LetterSeqSample:Seq(hl)
2022-05-02 20:12:02,893 - DEBUG - hl
2022-05-02 20:12:02,893 - DEBUG - http://www.hl.ufrj.br
2022-05-02 20:12:02,917 - DEBUG - [2]LetterSeqSample:Seq(di)
2022-05-02 20:12:02,917 - DEBUG - di
2022-05-02 20:12:02,918 - DEBUG - http://www.di.ufrj.br
2022-05-02 20:12:02,944 - DEBUG - [2]LetterSeqSample:Seq(an)
2022-05-02 20:12:02,945 - DEBUG - an
2022-05-02 20:12:02,945 - DEBUG - http://www.an.ufrj.br
2022-05-02 20:12:02,972 - DEBUG - [2]LetterSeqSample:Seq(vi)
2022-05-02 20:12:02,972 - DEBUG - vi
2022-05-02 20:12:02,973 - DEBUG - http://www.vi.ufrj.br
2022-05-02 20:12:02,999 - DEBUG - [2]LetterSeqSample:Seq(vt)
2022-05-02 20:12:03,000 - DEBUG - vt
2022-05-02 20:12:03,000 - DEBUG - http://www.vt.ufrj.br
2022-05-02 20:12:03,050 - DEBUG - [2]LetterSeqSample:Seq(jn)
2022-05-02 20:12:03,051 - DEBUG - jn
2022-05-02 20:12:03,051 - DEBUG - http://www.jn.ufrj.br
2022-05-02 20:12:03,070 - DEBUG - [2]LetterSeqSample:Seq(dr)
2022-05-02 20:12:03,071 - DEBUG - dr
2022-05-02 20:12:03,071 - DEBUG - http://www.dr.ufrj.br
2022-05-02 20:12:03,094 - DEBUG - [2]LetterSeqSample:Seq(ov)
2022-05-02 20:12:03,095 - DEBUG - ov
2022-05-02 20:12:03,096 - DEBUG - http://www.ov.ufrj.br
2022-05-02 20:12:08,126 - DEBUG - [2]LetterSeqSample:Seq(fp)
2022-05-02 20:12:08,126 - DEBUG - fp
2022-05-02 20:12:08,127 - DEBUG - http://www.fp.ufrj.br
2022-05-02 20:12:08,149 - DEBUG - [2]LetterSeqSample:Seq(tp)
2022-05-02 20:12:08,150 - DEBUG - tp
2022-05-02 20:12:08,150 - DEBUG - http://www.tp.ufrj.br
2022-05-02 20:12:08,177 - DEBUG - [2]LetterSeqSample:Seq(fp)
2022-05-02 20:12:08,177 - DEBUG - fp
2022-05-02 20:12:08,177 - DEBUG - http://www.fp.ufrj.br
2022-05-02 20:12:08,203 - DEBUG - [2]LetterSeqSample:Seq(ym)
2022-05-02 20:12:08,203 - DEBUG - ym
2022-05-02 20:12:08,203 - DEBUG - http://www.ym.ufrj.br
2022-05-02 20:12:08,228 - DEBUG - [2]LetterSeqSample:Seq(hn)
2022-05-02 20:12:08,229 - DEBUG - hn
2022-05-02 20:12:08,229 - DEBUG - http://www.hn.ufrj.br
2022-05-02 20:12:08,258 - DEBUG - [2]LetterSeqSample:Seq(yh)
2022-05-02 20:12:08,258 - DEBUG - yh
2022-05-02 20:12:08,259 - DEBUG - http://www.yh.ufrj.br
2022-05-02 20:12:08,297 - DEBUG - [2]LetterSeqSample:Seq(pk)
2022-05-02 20:12:08,298 - DEBUG - pk
2022-05-02 20:12:08,298 - DEBUG - http://www.pk.ufrj.br
2022-05-02 20:12:08,331 - DEBUG - [2]LetterSeqSample:Seq(oz)
2022-05-02 20:12:08,332 - DEBUG - oz
2022-05-02 20:12:08,332 - DEBUG - http://www.oz.ufrj.br
