2022-05-02 20:07:51,824 - INFO - ***********************************************************
2022-05-02 20:07:51,825 - INFO - *** MCMC Helper                                         ***
2022-05-02 20:07:51,826 - INFO - *** Algoritmos de Monte Carlo e Cadeias de Markov 2022/1***
2022-05-02 20:07:51,827 - INFO - *** Aluno: Victor de Almeida Xavier                     ***
2022-05-02 20:07:51,827 - INFO - ***********************************************************
2022-05-02 20:07:51,827 - INFO - [INIT]Module:Experiment
2022-05-02 20:07:51,828 - INFO - Experimentos da Questão 7
2022-05-02 20:07:51,828 - INFO - SampleGen:montecarlo
2022-05-02 20:07:51,828 - INFO - Numero de execuções:5
2022-05-02 20:07:51,828 - INFO - Tamanho da sequencia:2
2022-05-02 20:07:51,829 - DEBUG - [2]LetterSeqSample:Seq(uy)
2022-05-02 20:07:51,829 - DEBUG - uy
2022-05-02 20:07:51,829 - DEBUG - http://www.uy.ufrj.br
2022-05-02 20:07:53,104 - DEBUG - [2]LetterSeqSample:Seq(fe)
2022-05-02 20:07:53,105 - DEBUG - fe
2022-05-02 20:07:53,105 - DEBUG - http://www.fe.ufrj.br
2022-05-02 20:07:54,517 - INFO - Found:http://www.fe.ufrj.br
2022-05-02 20:07:54,518 - INFO - [1]MonteCarloWWW:Count(2):Last(http://www.fe.ufrj.br)
2022-05-02 20:07:54,518 - DEBUG - [2]LetterSeqSample:Seq(sw)
2022-05-02 20:07:54,519 - DEBUG - sw
2022-05-02 20:07:54,519 - DEBUG - http://www.sw.ufrj.br
2022-05-02 20:07:54,544 - DEBUG - [2]LetterSeqSample:Seq(vj)
2022-05-02 20:07:54,544 - DEBUG - vj
2022-05-02 20:07:54,544 - DEBUG - http://www.vj.ufrj.br
2022-05-02 20:07:54,565 - DEBUG - [2]LetterSeqSample:Seq(od)
2022-05-02 20:07:54,565 - DEBUG - od
2022-05-02 20:07:54,565 - DEBUG - http://www.od.ufrj.br
2022-05-02 20:07:54,586 - DEBUG - [2]LetterSeqSample:Seq(ti)
2022-05-02 20:07:54,586 - DEBUG - ti
2022-05-02 20:07:54,587 - DEBUG - http://www.ti.ufrj.br
2022-05-02 20:07:54,611 - DEBUG - [2]LetterSeqSample:Seq(iq)
2022-05-02 20:07:54,611 - DEBUG - iq
2022-05-02 20:07:54,611 - DEBUG - http://www.iq.ufrj.br
2022-05-02 20:07:54,722 - DEBUG - [2]LetterSeqSample:Seq(hk)
2022-05-02 20:07:54,722 - DEBUG - hk
2022-05-02 20:07:54,723 - DEBUG - http://www.hk.ufrj.br
2022-05-02 20:07:57,179 - DEBUG - [2]LetterSeqSample:Seq(ww)
2022-05-02 20:07:57,179 - DEBUG - ww
2022-05-02 20:07:57,180 - DEBUG - http://www.ww.ufrj.br
2022-05-02 20:07:57,200 - DEBUG - [2]LetterSeqSample:Seq(gv)
2022-05-02 20:07:57,200 - DEBUG - gv
2022-05-02 20:07:57,201 - DEBUG - http://www.gv.ufrj.br
2022-05-02 20:07:57,224 - DEBUG - [2]LetterSeqSample:Seq(s)
2022-05-02 20:07:57,224 - DEBUG - s
2022-05-02 20:07:57,224 - DEBUG - http://www.s.ufrj.br
2022-05-02 20:07:57,248 - DEBUG - [2]LetterSeqSample:Seq(am)
2022-05-02 20:07:57,248 - DEBUG - am
2022-05-02 20:07:57,249 - DEBUG - http://www.am.ufrj.br
2022-05-02 20:07:59,702 - DEBUG - [2]LetterSeqSample:Seq(ws)
2022-05-02 20:07:59,702 - DEBUG - ws
2022-05-02 20:07:59,702 - DEBUG - http://www.ws.ufrj.br
2022-05-02 20:07:59,730 - DEBUG - [2]LetterSeqSample:Seq(gg)
2022-05-02 20:07:59,730 - DEBUG - gg
2022-05-02 20:07:59,730 - DEBUG - http://www.gg.ufrj.br
2022-05-02 20:07:59,758 - DEBUG - [2]LetterSeqSample:Seq(wb)
2022-05-02 20:07:59,759 - DEBUG - wb
2022-05-02 20:07:59,759 - DEBUG - http://www.wb.ufrj.br
2022-05-02 20:08:02,234 - DEBUG - [2]LetterSeqSample:Seq(d)
2022-05-02 20:08:02,234 - DEBUG - d
2022-05-02 20:08:02,235 - DEBUG - http://www.d.ufrj.br
2022-05-02 20:08:02,256 - DEBUG - [2]LetterSeqSample:Seq(gs)
2022-05-02 20:08:02,256 - DEBUG - gs
2022-05-02 20:08:02,256 - DEBUG - http://www.gs.ufrj.br
2022-05-02 20:08:02,278 - DEBUG - [2]LetterSeqSample:Seq(na)
2022-05-02 20:08:02,278 - DEBUG - na
2022-05-02 20:08:02,278 - DEBUG - http://www.na.ufrj.br
2022-05-02 20:08:02,348 - DEBUG - [2]LetterSeqSample:Seq(xm)
2022-05-02 20:08:02,348 - DEBUG - xm
2022-05-02 20:08:02,348 - DEBUG - http://www.xm.ufrj.br
2022-05-02 20:08:02,419 - DEBUG - [2]LetterSeqSample:Seq(af)
2022-05-02 20:08:02,419 - DEBUG - af
2022-05-02 20:08:02,420 - DEBUG - http://www.af.ufrj.br
2022-05-02 20:08:02,445 - DEBUG - [2]LetterSeqSample:Seq(am)
2022-05-02 20:08:02,446 - DEBUG - am
2022-05-02 20:08:02,446 - DEBUG - http://www.am.ufrj.br
2022-05-02 20:08:02,482 - DEBUG - [2]LetterSeqSample:Seq(fz)
2022-05-02 20:08:02,482 - DEBUG - fz
2022-05-02 20:08:02,483 - DEBUG - http://www.fz.ufrj.br
2022-05-02 20:08:02,563 - DEBUG - [2]LetterSeqSample:Seq(rb)
2022-05-02 20:08:02,564 - DEBUG - rb
2022-05-02 20:08:02,564 - DEBUG - http://www.rb.ufrj.br
2022-05-02 20:08:02,640 - DEBUG - [2]LetterSeqSample:Seq(r)
2022-05-02 20:08:02,641 - DEBUG - r
2022-05-02 20:08:02,641 - DEBUG - http://www.r.ufrj.br
2022-05-02 20:08:02,663 - DEBUG - [2]LetterSeqSample:Seq(oq)
2022-05-02 20:08:02,663 - DEBUG - oq
2022-05-02 20:08:02,664 - DEBUG - http://www.oq.ufrj.br
2022-05-02 20:08:02,704 - DEBUG - [2]LetterSeqSample:Seq(jr)
2022-05-02 20:08:02,704 - DEBUG - jr
2022-05-02 20:08:02,705 - DEBUG - http://www.jr.ufrj.br
2022-05-02 20:08:02,730 - DEBUG - [2]LetterSeqSample:Seq(rv)
2022-05-02 20:08:02,730 - DEBUG - rv
2022-05-02 20:08:02,730 - DEBUG - http://www.rv.ufrj.br
2022-05-02 20:08:03,992 - DEBUG - [2]LetterSeqSample:Seq(qo)
2022-05-02 20:08:03,993 - DEBUG - qo
2022-05-02 20:08:03,993 - DEBUG - http://www.qo.ufrj.br
2022-05-02 20:08:05,252 - DEBUG - [2]LetterSeqSample:Seq(up)
2022-05-02 20:08:05,253 - DEBUG - up
2022-05-02 20:08:05,253 - DEBUG - http://www.up.ufrj.br
2022-05-02 20:08:05,323 - DEBUG - [2]LetterSeqSample:Seq(lf)
2022-05-02 20:08:05,323 - DEBUG - lf
2022-05-02 20:08:05,324 - DEBUG - http://www.lf.ufrj.br
2022-05-02 20:08:05,347 - DEBUG - [2]LetterSeqSample:Seq(kk)
2022-05-02 20:08:05,347 - DEBUG - kk
2022-05-02 20:08:05,348 - DEBUG - http://www.kk.ufrj.br
2022-05-02 20:08:05,370 - DEBUG - [2]LetterSeqSample:Seq(jy)
2022-05-02 20:08:05,370 - DEBUG - jy
2022-05-02 20:08:05,370 - DEBUG - http://www.jy.ufrj.br
2022-05-02 20:08:06,624 - DEBUG - [2]LetterSeqSample:Seq(os)
2022-05-02 20:08:06,625 - DEBUG - os
2022-05-02 20:08:06,625 - DEBUG - http://www.os.ufrj.br
2022-05-02 20:08:06,644 - DEBUG - [2]LetterSeqSample:Seq(ya)
2022-05-02 20:08:06,644 - DEBUG - ya
2022-05-02 20:08:06,645 - DEBUG - http://www.ya.ufrj.br
2022-05-02 20:08:06,716 - DEBUG - [2]LetterSeqSample:Seq(qy)
2022-05-02 20:08:06,717 - DEBUG - qy
2022-05-02 20:08:06,717 - DEBUG - http://www.qy.ufrj.br
2022-05-02 20:08:06,748 - DEBUG - [2]LetterSeqSample:Seq(aq)
2022-05-02 20:08:06,748 - DEBUG - aq
2022-05-02 20:08:06,749 - DEBUG - http://www.aq.ufrj.br
2022-05-02 20:08:06,770 - DEBUG - [2]LetterSeqSample:Seq(nm)
2022-05-02 20:08:06,771 - DEBUG - nm
2022-05-02 20:08:06,771 - DEBUG - http://www.nm.ufrj.br
2022-05-02 20:08:06,795 - DEBUG - [2]LetterSeqSample:Seq(lf)
2022-05-02 20:08:06,796 - DEBUG - lf
2022-05-02 20:08:06,796 - DEBUG - http://www.lf.ufrj.br
2022-05-02 20:08:06,820 - DEBUG - [2]LetterSeqSample:Seq(uh)
2022-05-02 20:08:06,820 - DEBUG - uh
2022-05-02 20:08:06,820 - DEBUG - http://www.uh.ufrj.br
2022-05-02 20:08:06,848 - DEBUG - [2]LetterSeqSample:Seq(ue)
2022-05-02 20:08:06,848 - DEBUG - ue
2022-05-02 20:08:06,849 - DEBUG - http://www.ue.ufrj.br
2022-05-02 20:08:06,869 - DEBUG - [2]LetterSeqSample:Seq(nv)
2022-05-02 20:08:06,869 - DEBUG - nv
2022-05-02 20:08:06,869 - DEBUG - http://www.nv.ufrj.br
2022-05-02 20:08:09,325 - DEBUG - [2]LetterSeqSample:Seq(vl)
2022-05-02 20:08:09,325 - DEBUG - vl
2022-05-02 20:08:09,326 - DEBUG - http://www.vl.ufrj.br
2022-05-02 20:08:09,392 - DEBUG - [2]LetterSeqSample:Seq(gf)
2022-05-02 20:08:09,392 - DEBUG - gf
2022-05-02 20:08:09,393 - DEBUG - http://www.gf.ufrj.br
2022-05-02 20:08:09,429 - DEBUG - [2]LetterSeqSample:Seq(cp)
2022-05-02 20:08:09,430 - DEBUG - cp
2022-05-02 20:08:09,430 - DEBUG - http://www.cp.ufrj.br
2022-05-02 20:08:09,468 - DEBUG - [2]LetterSeqSample:Seq(tu)
2022-05-02 20:08:09,468 - DEBUG - tu
2022-05-02 20:08:09,469 - DEBUG - http://www.tu.ufrj.br
2022-05-02 20:08:09,499 - DEBUG - [2]LetterSeqSample:Seq(k)
2022-05-02 20:08:09,500 - DEBUG - k
2022-05-02 20:08:09,500 - DEBUG - http://www.k.ufrj.br
2022-05-02 20:08:09,527 - DEBUG - [2]LetterSeqSample:Seq(us)
2022-05-02 20:08:09,527 - DEBUG - us
2022-05-02 20:08:09,528 - DEBUG - http://www.us.ufrj.br
2022-05-02 20:08:09,554 - DEBUG - [2]LetterSeqSample:Seq(ct)
2022-05-02 20:08:09,555 - DEBUG - ct
2022-05-02 20:08:09,555 - DEBUG - http://www.ct.ufrj.br
2022-05-02 20:08:09,677 - DEBUG - [2]LetterSeqSample:Seq(tp)
2022-05-02 20:08:09,677 - DEBUG - tp
2022-05-02 20:08:09,678 - DEBUG - http://www.tp.ufrj.br
2022-05-02 20:08:09,701 - DEBUG - [2]LetterSeqSample:Seq(rm)
2022-05-02 20:08:09,701 - DEBUG - rm
2022-05-02 20:08:09,701 - DEBUG - http://www.rm.ufrj.br
2022-05-02 20:08:09,720 - DEBUG - [2]LetterSeqSample:Seq(vi)
2022-05-02 20:08:09,720 - DEBUG - vi
2022-05-02 20:08:09,720 - DEBUG - http://www.vi.ufrj.br
2022-05-02 20:08:09,743 - DEBUG - [2]LetterSeqSample:Seq(s)
2022-05-02 20:08:09,743 - DEBUG - s
2022-05-02 20:08:09,744 - DEBUG - http://www.s.ufrj.br
2022-05-02 20:08:09,766 - DEBUG - [2]LetterSeqSample:Seq(yo)
2022-05-02 20:08:09,766 - DEBUG - yo
2022-05-02 20:08:09,766 - DEBUG - http://www.yo.ufrj.br
2022-05-02 20:08:09,796 - DEBUG - [2]LetterSeqSample:Seq(sw)
2022-05-02 20:08:09,796 - DEBUG - sw
2022-05-02 20:08:09,796 - DEBUG - http://www.sw.ufrj.br
2022-05-02 20:08:09,819 - DEBUG - [2]LetterSeqSample:Seq(rn)
2022-05-02 20:08:09,820 - DEBUG - rn
2022-05-02 20:08:09,820 - DEBUG - http://www.rn.ufrj.br
2022-05-02 20:08:09,847 - DEBUG - [2]LetterSeqSample:Seq(fp)
2022-05-02 20:08:09,847 - DEBUG - fp
2022-05-02 20:08:09,847 - DEBUG - http://www.fp.ufrj.br
2022-05-02 20:08:09,874 - DEBUG - [2]LetterSeqSample:Seq(gp)
2022-05-02 20:08:09,875 - DEBUG - gp
2022-05-02 20:08:09,876 - DEBUG - http://www.gp.ufrj.br
2022-05-02 20:08:09,907 - DEBUG - [2]LetterSeqSample:Seq(jw)
2022-05-02 20:08:09,908 - DEBUG - jw
2022-05-02 20:08:09,908 - DEBUG - http://www.jw.ufrj.br
2022-05-02 20:08:09,933 - DEBUG - [2]LetterSeqSample:Seq(dk)
2022-05-02 20:08:09,934 - DEBUG - dk
2022-05-02 20:08:09,934 - DEBUG - http://www.dk.ufrj.br
2022-05-02 20:08:09,976 - DEBUG - [2]LetterSeqSample:Seq(hd)
2022-05-02 20:08:09,977 - DEBUG - hd
2022-05-02 20:08:09,977 - DEBUG - http://www.hd.ufrj.br
2022-05-02 20:08:10,005 - DEBUG - [2]LetterSeqSample:Seq(rq)
2022-05-02 20:08:10,005 - DEBUG - rq
2022-05-02 20:08:10,005 - DEBUG - http://www.rq.ufrj.br
2022-05-02 20:08:10,080 - DEBUG - [2]LetterSeqSample:Seq(fw)
2022-05-02 20:08:10,080 - DEBUG - fw
2022-05-02 20:08:10,081 - DEBUG - http://www.fw.ufrj.br
2022-05-02 20:08:10,114 - DEBUG - [2]LetterSeqSample:Seq(lv)
2022-05-02 20:08:10,114 - DEBUG - lv
2022-05-02 20:08:10,115 - DEBUG - http://www.lv.ufrj.br
2022-05-02 20:08:10,144 - DEBUG - [2]LetterSeqSample:Seq(bl)
2022-05-02 20:08:10,145 - DEBUG - bl
2022-05-02 20:08:10,145 - DEBUG - http://www.bl.ufrj.br
2022-05-02 20:08:10,180 - DEBUG - [2]LetterSeqSample:Seq(he)
2022-05-02 20:08:10,181 - DEBUG - he
2022-05-02 20:08:10,181 - DEBUG - http://www.he.ufrj.br
2022-05-02 20:08:10,209 - DEBUG - [2]LetterSeqSample:Seq(hx)
2022-05-02 20:08:10,209 - DEBUG - hx
2022-05-02 20:08:10,210 - DEBUG - http://www.hx.ufrj.br
2022-05-02 20:08:10,240 - DEBUG - [2]LetterSeqSample:Seq(ph)
2022-05-02 20:08:10,241 - DEBUG - ph
2022-05-02 20:08:10,241 - DEBUG - http://www.ph.ufrj.br
2022-05-02 20:08:12,713 - DEBUG - [2]LetterSeqSample:Seq(po)
2022-05-02 20:08:12,714 - DEBUG - po
2022-05-02 20:08:12,714 - DEBUG - http://www.po.ufrj.br
2022-05-02 20:08:12,804 - DEBUG - [2]LetterSeqSample:Seq(fw)
2022-05-02 20:08:12,805 - DEBUG - fw
2022-05-02 20:08:12,805 - DEBUG - http://www.fw.ufrj.br
2022-05-02 20:08:12,826 - DEBUG - [2]LetterSeqSample:Seq(bs)
2022-05-02 20:08:12,826 - DEBUG - bs
2022-05-02 20:08:12,827 - DEBUG - http://www.bs.ufrj.br
2022-05-02 20:08:12,848 - DEBUG - [2]LetterSeqSample:Seq(w)
2022-05-02 20:08:12,848 - DEBUG - w
2022-05-02 20:08:12,848 - DEBUG - http://www.w.ufrj.br
2022-05-02 20:08:12,870 - DEBUG - [2]LetterSeqSample:Seq(wn)
2022-05-02 20:08:12,871 - DEBUG - wn
2022-05-02 20:08:12,871 - DEBUG - http://www.wn.ufrj.br
2022-05-02 20:08:14,126 - DEBUG - [2]LetterSeqSample:Seq(bw)
2022-05-02 20:08:14,126 - DEBUG - bw
2022-05-02 20:08:14,126 - DEBUG - http://www.bw.ufrj.br
2022-05-02 20:08:14,194 - DEBUG - [2]LetterSeqSample:Seq(ke)
2022-05-02 20:08:14,195 - DEBUG - ke
2022-05-02 20:08:14,195 - DEBUG - http://www.ke.ufrj.br
2022-05-02 20:08:14,216 - DEBUG - [2]LetterSeqSample:Seq(xc)
2022-05-02 20:08:14,216 - DEBUG - xc
2022-05-02 20:08:14,216 - DEBUG - http://www.xc.ufrj.br
2022-05-02 20:08:15,481 - DEBUG - [2]LetterSeqSample:Seq(wy)
2022-05-02 20:08:15,481 - DEBUG - wy
2022-05-02 20:08:15,482 - DEBUG - http://www.wy.ufrj.br
2022-05-02 20:08:16,739 - DEBUG - [2]LetterSeqSample:Seq(mh)
2022-05-02 20:08:16,739 - DEBUG - mh
2022-05-02 20:08:16,739 - DEBUG - http://www.mh.ufrj.br
2022-05-02 20:08:19,191 - DEBUG - [2]LetterSeqSample:Seq(ey)
2022-05-02 20:08:19,191 - DEBUG - ey
2022-05-02 20:08:19,192 - DEBUG - http://www.ey.ufrj.br
2022-05-02 20:08:19,219 - DEBUG - [2]LetterSeqSample:Seq(mc)
2022-05-02 20:08:19,219 - DEBUG - mc
2022-05-02 20:08:19,219 - DEBUG - http://www.mc.ufrj.br
2022-05-02 20:08:20,492 - DEBUG - [2]LetterSeqSample:Seq(sn)
2022-05-02 20:08:20,492 - DEBUG - sn
2022-05-02 20:08:20,492 - DEBUG - http://www.sn.ufrj.br
2022-05-02 20:08:20,567 - DEBUG - [2]LetterSeqSample:Seq(ru)
2022-05-02 20:08:20,568 - DEBUG - ru
2022-05-02 20:08:20,568 - DEBUG - http://www.ru.ufrj.br
2022-05-02 20:08:20,727 - DEBUG - [2]LetterSeqSample:Seq(af)
2022-05-02 20:08:20,727 - DEBUG - af
2022-05-02 20:08:20,727 - DEBUG - http://www.af.ufrj.br
2022-05-02 20:08:20,749 - DEBUG - [2]LetterSeqSample:Seq(mi)
2022-05-02 20:08:20,750 - DEBUG - mi
2022-05-02 20:08:20,750 - DEBUG - http://www.mi.ufrj.br
2022-05-02 20:08:22,006 - DEBUG - [2]LetterSeqSample:Seq(jc)
2022-05-02 20:08:22,006 - DEBUG - jc
2022-05-02 20:08:22,006 - DEBUG - http://www.jc.ufrj.br
2022-05-02 20:08:24,459 - DEBUG - [2]LetterSeqSample:Seq(jb)
2022-05-02 20:08:24,459 - DEBUG - jb
2022-05-02 20:08:24,460 - DEBUG - http://www.jb.ufrj.br
2022-05-02 20:08:24,490 - DEBUG - [2]LetterSeqSample:Seq(as)
2022-05-02 20:08:24,491 - DEBUG - as
2022-05-02 20:08:24,491 - DEBUG - http://www.as.ufrj.br
2022-05-02 20:08:26,954 - DEBUG - [2]LetterSeqSample:Seq(ys)
2022-05-02 20:08:26,954 - DEBUG - ys
2022-05-02 20:08:26,954 - DEBUG - http://www.ys.ufrj.br
2022-05-02 20:08:26,980 - DEBUG - [2]LetterSeqSample:Seq(oj)
2022-05-02 20:08:26,980 - DEBUG - oj
2022-05-02 20:08:26,981 - DEBUG - http://www.oj.ufrj.br
2022-05-02 20:08:27,003 - DEBUG - [2]LetterSeqSample:Seq(fk)
2022-05-02 20:08:27,004 - DEBUG - fk
2022-05-02 20:08:27,004 - DEBUG - http://www.fk.ufrj.br
2022-05-02 20:08:27,079 - DEBUG - [2]LetterSeqSample:Seq(yd)
2022-05-02 20:08:27,079 - DEBUG - yd
2022-05-02 20:08:27,079 - DEBUG - http://www.yd.ufrj.br
2022-05-02 20:08:27,109 - DEBUG - [2]LetterSeqSample:Seq(ge)
2022-05-02 20:08:27,109 - DEBUG - ge
2022-05-02 20:08:27,110 - DEBUG - http://www.ge.ufrj.br
2022-05-02 20:08:27,136 - DEBUG - [2]LetterSeqSample:Seq(ph)
2022-05-02 20:08:27,137 - DEBUG - ph
2022-05-02 20:08:27,137 - DEBUG - http://www.ph.ufrj.br
2022-05-02 20:08:27,159 - DEBUG - [2]LetterSeqSample:Seq(uc)
2022-05-02 20:08:27,159 - DEBUG - uc
2022-05-02 20:08:27,160 - DEBUG - http://www.uc.ufrj.br
2022-05-02 20:08:27,182 - DEBUG - [2]LetterSeqSample:Seq(bp)
2022-05-02 20:08:27,183 - DEBUG - bp
2022-05-02 20:08:27,183 - DEBUG - http://www.bp.ufrj.br
2022-05-02 20:08:27,208 - DEBUG - [2]LetterSeqSample:Seq(sx)
2022-05-02 20:08:27,208 - DEBUG - sx
2022-05-02 20:08:27,209 - DEBUG - http://www.sx.ufrj.br
2022-05-02 20:08:27,237 - DEBUG - [2]LetterSeqSample:Seq(r)
2022-05-02 20:08:27,237 - DEBUG - r
2022-05-02 20:08:27,238 - DEBUG - http://www.r.ufrj.br
2022-05-02 20:08:27,265 - DEBUG - [2]LetterSeqSample:Seq(hk)
2022-05-02 20:08:27,266 - DEBUG - hk
2022-05-02 20:08:27,267 - DEBUG - http://www.hk.ufrj.br
2022-05-02 20:08:27,294 - DEBUG - [2]LetterSeqSample:Seq(gm)
2022-05-02 20:08:27,295 - DEBUG - gm
2022-05-02 20:08:27,295 - DEBUG - http://www.gm.ufrj.br
2022-05-02 20:08:27,320 - DEBUG - [2]LetterSeqSample:Seq(ub)
2022-05-02 20:08:27,320 - DEBUG - ub
2022-05-02 20:08:27,321 - DEBUG - http://www.ub.ufrj.br
2022-05-02 20:08:28,594 - DEBUG - [2]LetterSeqSample:Seq(gr)
2022-05-02 20:08:28,595 - DEBUG - gr
2022-05-02 20:08:28,595 - DEBUG - http://www.gr.ufrj.br
2022-05-02 20:08:28,616 - DEBUG - [2]LetterSeqSample:Seq(nu)
2022-05-02 20:08:28,616 - DEBUG - nu
2022-05-02 20:08:28,617 - DEBUG - http://www.nu.ufrj.br
2022-05-02 20:08:28,638 - DEBUG - [2]LetterSeqSample:Seq(xl)
2022-05-02 20:08:28,638 - DEBUG - xl
2022-05-02 20:08:28,639 - DEBUG - http://www.xl.ufrj.br
2022-05-02 20:08:28,659 - DEBUG - [2]LetterSeqSample:Seq(fw)
2022-05-02 20:08:28,660 - DEBUG - fw
2022-05-02 20:08:28,660 - DEBUG - http://www.fw.ufrj.br
2022-05-02 20:08:28,682 - DEBUG - [2]LetterSeqSample:Seq(bk)
2022-05-02 20:08:28,683 - DEBUG - bk
2022-05-02 20:08:28,683 - DEBUG - http://www.bk.ufrj.br
2022-05-02 20:08:28,754 - DEBUG - [2]LetterSeqSample:Seq(xg)
2022-05-02 20:08:28,755 - DEBUG - xg
2022-05-02 20:08:28,755 - DEBUG - http://www.xg.ufrj.br
2022-05-02 20:08:28,823 - DEBUG - [2]LetterSeqSample:Seq(ll)
2022-05-02 20:08:28,823 - DEBUG - ll
2022-05-02 20:08:28,823 - DEBUG - http://www.ll.ufrj.br
2022-05-02 20:08:28,847 - DEBUG - [2]LetterSeqSample:Seq(l)
2022-05-02 20:08:28,847 - DEBUG - l
2022-05-02 20:08:28,848 - DEBUG - http://www.l.ufrj.br
2022-05-02 20:08:28,873 - DEBUG - [2]LetterSeqSample:Seq(pa)
2022-05-02 20:08:28,873 - DEBUG - pa
2022-05-02 20:08:28,874 - DEBUG - http://www.pa.ufrj.br
2022-05-02 20:08:28,896 - DEBUG - [2]LetterSeqSample:Seq(uo)
2022-05-02 20:08:28,896 - DEBUG - uo
2022-05-02 20:08:28,896 - DEBUG - http://www.uo.ufrj.br
2022-05-02 20:08:30,158 - DEBUG - [2]LetterSeqSample:Seq(am)
2022-05-02 20:08:30,158 - DEBUG - am
2022-05-02 20:08:30,158 - DEBUG - http://www.am.ufrj.br
2022-05-02 20:08:30,187 - DEBUG - [2]LetterSeqSample:Seq(qg)
2022-05-02 20:08:30,188 - DEBUG - qg
2022-05-02 20:08:30,188 - DEBUG - http://www.qg.ufrj.br
2022-05-02 20:08:32,667 - DEBUG - [2]LetterSeqSample:Seq(dn)
2022-05-02 20:08:32,668 - DEBUG - dn
2022-05-02 20:08:32,668 - DEBUG - http://www.dn.ufrj.br
2022-05-02 20:08:32,695 - DEBUG - [2]LetterSeqSample:Seq(pq)
2022-05-02 20:08:32,696 - DEBUG - pq
2022-05-02 20:08:32,696 - DEBUG - http://www.pq.ufrj.br
2022-05-02 20:08:32,719 - DEBUG - [2]LetterSeqSample:Seq(wq)
2022-05-02 20:08:32,720 - DEBUG - wq
2022-05-02 20:08:32,720 - DEBUG - http://www.wq.ufrj.br
2022-05-02 20:08:32,747 - DEBUG - [2]LetterSeqSample:Seq(cg)
2022-05-02 20:08:32,747 - DEBUG - cg
2022-05-02 20:08:32,747 - DEBUG - http://www.cg.ufrj.br
2022-05-02 20:08:32,773 - DEBUG - [2]LetterSeqSample:Seq(zj)
2022-05-02 20:08:32,773 - DEBUG - zj
2022-05-02 20:08:32,774 - DEBUG - http://www.zj.ufrj.br
2022-05-02 20:08:32,798 - DEBUG - [2]LetterSeqSample:Seq(fa)
2022-05-02 20:08:32,799 - DEBUG - fa
2022-05-02 20:08:32,799 - DEBUG - http://www.fa.ufrj.br
2022-05-02 20:08:35,258 - DEBUG - [2]LetterSeqSample:Seq(yp)
2022-05-02 20:08:35,258 - DEBUG - yp
2022-05-02 20:08:35,259 - DEBUG - http://www.yp.ufrj.br
2022-05-02 20:08:36,526 - DEBUG - [2]LetterSeqSample:Seq(ef)
2022-05-02 20:08:36,527 - DEBUG - ef
2022-05-02 20:08:36,527 - DEBUG - http://www.ef.ufrj.br
2022-05-02 20:08:36,550 - DEBUG - [2]LetterSeqSample:Seq(r)
2022-05-02 20:08:36,550 - DEBUG - r
2022-05-02 20:08:36,550 - DEBUG - http://www.r.ufrj.br
2022-05-02 20:08:36,571 - DEBUG - [2]LetterSeqSample:Seq(wo)
2022-05-02 20:08:36,572 - DEBUG - wo
2022-05-02 20:08:36,572 - DEBUG - http://www.wo.ufrj.br
2022-05-02 20:08:36,639 - DEBUG - [2]LetterSeqSample:Seq(sc)
2022-05-02 20:08:36,639 - DEBUG - sc
2022-05-02 20:08:36,640 - DEBUG - http://www.sc.ufrj.br
2022-05-02 20:08:36,706 - DEBUG - [2]LetterSeqSample:Seq(cg)
2022-05-02 20:08:36,707 - DEBUG - cg
2022-05-02 20:08:36,707 - DEBUG - http://www.cg.ufrj.br
2022-05-02 20:08:36,730 - DEBUG - [2]LetterSeqSample:Seq(af)
2022-05-02 20:08:36,731 - DEBUG - af
2022-05-02 20:08:36,731 - DEBUG - http://www.af.ufrj.br
2022-05-02 20:08:36,758 - DEBUG - [2]LetterSeqSample:Seq(zn)
2022-05-02 20:08:36,758 - DEBUG - zn
2022-05-02 20:08:36,759 - DEBUG - http://www.zn.ufrj.br
2022-05-02 20:08:36,787 - DEBUG - [2]LetterSeqSample:Seq(hp)
2022-05-02 20:08:36,787 - DEBUG - hp
2022-05-02 20:08:36,787 - DEBUG - http://www.hp.ufrj.br
2022-05-02 20:08:38,051 - DEBUG - [2]LetterSeqSample:Seq(on)
2022-05-02 20:08:38,052 - DEBUG - on
2022-05-02 20:08:38,052 - DEBUG - http://www.on.ufrj.br
2022-05-02 20:08:38,080 - DEBUG - [2]LetterSeqSample:Seq(kx)
2022-05-02 20:08:38,080 - DEBUG - kx
2022-05-02 20:08:38,081 - DEBUG - http://www.kx.ufrj.br
2022-05-02 20:08:38,108 - DEBUG - [2]LetterSeqSample:Seq(rh)
2022-05-02 20:08:38,109 - DEBUG - rh
2022-05-02 20:08:38,110 - DEBUG - http://www.rh.ufrj.br
2022-05-02 20:08:38,140 - DEBUG - [2]LetterSeqSample:Seq(b)
2022-05-02 20:08:38,141 - DEBUG - b
2022-05-02 20:08:38,141 - DEBUG - http://www.b.ufrj.br
2022-05-02 20:08:38,168 - DEBUG - [2]LetterSeqSample:Seq(ao)
2022-05-02 20:08:38,168 - DEBUG - ao
2022-05-02 20:08:38,169 - DEBUG - http://www.ao.ufrj.br
2022-05-02 20:08:38,239 - DEBUG - [2]LetterSeqSample:Seq(zu)
2022-05-02 20:08:38,240 - DEBUG - zu
2022-05-02 20:08:38,240 - DEBUG - http://www.zu.ufrj.br
2022-05-02 20:08:38,265 - DEBUG - [2]LetterSeqSample:Seq(ei)
2022-05-02 20:08:38,266 - DEBUG - ei
2022-05-02 20:08:38,266 - DEBUG - http://www.ei.ufrj.br
2022-05-02 20:08:40,743 - DEBUG - [2]LetterSeqSample:Seq()
2022-05-02 20:08:40,743 - INFO - [2]MonteCarloWWW:Count(132):Last(http://www.ufrj.br)
2022-05-02 20:08:40,743 - DEBUG - [2]LetterSeqSample:Seq(ep)
2022-05-02 20:08:40,744 - DEBUG - ep
2022-05-02 20:08:40,744 - DEBUG - http://www.ep.ufrj.br
2022-05-02 20:08:40,774 - DEBUG - [2]LetterSeqSample:Seq(nc)
2022-05-02 20:08:40,775 - DEBUG - nc
2022-05-02 20:08:40,775 - DEBUG - http://www.nc.ufrj.br
2022-05-02 20:08:40,808 - DEBUG - [2]LetterSeqSample:Seq(j)
2022-05-02 20:08:40,808 - DEBUG - j
2022-05-02 20:08:40,809 - DEBUG - http://www.j.ufrj.br
2022-05-02 20:08:40,841 - DEBUG - [2]LetterSeqSample:Seq(ka)
2022-05-02 20:08:40,841 - DEBUG - ka
2022-05-02 20:08:40,841 - DEBUG - http://www.ka.ufrj.br
2022-05-02 20:08:40,915 - DEBUG - [2]LetterSeqSample:Seq(al)
2022-05-02 20:08:40,915 - DEBUG - al
2022-05-02 20:08:40,915 - DEBUG - http://www.al.ufrj.br
2022-05-02 20:08:40,938 - DEBUG - [2]LetterSeqSample:Seq(lj)
2022-05-02 20:08:40,939 - DEBUG - lj
2022-05-02 20:08:40,939 - DEBUG - http://www.lj.ufrj.br
2022-05-02 20:08:42,198 - DEBUG - [2]LetterSeqSample:Seq(mz)
2022-05-02 20:08:42,200 - DEBUG - mz
2022-05-02 20:08:42,201 - DEBUG - http://www.mz.ufrj.br
2022-05-02 20:08:42,271 - DEBUG - [2]LetterSeqSample:Seq(h)
2022-05-02 20:08:42,272 - DEBUG - h
2022-05-02 20:08:42,273 - DEBUG - http://www.h.ufrj.br
2022-05-02 20:08:43,559 - DEBUG - [2]LetterSeqSample:Seq(se)
2022-05-02 20:08:43,559 - DEBUG - se
2022-05-02 20:08:43,559 - DEBUG - http://www.se.ufrj.br
2022-05-02 20:08:43,580 - DEBUG - [2]LetterSeqSample:Seq(dn)
2022-05-02 20:08:43,580 - DEBUG - dn
2022-05-02 20:08:43,580 - DEBUG - http://www.dn.ufrj.br
2022-05-02 20:08:43,600 - DEBUG - [2]LetterSeqSample:Seq(pi)
2022-05-02 20:08:43,600 - DEBUG - pi
2022-05-02 20:08:43,601 - DEBUG - http://www.pi.ufrj.br
2022-05-02 20:08:43,622 - DEBUG - [2]LetterSeqSample:Seq(tc)
2022-05-02 20:08:43,622 - DEBUG - tc
2022-05-02 20:08:43,622 - DEBUG - http://www.tc.ufrj.br
2022-05-02 20:08:43,643 - DEBUG - [2]LetterSeqSample:Seq(sk)
2022-05-02 20:08:43,643 - DEBUG - sk
2022-05-02 20:08:43,643 - DEBUG - http://www.sk.ufrj.br
2022-05-02 20:08:43,664 - DEBUG - [2]LetterSeqSample:Seq(mv)
2022-05-02 20:08:43,664 - DEBUG - mv
2022-05-02 20:08:43,665 - DEBUG - http://www.mv.ufrj.br
2022-05-02 20:08:43,731 - DEBUG - [2]LetterSeqSample:Seq(kb)
2022-05-02 20:08:43,731 - DEBUG - kb
2022-05-02 20:08:43,731 - DEBUG - http://www.kb.ufrj.br
2022-05-02 20:08:43,755 - DEBUG - [2]LetterSeqSample:Seq(um)
2022-05-02 20:08:43,755 - DEBUG - um
2022-05-02 20:08:43,756 - DEBUG - http://www.um.ufrj.br
2022-05-02 20:08:43,823 - DEBUG - [2]LetterSeqSample:Seq(ba)
2022-05-02 20:08:43,823 - DEBUG - ba
2022-05-02 20:08:43,823 - DEBUG - http://www.ba.ufrj.br
2022-05-02 20:08:43,846 - DEBUG - [2]LetterSeqSample:Seq(nc)
2022-05-02 20:08:43,847 - DEBUG - nc
2022-05-02 20:08:43,847 - DEBUG - http://www.nc.ufrj.br
2022-05-02 20:08:43,867 - DEBUG - [2]LetterSeqSample:Seq(ax)
2022-05-02 20:08:43,867 - DEBUG - ax
2022-05-02 20:08:43,867 - DEBUG - http://www.ax.ufrj.br
2022-05-02 20:08:43,935 - DEBUG - [2]LetterSeqSample:Seq(su)
2022-05-02 20:08:43,935 - DEBUG - su
2022-05-02 20:08:43,936 - DEBUG - http://www.su.ufrj.br
2022-05-02 20:08:43,955 - DEBUG - [2]LetterSeqSample:Seq(tq)
2022-05-02 20:08:43,956 - DEBUG - tq
2022-05-02 20:08:43,956 - DEBUG - http://www.tq.ufrj.br
2022-05-02 20:08:43,979 - DEBUG - [2]LetterSeqSample:Seq(mb)
2022-05-02 20:08:43,979 - DEBUG - mb
2022-05-02 20:08:43,979 - DEBUG - http://www.mb.ufrj.br
2022-05-02 20:08:46,433 - DEBUG - [2]LetterSeqSample:Seq(yj)
2022-05-02 20:08:46,433 - DEBUG - yj
2022-05-02 20:08:46,434 - DEBUG - http://www.yj.ufrj.br
2022-05-02 20:08:46,458 - DEBUG - [2]LetterSeqSample:Seq(ly)
2022-05-02 20:08:46,459 - DEBUG - ly
2022-05-02 20:08:46,459 - DEBUG - http://www.ly.ufrj.br
2022-05-02 20:08:46,483 - DEBUG - [2]LetterSeqSample:Seq(ro)
2022-05-02 20:08:46,483 - DEBUG - ro
2022-05-02 20:08:46,484 - DEBUG - http://www.ro.ufrj.br
2022-05-02 20:08:46,551 - DEBUG - [2]LetterSeqSample:Seq(og)
2022-05-02 20:08:46,551 - DEBUG - og
2022-05-02 20:08:46,551 - DEBUG - http://www.og.ufrj.br
2022-05-02 20:08:46,624 - DEBUG - [2]LetterSeqSample:Seq(xp)
2022-05-02 20:08:46,625 - DEBUG - xp
2022-05-02 20:08:46,626 - DEBUG - http://www.xp.ufrj.br
2022-05-02 20:08:46,649 - DEBUG - [2]LetterSeqSample:Seq(vk)
2022-05-02 20:08:46,650 - DEBUG - vk
2022-05-02 20:08:46,650 - DEBUG - http://www.vk.ufrj.br
2022-05-02 20:08:46,727 - DEBUG - [2]LetterSeqSample:Seq(lr)
2022-05-02 20:08:46,728 - DEBUG - lr
2022-05-02 20:08:46,728 - DEBUG - http://www.lr.ufrj.br
2022-05-02 20:08:46,753 - DEBUG - [2]LetterSeqSample:Seq(p)
2022-05-02 20:08:46,754 - DEBUG - p
2022-05-02 20:08:46,754 - DEBUG - http://www.p.ufrj.br
2022-05-02 20:08:46,780 - DEBUG - [2]LetterSeqSample:Seq(x)
2022-05-02 20:08:46,781 - DEBUG - x
2022-05-02 20:08:46,781 - DEBUG - http://www.x.ufrj.br
2022-05-02 20:08:46,813 - DEBUG - [2]LetterSeqSample:Seq(jb)
2022-05-02 20:08:46,814 - DEBUG - jb
2022-05-02 20:08:46,814 - DEBUG - http://www.jb.ufrj.br
2022-05-02 20:08:46,840 - DEBUG - [2]LetterSeqSample:Seq(ip)
2022-05-02 20:08:46,841 - DEBUG - ip
2022-05-02 20:08:46,841 - DEBUG - http://www.ip.ufrj.br
2022-05-02 20:08:46,923 - DEBUG - [2]LetterSeqSample:Seq(vd)
2022-05-02 20:08:46,924 - DEBUG - vd
2022-05-02 20:08:46,924 - DEBUG - http://www.vd.ufrj.br
2022-05-02 20:08:48,178 - DEBUG - [2]LetterSeqSample:Seq(mm)
2022-05-02 20:08:48,179 - DEBUG - mm
2022-05-02 20:08:48,179 - DEBUG - http://www.mm.ufrj.br
2022-05-02 20:08:48,262 - DEBUG - [2]LetterSeqSample:Seq(if)
2022-05-02 20:08:48,263 - DEBUG - if
2022-05-02 20:08:48,263 - DEBUG - http://www.if.ufrj.br
2022-05-02 20:08:48,379 - DEBUG - [2]LetterSeqSample:Seq(h)
2022-05-02 20:08:48,380 - DEBUG - h
2022-05-02 20:08:48,380 - DEBUG - http://www.h.ufrj.br
2022-05-02 20:08:48,401 - DEBUG - [2]LetterSeqSample:Seq(yh)
2022-05-02 20:08:48,401 - DEBUG - yh
2022-05-02 20:08:48,402 - DEBUG - http://www.yh.ufrj.br
2022-05-02 20:08:48,433 - DEBUG - [2]LetterSeqSample:Seq(it)
2022-05-02 20:08:48,434 - DEBUG - it
2022-05-02 20:08:48,434 - DEBUG - http://www.it.ufrj.br
2022-05-02 20:08:48,457 - DEBUG - [2]LetterSeqSample:Seq(sm)
2022-05-02 20:08:48,458 - DEBUG - sm
2022-05-02 20:08:48,458 - DEBUG - http://www.sm.ufrj.br
2022-05-02 20:08:48,484 - DEBUG - [2]LetterSeqSample:Seq(bk)
2022-05-02 20:08:48,484 - DEBUG - bk
2022-05-02 20:08:48,485 - DEBUG - http://www.bk.ufrj.br
2022-05-02 20:08:48,509 - DEBUG - [2]LetterSeqSample:Seq(hr)
2022-05-02 20:08:48,509 - DEBUG - hr
2022-05-02 20:08:48,510 - DEBUG - http://www.hr.ufrj.br
2022-05-02 20:08:50,977 - DEBUG - [2]LetterSeqSample:Seq(hd)
2022-05-02 20:08:50,977 - DEBUG - hd
2022-05-02 20:08:50,978 - DEBUG - http://www.hd.ufrj.br
2022-05-02 20:08:51,003 - DEBUG - [2]LetterSeqSample:Seq(nr)
2022-05-02 20:08:51,004 - DEBUG - nr
2022-05-02 20:08:51,004 - DEBUG - http://www.nr.ufrj.br
2022-05-02 20:08:51,030 - DEBUG - [2]LetterSeqSample:Seq(uz)
2022-05-02 20:08:51,030 - DEBUG - uz
2022-05-02 20:08:51,030 - DEBUG - http://www.uz.ufrj.br
2022-05-02 20:08:51,053 - DEBUG - [2]LetterSeqSample:Seq(d)
2022-05-02 20:08:51,053 - DEBUG - d
2022-05-02 20:08:51,053 - DEBUG - http://www.d.ufrj.br
2022-05-02 20:08:51,077 - DEBUG - [2]LetterSeqSample:Seq(nm)
2022-05-02 20:08:51,077 - DEBUG - nm
2022-05-02 20:08:51,078 - DEBUG - http://www.nm.ufrj.br
2022-05-02 20:08:51,105 - DEBUG - [2]LetterSeqSample:Seq(ie)
2022-05-02 20:08:51,105 - DEBUG - ie
2022-05-02 20:08:51,106 - DEBUG - http://www.ie.ufrj.br
2022-05-02 20:08:51,221 - DEBUG - [2]LetterSeqSample:Seq(tk)
2022-05-02 20:08:51,221 - DEBUG - tk
2022-05-02 20:08:51,222 - DEBUG - http://www.tk.ufrj.br
2022-05-02 20:08:52,477 - DEBUG - [2]LetterSeqSample:Seq(kz)
2022-05-02 20:08:52,477 - DEBUG - kz
2022-05-02 20:08:52,477 - DEBUG - http://www.kz.ufrj.br
2022-05-02 20:08:54,928 - DEBUG - [2]LetterSeqSample:Seq(gn)
2022-05-02 20:08:54,929 - DEBUG - gn
2022-05-02 20:08:54,929 - DEBUG - http://www.gn.ufrj.br
2022-05-02 20:08:55,007 - DEBUG - [2]LetterSeqSample:Seq(hd)
2022-05-02 20:08:55,007 - DEBUG - hd
2022-05-02 20:08:55,007 - DEBUG - http://www.hd.ufrj.br
2022-05-02 20:08:55,032 - DEBUG - [2]LetterSeqSample:Seq(zs)
2022-05-02 20:08:55,032 - DEBUG - zs
2022-05-02 20:08:55,032 - DEBUG - http://www.zs.ufrj.br
2022-05-02 20:08:56,303 - DEBUG - [2]LetterSeqSample:Seq(r)
2022-05-02 20:08:56,304 - DEBUG - r
2022-05-02 20:08:56,304 - DEBUG - http://www.r.ufrj.br
2022-05-02 20:08:56,326 - DEBUG - [2]LetterSeqSample:Seq(pi)
2022-05-02 20:08:56,326 - DEBUG - pi
2022-05-02 20:08:56,326 - DEBUG - http://www.pi.ufrj.br
2022-05-02 20:08:56,346 - DEBUG - [2]LetterSeqSample:Seq(pd)
2022-05-02 20:08:56,346 - DEBUG - pd
2022-05-02 20:08:56,347 - DEBUG - http://www.pd.ufrj.br
2022-05-02 20:08:56,367 - DEBUG - [2]LetterSeqSample:Seq(r)
2022-05-02 20:08:56,367 - DEBUG - r
2022-05-02 20:08:56,367 - DEBUG - http://www.r.ufrj.br
2022-05-02 20:08:56,399 - DEBUG - [2]LetterSeqSample:Seq(ce)
2022-05-02 20:08:56,399 - DEBUG - ce
2022-05-02 20:08:56,399 - DEBUG - http://www.ce.ufrj.br
2022-05-02 20:08:56,423 - DEBUG - [2]LetterSeqSample:Seq(hx)
2022-05-02 20:08:56,424 - DEBUG - hx
2022-05-02 20:08:56,424 - DEBUG - http://www.hx.ufrj.br
2022-05-02 20:08:56,449 - DEBUG - [2]LetterSeqSample:Seq(dv)
2022-05-02 20:08:56,450 - DEBUG - dv
2022-05-02 20:08:56,450 - DEBUG - http://www.dv.ufrj.br
2022-05-02 20:08:56,525 - DEBUG - [2]LetterSeqSample:Seq(lp)
2022-05-02 20:08:56,525 - DEBUG - lp
2022-05-02 20:08:56,526 - DEBUG - http://www.lp.ufrj.br
2022-05-02 20:08:56,545 - DEBUG - [2]LetterSeqSample:Seq(mc)
2022-05-02 20:08:56,545 - DEBUG - mc
2022-05-02 20:08:56,545 - DEBUG - http://www.mc.ufrj.br
2022-05-02 20:08:56,562 - DEBUG - [2]LetterSeqSample:Seq(np)
2022-05-02 20:08:56,562 - DEBUG - np
2022-05-02 20:08:56,563 - DEBUG - http://www.np.ufrj.br
2022-05-02 20:08:56,580 - DEBUG - [2]LetterSeqSample:Seq(iw)
2022-05-02 20:08:56,581 - DEBUG - iw
2022-05-02 20:08:56,581 - DEBUG - http://www.iw.ufrj.br
2022-05-02 20:08:56,651 - DEBUG - [2]LetterSeqSample:Seq(qw)
2022-05-02 20:08:56,651 - DEBUG - qw
2022-05-02 20:08:56,651 - DEBUG - http://www.qw.ufrj.br
2022-05-02 20:08:56,672 - DEBUG - [2]LetterSeqSample:Seq(nb)
2022-05-02 20:08:56,672 - DEBUG - nb
2022-05-02 20:08:56,672 - DEBUG - http://www.nb.ufrj.br
2022-05-02 20:08:59,123 - DEBUG - [2]LetterSeqSample:Seq(nc)
2022-05-02 20:08:59,123 - DEBUG - nc
2022-05-02 20:08:59,124 - DEBUG - http://www.nc.ufrj.br
2022-05-02 20:08:59,146 - DEBUG - [2]LetterSeqSample:Seq(hm)
2022-05-02 20:08:59,147 - DEBUG - hm
2022-05-02 20:08:59,147 - DEBUG - http://www.hm.ufrj.br
2022-05-02 20:08:59,171 - DEBUG - [2]LetterSeqSample:Seq(rp)
2022-05-02 20:08:59,172 - DEBUG - rp
2022-05-02 20:08:59,172 - DEBUG - http://www.rp.ufrj.br
2022-05-02 20:08:59,194 - DEBUG - [2]LetterSeqSample:Seq(c)
2022-05-02 20:08:59,194 - DEBUG - c
2022-05-02 20:08:59,194 - DEBUG - http://www.c.ufrj.br
2022-05-02 20:08:59,215 - DEBUG - [2]LetterSeqSample:Seq(z)
2022-05-02 20:08:59,215 - DEBUG - z
2022-05-02 20:08:59,216 - DEBUG - http://www.z.ufrj.br
2022-05-02 20:08:59,245 - DEBUG - [2]LetterSeqSample:Seq(oe)
2022-05-02 20:08:59,246 - DEBUG - oe
2022-05-02 20:08:59,247 - DEBUG - http://www.oe.ufrj.br
2022-05-02 20:08:59,282 - DEBUG - [2]LetterSeqSample:Seq(b)
2022-05-02 20:08:59,282 - DEBUG - b
2022-05-02 20:08:59,282 - DEBUG - http://www.b.ufrj.br
2022-05-02 20:08:59,308 - DEBUG - [2]LetterSeqSample:Seq(n)
2022-05-02 20:08:59,308 - DEBUG - n
2022-05-02 20:08:59,308 - DEBUG - http://www.n.ufrj.br
2022-05-02 20:08:59,335 - DEBUG - [2]LetterSeqSample:Seq(gi)
2022-05-02 20:08:59,336 - DEBUG - gi
2022-05-02 20:08:59,336 - DEBUG - http://www.gi.ufrj.br
2022-05-02 20:09:00,624 - DEBUG - [2]LetterSeqSample:Seq(zd)
2022-05-02 20:09:00,624 - DEBUG - zd
2022-05-02 20:09:00,624 - DEBUG - http://www.zd.ufrj.br
2022-05-02 20:09:00,646 - DEBUG - [2]LetterSeqSample:Seq(vv)
2022-05-02 20:09:00,646 - DEBUG - vv
2022-05-02 20:09:00,647 - DEBUG - http://www.vv.ufrj.br
2022-05-02 20:09:01,901 - DEBUG - [2]LetterSeqSample:Seq(rv)
2022-05-02 20:09:01,902 - DEBUG - rv
2022-05-02 20:09:01,902 - DEBUG - http://www.rv.ufrj.br
2022-05-02 20:09:01,936 - DEBUG - [2]LetterSeqSample:Seq(jb)
2022-05-02 20:09:01,936 - DEBUG - jb
2022-05-02 20:09:01,936 - DEBUG - http://www.jb.ufrj.br
2022-05-02 20:09:01,958 - DEBUG - [2]LetterSeqSample:Seq(xj)
2022-05-02 20:09:01,959 - DEBUG - xj
2022-05-02 20:09:01,959 - DEBUG - http://www.xj.ufrj.br
2022-05-02 20:09:02,022 - DEBUG - [2]LetterSeqSample:Seq(wv)
2022-05-02 20:09:02,023 - DEBUG - wv
2022-05-02 20:09:02,023 - DEBUG - http://www.wv.ufrj.br
2022-05-02 20:09:02,043 - DEBUG - [2]LetterSeqSample:Seq(ca)
2022-05-02 20:09:02,044 - DEBUG - ca
2022-05-02 20:09:02,044 - DEBUG - http://www.ca.ufrj.br
2022-05-02 20:09:02,064 - DEBUG - [2]LetterSeqSample:Seq(af)
2022-05-02 20:09:02,065 - DEBUG - af
2022-05-02 20:09:02,065 - DEBUG - http://www.af.ufrj.br
2022-05-02 20:09:02,085 - DEBUG - [2]LetterSeqSample:Seq(s)
2022-05-02 20:09:02,085 - DEBUG - s
2022-05-02 20:09:02,085 - DEBUG - http://www.s.ufrj.br
2022-05-02 20:09:02,105 - DEBUG - [2]LetterSeqSample:Seq(le)
2022-05-02 20:09:02,106 - DEBUG - le
2022-05-02 20:09:02,106 - DEBUG - http://www.le.ufrj.br
2022-05-02 20:09:02,127 - DEBUG - [2]LetterSeqSample:Seq(hb)
2022-05-02 20:09:02,128 - DEBUG - hb
2022-05-02 20:09:02,128 - DEBUG - http://www.hb.ufrj.br
2022-05-02 20:09:02,150 - DEBUG - [2]LetterSeqSample:Seq(zl)
2022-05-02 20:09:02,150 - DEBUG - zl
2022-05-02 20:09:02,151 - DEBUG - http://www.zl.ufrj.br
2022-05-02 20:09:02,171 - DEBUG - [2]LetterSeqSample:Seq(jd)
2022-05-02 20:09:02,172 - DEBUG - jd
2022-05-02 20:09:02,172 - DEBUG - http://www.jd.ufrj.br
2022-05-02 20:09:02,197 - DEBUG - [2]LetterSeqSample:Seq(bt)
2022-05-02 20:09:02,198 - DEBUG - bt
2022-05-02 20:09:02,198 - DEBUG - http://www.bt.ufrj.br
2022-05-02 20:09:02,219 - DEBUG - [2]LetterSeqSample:Seq(gx)
2022-05-02 20:09:02,220 - DEBUG - gx
2022-05-02 20:09:02,220 - DEBUG - http://www.gx.ufrj.br
2022-05-02 20:09:02,245 - DEBUG - [2]LetterSeqSample:Seq(us)
2022-05-02 20:09:02,245 - DEBUG - us
2022-05-02 20:09:02,246 - DEBUG - http://www.us.ufrj.br
2022-05-02 20:09:02,270 - DEBUG - [2]LetterSeqSample:Seq(yb)
2022-05-02 20:09:02,271 - DEBUG - yb
2022-05-02 20:09:02,271 - DEBUG - http://www.yb.ufrj.br
2022-05-02 20:09:02,340 - DEBUG - [2]LetterSeqSample:Seq(nz)
2022-05-02 20:09:02,340 - DEBUG - nz
2022-05-02 20:09:02,340 - DEBUG - http://www.nz.ufrj.br
2022-05-02 20:09:02,367 - DEBUG - [2]LetterSeqSample:Seq(pm)
2022-05-02 20:09:02,367 - DEBUG - pm
2022-05-02 20:09:02,367 - DEBUG - http://www.pm.ufrj.br
2022-05-02 20:09:02,393 - DEBUG - [2]LetterSeqSample:Seq(yt)
2022-05-02 20:09:02,393 - DEBUG - yt
2022-05-02 20:09:02,393 - DEBUG - http://www.yt.ufrj.br
2022-05-02 20:09:02,419 - DEBUG - [2]LetterSeqSample:Seq(fg)
2022-05-02 20:09:02,420 - DEBUG - fg
2022-05-02 20:09:02,420 - DEBUG - http://www.fg.ufrj.br
2022-05-02 20:09:02,491 - DEBUG - [2]LetterSeqSample:Seq(dq)
2022-05-02 20:09:02,492 - DEBUG - dq
2022-05-02 20:09:02,492 - DEBUG - http://www.dq.ufrj.br
2022-05-02 20:09:02,520 - DEBUG - [2]LetterSeqSample:Seq(kj)
2022-05-02 20:09:02,521 - DEBUG - kj
2022-05-02 20:09:02,521 - DEBUG - http://www.kj.ufrj.br
2022-05-02 20:09:03,781 - DEBUG - [2]LetterSeqSample:Seq(wo)
2022-05-02 20:09:03,782 - DEBUG - wo
2022-05-02 20:09:03,782 - DEBUG - http://www.wo.ufrj.br
2022-05-02 20:09:03,806 - DEBUG - [2]LetterSeqSample:Seq(zl)
2022-05-02 20:09:03,807 - DEBUG - zl
2022-05-02 20:09:03,807 - DEBUG - http://www.zl.ufrj.br
2022-05-02 20:09:03,831 - DEBUG - [2]LetterSeqSample:Seq(pj)
2022-05-02 20:09:03,832 - DEBUG - pj
2022-05-02 20:09:03,832 - DEBUG - http://www.pj.ufrj.br
2022-05-02 20:09:03,852 - DEBUG - [2]LetterSeqSample:Seq(zn)
2022-05-02 20:09:03,853 - DEBUG - zn
2022-05-02 20:09:03,853 - DEBUG - http://www.zn.ufrj.br
2022-05-02 20:09:03,876 - DEBUG - [2]LetterSeqSample:Seq(sz)
2022-05-02 20:09:03,876 - DEBUG - sz
2022-05-02 20:09:03,876 - DEBUG - http://www.sz.ufrj.br
2022-05-02 20:09:03,898 - DEBUG - [2]LetterSeqSample:Seq(pp)
2022-05-02 20:09:03,898 - DEBUG - pp
2022-05-02 20:09:03,899 - DEBUG - http://www.pp.ufrj.br
2022-05-02 20:09:03,966 - DEBUG - [2]LetterSeqSample:Seq(qw)
2022-05-02 20:09:03,967 - DEBUG - qw
2022-05-02 20:09:03,967 - DEBUG - http://www.qw.ufrj.br
2022-05-02 20:09:03,991 - DEBUG - [2]LetterSeqSample:Seq(pe)
2022-05-02 20:09:03,991 - DEBUG - pe
2022-05-02 20:09:03,991 - DEBUG - http://www.pe.ufrj.br
2022-05-02 20:09:04,014 - DEBUG - [2]LetterSeqSample:Seq(su)
2022-05-02 20:09:04,015 - DEBUG - su
2022-05-02 20:09:04,015 - DEBUG - http://www.su.ufrj.br
2022-05-02 20:09:04,041 - DEBUG - [2]LetterSeqSample:Seq(ve)
2022-05-02 20:09:04,041 - DEBUG - ve
2022-05-02 20:09:04,042 - DEBUG - http://www.ve.ufrj.br
2022-05-02 20:09:04,069 - DEBUG - [2]LetterSeqSample:Seq(xk)
2022-05-02 20:09:04,069 - DEBUG - xk
2022-05-02 20:09:04,069 - DEBUG - http://www.xk.ufrj.br
2022-05-02 20:09:05,328 - DEBUG - [2]LetterSeqSample:Seq(ty)
2022-05-02 20:09:05,329 - DEBUG - ty
2022-05-02 20:09:05,329 - DEBUG - http://www.ty.ufrj.br
2022-05-02 20:09:07,790 - DEBUG - [2]LetterSeqSample:Seq(mn)
2022-05-02 20:09:07,790 - DEBUG - mn
2022-05-02 20:09:07,791 - DEBUG - http://www.mn.ufrj.br
2022-05-02 20:09:07,902 - DEBUG - [2]LetterSeqSample:Seq(fs)
2022-05-02 20:09:07,902 - DEBUG - fs
2022-05-02 20:09:07,902 - DEBUG - http://www.fs.ufrj.br
2022-05-02 20:09:07,971 - DEBUG - [2]LetterSeqSample:Seq(zu)
2022-05-02 20:09:07,971 - DEBUG - zu
2022-05-02 20:09:07,971 - DEBUG - http://www.zu.ufrj.br
2022-05-02 20:09:07,994 - DEBUG - [2]LetterSeqSample:Seq(ah)
2022-05-02 20:09:07,994 - DEBUG - ah
2022-05-02 20:09:07,995 - DEBUG - http://www.ah.ufrj.br
2022-05-02 20:09:09,251 - DEBUG - [2]LetterSeqSample:Seq(rk)
2022-05-02 20:09:09,252 - DEBUG - rk
2022-05-02 20:09:09,252 - DEBUG - http://www.rk.ufrj.br
2022-05-02 20:09:10,522 - DEBUG - [2]LetterSeqSample:Seq(uy)
2022-05-02 20:09:10,522 - DEBUG - uy
2022-05-02 20:09:10,523 - DEBUG - http://www.uy.ufrj.br
2022-05-02 20:09:10,541 - DEBUG - [2]LetterSeqSample:Seq(go)
2022-05-02 20:09:10,541 - DEBUG - go
2022-05-02 20:09:10,541 - DEBUG - http://www.go.ufrj.br
2022-05-02 20:09:10,606 - DEBUG - [2]LetterSeqSample:Seq(kf)
2022-05-02 20:09:10,607 - DEBUG - kf
2022-05-02 20:09:10,607 - DEBUG - http://www.kf.ufrj.br
2022-05-02 20:09:10,675 - DEBUG - [2]LetterSeqSample:Seq(lb)
2022-05-02 20:09:10,675 - DEBUG - lb
2022-05-02 20:09:10,676 - DEBUG - http://www.lb.ufrj.br
2022-05-02 20:09:11,930 - DEBUG - [2]LetterSeqSample:Seq(dk)
2022-05-02 20:09:11,930 - DEBUG - dk
2022-05-02 20:09:11,930 - DEBUG - http://www.dk.ufrj.br
2022-05-02 20:09:11,955 - DEBUG - [2]LetterSeqSample:Seq(bq)
2022-05-02 20:09:11,955 - DEBUG - bq
2022-05-02 20:09:11,956 - DEBUG - http://www.bq.ufrj.br
2022-05-02 20:09:14,413 - DEBUG - [2]LetterSeqSample:Seq(jy)
2022-05-02 20:09:14,413 - DEBUG - jy
2022-05-02 20:09:14,413 - DEBUG - http://www.jy.ufrj.br
2022-05-02 20:09:14,436 - DEBUG - [2]LetterSeqSample:Seq(qf)
2022-05-02 20:09:14,436 - DEBUG - qf
2022-05-02 20:09:14,437 - DEBUG - http://www.qf.ufrj.br
2022-05-02 20:09:15,711 - DEBUG - [2]LetterSeqSample:Seq(dx)
2022-05-02 20:09:15,711 - DEBUG - dx
2022-05-02 20:09:15,712 - DEBUG - http://www.dx.ufrj.br
2022-05-02 20:09:16,970 - DEBUG - [2]LetterSeqSample:Seq(qg)
2022-05-02 20:09:16,971 - DEBUG - qg
2022-05-02 20:09:16,971 - DEBUG - http://www.qg.ufrj.br
2022-05-02 20:09:16,993 - DEBUG - [2]LetterSeqSample:Seq(nb)
2022-05-02 20:09:16,993 - DEBUG - nb
2022-05-02 20:09:16,993 - DEBUG - http://www.nb.ufrj.br
2022-05-02 20:09:17,015 - DEBUG - [2]LetterSeqSample:Seq(ow)
2022-05-02 20:09:17,016 - DEBUG - ow
2022-05-02 20:09:17,016 - DEBUG - http://www.ow.ufrj.br
2022-05-02 20:09:17,036 - DEBUG - [2]LetterSeqSample:Seq(pq)
2022-05-02 20:09:17,036 - DEBUG - pq
2022-05-02 20:09:17,036 - DEBUG - http://www.pq.ufrj.br
2022-05-02 20:09:17,055 - DEBUG - [2]LetterSeqSample:Seq(jr)
2022-05-02 20:09:17,056 - DEBUG - jr
2022-05-02 20:09:17,056 - DEBUG - http://www.jr.ufrj.br
2022-05-02 20:09:17,076 - DEBUG - [2]LetterSeqSample:Seq(n)
2022-05-02 20:09:17,077 - DEBUG - n
2022-05-02 20:09:17,077 - DEBUG - http://www.n.ufrj.br
2022-05-02 20:09:17,100 - DEBUG - [2]LetterSeqSample:Seq(hz)
2022-05-02 20:09:17,100 - DEBUG - hz
2022-05-02 20:09:17,101 - DEBUG - http://www.hz.ufrj.br
2022-05-02 20:09:17,128 - DEBUG - [2]LetterSeqSample:Seq(aw)
2022-05-02 20:09:17,128 - DEBUG - aw
2022-05-02 20:09:17,128 - DEBUG - http://www.aw.ufrj.br
2022-05-02 20:09:17,148 - DEBUG - [2]LetterSeqSample:Seq(ta)
2022-05-02 20:09:17,148 - DEBUG - ta
2022-05-02 20:09:17,148 - DEBUG - http://www.ta.ufrj.br
2022-05-02 20:09:19,603 - DEBUG - [2]LetterSeqSample:Seq(fw)
2022-05-02 20:09:19,604 - DEBUG - fw
2022-05-02 20:09:19,604 - DEBUG - http://www.fw.ufrj.br
2022-05-02 20:09:19,631 - DEBUG - [2]LetterSeqSample:Seq(eu)
2022-05-02 20:09:19,632 - DEBUG - eu
2022-05-02 20:09:19,632 - DEBUG - http://www.eu.ufrj.br
2022-05-02 20:09:19,654 - DEBUG - [2]LetterSeqSample:Seq(so)
2022-05-02 20:09:19,654 - DEBUG - so
2022-05-02 20:09:19,654 - DEBUG - http://www.so.ufrj.br
2022-05-02 20:09:19,678 - DEBUG - [2]LetterSeqSample:Seq(qn)
2022-05-02 20:09:19,679 - DEBUG - qn
2022-05-02 20:09:19,679 - DEBUG - http://www.qn.ufrj.br
2022-05-02 20:09:19,746 - DEBUG - [2]LetterSeqSample:Seq(ri)
2022-05-02 20:09:19,747 - DEBUG - ri
2022-05-02 20:09:19,747 - DEBUG - http://www.ri.ufrj.br
2022-05-02 20:09:20,996 - DEBUG - [2]LetterSeqSample:Seq(wt)
2022-05-02 20:09:20,996 - DEBUG - wt
2022-05-02 20:09:20,996 - DEBUG - http://www.wt.ufrj.br
2022-05-02 20:09:21,058 - DEBUG - [2]LetterSeqSample:Seq(iw)
2022-05-02 20:09:21,059 - DEBUG - iw
2022-05-02 20:09:21,059 - DEBUG - http://www.iw.ufrj.br
2022-05-02 20:09:21,082 - DEBUG - [2]LetterSeqSample:Seq(pr)
2022-05-02 20:09:21,082 - DEBUG - pr
2022-05-02 20:09:21,083 - DEBUG - http://www.pr.ufrj.br
2022-05-02 20:09:21,105 - DEBUG - [2]LetterSeqSample:Seq(xa)
2022-05-02 20:09:21,106 - DEBUG - xa
2022-05-02 20:09:21,106 - DEBUG - http://www.xa.ufrj.br
2022-05-02 20:09:21,131 - DEBUG - [2]LetterSeqSample:Seq(pd)
2022-05-02 20:09:21,131 - DEBUG - pd
2022-05-02 20:09:21,131 - DEBUG - http://www.pd.ufrj.br
2022-05-02 20:09:21,157 - DEBUG - [2]LetterSeqSample:Seq(ur)
2022-05-02 20:09:21,157 - DEBUG - ur
2022-05-02 20:09:21,157 - DEBUG - http://www.ur.ufrj.br
2022-05-02 20:09:21,179 - DEBUG - [2]LetterSeqSample:Seq(vm)
2022-05-02 20:09:21,179 - DEBUG - vm
2022-05-02 20:09:21,180 - DEBUG - http://www.vm.ufrj.br
2022-05-02 20:09:21,201 - DEBUG - [2]LetterSeqSample:Seq(ou)
2022-05-02 20:09:21,201 - DEBUG - ou
2022-05-02 20:09:21,201 - DEBUG - http://www.ou.ufrj.br
2022-05-02 20:09:21,223 - DEBUG - [2]LetterSeqSample:Seq(ut)
2022-05-02 20:09:21,223 - DEBUG - ut
2022-05-02 20:09:21,224 - DEBUG - http://www.ut.ufrj.br
2022-05-02 20:09:21,245 - DEBUG - [2]LetterSeqSample:Seq(uv)
2022-05-02 20:09:21,245 - DEBUG - uv
2022-05-02 20:09:21,246 - DEBUG - http://www.uv.ufrj.br
2022-05-02 20:09:22,500 - DEBUG - [2]LetterSeqSample:Seq(bv)
2022-05-02 20:09:22,501 - DEBUG - bv
2022-05-02 20:09:22,501 - DEBUG - http://www.bv.ufrj.br
2022-05-02 20:09:22,568 - DEBUG - [2]LetterSeqSample:Seq(ed)
2022-05-02 20:09:22,568 - DEBUG - ed
2022-05-02 20:09:22,569 - DEBUG - http://www.ed.ufrj.br
2022-05-02 20:09:22,591 - DEBUG - [2]LetterSeqSample:Seq(me)
2022-05-02 20:09:22,592 - DEBUG - me
2022-05-02 20:09:22,592 - DEBUG - http://www.me.ufrj.br
2022-05-02 20:09:23,006 - INFO - Found:http://www.me.ufrj.br
2022-05-02 20:09:23,006 - INFO - [3]MonteCarloWWW:Count(151):Last(http://www.me.ufrj.br)
2022-05-02 20:09:23,006 - DEBUG - [2]LetterSeqSample:Seq(tc)
2022-05-02 20:09:23,007 - DEBUG - tc
2022-05-02 20:09:23,007 - DEBUG - http://www.tc.ufrj.br
2022-05-02 20:09:23,030 - DEBUG - [2]LetterSeqSample:Seq(vi)
2022-05-02 20:09:23,030 - DEBUG - vi
2022-05-02 20:09:23,031 - DEBUG - http://www.vi.ufrj.br
2022-05-02 20:09:23,052 - DEBUG - [2]LetterSeqSample:Seq(tj)
2022-05-02 20:09:23,052 - DEBUG - tj
2022-05-02 20:09:23,052 - DEBUG - http://www.tj.ufrj.br
2022-05-02 20:09:23,130 - DEBUG - [2]LetterSeqSample:Seq(dt)
2022-05-02 20:09:23,130 - DEBUG - dt
2022-05-02 20:09:23,130 - DEBUG - http://www.dt.ufrj.br
2022-05-02 20:09:23,152 - DEBUG - [2]LetterSeqSample:Seq(xs)
2022-05-02 20:09:23,152 - DEBUG - xs
2022-05-02 20:09:23,153 - DEBUG - http://www.xs.ufrj.br
2022-05-02 20:09:23,175 - DEBUG - [2]LetterSeqSample:Seq(b)
2022-05-02 20:09:23,175 - DEBUG - b
2022-05-02 20:09:23,175 - DEBUG - http://www.b.ufrj.br
2022-05-02 20:09:23,200 - DEBUG - [2]LetterSeqSample:Seq(ta)
2022-05-02 20:09:23,200 - DEBUG - ta
2022-05-02 20:09:23,200 - DEBUG - http://www.ta.ufrj.br
2022-05-02 20:09:23,222 - DEBUG - [2]LetterSeqSample:Seq(gi)
2022-05-02 20:09:23,222 - DEBUG - gi
2022-05-02 20:09:23,223 - DEBUG - http://www.gi.ufrj.br
2022-05-02 20:09:23,244 - DEBUG - [2]LetterSeqSample:Seq(kx)
2022-05-02 20:09:23,245 - DEBUG - kx
2022-05-02 20:09:23,246 - DEBUG - http://www.kx.ufrj.br
2022-05-02 20:09:23,268 - DEBUG - [2]LetterSeqSample:Seq(vy)
2022-05-02 20:09:23,268 - DEBUG - vy
2022-05-02 20:09:23,268 - DEBUG - http://www.vy.ufrj.br
2022-05-02 20:09:23,288 - DEBUG - [2]LetterSeqSample:Seq(dt)
2022-05-02 20:09:23,288 - DEBUG - dt
2022-05-02 20:09:23,288 - DEBUG - http://www.dt.ufrj.br
2022-05-02 20:09:23,310 - DEBUG - [2]LetterSeqSample:Seq(tk)
2022-05-02 20:09:23,310 - DEBUG - tk
2022-05-02 20:09:23,310 - DEBUG - http://www.tk.ufrj.br
2022-05-02 20:09:23,335 - DEBUG - [2]LetterSeqSample:Seq(ao)
2022-05-02 20:09:23,336 - DEBUG - ao
2022-05-02 20:09:23,336 - DEBUG - http://www.ao.ufrj.br
2022-05-02 20:09:23,362 - DEBUG - [2]LetterSeqSample:Seq(n)
2022-05-02 20:09:23,363 - DEBUG - n
2022-05-02 20:09:23,363 - DEBUG - http://www.n.ufrj.br
2022-05-02 20:09:23,385 - DEBUG - [2]LetterSeqSample:Seq(w)
2022-05-02 20:09:23,385 - DEBUG - w
2022-05-02 20:09:23,385 - DEBUG - http://www.w.ufrj.br
2022-05-02 20:09:23,406 - DEBUG - [2]LetterSeqSample:Seq(aj)
2022-05-02 20:09:23,407 - DEBUG - aj
2022-05-02 20:09:23,407 - DEBUG - http://www.aj.ufrj.br
2022-05-02 20:09:23,440 - DEBUG - [2]LetterSeqSample:Seq(jk)
2022-05-02 20:09:23,441 - DEBUG - jk
2022-05-02 20:09:23,441 - DEBUG - http://www.jk.ufrj.br
2022-05-02 20:09:23,512 - DEBUG - [2]LetterSeqSample:Seq(ol)
2022-05-02 20:09:23,512 - DEBUG - ol
2022-05-02 20:09:23,513 - DEBUG - http://www.ol.ufrj.br
2022-05-02 20:09:24,769 - DEBUG - [2]LetterSeqSample:Seq(j)
2022-05-02 20:09:24,769 - DEBUG - j
2022-05-02 20:09:24,770 - DEBUG - http://www.j.ufrj.br
2022-05-02 20:09:24,792 - DEBUG - [2]LetterSeqSample:Seq(pm)
2022-05-02 20:09:24,793 - DEBUG - pm
2022-05-02 20:09:24,793 - DEBUG - http://www.pm.ufrj.br
2022-05-02 20:09:24,810 - DEBUG - [2]LetterSeqSample:Seq(pk)
2022-05-02 20:09:24,810 - DEBUG - pk
2022-05-02 20:09:24,810 - DEBUG - http://www.pk.ufrj.br
2022-05-02 20:09:24,828 - DEBUG - [2]LetterSeqSample:Seq(oj)
2022-05-02 20:09:24,829 - DEBUG - oj
2022-05-02 20:09:24,829 - DEBUG - http://www.oj.ufrj.br
2022-05-02 20:09:24,846 - DEBUG - [2]LetterSeqSample:Seq(vn)
2022-05-02 20:09:24,846 - DEBUG - vn
2022-05-02 20:09:24,847 - DEBUG - http://www.vn.ufrj.br
2022-05-02 20:09:24,864 - DEBUG - [2]LetterSeqSample:Seq(jh)
2022-05-02 20:09:24,864 - DEBUG - jh
2022-05-02 20:09:24,864 - DEBUG - http://www.jh.ufrj.br
2022-05-02 20:09:24,882 - DEBUG - [2]LetterSeqSample:Seq(cl)
2022-05-02 20:09:24,882 - DEBUG - cl
2022-05-02 20:09:24,882 - DEBUG - http://www.cl.ufrj.br
2022-05-02 20:09:24,900 - DEBUG - [2]LetterSeqSample:Seq(aq)
2022-05-02 20:09:24,901 - DEBUG - aq
2022-05-02 20:09:24,901 - DEBUG - http://www.aq.ufrj.br
2022-05-02 20:09:24,918 - DEBUG - [2]LetterSeqSample:Seq(oi)
2022-05-02 20:09:24,919 - DEBUG - oi
2022-05-02 20:09:24,919 - DEBUG - http://www.oi.ufrj.br
2022-05-02 20:09:24,940 - DEBUG - [2]LetterSeqSample:Seq(go)
2022-05-02 20:09:24,940 - DEBUG - go
2022-05-02 20:09:24,941 - DEBUG - http://www.go.ufrj.br
2022-05-02 20:09:24,961 - DEBUG - [2]LetterSeqSample:Seq(wa)
2022-05-02 20:09:24,962 - DEBUG - wa
2022-05-02 20:09:24,962 - DEBUG - http://www.wa.ufrj.br
2022-05-02 20:09:24,982 - DEBUG - [2]LetterSeqSample:Seq(td)
2022-05-02 20:09:24,982 - DEBUG - td
2022-05-02 20:09:24,982 - DEBUG - http://www.td.ufrj.br
2022-05-02 20:09:25,003 - DEBUG - [2]LetterSeqSample:Seq(zv)
2022-05-02 20:09:25,003 - DEBUG - zv
2022-05-02 20:09:25,004 - DEBUG - http://www.zv.ufrj.br
2022-05-02 20:09:25,025 - DEBUG - [2]LetterSeqSample:Seq(z)
2022-05-02 20:09:25,025 - DEBUG - z
2022-05-02 20:09:25,026 - DEBUG - http://www.z.ufrj.br
2022-05-02 20:09:25,046 - DEBUG - [2]LetterSeqSample:Seq(zc)
2022-05-02 20:09:25,046 - DEBUG - zc
2022-05-02 20:09:25,047 - DEBUG - http://www.zc.ufrj.br
2022-05-02 20:09:27,510 - DEBUG - [2]LetterSeqSample:Seq(jm)
2022-05-02 20:09:27,511 - DEBUG - jm
2022-05-02 20:09:27,511 - DEBUG - http://www.jm.ufrj.br
2022-05-02 20:09:28,770 - DEBUG - [2]LetterSeqSample:Seq(no)
2022-05-02 20:09:28,770 - DEBUG - no
2022-05-02 20:09:28,770 - DEBUG - http://www.no.ufrj.br
2022-05-02 20:09:30,022 - DEBUG - [2]LetterSeqSample:Seq(rc)
2022-05-02 20:09:30,022 - DEBUG - rc
2022-05-02 20:09:30,023 - DEBUG - http://www.rc.ufrj.br
2022-05-02 20:09:30,091 - DEBUG - [2]LetterSeqSample:Seq(ef)
2022-05-02 20:09:30,092 - DEBUG - ef
2022-05-02 20:09:30,092 - DEBUG - http://www.ef.ufrj.br
2022-05-02 20:09:30,114 - DEBUG - [2]LetterSeqSample:Seq(oc)
2022-05-02 20:09:30,114 - DEBUG - oc
2022-05-02 20:09:30,115 - DEBUG - http://www.oc.ufrj.br
2022-05-02 20:09:30,138 - DEBUG - [2]LetterSeqSample:Seq(ez)
2022-05-02 20:09:30,138 - DEBUG - ez
2022-05-02 20:09:30,138 - DEBUG - http://www.ez.ufrj.br
2022-05-02 20:09:30,206 - DEBUG - [2]LetterSeqSample:Seq(qq)
2022-05-02 20:09:30,207 - DEBUG - qq
2022-05-02 20:09:30,207 - DEBUG - http://www.qq.ufrj.br
2022-05-02 20:09:30,232 - DEBUG - [2]LetterSeqSample:Seq(zj)
2022-05-02 20:09:30,233 - DEBUG - zj
2022-05-02 20:09:30,233 - DEBUG - http://www.zj.ufrj.br
2022-05-02 20:09:30,256 - DEBUG - [2]LetterSeqSample:Seq(yz)
2022-05-02 20:09:30,257 - DEBUG - yz
2022-05-02 20:09:30,257 - DEBUG - http://www.yz.ufrj.br
2022-05-02 20:09:30,278 - DEBUG - [2]LetterSeqSample:Seq(gn)
2022-05-02 20:09:30,278 - DEBUG - gn
2022-05-02 20:09:30,279 - DEBUG - http://www.gn.ufrj.br
2022-05-02 20:09:30,301 - DEBUG - [2]LetterSeqSample:Seq(jb)
2022-05-02 20:09:30,302 - DEBUG - jb
2022-05-02 20:09:30,302 - DEBUG - http://www.jb.ufrj.br
2022-05-02 20:09:30,326 - DEBUG - [2]LetterSeqSample:Seq(bt)
2022-05-02 20:09:30,327 - DEBUG - bt
2022-05-02 20:09:30,327 - DEBUG - http://www.bt.ufrj.br
2022-05-02 20:09:30,350 - DEBUG - [2]LetterSeqSample:Seq(fc)
2022-05-02 20:09:30,350 - DEBUG - fc
2022-05-02 20:09:30,351 - DEBUG - http://www.fc.ufrj.br
2022-05-02 20:09:30,371 - DEBUG - [2]LetterSeqSample:Seq(lu)
2022-05-02 20:09:30,371 - DEBUG - lu
2022-05-02 20:09:30,371 - DEBUG - http://www.lu.ufrj.br
2022-05-02 20:09:30,393 - DEBUG - [2]LetterSeqSample:Seq(ed)
2022-05-02 20:09:30,394 - DEBUG - ed
2022-05-02 20:09:30,394 - DEBUG - http://www.ed.ufrj.br
2022-05-02 20:09:30,419 - DEBUG - [2]LetterSeqSample:Seq(vf)
2022-05-02 20:09:30,419 - DEBUG - vf
2022-05-02 20:09:30,419 - DEBUG - http://www.vf.ufrj.br
2022-05-02 20:09:31,683 - DEBUG - [2]LetterSeqSample:Seq(gr)
2022-05-02 20:09:31,684 - DEBUG - gr
2022-05-02 20:09:31,684 - DEBUG - http://www.gr.ufrj.br
2022-05-02 20:09:31,711 - DEBUG - [2]LetterSeqSample:Seq(eh)
2022-05-02 20:09:31,712 - DEBUG - eh
2022-05-02 20:09:31,712 - DEBUG - http://www.eh.ufrj.br
2022-05-02 20:09:31,733 - DEBUG - [2]LetterSeqSample:Seq(dm)
2022-05-02 20:09:31,733 - DEBUG - dm
2022-05-02 20:09:31,733 - DEBUG - http://www.dm.ufrj.br
2022-05-02 20:09:31,800 - DEBUG - [2]LetterSeqSample:Seq(qp)
2022-05-02 20:09:31,800 - DEBUG - qp
2022-05-02 20:09:31,801 - DEBUG - http://www.qp.ufrj.br
2022-05-02 20:09:31,834 - DEBUG - [2]LetterSeqSample:Seq(iq)
2022-05-02 20:09:31,834 - DEBUG - iq
2022-05-02 20:09:31,834 - DEBUG - http://www.iq.ufrj.br
2022-05-02 20:09:31,952 - DEBUG - [2]LetterSeqSample:Seq(aq)
2022-05-02 20:09:31,952 - DEBUG - aq
2022-05-02 20:09:31,953 - DEBUG - http://www.aq.ufrj.br
2022-05-02 20:09:31,976 - DEBUG - [2]LetterSeqSample:Seq(op)
2022-05-02 20:09:31,976 - DEBUG - op
2022-05-02 20:09:31,976 - DEBUG - http://www.op.ufrj.br
2022-05-02 20:09:31,999 - DEBUG - [2]LetterSeqSample:Seq(z)
2022-05-02 20:09:31,999 - DEBUG - z
2022-05-02 20:09:31,999 - DEBUG - http://www.z.ufrj.br
2022-05-02 20:09:32,023 - DEBUG - [2]LetterSeqSample:Seq(dl)
2022-05-02 20:09:32,023 - DEBUG - dl
2022-05-02 20:09:32,023 - DEBUG - http://www.dl.ufrj.br
2022-05-02 20:09:32,094 - DEBUG - [2]LetterSeqSample:Seq(sg)
2022-05-02 20:09:32,095 - DEBUG - sg
2022-05-02 20:09:32,095 - DEBUG - http://www.sg.ufrj.br
2022-05-02 20:09:32,122 - DEBUG - [2]LetterSeqSample:Seq(rz)
2022-05-02 20:09:32,122 - DEBUG - rz
2022-05-02 20:09:32,123 - DEBUG - http://www.rz.ufrj.br
2022-05-02 20:09:33,386 - DEBUG - [2]LetterSeqSample:Seq(sc)
2022-05-02 20:09:33,386 - DEBUG - sc
2022-05-02 20:09:33,386 - DEBUG - http://www.sc.ufrj.br
2022-05-02 20:09:33,408 - DEBUG - [2]LetterSeqSample:Seq(ug)
2022-05-02 20:09:33,408 - DEBUG - ug
2022-05-02 20:09:33,408 - DEBUG - http://www.ug.ufrj.br
2022-05-02 20:09:33,483 - DEBUG - [2]LetterSeqSample:Seq(tr)
2022-05-02 20:09:33,484 - DEBUG - tr
2022-05-02 20:09:33,484 - DEBUG - http://www.tr.ufrj.br
2022-05-02 20:09:33,516 - DEBUG - [2]LetterSeqSample:Seq(qd)
2022-05-02 20:09:33,516 - DEBUG - qd
2022-05-02 20:09:33,516 - DEBUG - http://www.qd.ufrj.br
2022-05-02 20:09:33,541 - DEBUG - [2]LetterSeqSample:Seq(a)
2022-05-02 20:09:33,542 - DEBUG - a
2022-05-02 20:09:33,542 - DEBUG - http://www.a.ufrj.br
2022-05-02 20:09:33,567 - DEBUG - [2]LetterSeqSample:Seq(ax)
2022-05-02 20:09:33,568 - DEBUG - ax
2022-05-02 20:09:33,568 - DEBUG - http://www.ax.ufrj.br
2022-05-02 20:09:33,597 - DEBUG - [2]LetterSeqSample:Seq(bz)
2022-05-02 20:09:33,598 - DEBUG - bz
2022-05-02 20:09:33,598 - DEBUG - http://www.bz.ufrj.br
2022-05-02 20:09:33,624 - DEBUG - [2]LetterSeqSample:Seq(lv)
2022-05-02 20:09:33,624 - DEBUG - lv
2022-05-02 20:09:33,625 - DEBUG - http://www.lv.ufrj.br
2022-05-02 20:09:33,647 - DEBUG - [2]LetterSeqSample:Seq(lt)
2022-05-02 20:09:33,647 - DEBUG - lt
2022-05-02 20:09:33,647 - DEBUG - http://www.lt.ufrj.br
2022-05-02 20:09:33,666 - DEBUG - [2]LetterSeqSample:Seq(ka)
2022-05-02 20:09:33,666 - DEBUG - ka
2022-05-02 20:09:33,667 - DEBUG - http://www.ka.ufrj.br
2022-05-02 20:09:33,687 - DEBUG - [2]LetterSeqSample:Seq(st)
2022-05-02 20:09:33,687 - DEBUG - st
2022-05-02 20:09:33,688 - DEBUG - http://www.st.ufrj.br
2022-05-02 20:09:33,712 - DEBUG - [2]LetterSeqSample:Seq(px)
2022-05-02 20:09:33,713 - DEBUG - px
2022-05-02 20:09:33,713 - DEBUG - http://www.px.ufrj.br
2022-05-02 20:09:33,736 - DEBUG - [2]LetterSeqSample:Seq(lp)
2022-05-02 20:09:33,737 - DEBUG - lp
2022-05-02 20:09:33,737 - DEBUG - http://www.lp.ufrj.br
2022-05-02 20:09:33,770 - DEBUG - [2]LetterSeqSample:Seq(fh)
2022-05-02 20:09:33,770 - DEBUG - fh
2022-05-02 20:09:33,771 - DEBUG - http://www.fh.ufrj.br
2022-05-02 20:09:33,807 - DEBUG - [2]LetterSeqSample:Seq(li)
2022-05-02 20:09:33,808 - DEBUG - li
2022-05-02 20:09:33,808 - DEBUG - http://www.li.ufrj.br
2022-05-02 20:09:35,064 - DEBUG - [2]LetterSeqSample:Seq(lt)
2022-05-02 20:09:35,065 - DEBUG - lt
2022-05-02 20:09:35,065 - DEBUG - http://www.lt.ufrj.br
2022-05-02 20:09:35,083 - DEBUG - [2]LetterSeqSample:Seq(iz)
2022-05-02 20:09:35,084 - DEBUG - iz
2022-05-02 20:09:35,084 - DEBUG - http://www.iz.ufrj.br
